2023-05-19 23:01:42,319 WARNING Setting up a new session...
2023-05-19 23:01:42,325 INFO Websocket connected
2023-05-19 23:01:42,326 INFO Visdom successfully connected to server
2023-05-19 23:01:42,634 INFO Device: cuda
2023-05-19 23:01:42,651 INFO Dataset: cityscapes, Train set: 2975, Val set: 500
2023-05-19 23:01:42,913 INFO [!] Retrain
2023-05-19 23:01:52,400 INFO Epoch 1, Itrs 10/30000, Loss=2.188935
2023-05-19 23:01:58,842 INFO Epoch 1, Itrs 20/30000, Loss=1.278882
2023-05-19 23:02:05,671 INFO Epoch 1, Itrs 30/30000, Loss=1.345175
2023-05-19 23:02:12,147 INFO Epoch 1, Itrs 40/30000, Loss=1.369972
2023-05-19 23:02:18,477 INFO Epoch 1, Itrs 50/30000, Loss=1.337402
2023-05-19 23:02:24,880 INFO Epoch 1, Itrs 60/30000, Loss=1.441567
2023-05-19 23:02:31,357 INFO Epoch 1, Itrs 70/30000, Loss=1.277013
2023-05-19 23:02:37,683 INFO Epoch 1, Itrs 80/30000, Loss=1.250549
2023-05-19 23:02:44,074 INFO Epoch 1, Itrs 90/30000, Loss=1.103067
2023-05-19 23:02:50,427 INFO Epoch 1, Itrs 100/30000, Loss=1.006534
2023-05-19 23:02:50,510 INFO Model saved as logs/2023_0519_2301_42_cs_base_run/checkpoints/latest_deeplabv3plus_mobilenet_cityscapes_os16.pth
2023-05-19 23:02:50,510 INFO validation...
2023-05-19 23:16:46,125 INFO 
Overall Acc: 0.488204
Mean Acc: 0.129045
FreqW Acc: 0.309067
Mean IoU: 0.069263

2023-05-19 23:16:46,189 INFO Model saved as logs/2023_0519_2301_42_cs_base_run/checkpoints/best_deeplabv3plus_mobilenet_cityscapes_os16.pth
2023-05-19 23:16:58,196 INFO Epoch 1, Itrs 110/30000, Loss=0.979700
2023-05-19 23:17:04,573 INFO Epoch 1, Itrs 120/30000, Loss=0.847669
2023-05-19 23:17:10,931 INFO Epoch 1, Itrs 130/30000, Loss=1.213898
2023-05-19 23:17:17,343 INFO Epoch 1, Itrs 140/30000, Loss=0.932083
2023-05-19 23:17:23,723 INFO Epoch 1, Itrs 150/30000, Loss=0.805444
2023-05-19 23:17:30,026 INFO Epoch 1, Itrs 160/30000, Loss=1.051218
2023-05-19 23:17:36,352 INFO Epoch 1, Itrs 170/30000, Loss=1.051949
2023-05-19 23:17:42,679 INFO Epoch 1, Itrs 180/30000, Loss=1.095304
2023-05-19 23:17:51,112 INFO Epoch 2, Itrs 190/30000, Loss=1.105672
2023-05-19 23:17:57,450 INFO Epoch 2, Itrs 200/30000, Loss=0.888420
2023-05-19 23:17:57,597 INFO Model saved as logs/2023_0519_2301_42_cs_base_run/checkpoints/latest_deeplabv3plus_mobilenet_cityscapes_os16.pth
2023-05-19 23:17:57,598 INFO validation...
2023-05-19 23:32:02,991 INFO 
Overall Acc: 0.562576
Mean Acc: 0.194929
FreqW Acc: 0.421158
Mean IoU: 0.123998

2023-05-19 23:32:03,118 INFO Model saved as logs/2023_0519_2301_42_cs_base_run/checkpoints/best_deeplabv3plus_mobilenet_cityscapes_os16.pth
2023-05-19 23:32:14,906 INFO Epoch 2, Itrs 210/30000, Loss=0.719706
2023-05-19 23:32:21,362 INFO Epoch 2, Itrs 220/30000, Loss=0.832059
2023-05-19 23:32:27,780 INFO Epoch 2, Itrs 230/30000, Loss=0.962168
2023-05-19 23:32:34,166 INFO Epoch 2, Itrs 240/30000, Loss=0.940152
2023-05-19 23:32:40,918 INFO Epoch 2, Itrs 250/30000, Loss=0.766370
2023-05-19 23:32:47,295 INFO Epoch 2, Itrs 260/30000, Loss=0.832131
2023-05-19 23:32:54,524 INFO Epoch 2, Itrs 270/30000, Loss=0.763717
2023-05-19 23:33:00,847 INFO Epoch 2, Itrs 280/30000, Loss=0.856981
2023-05-19 23:33:07,162 INFO Epoch 2, Itrs 290/30000, Loss=0.829654
2023-05-19 23:33:13,514 INFO Epoch 2, Itrs 300/30000, Loss=0.706589
2023-05-19 23:33:13,648 INFO Model saved as logs/2023_0519_2301_42_cs_base_run/checkpoints/latest_deeplabv3plus_mobilenet_cityscapes_os16.pth
2023-05-19 23:33:13,649 INFO validation...
2023-05-19 23:47:05,512 INFO 
Overall Acc: 0.770705
Mean Acc: 0.279448
FreqW Acc: 0.630909
Mean IoU: 0.211760

2023-05-19 23:47:05,656 INFO Model saved as logs/2023_0519_2301_42_cs_base_run/checkpoints/best_deeplabv3plus_mobilenet_cityscapes_os16.pth
2023-05-19 23:47:18,198 INFO Epoch 2, Itrs 310/30000, Loss=0.734495
2023-05-19 23:47:24,558 INFO Epoch 2, Itrs 320/30000, Loss=0.664039
2023-05-19 23:47:30,950 INFO Epoch 2, Itrs 330/30000, Loss=0.725385
2023-05-19 23:47:37,278 INFO Epoch 2, Itrs 340/30000, Loss=0.749603
2023-05-19 23:47:43,679 INFO Epoch 2, Itrs 350/30000, Loss=0.944418
2023-05-19 23:47:50,003 INFO Epoch 2, Itrs 360/30000, Loss=0.690369
2023-05-19 23:47:56,777 INFO Epoch 2, Itrs 370/30000, Loss=0.624877
2023-05-19 23:48:03,965 INFO Epoch 3, Itrs 380/30000, Loss=0.679084
2023-05-19 23:48:10,294 INFO Epoch 3, Itrs 390/30000, Loss=0.825162
2023-05-19 23:48:16,614 INFO Epoch 3, Itrs 400/30000, Loss=0.740073
2023-05-19 23:48:16,923 INFO Model saved as logs/2023_0519_2301_42_cs_base_run/checkpoints/latest_deeplabv3plus_mobilenet_cityscapes_os16.pth
2023-05-19 23:48:16,923 INFO validation...
2023-05-20 00:01:59,899 INFO 
Overall Acc: 0.799086
Mean Acc: 0.316635
FreqW Acc: 0.666863
Mean IoU: 0.249479

2023-05-20 00:01:59,973 INFO Model saved as logs/2023_0519_2301_42_cs_base_run/checkpoints/best_deeplabv3plus_mobilenet_cityscapes_os16.pth
2023-05-20 00:02:12,182 INFO Epoch 3, Itrs 410/30000, Loss=0.761525
2023-05-20 00:02:18,462 INFO Epoch 3, Itrs 420/30000, Loss=0.894786
2023-05-20 00:02:24,910 INFO Epoch 3, Itrs 430/30000, Loss=0.599161
2023-05-20 00:02:31,271 INFO Epoch 3, Itrs 440/30000, Loss=0.764268
2023-05-20 00:02:37,610 INFO Epoch 3, Itrs 450/30000, Loss=0.740952
2023-05-20 00:02:43,998 INFO Epoch 3, Itrs 460/30000, Loss=0.577549
2023-05-20 00:02:50,399 INFO Epoch 3, Itrs 470/30000, Loss=0.651687
2023-05-20 00:02:56,871 INFO Epoch 3, Itrs 480/30000, Loss=0.690756
2023-05-20 00:03:03,198 INFO Epoch 3, Itrs 490/30000, Loss=0.576649
2023-05-20 00:03:09,598 INFO Epoch 3, Itrs 500/30000, Loss=0.630040
2023-05-20 00:03:09,753 INFO Model saved as logs/2023_0519_2301_42_cs_base_run/checkpoints/latest_deeplabv3plus_mobilenet_cityscapes_os16.pth
2023-05-20 00:03:09,753 INFO validation...
2023-05-20 00:17:01,122 INFO 
Overall Acc: 0.782926
Mean Acc: 0.302563
FreqW Acc: 0.663726
Mean IoU: 0.231468

2023-05-20 00:17:13,795 INFO Epoch 3, Itrs 510/30000, Loss=0.671310
2023-05-20 00:17:20,206 INFO Epoch 3, Itrs 520/30000, Loss=0.775711
2023-05-20 00:17:26,784 INFO Epoch 3, Itrs 530/30000, Loss=0.749528
2023-05-20 00:17:33,626 INFO Epoch 3, Itrs 540/30000, Loss=0.556868
2023-05-20 00:17:40,328 INFO Epoch 3, Itrs 550/30000, Loss=0.595785
2023-05-20 00:17:48,562 INFO Epoch 4, Itrs 560/30000, Loss=0.758601
2023-05-20 00:17:54,941 INFO Epoch 4, Itrs 570/30000, Loss=0.666115
2023-05-20 00:18:01,299 INFO Epoch 4, Itrs 580/30000, Loss=0.583039
2023-05-20 00:18:07,660 INFO Epoch 4, Itrs 590/30000, Loss=0.644304
2023-05-20 00:18:14,016 INFO Epoch 4, Itrs 600/30000, Loss=0.623013
2023-05-20 00:18:14,168 INFO Model saved as logs/2023_0519_2301_42_cs_base_run/checkpoints/latest_deeplabv3plus_mobilenet_cityscapes_os16.pth
2023-05-20 00:18:14,169 INFO validation...
2023-05-20 00:32:02,508 INFO 
Overall Acc: 0.836962
Mean Acc: 0.414738
FreqW Acc: 0.739462
Mean IoU: 0.312407

2023-05-20 00:32:02,641 INFO Model saved as logs/2023_0519_2301_42_cs_base_run/checkpoints/best_deeplabv3plus_mobilenet_cityscapes_os16.pth
2023-05-20 00:32:14,682 INFO Epoch 4, Itrs 610/30000, Loss=0.711262
2023-05-20 00:32:21,513 INFO Epoch 4, Itrs 620/30000, Loss=0.600687
2023-05-20 00:32:27,825 INFO Epoch 4, Itrs 630/30000, Loss=0.636337
2023-05-20 00:32:34,691 INFO Epoch 4, Itrs 640/30000, Loss=0.505755
2023-05-20 00:32:41,050 INFO Epoch 4, Itrs 650/30000, Loss=0.638749
2023-05-20 00:32:47,350 INFO Epoch 4, Itrs 660/30000, Loss=0.670909
2023-05-20 00:32:53,662 INFO Epoch 4, Itrs 670/30000, Loss=0.604860
2023-05-20 00:33:00,156 INFO Epoch 4, Itrs 680/30000, Loss=0.499255
2023-05-20 00:33:06,546 INFO Epoch 4, Itrs 690/30000, Loss=0.591123
2023-05-20 00:33:12,908 INFO Epoch 4, Itrs 700/30000, Loss=0.521315
2023-05-20 00:33:13,046 INFO Model saved as logs/2023_0519_2301_42_cs_base_run/checkpoints/latest_deeplabv3plus_mobilenet_cityscapes_os16.pth
2023-05-20 00:33:13,046 INFO validation...
2023-05-20 00:46:56,891 INFO 
Overall Acc: 0.842666
Mean Acc: 0.363470
FreqW Acc: 0.733980
Mean IoU: 0.299619

2023-05-20 00:47:08,956 INFO Epoch 4, Itrs 710/30000, Loss=0.636844
2023-05-20 00:47:15,329 INFO Epoch 4, Itrs 720/30000, Loss=0.608090
2023-05-20 00:47:21,675 INFO Epoch 4, Itrs 730/30000, Loss=0.488633
2023-05-20 00:47:28,045 INFO Epoch 4, Itrs 740/30000, Loss=0.583733
2023-05-20 00:47:35,703 INFO Epoch 5, Itrs 750/30000, Loss=0.514998
2023-05-20 00:47:42,135 INFO Epoch 5, Itrs 760/30000, Loss=0.525159
2023-05-20 00:47:48,463 INFO Epoch 5, Itrs 770/30000, Loss=0.589681
2023-05-20 00:47:54,804 INFO Epoch 5, Itrs 780/30000, Loss=0.524218
2023-05-20 00:48:01,524 INFO Epoch 5, Itrs 790/30000, Loss=0.556850
2023-05-20 00:48:08,208 INFO Epoch 5, Itrs 800/30000, Loss=0.514355
2023-05-20 00:48:08,347 INFO Model saved as logs/2023_0519_2301_42_cs_base_run/checkpoints/latest_deeplabv3plus_mobilenet_cityscapes_os16.pth
2023-05-20 00:48:08,347 INFO validation...
2023-05-20 01:01:52,409 INFO 
Overall Acc: 0.860645
Mean Acc: 0.395151
FreqW Acc: 0.763909
Mean IoU: 0.325375

2023-05-20 01:01:52,537 INFO Model saved as logs/2023_0519_2301_42_cs_base_run/checkpoints/best_deeplabv3plus_mobilenet_cityscapes_os16.pth
2023-05-20 01:02:04,545 INFO Epoch 5, Itrs 810/30000, Loss=0.554847
2023-05-20 01:02:10,914 INFO Epoch 5, Itrs 820/30000, Loss=0.523876
2023-05-20 01:02:17,277 INFO Epoch 5, Itrs 830/30000, Loss=0.585231
2023-05-20 01:02:23,642 INFO Epoch 5, Itrs 840/30000, Loss=0.486139
2023-05-20 01:02:30,456 INFO Epoch 5, Itrs 850/30000, Loss=0.625655
2023-05-20 01:02:36,809 INFO Epoch 5, Itrs 860/30000, Loss=0.607981
2023-05-20 01:02:43,185 INFO Epoch 5, Itrs 870/30000, Loss=0.567407
2023-05-20 01:02:49,579 INFO Epoch 5, Itrs 880/30000, Loss=0.555120
2023-05-20 01:02:55,955 INFO Epoch 5, Itrs 890/30000, Loss=0.479928
2023-05-20 01:03:02,325 INFO Epoch 5, Itrs 900/30000, Loss=0.591835
2023-05-20 01:03:02,475 INFO Model saved as logs/2023_0519_2301_42_cs_base_run/checkpoints/latest_deeplabv3plus_mobilenet_cityscapes_os16.pth
2023-05-20 01:03:02,475 INFO validation...
2023-05-20 01:16:47,775 INFO 
Overall Acc: 0.858772
Mean Acc: 0.435731
FreqW Acc: 0.765876
Mean IoU: 0.342664

2023-05-20 01:16:47,899 INFO Model saved as logs/2023_0519_2301_42_cs_base_run/checkpoints/best_deeplabv3plus_mobilenet_cityscapes_os16.pth
2023-05-20 01:16:59,959 INFO Epoch 5, Itrs 910/30000, Loss=0.505862
2023-05-20 01:17:06,295 INFO Epoch 5, Itrs 920/30000, Loss=0.483839
2023-05-20 01:17:13,957 INFO Epoch 6, Itrs 930/30000, Loss=0.441217
2023-05-20 01:17:20,328 INFO Epoch 6, Itrs 940/30000, Loss=0.514918
2023-05-20 01:17:26,688 INFO Epoch 6, Itrs 950/30000, Loss=0.487691
2023-05-20 01:17:33,132 INFO Epoch 6, Itrs 960/30000, Loss=0.598045
2023-05-20 01:17:39,776 INFO Epoch 6, Itrs 970/30000, Loss=0.600269
2023-05-20 01:17:46,146 INFO Epoch 6, Itrs 980/30000, Loss=0.478363
2023-05-20 01:17:52,486 INFO Epoch 6, Itrs 990/30000, Loss=0.539904
2023-05-20 01:17:59,290 INFO Epoch 6, Itrs 1000/30000, Loss=0.536008
2023-05-20 01:17:59,442 INFO Model saved as logs/2023_0519_2301_42_cs_base_run/checkpoints/latest_deeplabv3plus_mobilenet_cityscapes_os16.pth
2023-05-20 01:17:59,442 INFO validation...
2023-05-20 01:31:46,682 INFO 
Overall Acc: 0.845994
Mean Acc: 0.394740
FreqW Acc: 0.740457
Mean IoU: 0.330524

2023-05-20 01:31:58,705 INFO Epoch 6, Itrs 1010/30000, Loss=0.443819
2023-05-20 01:32:04,999 INFO Epoch 6, Itrs 1020/30000, Loss=0.442425
2023-05-20 01:32:11,342 INFO Epoch 6, Itrs 1030/30000, Loss=0.535356
2023-05-20 01:32:17,693 INFO Epoch 6, Itrs 1040/30000, Loss=0.512065
2023-05-20 01:32:24,214 INFO Epoch 6, Itrs 1050/30000, Loss=0.524900
2023-05-20 01:32:30,570 INFO Epoch 6, Itrs 1060/30000, Loss=0.570538
2023-05-20 01:32:37,279 INFO Epoch 6, Itrs 1070/30000, Loss=0.560129
2023-05-20 01:32:43,646 INFO Epoch 6, Itrs 1080/30000, Loss=0.539938
2023-05-20 01:32:50,023 INFO Epoch 6, Itrs 1090/30000, Loss=0.457548
2023-05-20 01:32:56,419 INFO Epoch 6, Itrs 1100/30000, Loss=0.542619
2023-05-20 01:32:56,572 INFO Model saved as logs/2023_0519_2301_42_cs_base_run/checkpoints/latest_deeplabv3plus_mobilenet_cityscapes_os16.pth
2023-05-20 01:32:56,572 INFO validation...
2023-05-20 01:46:44,785 INFO 
Overall Acc: 0.863916
Mean Acc: 0.462593
FreqW Acc: 0.782117
Mean IoU: 0.364619

2023-05-20 01:46:44,901 INFO Model saved as logs/2023_0519_2301_42_cs_base_run/checkpoints/best_deeplabv3plus_mobilenet_cityscapes_os16.pth
2023-05-20 01:46:56,692 INFO Epoch 6, Itrs 1110/30000, Loss=0.494440
2023-05-20 01:47:04,660 INFO Epoch 7, Itrs 1120/30000, Loss=0.533607
2023-05-20 01:47:11,043 INFO Epoch 7, Itrs 1130/30000, Loss=0.604195
2023-05-20 01:47:17,801 INFO Epoch 7, Itrs 1140/30000, Loss=0.555094
2023-05-20 01:47:24,140 INFO Epoch 7, Itrs 1150/30000, Loss=0.567136
2023-05-20 01:47:30,920 INFO Epoch 7, Itrs 1160/30000, Loss=0.503157
2023-05-20 01:47:37,586 INFO Epoch 7, Itrs 1170/30000, Loss=0.493644
2023-05-20 01:47:43,934 INFO Epoch 7, Itrs 1180/30000, Loss=0.543902
2023-05-20 01:47:50,674 INFO Epoch 7, Itrs 1190/30000, Loss=0.501855
2023-05-20 01:47:57,468 INFO Epoch 7, Itrs 1200/30000, Loss=0.559724
2023-05-20 01:47:57,611 INFO Model saved as logs/2023_0519_2301_42_cs_base_run/checkpoints/latest_deeplabv3plus_mobilenet_cityscapes_os16.pth
2023-05-20 01:47:57,611 INFO validation...
2023-05-20 02:01:45,881 INFO 
Overall Acc: 0.802514
Mean Acc: 0.392989
FreqW Acc: 0.680689
Mean IoU: 0.309790

2023-05-20 02:01:57,712 INFO Epoch 7, Itrs 1210/30000, Loss=0.472665
2023-05-20 02:02:04,014 INFO Epoch 7, Itrs 1220/30000, Loss=0.535059
2023-05-20 02:02:10,304 INFO Epoch 7, Itrs 1230/30000, Loss=0.452701
2023-05-20 02:02:16,708 INFO Epoch 7, Itrs 1240/30000, Loss=0.396355
2023-05-20 02:02:23,446 INFO Epoch 7, Itrs 1250/30000, Loss=0.585456
2023-05-20 02:02:29,984 INFO Epoch 7, Itrs 1260/30000, Loss=0.483032
2023-05-20 02:02:36,390 INFO Epoch 7, Itrs 1270/30000, Loss=0.415431
2023-05-20 02:02:42,747 INFO Epoch 7, Itrs 1280/30000, Loss=0.497267
2023-05-20 02:02:49,361 INFO Epoch 7, Itrs 1290/30000, Loss=0.394111
2023-05-20 02:02:57,619 INFO Epoch 8, Itrs 1300/30000, Loss=0.375558
2023-05-20 02:02:57,719 INFO Model saved as logs/2023_0519_2301_42_cs_base_run/checkpoints/latest_deeplabv3plus_mobilenet_cityscapes_os16.pth
2023-05-20 02:02:57,719 INFO validation...
2023-05-20 02:16:35,428 INFO 
Overall Acc: 0.872500
Mean Acc: 0.440966
FreqW Acc: 0.782843
Mean IoU: 0.367367

2023-05-20 02:16:35,557 INFO Model saved as logs/2023_0519_2301_42_cs_base_run/checkpoints/best_deeplabv3plus_mobilenet_cityscapes_os16.pth
2023-05-20 02:16:47,410 INFO Epoch 8, Itrs 1310/30000, Loss=0.474047
2023-05-20 02:16:53,659 INFO Epoch 8, Itrs 1320/30000, Loss=0.545815
2023-05-20 02:16:59,933 INFO Epoch 8, Itrs 1330/30000, Loss=0.487573
2023-05-20 02:17:06,151 INFO Epoch 8, Itrs 1340/30000, Loss=0.546502
2023-05-20 02:17:12,729 INFO Epoch 8, Itrs 1350/30000, Loss=0.436778
2023-05-20 02:17:19,185 INFO Epoch 8, Itrs 1360/30000, Loss=0.481148
2023-05-20 02:17:25,473 INFO Epoch 8, Itrs 1370/30000, Loss=0.556668
2023-05-20 02:17:31,755 INFO Epoch 8, Itrs 1380/30000, Loss=0.487616
2023-05-20 02:17:37,955 INFO Epoch 8, Itrs 1390/30000, Loss=0.553517
2023-05-20 02:17:44,303 INFO Epoch 8, Itrs 1400/30000, Loss=0.489342
2023-05-20 02:17:44,438 INFO Model saved as logs/2023_0519_2301_42_cs_base_run/checkpoints/latest_deeplabv3plus_mobilenet_cityscapes_os16.pth
2023-05-20 02:17:44,439 INFO validation...
2023-05-20 02:31:30,051 INFO 
Overall Acc: 0.873682
Mean Acc: 0.444900
FreqW Acc: 0.789528
Mean IoU: 0.363969

2023-05-20 02:31:41,838 INFO Epoch 8, Itrs 1410/30000, Loss=0.466711
2023-05-20 02:31:48,171 INFO Epoch 8, Itrs 1420/30000, Loss=0.465394
2023-05-20 02:31:54,530 INFO Epoch 8, Itrs 1430/30000, Loss=0.506674
2023-05-20 02:32:01,262 INFO Epoch 8, Itrs 1440/30000, Loss=0.427131
2023-05-20 02:32:07,644 INFO Epoch 8, Itrs 1450/30000, Loss=0.458190
2023-05-20 02:32:13,971 INFO Epoch 8, Itrs 1460/30000, Loss=0.383205
2023-05-20 02:32:20,323 INFO Epoch 8, Itrs 1470/30000, Loss=0.553166
2023-05-20 02:32:26,736 INFO Epoch 8, Itrs 1480/30000, Loss=0.361326
2023-05-20 02:32:34,299 INFO Epoch 9, Itrs 1490/30000, Loss=0.449168
2023-05-20 02:32:41,326 INFO Epoch 9, Itrs 1500/30000, Loss=0.503257
2023-05-20 02:32:41,479 INFO Model saved as logs/2023_0519_2301_42_cs_base_run/checkpoints/latest_deeplabv3plus_mobilenet_cityscapes_os16.pth
2023-05-20 02:32:41,479 INFO validation...
2023-05-20 02:46:22,506 INFO 
Overall Acc: 0.851290
Mean Acc: 0.455079
FreqW Acc: 0.756190
Mean IoU: 0.354314

2023-05-20 02:46:34,892 INFO Epoch 9, Itrs 1510/30000, Loss=0.437745
2023-05-20 02:46:41,223 INFO Epoch 9, Itrs 1520/30000, Loss=0.425407
2023-05-20 02:46:47,606 INFO Epoch 9, Itrs 1530/30000, Loss=0.440401
2023-05-20 02:46:54,608 INFO Epoch 9, Itrs 1540/30000, Loss=0.445429
2023-05-20 02:47:01,315 INFO Epoch 9, Itrs 1550/30000, Loss=0.450413
2023-05-20 02:47:07,659 INFO Epoch 9, Itrs 1560/30000, Loss=0.455616
2023-05-20 02:47:14,003 INFO Epoch 9, Itrs 1570/30000, Loss=0.571235
2023-05-20 02:47:20,289 INFO Epoch 9, Itrs 1580/30000, Loss=0.401296
2023-05-20 02:47:26,721 INFO Epoch 9, Itrs 1590/30000, Loss=0.457577
2023-05-20 02:47:33,570 INFO Epoch 9, Itrs 1600/30000, Loss=0.433065
2023-05-20 02:47:33,664 INFO Model saved as logs/2023_0519_2301_42_cs_base_run/checkpoints/latest_deeplabv3plus_mobilenet_cityscapes_os16.pth
2023-05-20 02:47:33,664 INFO validation...
2023-05-20 03:01:30,897 INFO 
Overall Acc: 0.869624
Mean Acc: 0.475315
FreqW Acc: 0.779279
Mean IoU: 0.375312

2023-05-20 03:01:31,024 INFO Model saved as logs/2023_0519_2301_42_cs_base_run/checkpoints/best_deeplabv3plus_mobilenet_cityscapes_os16.pth
2023-05-20 03:01:43,091 INFO Epoch 9, Itrs 1610/30000, Loss=0.501768
2023-05-20 03:01:49,529 INFO Epoch 9, Itrs 1620/30000, Loss=0.393378
2023-05-20 03:01:55,864 INFO Epoch 9, Itrs 1630/30000, Loss=0.486039
2023-05-20 03:02:02,218 INFO Epoch 9, Itrs 1640/30000, Loss=0.492725
2023-05-20 03:02:08,541 INFO Epoch 9, Itrs 1650/30000, Loss=0.475480
2023-05-20 03:02:14,914 INFO Epoch 9, Itrs 1660/30000, Loss=0.530166
2023-05-20 03:02:22,837 INFO Epoch 10, Itrs 1670/30000, Loss=0.481156
2023-05-20 03:02:29,190 INFO Epoch 10, Itrs 1680/30000, Loss=0.428531
2023-05-20 03:02:35,960 INFO Epoch 10, Itrs 1690/30000, Loss=0.430753
2023-05-20 03:02:42,347 INFO Epoch 10, Itrs 1700/30000, Loss=0.533539
2023-05-20 03:02:42,501 INFO Model saved as logs/2023_0519_2301_42_cs_base_run/checkpoints/latest_deeplabv3plus_mobilenet_cityscapes_os16.pth
2023-05-20 03:02:42,502 INFO validation...
2023-05-20 03:16:29,447 INFO 
Overall Acc: 0.879598
Mean Acc: 0.429628
FreqW Acc: 0.793895
Mean IoU: 0.370221

2023-05-20 03:16:40,981 INFO Epoch 10, Itrs 1710/30000, Loss=0.491934
2023-05-20 03:16:47,822 INFO Epoch 10, Itrs 1720/30000, Loss=0.372464
2023-05-20 03:16:54,409 INFO Epoch 10, Itrs 1730/30000, Loss=0.466923
2023-05-20 03:17:01,815 INFO Epoch 10, Itrs 1740/30000, Loss=0.350498
2023-05-20 03:17:08,167 INFO Epoch 10, Itrs 1750/30000, Loss=0.438742
2023-05-20 03:17:14,536 INFO Epoch 10, Itrs 1760/30000, Loss=0.403894
2023-05-20 03:17:20,851 INFO Epoch 10, Itrs 1770/30000, Loss=0.471919
2023-05-20 03:17:27,191 INFO Epoch 10, Itrs 1780/30000, Loss=0.368498
2023-05-20 03:17:33,968 INFO Epoch 10, Itrs 1790/30000, Loss=0.515805
2023-05-20 03:17:40,454 INFO Epoch 10, Itrs 1800/30000, Loss=0.396219
2023-05-20 03:17:40,566 INFO Model saved as logs/2023_0519_2301_42_cs_base_run/checkpoints/latest_deeplabv3plus_mobilenet_cityscapes_os16.pth
2023-05-20 03:17:40,566 INFO validation...
2023-05-20 03:31:21,257 INFO 
Overall Acc: 0.832864
Mean Acc: 0.413262
FreqW Acc: 0.724356
Mean IoU: 0.330501

2023-05-20 03:31:33,110 INFO Epoch 10, Itrs 1810/30000, Loss=0.417451
2023-05-20 03:31:39,478 INFO Epoch 10, Itrs 1820/30000, Loss=0.500440
2023-05-20 03:31:45,940 INFO Epoch 10, Itrs 1830/30000, Loss=0.423852
2023-05-20 03:31:52,719 INFO Epoch 10, Itrs 1840/30000, Loss=0.363297
2023-05-20 03:31:59,029 INFO Epoch 10, Itrs 1850/30000, Loss=0.406408
2023-05-20 03:32:06,356 INFO Epoch 11, Itrs 1860/30000, Loss=0.493165
2023-05-20 03:32:12,829 INFO Epoch 11, Itrs 1870/30000, Loss=0.471336
2023-05-20 03:32:19,210 INFO Epoch 11, Itrs 1880/30000, Loss=0.544611
2023-05-20 03:32:25,641 INFO Epoch 11, Itrs 1890/30000, Loss=0.433421
2023-05-20 03:32:32,001 INFO Epoch 11, Itrs 1900/30000, Loss=0.526289
2023-05-20 03:32:32,154 INFO Model saved as logs/2023_0519_2301_42_cs_base_run/checkpoints/latest_deeplabv3plus_mobilenet_cityscapes_os16.pth
2023-05-20 03:32:32,155 INFO validation...
2023-05-20 03:46:15,283 INFO 
Overall Acc: 0.873066
Mean Acc: 0.434419
FreqW Acc: 0.780172
Mean IoU: 0.367926

2023-05-20 03:46:27,454 INFO Epoch 11, Itrs 1910/30000, Loss=0.407860
2023-05-20 03:46:34,284 INFO Epoch 11, Itrs 1920/30000, Loss=0.440224
2023-05-20 03:46:40,623 INFO Epoch 11, Itrs 1930/30000, Loss=0.386483
2023-05-20 03:46:47,038 INFO Epoch 11, Itrs 1940/30000, Loss=0.453114
2023-05-20 03:46:53,371 INFO Epoch 11, Itrs 1950/30000, Loss=0.360834
2023-05-20 03:46:59,888 INFO Epoch 11, Itrs 1960/30000, Loss=0.407299
2023-05-20 03:47:06,276 INFO Epoch 11, Itrs 1970/30000, Loss=0.400659
2023-05-20 03:47:12,642 INFO Epoch 11, Itrs 1980/30000, Loss=0.346490
2023-05-20 03:47:18,951 INFO Epoch 11, Itrs 1990/30000, Loss=0.493780
2023-05-20 03:47:25,353 INFO Epoch 11, Itrs 2000/30000, Loss=0.495517
2023-05-20 03:47:25,503 INFO Model saved as logs/2023_0519_2301_42_cs_base_run/checkpoints/latest_deeplabv3plus_mobilenet_cityscapes_os16.pth
2023-05-20 03:47:25,503 INFO validation...
2023-05-20 04:01:15,522 INFO 
Overall Acc: 0.840552
Mean Acc: 0.467461
FreqW Acc: 0.742608
Mean IoU: 0.374107

2023-05-20 04:01:29,159 INFO Epoch 11, Itrs 2010/30000, Loss=0.464038
2023-05-20 04:01:35,553 INFO Epoch 11, Itrs 2020/30000, Loss=0.464968
2023-05-20 04:01:41,896 INFO Epoch 11, Itrs 2030/30000, Loss=0.559876
2023-05-20 04:01:49,752 INFO Epoch 12, Itrs 2040/30000, Loss=0.414288
2023-05-20 04:01:56,128 INFO Epoch 12, Itrs 2050/30000, Loss=0.384580
2023-05-20 04:02:02,556 INFO Epoch 12, Itrs 2060/30000, Loss=0.504942
2023-05-20 04:02:08,964 INFO Epoch 12, Itrs 2070/30000, Loss=0.391484
2023-05-20 04:02:15,370 INFO Epoch 12, Itrs 2080/30000, Loss=0.414545
2023-05-20 04:02:21,732 INFO Epoch 12, Itrs 2090/30000, Loss=0.433813
2023-05-20 04:02:28,113 INFO Epoch 12, Itrs 2100/30000, Loss=0.488983
2023-05-20 04:02:28,242 INFO Model saved as logs/2023_0519_2301_42_cs_base_run/checkpoints/latest_deeplabv3plus_mobilenet_cityscapes_os16.pth
2023-05-20 04:02:28,243 INFO validation...
2023-05-20 04:16:09,722 INFO 
Overall Acc: 0.821743
Mean Acc: 0.412306
FreqW Acc: 0.733004
Mean IoU: 0.326813

2023-05-20 04:16:21,188 INFO Epoch 12, Itrs 2110/30000, Loss=0.414911
2023-05-20 04:16:28,120 INFO Epoch 12, Itrs 2120/30000, Loss=0.489612
2023-05-20 04:16:34,499 INFO Epoch 12, Itrs 2130/30000, Loss=0.447830
2023-05-20 04:16:41,099 INFO Epoch 12, Itrs 2140/30000, Loss=0.398842
2023-05-20 04:16:47,477 INFO Epoch 12, Itrs 2150/30000, Loss=0.435578
2023-05-20 04:16:54,593 INFO Epoch 12, Itrs 2160/30000, Loss=0.430726
2023-05-20 04:17:00,969 INFO Epoch 12, Itrs 2170/30000, Loss=0.440567
2023-05-20 04:17:07,384 INFO Epoch 12, Itrs 2180/30000, Loss=0.425875
2023-05-20 04:17:13,771 INFO Epoch 12, Itrs 2190/30000, Loss=0.390663
2023-05-20 04:17:20,143 INFO Epoch 12, Itrs 2200/30000, Loss=0.375027
2023-05-20 04:17:20,261 INFO Model saved as logs/2023_0519_2301_42_cs_base_run/checkpoints/latest_deeplabv3plus_mobilenet_cityscapes_os16.pth
2023-05-20 04:17:20,262 INFO validation...
2023-05-20 04:31:04,052 INFO 
Overall Acc: 0.870408
Mean Acc: 0.443117
FreqW Acc: 0.779015
Mean IoU: 0.368177

2023-05-20 04:31:15,923 INFO Epoch 12, Itrs 2210/30000, Loss=0.394058
2023-05-20 04:31:22,255 INFO Epoch 12, Itrs 2220/30000, Loss=0.450528
2023-05-20 04:31:29,276 INFO Epoch 13, Itrs 2230/30000, Loss=0.490112
2023-05-20 04:31:35,692 INFO Epoch 13, Itrs 2240/30000, Loss=0.415238
2023-05-20 04:31:42,025 INFO Epoch 13, Itrs 2250/30000, Loss=0.398224
2023-05-20 04:31:48,394 INFO Epoch 13, Itrs 2260/30000, Loss=0.334633
2023-05-20 04:31:54,718 INFO Epoch 13, Itrs 2270/30000, Loss=0.417731
2023-05-20 04:32:01,098 INFO Epoch 13, Itrs 2280/30000, Loss=0.363478
2023-05-20 04:32:07,656 INFO Epoch 13, Itrs 2290/30000, Loss=0.349844
2023-05-20 04:32:14,395 INFO Epoch 13, Itrs 2300/30000, Loss=0.446067
2023-05-20 04:32:14,534 INFO Model saved as logs/2023_0519_2301_42_cs_base_run/checkpoints/latest_deeplabv3plus_mobilenet_cityscapes_os16.pth
2023-05-20 04:32:14,534 INFO validation...
2023-05-20 04:46:01,303 INFO 
Overall Acc: 0.880926
Mean Acc: 0.493748
FreqW Acc: 0.797806
Mean IoU: 0.408125

2023-05-20 04:46:01,429 INFO Model saved as logs/2023_0519_2301_42_cs_base_run/checkpoints/best_deeplabv3plus_mobilenet_cityscapes_os16.pth
2023-05-20 04:46:12,788 INFO Epoch 13, Itrs 2310/30000, Loss=0.430964
2023-05-20 04:46:19,138 INFO Epoch 13, Itrs 2320/30000, Loss=0.408823
2023-05-20 04:46:25,537 INFO Epoch 13, Itrs 2330/30000, Loss=0.363677
2023-05-20 04:46:31,906 INFO Epoch 13, Itrs 2340/30000, Loss=0.403566
2023-05-20 04:46:38,234 INFO Epoch 13, Itrs 2350/30000, Loss=0.502828
2023-05-20 04:46:44,578 INFO Epoch 13, Itrs 2360/30000, Loss=0.382283
2023-05-20 04:46:50,920 INFO Epoch 13, Itrs 2370/30000, Loss=0.375255
2023-05-20 04:46:57,277 INFO Epoch 13, Itrs 2380/30000, Loss=0.444861
2023-05-20 04:47:03,630 INFO Epoch 13, Itrs 2390/30000, Loss=0.395579
2023-05-20 04:47:10,021 INFO Epoch 13, Itrs 2400/30000, Loss=0.439258
2023-05-20 04:47:10,176 INFO Model saved as logs/2023_0519_2301_42_cs_base_run/checkpoints/latest_deeplabv3plus_mobilenet_cityscapes_os16.pth
2023-05-20 04:47:10,177 INFO validation...
2023-05-20 05:00:56,675 INFO 
Overall Acc: 0.883155
Mean Acc: 0.515668
FreqW Acc: 0.804727
Mean IoU: 0.412664

2023-05-20 05:00:56,803 INFO Model saved as logs/2023_0519_2301_42_cs_base_run/checkpoints/best_deeplabv3plus_mobilenet_cityscapes_os16.pth
2023-05-20 05:01:10,380 INFO Epoch 14, Itrs 2410/30000, Loss=0.456355
2023-05-20 05:01:16,672 INFO Epoch 14, Itrs 2420/30000, Loss=0.404601
2023-05-20 05:01:23,010 INFO Epoch 14, Itrs 2430/30000, Loss=0.445784
2023-05-20 05:01:29,363 INFO Epoch 14, Itrs 2440/30000, Loss=0.384589
2023-05-20 05:01:35,784 INFO Epoch 14, Itrs 2450/30000, Loss=0.398176
2023-05-20 05:01:43,506 INFO Epoch 14, Itrs 2460/30000, Loss=0.443504
2023-05-20 05:01:49,754 INFO Epoch 14, Itrs 2470/30000, Loss=0.391056
2023-05-20 05:01:56,048 INFO Epoch 14, Itrs 2480/30000, Loss=0.454026
2023-05-20 05:02:02,339 INFO Epoch 14, Itrs 2490/30000, Loss=0.351903
2023-05-20 05:02:08,922 INFO Epoch 14, Itrs 2500/30000, Loss=0.371472
2023-05-20 05:02:09,058 INFO Model saved as logs/2023_0519_2301_42_cs_base_run/checkpoints/latest_deeplabv3plus_mobilenet_cityscapes_os16.pth
2023-05-20 05:02:09,058 INFO validation...
2023-05-20 05:15:49,977 INFO 
Overall Acc: 0.888007
Mean Acc: 0.484323
FreqW Acc: 0.812584
Mean IoU: 0.404128

2023-05-20 05:16:03,863 INFO Epoch 14, Itrs 2510/30000, Loss=0.430541
2023-05-20 05:16:10,191 INFO Epoch 14, Itrs 2520/30000, Loss=0.474333
2023-05-20 05:16:16,529 INFO Epoch 14, Itrs 2530/30000, Loss=0.373715
2023-05-20 05:16:22,870 INFO Epoch 14, Itrs 2540/30000, Loss=0.333780
2023-05-20 05:16:29,227 INFO Epoch 14, Itrs 2550/30000, Loss=0.508376
2023-05-20 05:16:35,843 INFO Epoch 14, Itrs 2560/30000, Loss=0.396487
2023-05-20 05:16:42,209 INFO Epoch 14, Itrs 2570/30000, Loss=0.472557
2023-05-20 05:16:48,602 INFO Epoch 14, Itrs 2580/30000, Loss=0.444919
2023-05-20 05:16:54,972 INFO Epoch 14, Itrs 2590/30000, Loss=0.395815
2023-05-20 05:17:02,544 INFO Epoch 15, Itrs 2600/30000, Loss=0.409185
2023-05-20 05:17:02,700 INFO Model saved as logs/2023_0519_2301_42_cs_base_run/checkpoints/latest_deeplabv3plus_mobilenet_cityscapes_os16.pth
2023-05-20 05:17:02,700 INFO validation...
2023-05-20 05:30:47,469 INFO 
Overall Acc: 0.880993
Mean Acc: 0.435505
FreqW Acc: 0.793059
Mean IoU: 0.371368

2023-05-20 05:30:59,312 INFO Epoch 15, Itrs 2610/30000, Loss=0.476451
2023-05-20 05:31:05,679 INFO Epoch 15, Itrs 2620/30000, Loss=0.431226
2023-05-20 05:31:12,056 INFO Epoch 15, Itrs 2630/30000, Loss=0.430086
2023-05-20 05:31:18,374 INFO Epoch 15, Itrs 2640/30000, Loss=0.451959
2023-05-20 05:31:24,810 INFO Epoch 15, Itrs 2650/30000, Loss=0.370849
2023-05-20 05:31:31,167 INFO Epoch 15, Itrs 2660/30000, Loss=0.407966
2023-05-20 05:31:38,191 INFO Epoch 15, Itrs 2670/30000, Loss=0.374073
2023-05-20 05:31:45,133 INFO Epoch 15, Itrs 2680/30000, Loss=0.395556
2023-05-20 05:31:51,444 INFO Epoch 15, Itrs 2690/30000, Loss=0.355567
2023-05-20 05:31:58,011 INFO Epoch 15, Itrs 2700/30000, Loss=0.446332
2023-05-20 05:31:58,162 INFO Model saved as logs/2023_0519_2301_42_cs_base_run/checkpoints/latest_deeplabv3plus_mobilenet_cityscapes_os16.pth
2023-05-20 05:31:58,163 INFO validation...
2023-05-20 05:45:41,984 INFO 
Overall Acc: 0.884983
Mean Acc: 0.486189
FreqW Acc: 0.803555
Mean IoU: 0.406414

2023-05-20 05:45:54,443 INFO Epoch 15, Itrs 2710/30000, Loss=0.415448
2023-05-20 05:46:00,748 INFO Epoch 15, Itrs 2720/30000, Loss=0.376280
2023-05-20 05:46:07,048 INFO Epoch 15, Itrs 2730/30000, Loss=0.387944
2023-05-20 05:46:13,306 INFO Epoch 15, Itrs 2740/30000, Loss=0.365265
2023-05-20 05:46:20,294 INFO Epoch 15, Itrs 2750/30000, Loss=0.394647
2023-05-20 05:46:26,578 INFO Epoch 15, Itrs 2760/30000, Loss=0.381254
2023-05-20 05:46:32,943 INFO Epoch 15, Itrs 2770/30000, Loss=0.471385
2023-05-20 05:46:40,515 INFO Epoch 16, Itrs 2780/30000, Loss=0.360715
2023-05-20 05:46:47,556 INFO Epoch 16, Itrs 2790/30000, Loss=0.380780
2023-05-20 05:46:54,336 INFO Epoch 16, Itrs 2800/30000, Loss=0.376210
2023-05-20 05:46:54,465 INFO Model saved as logs/2023_0519_2301_42_cs_base_run/checkpoints/latest_deeplabv3plus_mobilenet_cityscapes_os16.pth
2023-05-20 05:46:54,465 INFO validation...
2023-05-20 06:00:24,755 INFO 
Overall Acc: 0.889600
Mean Acc: 0.492832
FreqW Acc: 0.816108
Mean IoU: 0.405749

2023-05-20 06:00:36,366 INFO Epoch 16, Itrs 2810/30000, Loss=0.358841
2023-05-20 06:00:42,599 INFO Epoch 16, Itrs 2820/30000, Loss=0.381554
2023-05-20 06:00:48,845 INFO Epoch 16, Itrs 2830/30000, Loss=0.423707
2023-05-20 06:00:55,144 INFO Epoch 16, Itrs 2840/30000, Loss=0.356490
2023-05-20 06:01:01,404 INFO Epoch 16, Itrs 2850/30000, Loss=0.399709
2023-05-20 06:01:08,358 INFO Epoch 16, Itrs 2860/30000, Loss=0.492834
2023-05-20 06:01:14,958 INFO Epoch 16, Itrs 2870/30000, Loss=0.296924
2023-05-20 06:01:21,310 INFO Epoch 16, Itrs 2880/30000, Loss=0.391713
2023-05-20 06:01:27,927 INFO Epoch 16, Itrs 2890/30000, Loss=0.367108
2023-05-20 06:01:34,648 INFO Epoch 16, Itrs 2900/30000, Loss=0.481857
2023-05-20 06:01:34,764 INFO Model saved as logs/2023_0519_2301_42_cs_base_run/checkpoints/latest_deeplabv3plus_mobilenet_cityscapes_os16.pth
2023-05-20 06:01:34,764 INFO validation...
2023-05-20 06:15:07,180 INFO 
Overall Acc: 0.873830
Mean Acc: 0.473720
FreqW Acc: 0.784661
Mean IoU: 0.391302

2023-05-20 06:15:19,713 INFO Epoch 16, Itrs 2910/30000, Loss=0.402228
2023-05-20 06:15:26,020 INFO Epoch 16, Itrs 2920/30000, Loss=0.414033
2023-05-20 06:15:32,399 INFO Epoch 16, Itrs 2930/30000, Loss=0.419471
2023-05-20 06:15:38,688 INFO Epoch 16, Itrs 2940/30000, Loss=0.414263
2023-05-20 06:15:44,984 INFO Epoch 16, Itrs 2950/30000, Loss=0.373639
2023-05-20 06:15:51,287 INFO Epoch 16, Itrs 2960/30000, Loss=0.404735
2023-05-20 06:15:58,436 INFO Epoch 17, Itrs 2970/30000, Loss=0.359479
2023-05-20 06:16:04,709 INFO Epoch 17, Itrs 2980/30000, Loss=0.326547
2023-05-20 06:16:11,043 INFO Epoch 17, Itrs 2990/30000, Loss=0.390686
2023-05-20 06:16:17,373 INFO Epoch 17, Itrs 3000/30000, Loss=0.425719
2023-05-20 06:16:17,513 INFO Model saved as logs/2023_0519_2301_42_cs_base_run/checkpoints/latest_deeplabv3plus_mobilenet_cityscapes_os16.pth
2023-05-20 06:16:17,513 INFO validation...
2023-05-20 06:29:45,917 INFO 
Overall Acc: 0.793712
Mean Acc: 0.463188
FreqW Acc: 0.671690
Mean IoU: 0.364817

2023-05-20 06:29:57,995 INFO Epoch 17, Itrs 3010/30000, Loss=0.379579
2023-05-20 06:30:04,243 INFO Epoch 17, Itrs 3020/30000, Loss=0.405798
2023-05-20 06:30:10,692 INFO Epoch 17, Itrs 3030/30000, Loss=0.319182
2023-05-20 06:30:17,512 INFO Epoch 17, Itrs 3040/30000, Loss=0.519908
2023-05-20 06:30:23,895 INFO Epoch 17, Itrs 3050/30000, Loss=0.339071
2023-05-20 06:30:30,275 INFO Epoch 17, Itrs 3060/30000, Loss=0.441916
2023-05-20 06:30:36,631 INFO Epoch 17, Itrs 3070/30000, Loss=0.391451
2023-05-20 06:30:42,984 INFO Epoch 17, Itrs 3080/30000, Loss=0.397838
2023-05-20 06:30:49,698 INFO Epoch 17, Itrs 3090/30000, Loss=0.389334
2023-05-20 06:30:56,804 INFO Epoch 17, Itrs 3100/30000, Loss=0.374124
2023-05-20 06:30:56,944 INFO Model saved as logs/2023_0519_2301_42_cs_base_run/checkpoints/latest_deeplabv3plus_mobilenet_cityscapes_os16.pth
2023-05-20 06:30:56,944 INFO validation...
2023-05-20 06:44:49,228 INFO 
Overall Acc: 0.893622
Mean Acc: 0.522215
FreqW Acc: 0.816861
Mean IoU: 0.422389

2023-05-20 06:44:49,377 INFO Model saved as logs/2023_0519_2301_42_cs_base_run/checkpoints/best_deeplabv3plus_mobilenet_cityscapes_os16.pth
2023-05-20 06:45:01,892 INFO Epoch 17, Itrs 3110/30000, Loss=0.418259
2023-05-20 06:45:08,635 INFO Epoch 17, Itrs 3120/30000, Loss=0.398805
2023-05-20 06:45:14,940 INFO Epoch 17, Itrs 3130/30000, Loss=0.344590
2023-05-20 06:45:22,144 INFO Epoch 17, Itrs 3140/30000, Loss=0.378460
2023-05-20 06:45:29,366 INFO Epoch 18, Itrs 3150/30000, Loss=0.375886
2023-05-20 06:45:35,746 INFO Epoch 18, Itrs 3160/30000, Loss=0.368873
2023-05-20 06:45:42,116 INFO Epoch 18, Itrs 3170/30000, Loss=0.389437
2023-05-20 06:45:48,428 INFO Epoch 18, Itrs 3180/30000, Loss=0.436854
2023-05-20 06:45:54,828 INFO Epoch 18, Itrs 3190/30000, Loss=0.384290
2023-05-20 06:46:01,221 INFO Epoch 18, Itrs 3200/30000, Loss=0.320924
2023-05-20 06:46:01,363 INFO Model saved as logs/2023_0519_2301_42_cs_base_run/checkpoints/latest_deeplabv3plus_mobilenet_cityscapes_os16.pth
2023-05-20 06:46:01,364 INFO validation...
2023-05-20 06:59:52,479 INFO 
Overall Acc: 0.867080
Mean Acc: 0.437106
FreqW Acc: 0.770622
Mean IoU: 0.370849

2023-05-20 07:00:04,355 INFO Epoch 18, Itrs 3210/30000, Loss=0.385167
2023-05-20 07:00:10,696 INFO Epoch 18, Itrs 3220/30000, Loss=0.449532
2023-05-20 07:00:17,088 INFO Epoch 18, Itrs 3230/30000, Loss=0.484564
2023-05-20 07:00:23,433 INFO Epoch 18, Itrs 3240/30000, Loss=0.394270
2023-05-20 07:00:29,986 INFO Epoch 18, Itrs 3250/30000, Loss=0.404150
2023-05-20 07:00:36,756 INFO Epoch 18, Itrs 3260/30000, Loss=0.356485
2023-05-20 07:00:43,086 INFO Epoch 18, Itrs 3270/30000, Loss=0.393920
2023-05-20 07:00:49,420 INFO Epoch 18, Itrs 3280/30000, Loss=0.397305
2023-05-20 07:00:55,745 INFO Epoch 18, Itrs 3290/30000, Loss=0.387546
2023-05-20 07:01:02,131 INFO Epoch 18, Itrs 3300/30000, Loss=0.404023
2023-05-20 07:01:02,293 INFO Model saved as logs/2023_0519_2301_42_cs_base_run/checkpoints/latest_deeplabv3plus_mobilenet_cityscapes_os16.pth
2023-05-20 07:01:02,293 INFO validation...
2023-05-20 07:14:55,776 INFO 
Overall Acc: 0.901481
Mean Acc: 0.502875
FreqW Acc: 0.829846
Mean IoU: 0.424890

2023-05-20 07:14:55,902 INFO Model saved as logs/2023_0519_2301_42_cs_base_run/checkpoints/best_deeplabv3plus_mobilenet_cityscapes_os16.pth
2023-05-20 07:15:08,239 INFO Epoch 18, Itrs 3310/30000, Loss=0.432079
2023-05-20 07:15:15,000 INFO Epoch 18, Itrs 3320/30000, Loss=0.440756
2023-05-20 07:15:21,329 INFO Epoch 18, Itrs 3330/30000, Loss=0.391172
2023-05-20 07:15:28,822 INFO Epoch 19, Itrs 3340/30000, Loss=0.373300
2023-05-20 07:15:35,134 INFO Epoch 19, Itrs 3350/30000, Loss=0.400593
2023-05-20 07:15:41,840 INFO Epoch 19, Itrs 3360/30000, Loss=0.421147
2023-05-20 07:15:48,313 INFO Epoch 19, Itrs 3370/30000, Loss=0.443674
2023-05-20 07:15:54,903 INFO Epoch 19, Itrs 3380/30000, Loss=0.443627
2023-05-20 07:16:01,286 INFO Epoch 19, Itrs 3390/30000, Loss=0.414703
2023-05-20 07:16:07,607 INFO Epoch 19, Itrs 3400/30000, Loss=0.382625
2023-05-20 07:16:07,742 INFO Model saved as logs/2023_0519_2301_42_cs_base_run/checkpoints/latest_deeplabv3plus_mobilenet_cityscapes_os16.pth
2023-05-20 07:16:07,742 INFO validation...
2023-05-20 07:29:52,086 INFO 
Overall Acc: 0.893390
Mean Acc: 0.492334
FreqW Acc: 0.818130
Mean IoU: 0.414632

2023-05-20 07:30:03,980 INFO Epoch 19, Itrs 3410/30000, Loss=0.323593
2023-05-20 07:30:10,345 INFO Epoch 19, Itrs 3420/30000, Loss=0.313474
2023-05-20 07:30:16,712 INFO Epoch 19, Itrs 3430/30000, Loss=0.348759
2023-05-20 07:30:23,093 INFO Epoch 19, Itrs 3440/30000, Loss=0.416177
2023-05-20 07:30:29,546 INFO Epoch 19, Itrs 3450/30000, Loss=0.338810
2023-05-20 07:30:36,217 INFO Epoch 19, Itrs 3460/30000, Loss=0.335157
2023-05-20 07:30:42,619 INFO Epoch 19, Itrs 3470/30000, Loss=0.383208
2023-05-20 07:30:48,999 INFO Epoch 19, Itrs 3480/30000, Loss=0.373949
2023-05-20 07:30:55,740 INFO Epoch 19, Itrs 3490/30000, Loss=0.351492
2023-05-20 07:31:02,119 INFO Epoch 19, Itrs 3500/30000, Loss=0.343893
2023-05-20 07:31:02,285 INFO Model saved as logs/2023_0519_2301_42_cs_base_run/checkpoints/latest_deeplabv3plus_mobilenet_cityscapes_os16.pth
2023-05-20 07:31:02,285 INFO validation...
2023-05-20 07:45:24,189 INFO 
Overall Acc: 0.904321
Mean Acc: 0.508801
FreqW Acc: 0.831867
Mean IoU: 0.435323

2023-05-20 07:45:24,317 INFO Model saved as logs/2023_0519_2301_42_cs_base_run/checkpoints/best_deeplabv3plus_mobilenet_cityscapes_os16.pth
2023-05-20 07:45:36,173 INFO Epoch 19, Itrs 3510/30000, Loss=0.464016
2023-05-20 07:45:44,814 INFO Epoch 20, Itrs 3520/30000, Loss=0.366906
2023-05-20 07:45:51,742 INFO Epoch 20, Itrs 3530/30000, Loss=0.297987
2023-05-20 07:45:58,288 INFO Epoch 20, Itrs 3540/30000, Loss=0.368371
2023-05-20 07:46:04,881 INFO Epoch 20, Itrs 3550/30000, Loss=0.335759
2023-05-20 07:46:11,494 INFO Epoch 20, Itrs 3560/30000, Loss=0.421835
2023-05-20 07:46:18,131 INFO Epoch 20, Itrs 3570/30000, Loss=0.370708
2023-05-20 07:46:24,724 INFO Epoch 20, Itrs 3580/30000, Loss=0.364291
2023-05-20 07:46:31,343 INFO Epoch 20, Itrs 3590/30000, Loss=0.333512
2023-05-20 07:46:37,918 INFO Epoch 20, Itrs 3600/30000, Loss=0.417087
2023-05-20 07:46:38,071 INFO Model saved as logs/2023_0519_2301_42_cs_base_run/checkpoints/latest_deeplabv3plus_mobilenet_cityscapes_os16.pth
2023-05-20 07:46:38,071 INFO validation...
2023-05-20 08:00:59,381 INFO 
Overall Acc: 0.870819
Mean Acc: 0.467503
FreqW Acc: 0.777067
Mean IoU: 0.393614

2023-05-20 08:01:11,746 INFO Epoch 20, Itrs 3610/30000, Loss=0.352519
2023-05-20 08:01:18,684 INFO Epoch 20, Itrs 3620/30000, Loss=0.425431
2023-05-20 08:01:25,362 INFO Epoch 20, Itrs 3630/30000, Loss=0.358534
2023-05-20 08:01:31,962 INFO Epoch 20, Itrs 3640/30000, Loss=0.441004
2023-05-20 08:01:38,543 INFO Epoch 20, Itrs 3650/30000, Loss=0.413529
2023-05-20 08:01:45,148 INFO Epoch 20, Itrs 3660/30000, Loss=0.330927
2023-05-20 08:01:51,787 INFO Epoch 20, Itrs 3670/30000, Loss=0.492805
2023-05-20 08:01:58,383 INFO Epoch 20, Itrs 3680/30000, Loss=0.345138
2023-05-20 08:02:05,022 INFO Epoch 20, Itrs 3690/30000, Loss=0.382077
2023-05-20 08:02:11,740 INFO Epoch 20, Itrs 3700/30000, Loss=0.301934
2023-05-20 08:02:11,892 INFO Model saved as logs/2023_0519_2301_42_cs_base_run/checkpoints/latest_deeplabv3plus_mobilenet_cityscapes_os16.pth
2023-05-20 08:02:11,892 INFO validation...
2023-05-20 08:16:33,012 INFO 
Overall Acc: 0.898273
Mean Acc: 0.523510
FreqW Acc: 0.822990
Mean IoU: 0.435562

2023-05-20 08:16:33,143 INFO Model saved as logs/2023_0519_2301_42_cs_base_run/checkpoints/best_deeplabv3plus_mobilenet_cityscapes_os16.pth
2023-05-20 08:16:48,736 INFO Epoch 21, Itrs 3710/30000, Loss=0.382667
2023-05-20 08:16:55,365 INFO Epoch 21, Itrs 3720/30000, Loss=0.446590
2023-05-20 08:17:01,918 INFO Epoch 21, Itrs 3730/30000, Loss=0.440430
2023-05-20 08:17:08,794 INFO Epoch 21, Itrs 3740/30000, Loss=0.411367
2023-05-20 08:17:15,446 INFO Epoch 21, Itrs 3750/30000, Loss=0.412791
2023-05-20 08:17:22,333 INFO Epoch 21, Itrs 3760/30000, Loss=0.497757
2023-05-20 08:17:29,360 INFO Epoch 21, Itrs 3770/30000, Loss=0.397996
2023-05-20 08:17:36,120 INFO Epoch 21, Itrs 3780/30000, Loss=0.361392
2023-05-20 08:17:42,762 INFO Epoch 21, Itrs 3790/30000, Loss=0.403285
2023-05-20 08:17:49,354 INFO Epoch 21, Itrs 3800/30000, Loss=0.340360
2023-05-20 08:17:49,522 INFO Model saved as logs/2023_0519_2301_42_cs_base_run/checkpoints/latest_deeplabv3plus_mobilenet_cityscapes_os16.pth
2023-05-20 08:17:49,522 INFO validation...
2023-05-20 08:32:05,519 INFO 
Overall Acc: 0.891130
Mean Acc: 0.506473
FreqW Acc: 0.810522
Mean IoU: 0.426204

2023-05-20 08:32:17,687 INFO Epoch 21, Itrs 3810/30000, Loss=0.355207
2023-05-20 08:32:24,452 INFO Epoch 21, Itrs 3820/30000, Loss=0.352394
2023-05-20 08:32:30,859 INFO Epoch 21, Itrs 3830/30000, Loss=0.346510
2023-05-20 08:32:37,306 INFO Epoch 21, Itrs 3840/30000, Loss=0.360570
2023-05-20 08:32:43,735 INFO Epoch 21, Itrs 3850/30000, Loss=0.348933
2023-05-20 08:32:50,140 INFO Epoch 21, Itrs 3860/30000, Loss=0.308587
2023-05-20 08:32:56,894 INFO Epoch 21, Itrs 3870/30000, Loss=0.314827
2023-05-20 08:33:03,572 INFO Epoch 21, Itrs 3880/30000, Loss=0.319599
2023-05-20 08:33:12,000 INFO Epoch 22, Itrs 3890/30000, Loss=0.369121
2023-05-20 08:33:18,487 INFO Epoch 22, Itrs 3900/30000, Loss=0.415675
2023-05-20 08:33:18,631 INFO Model saved as logs/2023_0519_2301_42_cs_base_run/checkpoints/latest_deeplabv3plus_mobilenet_cityscapes_os16.pth
2023-05-20 08:33:18,631 INFO validation...
2023-05-20 08:47:16,321 INFO 
Overall Acc: 0.888013
Mean Acc: 0.526424
FreqW Acc: 0.810022
Mean IoU: 0.434366

2023-05-20 08:47:28,486 INFO Epoch 22, Itrs 3910/30000, Loss=0.374366
2023-05-20 08:47:34,979 INFO Epoch 22, Itrs 3920/30000, Loss=0.290892
2023-05-20 08:47:41,774 INFO Epoch 22, Itrs 3930/30000, Loss=0.307297
2023-05-20 08:47:48,999 INFO Epoch 22, Itrs 3940/30000, Loss=0.383553
2023-05-20 08:47:55,418 INFO Epoch 22, Itrs 3950/30000, Loss=0.383101
2023-05-20 08:48:01,929 INFO Epoch 22, Itrs 3960/30000, Loss=0.356479
2023-05-20 08:48:08,479 INFO Epoch 22, Itrs 3970/30000, Loss=0.315900
2023-05-20 08:48:14,957 INFO Epoch 22, Itrs 3980/30000, Loss=0.329017
2023-05-20 08:48:21,429 INFO Epoch 22, Itrs 3990/30000, Loss=0.408685
2023-05-20 08:48:27,950 INFO Epoch 22, Itrs 4000/30000, Loss=0.366517
2023-05-20 08:48:28,099 INFO Model saved as logs/2023_0519_2301_42_cs_base_run/checkpoints/latest_deeplabv3plus_mobilenet_cityscapes_os16.pth
2023-05-20 08:48:28,099 INFO validation...
2023-05-20 09:02:39,298 INFO 
Overall Acc: 0.817389
Mean Acc: 0.485481
FreqW Acc: 0.710112
Mean IoU: 0.366350

2023-05-20 09:02:51,561 INFO Epoch 22, Itrs 4010/30000, Loss=0.403378
2023-05-20 09:02:58,432 INFO Epoch 22, Itrs 4020/30000, Loss=0.418728
2023-05-20 09:03:04,916 INFO Epoch 22, Itrs 4030/30000, Loss=0.391634
2023-05-20 09:03:11,362 INFO Epoch 22, Itrs 4040/30000, Loss=0.418201
2023-05-20 09:03:18,190 INFO Epoch 22, Itrs 4050/30000, Loss=0.338202
2023-05-20 09:03:26,073 INFO Epoch 22, Itrs 4060/30000, Loss=0.447067
2023-05-20 09:03:32,501 INFO Epoch 22, Itrs 4070/30000, Loss=0.404028
2023-05-20 09:03:40,332 INFO Epoch 23, Itrs 4080/30000, Loss=0.399385
2023-05-20 09:03:47,193 INFO Epoch 23, Itrs 4090/30000, Loss=0.331753
2023-05-20 09:03:53,674 INFO Epoch 23, Itrs 4100/30000, Loss=0.406357
2023-05-20 09:03:53,849 INFO Model saved as logs/2023_0519_2301_42_cs_base_run/checkpoints/latest_deeplabv3plus_mobilenet_cityscapes_os16.pth
2023-05-20 09:03:53,850 INFO validation...
2023-05-20 09:18:00,499 INFO 
Overall Acc: 0.895109
Mean Acc: 0.512004
FreqW Acc: 0.817468
Mean IoU: 0.433187

2023-05-20 09:18:13,547 INFO Epoch 23, Itrs 4110/30000, Loss=0.322653
2023-05-20 09:18:20,282 INFO Epoch 23, Itrs 4120/30000, Loss=0.433578
2023-05-20 09:18:26,792 INFO Epoch 23, Itrs 4130/30000, Loss=0.349346
2023-05-20 09:18:33,310 INFO Epoch 23, Itrs 4140/30000, Loss=0.396838
2023-05-20 09:18:39,746 INFO Epoch 23, Itrs 4150/30000, Loss=0.286997
2023-05-20 09:18:46,211 INFO Epoch 23, Itrs 4160/30000, Loss=0.350121
2023-05-20 09:18:52,718 INFO Epoch 23, Itrs 4170/30000, Loss=0.425361
2023-05-20 09:18:59,194 INFO Epoch 23, Itrs 4180/30000, Loss=0.366525
2023-05-20 09:19:06,469 INFO Epoch 23, Itrs 4190/30000, Loss=0.331591
2023-05-20 09:19:12,889 INFO Epoch 23, Itrs 4200/30000, Loss=0.443608
2023-05-20 09:19:13,043 INFO Model saved as logs/2023_0519_2301_42_cs_base_run/checkpoints/latest_deeplabv3plus_mobilenet_cityscapes_os16.pth
2023-05-20 09:19:13,043 INFO validation...
2023-05-20 09:33:29,779 INFO 
Overall Acc: 0.901633
Mean Acc: 0.531728
FreqW Acc: 0.830049
Mean IoU: 0.451488

2023-05-20 09:33:29,915 INFO Model saved as logs/2023_0519_2301_42_cs_base_run/checkpoints/best_deeplabv3plus_mobilenet_cityscapes_os16.pth
2023-05-20 09:33:42,932 INFO Epoch 23, Itrs 4210/30000, Loss=0.357508
2023-05-20 09:33:49,373 INFO Epoch 23, Itrs 4220/30000, Loss=0.342376
2023-05-20 09:33:55,870 INFO Epoch 23, Itrs 4230/30000, Loss=0.384509
2023-05-20 09:34:02,402 INFO Epoch 23, Itrs 4240/30000, Loss=0.358700
2023-05-20 09:34:09,266 INFO Epoch 23, Itrs 4250/30000, Loss=0.412806
2023-05-20 09:34:17,534 INFO Epoch 24, Itrs 4260/30000, Loss=0.393438
2023-05-20 09:34:23,955 INFO Epoch 24, Itrs 4270/30000, Loss=0.423313
2023-05-20 09:34:30,523 INFO Epoch 24, Itrs 4280/30000, Loss=0.393736
2023-05-20 09:34:37,341 INFO Epoch 24, Itrs 4290/30000, Loss=0.326137
2023-05-20 09:34:43,786 INFO Epoch 24, Itrs 4300/30000, Loss=0.331639
2023-05-20 09:34:43,945 INFO Model saved as logs/2023_0519_2301_42_cs_base_run/checkpoints/latest_deeplabv3plus_mobilenet_cityscapes_os16.pth
2023-05-20 09:34:43,945 INFO validation...
2023-05-20 09:48:38,674 INFO 
Overall Acc: 0.886745
Mean Acc: 0.503764
FreqW Acc: 0.805517
Mean IoU: 0.424231

2023-05-20 09:48:51,073 INFO Epoch 24, Itrs 4310/30000, Loss=0.352083
2023-05-20 09:48:57,485 INFO Epoch 24, Itrs 4320/30000, Loss=0.331403
2023-05-20 09:49:04,455 INFO Epoch 24, Itrs 4330/30000, Loss=0.319575
2023-05-20 09:49:11,534 INFO Epoch 24, Itrs 4340/30000, Loss=0.358492
2023-05-20 09:49:17,986 INFO Epoch 24, Itrs 4350/30000, Loss=0.409646
2023-05-20 09:49:24,483 INFO Epoch 24, Itrs 4360/30000, Loss=0.426399
2023-05-20 09:49:30,959 INFO Epoch 24, Itrs 4370/30000, Loss=0.414570
2023-05-20 09:49:37,426 INFO Epoch 24, Itrs 4380/30000, Loss=0.331226
2023-05-20 09:49:43,879 INFO Epoch 24, Itrs 4390/30000, Loss=0.301945
2023-05-20 09:49:50,298 INFO Epoch 24, Itrs 4400/30000, Loss=0.341826
2023-05-20 09:49:50,449 INFO Model saved as logs/2023_0519_2301_42_cs_base_run/checkpoints/latest_deeplabv3plus_mobilenet_cityscapes_os16.pth
2023-05-20 09:49:50,449 INFO validation...
2023-05-20 10:03:53,829 INFO 
Overall Acc: 0.897997
Mean Acc: 0.543350
FreqW Acc: 0.824836
Mean IoU: 0.453766

2023-05-20 10:03:53,961 INFO Model saved as logs/2023_0519_2301_42_cs_base_run/checkpoints/best_deeplabv3plus_mobilenet_cityscapes_os16.pth
2023-05-20 10:04:06,586 INFO Epoch 24, Itrs 4410/30000, Loss=0.359035
2023-05-20 10:04:13,066 INFO Epoch 24, Itrs 4420/30000, Loss=0.361999
2023-05-20 10:04:19,472 INFO Epoch 24, Itrs 4430/30000, Loss=0.314995
2023-05-20 10:04:25,944 INFO Epoch 24, Itrs 4440/30000, Loss=0.399585
2023-05-20 10:04:33,414 INFO Epoch 25, Itrs 4450/30000, Loss=0.361199
2023-05-20 10:04:39,870 INFO Epoch 25, Itrs 4460/30000, Loss=0.312698
2023-05-20 10:04:46,668 INFO Epoch 25, Itrs 4470/30000, Loss=0.344862
2023-05-20 10:04:53,124 INFO Epoch 25, Itrs 4480/30000, Loss=0.321533
2023-05-20 10:04:59,605 INFO Epoch 25, Itrs 4490/30000, Loss=0.348669
2023-05-20 10:05:06,000 INFO Epoch 25, Itrs 4500/30000, Loss=0.348507
2023-05-20 10:05:06,171 INFO Model saved as logs/2023_0519_2301_42_cs_base_run/checkpoints/latest_deeplabv3plus_mobilenet_cityscapes_os16.pth
2023-05-20 10:05:06,172 INFO validation...
2023-05-20 10:19:09,285 INFO 
Overall Acc: 0.898079
Mean Acc: 0.532746
FreqW Acc: 0.822576
Mean IoU: 0.453174

2023-05-20 10:19:22,413 INFO Epoch 25, Itrs 4510/30000, Loss=0.347000
2023-05-20 10:19:28,812 INFO Epoch 25, Itrs 4520/30000, Loss=0.355499
2023-05-20 10:19:35,407 INFO Epoch 25, Itrs 4530/30000, Loss=0.331989
2023-05-20 10:19:41,826 INFO Epoch 25, Itrs 4540/30000, Loss=0.345332
2023-05-20 10:19:48,749 INFO Epoch 25, Itrs 4550/30000, Loss=0.395711
2023-05-20 10:19:55,580 INFO Epoch 25, Itrs 4560/30000, Loss=0.320758
2023-05-20 10:20:02,068 INFO Epoch 25, Itrs 4570/30000, Loss=0.351391
2023-05-20 10:20:08,503 INFO Epoch 25, Itrs 4580/30000, Loss=0.330525
2023-05-20 10:20:14,947 INFO Epoch 25, Itrs 4590/30000, Loss=0.313156
2023-05-20 10:20:21,370 INFO Epoch 25, Itrs 4600/30000, Loss=0.369427
2023-05-20 10:20:21,491 INFO Model saved as logs/2023_0519_2301_42_cs_base_run/checkpoints/latest_deeplabv3plus_mobilenet_cityscapes_os16.pth
2023-05-20 10:20:21,491 INFO validation...
2023-05-20 10:34:27,159 INFO 
Overall Acc: 0.898192
Mean Acc: 0.548758
FreqW Acc: 0.823853
Mean IoU: 0.459242

2023-05-20 10:34:27,284 INFO Model saved as logs/2023_0519_2301_42_cs_base_run/checkpoints/best_deeplabv3plus_mobilenet_cityscapes_os16.pth
2023-05-20 10:34:39,726 INFO Epoch 25, Itrs 4610/30000, Loss=0.348007
2023-05-20 10:34:46,324 INFO Epoch 25, Itrs 4620/30000, Loss=0.339660
2023-05-20 10:34:54,356 INFO Epoch 26, Itrs 4630/30000, Loss=0.303709
2023-05-20 10:35:00,759 INFO Epoch 26, Itrs 4640/30000, Loss=0.319148
2023-05-20 10:35:07,213 INFO Epoch 26, Itrs 4650/30000, Loss=0.374029
2023-05-20 10:35:13,683 INFO Epoch 26, Itrs 4660/30000, Loss=0.428227
2023-05-20 10:35:20,122 INFO Epoch 26, Itrs 4670/30000, Loss=0.380111
2023-05-20 10:35:26,572 INFO Epoch 26, Itrs 4680/30000, Loss=0.302003
2023-05-20 10:35:32,994 INFO Epoch 26, Itrs 4690/30000, Loss=0.262132
2023-05-20 10:35:39,457 INFO Epoch 26, Itrs 4700/30000, Loss=0.340008
2023-05-20 10:35:39,612 INFO Model saved as logs/2023_0519_2301_42_cs_base_run/checkpoints/latest_deeplabv3plus_mobilenet_cityscapes_os16.pth
2023-05-20 10:35:39,612 INFO validation...
2023-05-20 10:49:41,747 INFO 
Overall Acc: 0.903550
Mean Acc: 0.532366
FreqW Acc: 0.832359
Mean IoU: 0.451903

2023-05-20 10:49:53,505 INFO Epoch 26, Itrs 4710/30000, Loss=0.263138
2023-05-20 10:49:59,966 INFO Epoch 26, Itrs 4720/30000, Loss=0.343121
2023-05-20 10:50:06,720 INFO Epoch 26, Itrs 4730/30000, Loss=0.486237
2023-05-20 10:50:13,206 INFO Epoch 26, Itrs 4740/30000, Loss=0.390242
2023-05-20 10:50:20,028 INFO Epoch 26, Itrs 4750/30000, Loss=0.345695
2023-05-20 10:50:26,381 INFO Epoch 26, Itrs 4760/30000, Loss=0.412868
2023-05-20 10:50:33,380 INFO Epoch 26, Itrs 4770/30000, Loss=0.229196
2023-05-20 10:50:39,820 INFO Epoch 26, Itrs 4780/30000, Loss=0.355898
2023-05-20 10:50:46,208 INFO Epoch 26, Itrs 4790/30000, Loss=0.328304
2023-05-20 10:50:52,706 INFO Epoch 26, Itrs 4800/30000, Loss=0.358072
2023-05-20 10:50:52,848 INFO Model saved as logs/2023_0519_2301_42_cs_base_run/checkpoints/latest_deeplabv3plus_mobilenet_cityscapes_os16.pth
2023-05-20 10:50:52,849 INFO validation...
2023-05-20 11:05:00,542 INFO 
Overall Acc: 0.886943
Mean Acc: 0.510011
FreqW Acc: 0.805643
Mean IoU: 0.423014

2023-05-20 11:05:12,880 INFO Epoch 26, Itrs 4810/30000, Loss=0.344483
2023-05-20 11:05:20,818 INFO Epoch 27, Itrs 4820/30000, Loss=0.334834
2023-05-20 11:05:27,288 INFO Epoch 27, Itrs 4830/30000, Loss=0.371372
2023-05-20 11:05:33,713 INFO Epoch 27, Itrs 4840/30000, Loss=0.327740
2023-05-20 11:05:40,165 INFO Epoch 27, Itrs 4850/30000, Loss=0.348995
2023-05-20 11:05:46,623 INFO Epoch 27, Itrs 4860/30000, Loss=0.373468
2023-05-20 11:05:53,113 INFO Epoch 27, Itrs 4870/30000, Loss=0.411100
2023-05-20 11:05:59,533 INFO Epoch 27, Itrs 4880/30000, Loss=0.440430
2023-05-20 11:06:06,045 INFO Epoch 27, Itrs 4890/30000, Loss=0.489878
2023-05-20 11:06:12,584 INFO Epoch 27, Itrs 4900/30000, Loss=0.427308
2023-05-20 11:06:12,741 INFO Model saved as logs/2023_0519_2301_42_cs_base_run/checkpoints/latest_deeplabv3plus_mobilenet_cityscapes_os16.pth
2023-05-20 11:06:12,741 INFO validation...
2023-05-20 11:20:15,771 INFO 
Overall Acc: 0.874005
Mean Acc: 0.523491
FreqW Acc: 0.783954
Mean IoU: 0.426404

2023-05-20 11:20:27,967 INFO Epoch 27, Itrs 4910/30000, Loss=0.361938
2023-05-20 11:20:34,391 INFO Epoch 27, Itrs 4920/30000, Loss=0.339801
2023-05-20 11:20:40,842 INFO Epoch 27, Itrs 4930/30000, Loss=0.395212
2023-05-20 11:20:47,319 INFO Epoch 27, Itrs 4940/30000, Loss=0.431010
2023-05-20 11:20:54,118 INFO Epoch 27, Itrs 4950/30000, Loss=0.476625
2023-05-20 11:21:01,291 INFO Epoch 27, Itrs 4960/30000, Loss=0.422316
2023-05-20 11:21:07,833 INFO Epoch 27, Itrs 4970/30000, Loss=0.360742
2023-05-20 11:21:14,349 INFO Epoch 27, Itrs 4980/30000, Loss=0.345453
2023-05-20 11:21:21,308 INFO Epoch 27, Itrs 4990/30000, Loss=0.362316
2023-05-20 11:21:29,625 INFO Epoch 28, Itrs 5000/30000, Loss=0.366585
2023-05-20 11:21:29,768 INFO Model saved as logs/2023_0519_2301_42_cs_base_run/checkpoints/latest_deeplabv3plus_mobilenet_cityscapes_os16.pth
2023-05-20 11:21:29,768 INFO validation...
2023-05-20 11:35:38,364 INFO 
Overall Acc: 0.888983
Mean Acc: 0.472991
FreqW Acc: 0.807348
Mean IoU: 0.414818

2023-05-20 11:35:51,994 INFO Epoch 28, Itrs 5010/30000, Loss=0.344639
2023-05-20 11:35:58,537 INFO Epoch 28, Itrs 5020/30000, Loss=0.620695
2023-05-20 11:36:05,595 INFO Epoch 28, Itrs 5030/30000, Loss=0.369464
2023-05-20 11:36:12,225 INFO Epoch 28, Itrs 5040/30000, Loss=0.376199
2023-05-20 11:36:18,742 INFO Epoch 28, Itrs 5050/30000, Loss=0.307268
2023-05-20 11:36:25,173 INFO Epoch 28, Itrs 5060/30000, Loss=0.315120
2023-05-20 11:36:31,741 INFO Epoch 28, Itrs 5070/30000, Loss=0.334490
2023-05-20 11:36:38,192 INFO Epoch 28, Itrs 5080/30000, Loss=0.398392
2023-05-20 11:36:44,697 INFO Epoch 28, Itrs 5090/30000, Loss=0.334742
2023-05-20 11:36:51,215 INFO Epoch 28, Itrs 5100/30000, Loss=0.309099
2023-05-20 11:36:51,371 INFO Model saved as logs/2023_0519_2301_42_cs_base_run/checkpoints/latest_deeplabv3plus_mobilenet_cityscapes_os16.pth
2023-05-20 11:36:51,372 INFO validation...
2023-05-20 11:51:07,355 INFO 
Overall Acc: 0.899766
Mean Acc: 0.535809
FreqW Acc: 0.824556
Mean IoU: 0.449436

2023-05-20 11:51:21,407 INFO Epoch 28, Itrs 5110/30000, Loss=0.352957
2023-05-20 11:51:28,212 INFO Epoch 28, Itrs 5120/30000, Loss=0.331583
2023-05-20 11:51:34,763 INFO Epoch 28, Itrs 5130/30000, Loss=0.322622
2023-05-20 11:51:41,294 INFO Epoch 28, Itrs 5140/30000, Loss=0.355618
2023-05-20 11:51:48,141 INFO Epoch 28, Itrs 5150/30000, Loss=0.304781
2023-05-20 11:51:55,128 INFO Epoch 28, Itrs 5160/30000, Loss=0.302662
2023-05-20 11:52:02,692 INFO Epoch 28, Itrs 5170/30000, Loss=0.376456
2023-05-20 11:52:09,134 INFO Epoch 28, Itrs 5180/30000, Loss=0.337682
2023-05-20 11:52:16,643 INFO Epoch 29, Itrs 5190/30000, Loss=0.273880
2023-05-20 11:52:23,185 INFO Epoch 29, Itrs 5200/30000, Loss=0.366287
2023-05-20 11:52:23,271 INFO Model saved as logs/2023_0519_2301_42_cs_base_run/checkpoints/latest_deeplabv3plus_mobilenet_cityscapes_os16.pth
2023-05-20 11:52:23,271 INFO validation...
2023-05-20 12:06:32,332 INFO 
Overall Acc: 0.894199
Mean Acc: 0.546987
FreqW Acc: 0.815058
Mean IoU: 0.454436

2023-05-20 12:06:44,618 INFO Epoch 29, Itrs 5210/30000, Loss=0.382173
2023-05-20 12:06:51,265 INFO Epoch 29, Itrs 5220/30000, Loss=0.322403
2023-05-20 12:06:58,476 INFO Epoch 29, Itrs 5230/30000, Loss=0.287927
2023-05-20 12:07:05,499 INFO Epoch 29, Itrs 5240/30000, Loss=0.413003
2023-05-20 12:07:12,348 INFO Epoch 29, Itrs 5250/30000, Loss=0.376261
2023-05-20 12:07:18,832 INFO Epoch 29, Itrs 5260/30000, Loss=0.296906
2023-05-20 12:07:25,774 INFO Epoch 29, Itrs 5270/30000, Loss=0.340429
2023-05-20 12:07:32,259 INFO Epoch 29, Itrs 5280/30000, Loss=0.373413
2023-05-20 12:07:38,744 INFO Epoch 29, Itrs 5290/30000, Loss=0.370834
2023-05-20 12:07:45,761 INFO Epoch 29, Itrs 5300/30000, Loss=0.468169
2023-05-20 12:07:45,910 INFO Model saved as logs/2023_0519_2301_42_cs_base_run/checkpoints/latest_deeplabv3plus_mobilenet_cityscapes_os16.pth
2023-05-20 12:07:45,911 INFO validation...
2023-05-20 12:21:59,719 INFO 
Overall Acc: 0.906955
Mean Acc: 0.578009
FreqW Acc: 0.838578
Mean IoU: 0.484095

2023-05-20 12:21:59,924 INFO Model saved as logs/2023_0519_2301_42_cs_base_run/checkpoints/best_deeplabv3plus_mobilenet_cityscapes_os16.pth
2023-05-20 12:22:12,525 INFO Epoch 29, Itrs 5310/30000, Loss=0.375813
2023-05-20 12:22:19,307 INFO Epoch 29, Itrs 5320/30000, Loss=0.319377
2023-05-20 12:22:25,767 INFO Epoch 29, Itrs 5330/30000, Loss=0.407346
2023-05-20 12:22:32,276 INFO Epoch 29, Itrs 5340/30000, Loss=0.328205
2023-05-20 12:22:39,193 INFO Epoch 29, Itrs 5350/30000, Loss=0.335497
2023-05-20 12:22:45,733 INFO Epoch 29, Itrs 5360/30000, Loss=0.354788
2023-05-20 12:22:54,669 INFO Epoch 30, Itrs 5370/30000, Loss=0.284524
2023-05-20 12:23:01,175 INFO Epoch 30, Itrs 5380/30000, Loss=0.427755
2023-05-20 12:23:08,027 INFO Epoch 30, Itrs 5390/30000, Loss=0.308210
2023-05-20 12:23:14,552 INFO Epoch 30, Itrs 5400/30000, Loss=0.385386
2023-05-20 12:23:14,704 INFO Model saved as logs/2023_0519_2301_42_cs_base_run/checkpoints/latest_deeplabv3plus_mobilenet_cityscapes_os16.pth
2023-05-20 12:23:14,704 INFO validation...
2023-05-20 12:37:17,870 INFO 
Overall Acc: 0.912065
Mean Acc: 0.560822
FreqW Acc: 0.847122
Mean IoU: 0.476488

2023-05-20 12:37:30,277 INFO Epoch 30, Itrs 5410/30000, Loss=0.308263
2023-05-20 12:37:37,199 INFO Epoch 30, Itrs 5420/30000, Loss=0.344911
2023-05-20 12:37:43,713 INFO Epoch 30, Itrs 5430/30000, Loss=0.307355
2023-05-20 12:37:50,210 INFO Epoch 30, Itrs 5440/30000, Loss=0.324413
2023-05-20 12:37:56,734 INFO Epoch 30, Itrs 5450/30000, Loss=0.311961
2023-05-20 12:38:03,192 INFO Epoch 30, Itrs 5460/30000, Loss=0.355796
2023-05-20 12:38:09,679 INFO Epoch 30, Itrs 5470/30000, Loss=0.302205
2023-05-20 12:38:16,206 INFO Epoch 30, Itrs 5480/30000, Loss=0.314442
2023-05-20 12:38:22,710 INFO Epoch 30, Itrs 5490/30000, Loss=0.298944
2023-05-20 12:38:29,237 INFO Epoch 30, Itrs 5500/30000, Loss=0.360555
2023-05-20 12:38:29,395 INFO Model saved as logs/2023_0519_2301_42_cs_base_run/checkpoints/latest_deeplabv3plus_mobilenet_cityscapes_os16.pth
2023-05-20 12:38:29,395 INFO validation...
2023-05-20 12:52:35,597 INFO 
Overall Acc: 0.904237
Mean Acc: 0.567623
FreqW Acc: 0.837168
Mean IoU: 0.467261

2023-05-20 12:52:47,888 INFO Epoch 30, Itrs 5510/30000, Loss=0.302224
2023-05-20 12:52:54,441 INFO Epoch 30, Itrs 5520/30000, Loss=0.432539
2023-05-20 12:53:01,640 INFO Epoch 30, Itrs 5530/30000, Loss=0.335987
2023-05-20 12:53:08,512 INFO Epoch 30, Itrs 5540/30000, Loss=0.328556
2023-05-20 12:53:15,232 INFO Epoch 30, Itrs 5550/30000, Loss=0.337974
2023-05-20 12:53:22,455 INFO Epoch 31, Itrs 5560/30000, Loss=0.346923
2023-05-20 12:53:28,945 INFO Epoch 31, Itrs 5570/30000, Loss=0.331675
2023-05-20 12:53:36,073 INFO Epoch 31, Itrs 5580/30000, Loss=0.310357
2023-05-20 12:53:42,600 INFO Epoch 31, Itrs 5590/30000, Loss=0.329037
2023-05-20 12:53:49,137 INFO Epoch 31, Itrs 5600/30000, Loss=0.256942
2023-05-20 12:53:49,292 INFO Model saved as logs/2023_0519_2301_42_cs_base_run/checkpoints/latest_deeplabv3plus_mobilenet_cityscapes_os16.pth
2023-05-20 12:53:49,292 INFO validation...
2023-05-20 13:08:11,507 INFO 
Overall Acc: 0.905468
Mean Acc: 0.564330
FreqW Acc: 0.835794
Mean IoU: 0.476894

2023-05-20 13:08:23,607 INFO Epoch 31, Itrs 5610/30000, Loss=0.394338
2023-05-20 13:08:30,645 INFO Epoch 31, Itrs 5620/30000, Loss=0.343925
2023-05-20 13:08:37,707 INFO Epoch 31, Itrs 5630/30000, Loss=0.304669
2023-05-20 13:08:44,231 INFO Epoch 31, Itrs 5640/30000, Loss=0.324711
2023-05-20 13:08:50,627 INFO Epoch 31, Itrs 5650/30000, Loss=0.359733
2023-05-20 13:08:57,142 INFO Epoch 31, Itrs 5660/30000, Loss=0.393357
2023-05-20 13:09:04,038 INFO Epoch 31, Itrs 5670/30000, Loss=0.381897
2023-05-20 13:09:10,518 INFO Epoch 31, Itrs 5680/30000, Loss=0.325737
2023-05-20 13:09:17,094 INFO Epoch 31, Itrs 5690/30000, Loss=0.360499
2023-05-20 13:09:23,530 INFO Epoch 31, Itrs 5700/30000, Loss=0.340452
2023-05-20 13:09:23,674 INFO Model saved as logs/2023_0519_2301_42_cs_base_run/checkpoints/latest_deeplabv3plus_mobilenet_cityscapes_os16.pth
2023-05-20 13:09:23,675 INFO validation...
2023-05-20 13:23:26,163 INFO 
Overall Acc: 0.902487
Mean Acc: 0.547647
FreqW Acc: 0.830326
Mean IoU: 0.464285

2023-05-20 13:23:38,514 INFO Epoch 31, Itrs 5710/30000, Loss=0.279692
2023-05-20 13:23:45,377 INFO Epoch 31, Itrs 5720/30000, Loss=0.325499
2023-05-20 13:23:52,058 INFO Epoch 31, Itrs 5730/30000, Loss=0.360271
2023-05-20 13:24:00,063 INFO Epoch 32, Itrs 5740/30000, Loss=0.314541
2023-05-20 13:24:06,698 INFO Epoch 32, Itrs 5750/30000, Loss=0.275670
2023-05-20 13:24:13,390 INFO Epoch 32, Itrs 5760/30000, Loss=0.358723
2023-05-20 13:24:19,829 INFO Epoch 32, Itrs 5770/30000, Loss=0.319903
2023-05-20 13:24:26,263 INFO Epoch 32, Itrs 5780/30000, Loss=0.293633
2023-05-20 13:24:32,750 INFO Epoch 32, Itrs 5790/30000, Loss=0.337709
2023-05-20 13:24:39,248 INFO Epoch 32, Itrs 5800/30000, Loss=0.419785
2023-05-20 13:24:40,743 INFO Model saved as logs/2023_0519_2301_42_cs_base_run/checkpoints/latest_deeplabv3plus_mobilenet_cityscapes_os16.pth
2023-05-20 13:24:40,743 INFO validation...
2023-05-20 13:38:49,057 INFO 
Overall Acc: 0.875808
Mean Acc: 0.540359
FreqW Acc: 0.788837
Mean IoU: 0.456886

2023-05-20 13:39:01,264 INFO Epoch 32, Itrs 5810/30000, Loss=0.332274
2023-05-20 13:39:08,239 INFO Epoch 32, Itrs 5820/30000, Loss=0.372818
2023-05-20 13:39:14,685 INFO Epoch 32, Itrs 5830/30000, Loss=0.399833
2023-05-20 13:39:21,151 INFO Epoch 32, Itrs 5840/30000, Loss=0.305001
2023-05-20 13:39:27,658 INFO Epoch 32, Itrs 5850/30000, Loss=0.258540
2023-05-20 13:39:34,673 INFO Epoch 32, Itrs 5860/30000, Loss=0.292455
2023-05-20 13:39:41,374 INFO Epoch 32, Itrs 5870/30000, Loss=0.293384
2023-05-20 13:39:47,894 INFO Epoch 32, Itrs 5880/30000, Loss=0.286619
2023-05-20 13:39:54,366 INFO Epoch 32, Itrs 5890/30000, Loss=0.326334
2023-05-20 13:40:00,841 INFO Epoch 32, Itrs 5900/30000, Loss=0.242090
2023-05-20 13:40:00,993 INFO Model saved as logs/2023_0519_2301_42_cs_base_run/checkpoints/latest_deeplabv3plus_mobilenet_cityscapes_os16.pth
2023-05-20 13:40:00,994 INFO validation...
2023-05-20 13:54:21,609 INFO 
Overall Acc: 0.911866
Mean Acc: 0.574956
FreqW Acc: 0.848213
Mean IoU: 0.481757

2023-05-20 13:54:34,403 INFO Epoch 32, Itrs 5910/30000, Loss=0.352013
2023-05-20 13:54:40,876 INFO Epoch 32, Itrs 5920/30000, Loss=0.379768
2023-05-20 13:54:48,728 INFO Epoch 33, Itrs 5930/30000, Loss=0.353946
2023-05-20 13:54:55,690 INFO Epoch 33, Itrs 5940/30000, Loss=0.323839
2023-05-20 13:55:02,706 INFO Epoch 33, Itrs 5950/30000, Loss=0.376207
2023-05-20 13:55:09,382 INFO Epoch 33, Itrs 5960/30000, Loss=0.368587
2023-05-20 13:55:16,016 INFO Epoch 33, Itrs 5970/30000, Loss=0.284110
2023-05-20 13:55:22,597 INFO Epoch 33, Itrs 5980/30000, Loss=0.285342
2023-05-20 13:55:29,154 INFO Epoch 33, Itrs 5990/30000, Loss=0.326415
2023-05-20 13:55:36,273 INFO Epoch 33, Itrs 6000/30000, Loss=0.314769
2023-05-20 13:55:36,429 INFO Model saved as logs/2023_0519_2301_42_cs_base_run/checkpoints/latest_deeplabv3plus_mobilenet_cityscapes_os16.pth
2023-05-20 13:55:36,429 INFO validation...
2023-05-20 14:09:44,307 INFO 
Overall Acc: 0.900473
Mean Acc: 0.537760
FreqW Acc: 0.831549
Mean IoU: 0.445105

2023-05-20 14:09:57,088 INFO Epoch 33, Itrs 6010/30000, Loss=0.305200
2023-05-20 14:10:03,503 INFO Epoch 33, Itrs 6020/30000, Loss=0.283941
2023-05-20 14:10:09,914 INFO Epoch 33, Itrs 6030/30000, Loss=0.353786
2023-05-20 14:10:16,411 INFO Epoch 33, Itrs 6040/30000, Loss=0.362221
2023-05-20 14:10:22,928 INFO Epoch 33, Itrs 6050/30000, Loss=0.310830
2023-05-20 14:10:29,988 INFO Epoch 33, Itrs 6060/30000, Loss=0.354181
2023-05-20 14:10:36,766 INFO Epoch 33, Itrs 6070/30000, Loss=0.319280
2023-05-20 14:10:43,400 INFO Epoch 33, Itrs 6080/30000, Loss=0.340624
2023-05-20 14:10:50,257 INFO Epoch 33, Itrs 6090/30000, Loss=0.316930
2023-05-20 14:10:57,166 INFO Epoch 33, Itrs 6100/30000, Loss=0.304036
2023-05-20 14:10:57,326 INFO Model saved as logs/2023_0519_2301_42_cs_base_run/checkpoints/latest_deeplabv3plus_mobilenet_cityscapes_os16.pth
2023-05-20 14:10:57,326 INFO validation...
2023-05-20 14:24:55,001 INFO 
Overall Acc: 0.898303
Mean Acc: 0.543111
FreqW Acc: 0.821895
Mean IoU: 0.456993

2023-05-20 14:25:09,495 INFO Epoch 34, Itrs 6110/30000, Loss=0.342804
2023-05-20 14:25:15,995 INFO Epoch 34, Itrs 6120/30000, Loss=0.363639
2023-05-20 14:25:22,447 INFO Epoch 34, Itrs 6130/30000, Loss=0.355384
2023-05-20 14:25:28,935 INFO Epoch 34, Itrs 6140/30000, Loss=0.298918
2023-05-20 14:25:35,596 INFO Epoch 34, Itrs 6150/30000, Loss=0.322563
2023-05-20 14:25:42,869 INFO Epoch 34, Itrs 6160/30000, Loss=0.312231
2023-05-20 14:25:49,628 INFO Epoch 34, Itrs 6170/30000, Loss=0.361577
2023-05-20 14:25:56,222 INFO Epoch 34, Itrs 6180/30000, Loss=0.415178
2023-05-20 14:26:02,685 INFO Epoch 34, Itrs 6190/30000, Loss=0.417175
2023-05-20 14:26:09,713 INFO Epoch 34, Itrs 6200/30000, Loss=0.408182
2023-05-20 14:26:09,867 INFO Model saved as logs/2023_0519_2301_42_cs_base_run/checkpoints/latest_deeplabv3plus_mobilenet_cityscapes_os16.pth
2023-05-20 14:26:09,867 INFO validation...
2023-05-20 14:40:07,193 INFO 
Overall Acc: 0.902534
Mean Acc: 0.546848
FreqW Acc: 0.829983
Mean IoU: 0.470069

2023-05-20 14:40:19,373 INFO Epoch 34, Itrs 6210/30000, Loss=0.414741
2023-05-20 14:40:25,846 INFO Epoch 34, Itrs 6220/30000, Loss=0.380764
2023-05-20 14:40:32,280 INFO Epoch 34, Itrs 6230/30000, Loss=0.273950
2023-05-20 14:40:38,724 INFO Epoch 34, Itrs 6240/30000, Loss=0.470144
2023-05-20 14:40:45,851 INFO Epoch 34, Itrs 6250/30000, Loss=0.362483
2023-05-20 14:40:53,948 INFO Epoch 34, Itrs 6260/30000, Loss=0.315599
2023-05-20 14:41:00,442 INFO Epoch 34, Itrs 6270/30000, Loss=0.395031
2023-05-20 14:41:07,252 INFO Epoch 34, Itrs 6280/30000, Loss=0.375379
2023-05-20 14:41:14,090 INFO Epoch 34, Itrs 6290/30000, Loss=0.277543
2023-05-20 14:41:21,530 INFO Epoch 35, Itrs 6300/30000, Loss=0.320112
2023-05-20 14:41:21,675 INFO Model saved as logs/2023_0519_2301_42_cs_base_run/checkpoints/latest_deeplabv3plus_mobilenet_cityscapes_os16.pth
2023-05-20 14:41:21,675 INFO validation...
2023-05-20 14:55:34,716 INFO 
Overall Acc: 0.910336
Mean Acc: 0.551870
FreqW Acc: 0.842402
Mean IoU: 0.474508

2023-05-20 14:55:48,221 INFO Epoch 35, Itrs 6310/30000, Loss=0.317289
2023-05-20 14:55:54,784 INFO Epoch 35, Itrs 6320/30000, Loss=0.340914
2023-05-20 14:56:01,328 INFO Epoch 35, Itrs 6330/30000, Loss=0.244241
2023-05-20 14:56:08,211 INFO Epoch 35, Itrs 6340/30000, Loss=0.285458
2023-05-20 14:56:14,692 INFO Epoch 35, Itrs 6350/30000, Loss=0.378029
2023-05-20 14:56:21,180 INFO Epoch 35, Itrs 6360/30000, Loss=0.334251
2023-05-20 14:56:27,618 INFO Epoch 35, Itrs 6370/30000, Loss=0.362138
2023-05-20 14:56:34,126 INFO Epoch 35, Itrs 6380/30000, Loss=0.308604
2023-05-20 14:56:40,570 INFO Epoch 35, Itrs 6390/30000, Loss=0.342313
2023-05-20 14:56:47,114 INFO Epoch 35, Itrs 6400/30000, Loss=0.390714
2023-05-20 14:56:47,272 INFO Model saved as logs/2023_0519_2301_42_cs_base_run/checkpoints/latest_deeplabv3plus_mobilenet_cityscapes_os16.pth
2023-05-20 14:56:47,273 INFO validation...
2023-05-20 15:11:10,925 INFO 
Overall Acc: 0.911229
Mean Acc: 0.528503
FreqW Acc: 0.843393
Mean IoU: 0.458183

2023-05-20 15:11:24,213 INFO Epoch 35, Itrs 6410/30000, Loss=0.238954
2023-05-20 15:11:31,145 INFO Epoch 35, Itrs 6420/30000, Loss=0.338586
2023-05-20 15:11:39,340 INFO Epoch 35, Itrs 6430/30000, Loss=0.445659
2023-05-20 15:11:46,306 INFO Epoch 35, Itrs 6440/30000, Loss=0.393599
2023-05-20 15:11:53,017 INFO Epoch 35, Itrs 6450/30000, Loss=0.304836
2023-05-20 15:11:59,692 INFO Epoch 35, Itrs 6460/30000, Loss=0.369523
2023-05-20 15:12:06,246 INFO Epoch 35, Itrs 6470/30000, Loss=0.355750
2023-05-20 15:12:14,379 INFO Epoch 36, Itrs 6480/30000, Loss=0.281771
2023-05-20 15:12:22,006 INFO Epoch 36, Itrs 6490/30000, Loss=0.332358
2023-05-20 15:12:28,683 INFO Epoch 36, Itrs 6500/30000, Loss=0.254782
2023-05-20 15:12:28,826 INFO Model saved as logs/2023_0519_2301_42_cs_base_run/checkpoints/latest_deeplabv3plus_mobilenet_cityscapes_os16.pth
2023-05-20 15:12:28,827 INFO validation...
2023-05-20 15:26:58,482 INFO 
Overall Acc: 0.912132
Mean Acc: 0.541113
FreqW Acc: 0.843974
Mean IoU: 0.466392

2023-05-20 15:27:11,880 INFO Epoch 36, Itrs 6510/30000, Loss=0.341843
2023-05-20 15:27:18,618 INFO Epoch 36, Itrs 6520/30000, Loss=0.321624
2023-05-20 15:27:25,287 INFO Epoch 36, Itrs 6530/30000, Loss=0.351268
2023-05-20 15:27:31,919 INFO Epoch 36, Itrs 6540/30000, Loss=0.304777
2023-05-20 15:27:38,566 INFO Epoch 36, Itrs 6550/30000, Loss=0.328734
2023-05-20 15:27:45,161 INFO Epoch 36, Itrs 6560/30000, Loss=0.403079
2023-05-20 15:27:51,753 INFO Epoch 36, Itrs 6570/30000, Loss=0.351789
2023-05-20 15:27:58,340 INFO Epoch 36, Itrs 6580/30000, Loss=0.265502
2023-05-20 15:28:04,972 INFO Epoch 36, Itrs 6590/30000, Loss=0.357551
2023-05-20 15:28:11,794 INFO Epoch 36, Itrs 6600/30000, Loss=0.371192
2023-05-20 15:28:11,944 INFO Model saved as logs/2023_0519_2301_42_cs_base_run/checkpoints/latest_deeplabv3plus_mobilenet_cityscapes_os16.pth
2023-05-20 15:28:11,944 INFO validation...
2023-05-20 15:42:40,925 INFO 
Overall Acc: 0.908411
Mean Acc: 0.582401
FreqW Acc: 0.844648
Mean IoU: 0.472924

2023-05-20 15:42:53,476 INFO Epoch 36, Itrs 6610/30000, Loss=0.313170
2023-05-20 15:42:59,982 INFO Epoch 36, Itrs 6620/30000, Loss=0.316316
2023-05-20 15:43:07,222 INFO Epoch 36, Itrs 6630/30000, Loss=0.294252
2023-05-20 15:43:13,777 INFO Epoch 36, Itrs 6640/30000, Loss=0.289405
2023-05-20 15:43:21,182 INFO Epoch 36, Itrs 6650/30000, Loss=0.315766
2023-05-20 15:43:27,692 INFO Epoch 36, Itrs 6660/30000, Loss=0.331546
2023-05-20 15:43:35,399 INFO Epoch 37, Itrs 6670/30000, Loss=0.411552
2023-05-20 15:43:41,861 INFO Epoch 37, Itrs 6680/30000, Loss=0.354154
2023-05-20 15:43:48,889 INFO Epoch 37, Itrs 6690/30000, Loss=0.303157
2023-05-20 15:43:55,418 INFO Epoch 37, Itrs 6700/30000, Loss=0.329817
2023-05-20 15:43:55,573 INFO Model saved as logs/2023_0519_2301_42_cs_base_run/checkpoints/latest_deeplabv3plus_mobilenet_cityscapes_os16.pth
2023-05-20 15:43:55,573 INFO validation...
2023-05-20 15:58:18,607 INFO 
Overall Acc: 0.912726
Mean Acc: 0.586221
FreqW Acc: 0.850772
Mean IoU: 0.484534

2023-05-20 15:58:18,867 INFO Model saved as logs/2023_0519_2301_42_cs_base_run/checkpoints/best_deeplabv3plus_mobilenet_cityscapes_os16.pth
2023-05-20 15:58:31,441 INFO Epoch 37, Itrs 6710/30000, Loss=0.283140
2023-05-20 15:58:37,895 INFO Epoch 37, Itrs 6720/30000, Loss=0.305126
2023-05-20 15:58:45,134 INFO Epoch 37, Itrs 6730/30000, Loss=0.348502
2023-05-20 15:58:51,702 INFO Epoch 37, Itrs 6740/30000, Loss=0.322190
2023-05-20 15:58:58,127 INFO Epoch 37, Itrs 6750/30000, Loss=0.279332
2023-05-20 15:59:04,581 INFO Epoch 37, Itrs 6760/30000, Loss=0.318341
2023-05-20 15:59:11,030 INFO Epoch 37, Itrs 6770/30000, Loss=0.348241
2023-05-20 15:59:17,516 INFO Epoch 37, Itrs 6780/30000, Loss=0.274738
2023-05-20 15:59:23,971 INFO Epoch 37, Itrs 6790/30000, Loss=0.310579
2023-05-20 15:59:30,471 INFO Epoch 37, Itrs 6800/30000, Loss=0.345993
2023-05-20 15:59:30,623 INFO Model saved as logs/2023_0519_2301_42_cs_base_run/checkpoints/latest_deeplabv3plus_mobilenet_cityscapes_os16.pth
2023-05-20 15:59:30,624 INFO validation...
2023-05-20 16:13:41,802 INFO 
Overall Acc: 0.905193
Mean Acc: 0.552869
FreqW Acc: 0.834718
Mean IoU: 0.474455

2023-05-20 16:13:55,064 INFO Epoch 37, Itrs 6810/30000, Loss=0.291340
2023-05-20 16:14:01,663 INFO Epoch 37, Itrs 6820/30000, Loss=0.320337
2023-05-20 16:14:08,270 INFO Epoch 37, Itrs 6830/30000, Loss=0.332613
2023-05-20 16:14:15,126 INFO Epoch 37, Itrs 6840/30000, Loss=0.343869
2023-05-20 16:14:23,543 INFO Epoch 38, Itrs 6850/30000, Loss=0.335856
2023-05-20 16:14:30,085 INFO Epoch 38, Itrs 6860/30000, Loss=0.282608
2023-05-20 16:14:36,508 INFO Epoch 38, Itrs 6870/30000, Loss=0.326831
2023-05-20 16:14:43,112 INFO Epoch 38, Itrs 6880/30000, Loss=0.351825
2023-05-20 16:14:49,682 INFO Epoch 38, Itrs 6890/30000, Loss=0.310382
2023-05-20 16:14:56,313 INFO Epoch 38, Itrs 6900/30000, Loss=0.265269
2023-05-20 16:14:56,467 INFO Model saved as logs/2023_0519_2301_42_cs_base_run/checkpoints/latest_deeplabv3plus_mobilenet_cityscapes_os16.pth
2023-05-20 16:14:56,468 INFO validation...
2023-05-20 16:29:18,797 INFO 
Overall Acc: 0.914697
Mean Acc: 0.571787
FreqW Acc: 0.852257
Mean IoU: 0.485405

2023-05-20 16:29:18,893 INFO Model saved as logs/2023_0519_2301_42_cs_base_run/checkpoints/best_deeplabv3plus_mobilenet_cityscapes_os16.pth
2023-05-20 16:29:32,846 INFO Epoch 38, Itrs 6910/30000, Loss=0.263911
2023-05-20 16:29:39,857 INFO Epoch 38, Itrs 6920/30000, Loss=0.347829
2023-05-20 16:29:46,491 INFO Epoch 38, Itrs 6930/30000, Loss=0.269395
2023-05-20 16:29:53,082 INFO Epoch 38, Itrs 6940/30000, Loss=0.334695
2023-05-20 16:29:59,698 INFO Epoch 38, Itrs 6950/30000, Loss=0.337017
2023-05-20 16:30:06,333 INFO Epoch 38, Itrs 6960/30000, Loss=0.366862
2023-05-20 16:30:12,974 INFO Epoch 38, Itrs 6970/30000, Loss=0.282562
2023-05-20 16:30:19,587 INFO Epoch 38, Itrs 6980/30000, Loss=0.337483
2023-05-20 16:30:26,885 INFO Epoch 38, Itrs 6990/30000, Loss=0.325399
2023-05-20 16:30:33,907 INFO Epoch 38, Itrs 7000/30000, Loss=0.338878
2023-05-20 16:30:34,048 INFO Model saved as logs/2023_0519_2301_42_cs_base_run/checkpoints/latest_deeplabv3plus_mobilenet_cityscapes_os16.pth
2023-05-20 16:30:34,048 INFO validation...
2023-05-20 16:45:04,914 INFO 
Overall Acc: 0.907721
Mean Acc: 0.552805
FreqW Acc: 0.837481
Mean IoU: 0.464289

2023-05-20 16:45:17,465 INFO Epoch 38, Itrs 7010/30000, Loss=0.283544
2023-05-20 16:45:24,341 INFO Epoch 38, Itrs 7020/30000, Loss=0.312509
2023-05-20 16:45:31,365 INFO Epoch 38, Itrs 7030/30000, Loss=0.302465
2023-05-20 16:45:38,644 INFO Epoch 39, Itrs 7040/30000, Loss=0.349693
2023-05-20 16:45:45,187 INFO Epoch 39, Itrs 7050/30000, Loss=0.307059
2023-05-20 16:45:52,721 INFO Epoch 39, Itrs 7060/30000, Loss=0.332936
2023-05-20 16:45:59,325 INFO Epoch 39, Itrs 7070/30000, Loss=0.375395
2023-05-20 16:46:05,959 INFO Epoch 39, Itrs 7080/30000, Loss=0.451052
2023-05-20 16:46:12,585 INFO Epoch 39, Itrs 7090/30000, Loss=0.337286
2023-05-20 16:46:19,353 INFO Epoch 39, Itrs 7100/30000, Loss=0.298737
2023-05-20 16:46:19,509 INFO Model saved as logs/2023_0519_2301_42_cs_base_run/checkpoints/latest_deeplabv3plus_mobilenet_cityscapes_os16.pth
2023-05-20 16:46:19,509 INFO validation...
2023-05-20 17:00:23,565 INFO 
Overall Acc: 0.911294
Mean Acc: 0.589756
FreqW Acc: 0.845908
Mean IoU: 0.485872

2023-05-20 17:00:23,684 INFO Model saved as logs/2023_0519_2301_42_cs_base_run/checkpoints/best_deeplabv3plus_mobilenet_cityscapes_os16.pth
2023-05-20 17:00:35,852 INFO Epoch 39, Itrs 7110/30000, Loss=0.253372
2023-05-20 17:00:42,903 INFO Epoch 39, Itrs 7120/30000, Loss=0.262460
2023-05-20 17:00:49,407 INFO Epoch 39, Itrs 7130/30000, Loss=0.366255
2023-05-20 17:00:56,306 INFO Epoch 39, Itrs 7140/30000, Loss=0.308086
2023-05-20 17:01:02,803 INFO Epoch 39, Itrs 7150/30000, Loss=0.296964
2023-05-20 17:01:09,287 INFO Epoch 39, Itrs 7160/30000, Loss=0.345060
2023-05-20 17:01:15,798 INFO Epoch 39, Itrs 7170/30000, Loss=0.301761
2023-05-20 17:01:22,257 INFO Epoch 39, Itrs 7180/30000, Loss=0.255092
2023-05-20 17:01:29,065 INFO Epoch 39, Itrs 7190/30000, Loss=0.334366
2023-05-20 17:01:35,549 INFO Epoch 39, Itrs 7200/30000, Loss=0.299290
2023-05-20 17:01:35,685 INFO Model saved as logs/2023_0519_2301_42_cs_base_run/checkpoints/latest_deeplabv3plus_mobilenet_cityscapes_os16.pth
2023-05-20 17:01:35,686 INFO validation...
2023-05-20 17:15:37,883 INFO 
Overall Acc: 0.913844
Mean Acc: 0.580358
FreqW Acc: 0.849582
Mean IoU: 0.494526

2023-05-20 17:15:38,012 INFO Model saved as logs/2023_0519_2301_42_cs_base_run/checkpoints/best_deeplabv3plus_mobilenet_cityscapes_os16.pth
2023-05-20 17:15:50,943 INFO Epoch 39, Itrs 7210/30000, Loss=0.270545
2023-05-20 17:15:59,234 INFO Epoch 40, Itrs 7220/30000, Loss=0.319175
2023-05-20 17:16:05,690 INFO Epoch 40, Itrs 7230/30000, Loss=0.308096
2023-05-20 17:16:12,183 INFO Epoch 40, Itrs 7240/30000, Loss=0.409072
2023-05-20 17:16:18,661 INFO Epoch 40, Itrs 7250/30000, Loss=0.339973
2023-05-20 17:16:25,102 INFO Epoch 40, Itrs 7260/30000, Loss=0.269696
2023-05-20 17:16:31,544 INFO Epoch 40, Itrs 7270/30000, Loss=0.345961
2023-05-20 17:16:38,042 INFO Epoch 40, Itrs 7280/30000, Loss=0.413149
2023-05-20 17:16:44,893 INFO Epoch 40, Itrs 7290/30000, Loss=0.344482
2023-05-20 17:16:51,347 INFO Epoch 40, Itrs 7300/30000, Loss=0.408309
2023-05-20 17:16:51,488 INFO Model saved as logs/2023_0519_2301_42_cs_base_run/checkpoints/latest_deeplabv3plus_mobilenet_cityscapes_os16.pth
2023-05-20 17:16:51,488 INFO validation...
2023-05-20 17:31:16,732 INFO 
Overall Acc: 0.910000
Mean Acc: 0.562588
FreqW Acc: 0.844569
Mean IoU: 0.478583

2023-05-20 17:31:29,286 INFO Epoch 40, Itrs 7310/30000, Loss=0.333407
2023-05-20 17:31:35,832 INFO Epoch 40, Itrs 7320/30000, Loss=0.294113
2023-05-20 17:31:42,329 INFO Epoch 40, Itrs 7330/30000, Loss=0.342838
2023-05-20 17:31:48,914 INFO Epoch 40, Itrs 7340/30000, Loss=0.319108
2023-05-20 17:31:55,446 INFO Epoch 40, Itrs 7350/30000, Loss=0.274530
2023-05-20 17:32:02,398 INFO Epoch 40, Itrs 7360/30000, Loss=0.298500
2023-05-20 17:32:08,841 INFO Epoch 40, Itrs 7370/30000, Loss=0.318668
2023-05-20 17:32:15,310 INFO Epoch 40, Itrs 7380/30000, Loss=0.320675
2023-05-20 17:32:21,768 INFO Epoch 40, Itrs 7390/30000, Loss=0.368623
2023-05-20 17:32:28,751 INFO Epoch 40, Itrs 7400/30000, Loss=0.332689
2023-05-20 17:32:28,905 INFO Model saved as logs/2023_0519_2301_42_cs_base_run/checkpoints/latest_deeplabv3plus_mobilenet_cityscapes_os16.pth
2023-05-20 17:32:28,905 INFO validation...
2023-05-20 17:46:50,242 INFO 
Overall Acc: 0.913250
Mean Acc: 0.552003
FreqW Acc: 0.847149
Mean IoU: 0.483849

2023-05-20 17:47:06,009 INFO Epoch 41, Itrs 7410/30000, Loss=0.282039
2023-05-20 17:47:12,511 INFO Epoch 41, Itrs 7420/30000, Loss=0.333644
2023-05-20 17:47:19,059 INFO Epoch 41, Itrs 7430/30000, Loss=0.260113
2023-05-20 17:47:25,723 INFO Epoch 41, Itrs 7440/30000, Loss=0.293821
2023-05-20 17:47:32,309 INFO Epoch 41, Itrs 7450/30000, Loss=0.310854
2023-05-20 17:47:39,074 INFO Epoch 41, Itrs 7460/30000, Loss=0.277621
2023-05-20 17:47:45,712 INFO Epoch 41, Itrs 7470/30000, Loss=0.296957
2023-05-20 17:47:52,611 INFO Epoch 41, Itrs 7480/30000, Loss=0.331239
2023-05-20 17:47:59,094 INFO Epoch 41, Itrs 7490/30000, Loss=0.341914
2023-05-20 17:48:05,669 INFO Epoch 41, Itrs 7500/30000, Loss=0.290886
2023-05-20 17:48:05,804 INFO Model saved as logs/2023_0519_2301_42_cs_base_run/checkpoints/latest_deeplabv3plus_mobilenet_cityscapes_os16.pth
2023-05-20 17:48:05,804 INFO validation...
2023-05-20 18:02:16,170 INFO 
Overall Acc: 0.915281
Mean Acc: 0.596632
FreqW Acc: 0.850371
Mean IoU: 0.503764

2023-05-20 18:02:16,296 INFO Model saved as logs/2023_0519_2301_42_cs_base_run/checkpoints/best_deeplabv3plus_mobilenet_cityscapes_os16.pth
2023-05-20 18:02:28,508 INFO Epoch 41, Itrs 7510/30000, Loss=0.289762
2023-05-20 18:02:34,975 INFO Epoch 41, Itrs 7520/30000, Loss=0.269219
2023-05-20 18:02:41,465 INFO Epoch 41, Itrs 7530/30000, Loss=0.267884
2023-05-20 18:02:47,955 INFO Epoch 41, Itrs 7540/30000, Loss=0.332654
2023-05-20 18:02:54,431 INFO Epoch 41, Itrs 7550/30000, Loss=0.272745
2023-05-20 18:03:01,163 INFO Epoch 41, Itrs 7560/30000, Loss=0.308155
2023-05-20 18:03:07,820 INFO Epoch 41, Itrs 7570/30000, Loss=0.291018
2023-05-20 18:03:14,250 INFO Epoch 41, Itrs 7580/30000, Loss=0.272075
2023-05-20 18:03:22,796 INFO Epoch 42, Itrs 7590/30000, Loss=0.345432
2023-05-20 18:03:29,385 INFO Epoch 42, Itrs 7600/30000, Loss=0.287972
2023-05-20 18:03:29,541 INFO Model saved as logs/2023_0519_2301_42_cs_base_run/checkpoints/latest_deeplabv3plus_mobilenet_cityscapes_os16.pth
2023-05-20 18:03:29,541 INFO validation...
2023-05-20 18:17:44,320 INFO 
Overall Acc: 0.916256
Mean Acc: 0.617865
FreqW Acc: 0.854172
Mean IoU: 0.520203

2023-05-20 18:17:44,452 INFO Model saved as logs/2023_0519_2301_42_cs_base_run/checkpoints/best_deeplabv3plus_mobilenet_cityscapes_os16.pth
2023-05-20 18:17:57,078 INFO Epoch 42, Itrs 7610/30000, Loss=0.231309
2023-05-20 18:18:03,727 INFO Epoch 42, Itrs 7620/30000, Loss=0.317750
2023-05-20 18:18:10,250 INFO Epoch 42, Itrs 7630/30000, Loss=0.290257
2023-05-20 18:18:16,801 INFO Epoch 42, Itrs 7640/30000, Loss=0.231021
2023-05-20 18:18:23,526 INFO Epoch 42, Itrs 7650/30000, Loss=0.296213
2023-05-20 18:18:30,201 INFO Epoch 42, Itrs 7660/30000, Loss=0.320023
2023-05-20 18:18:36,758 INFO Epoch 42, Itrs 7670/30000, Loss=0.295174
2023-05-20 18:18:43,461 INFO Epoch 42, Itrs 7680/30000, Loss=0.412031
2023-05-20 18:18:50,056 INFO Epoch 42, Itrs 7690/30000, Loss=0.274335
2023-05-20 18:18:56,709 INFO Epoch 42, Itrs 7700/30000, Loss=0.387724
2023-05-20 18:18:56,859 INFO Model saved as logs/2023_0519_2301_42_cs_base_run/checkpoints/latest_deeplabv3plus_mobilenet_cityscapes_os16.pth
2023-05-20 18:18:56,859 INFO validation...
2023-05-20 18:33:14,787 INFO 
Overall Acc: 0.915104
Mean Acc: 0.587630
FreqW Acc: 0.849620
Mean IoU: 0.505700

2023-05-20 18:33:27,159 INFO Epoch 42, Itrs 7710/30000, Loss=0.447346
2023-05-20 18:33:33,883 INFO Epoch 42, Itrs 7720/30000, Loss=0.349154
2023-05-20 18:33:40,936 INFO Epoch 42, Itrs 7730/30000, Loss=0.366146
2023-05-20 18:33:47,564 INFO Epoch 42, Itrs 7740/30000, Loss=0.335433
2023-05-20 18:33:54,181 INFO Epoch 42, Itrs 7750/30000, Loss=0.282316
2023-05-20 18:34:00,806 INFO Epoch 42, Itrs 7760/30000, Loss=0.311343
2023-05-20 18:34:07,626 INFO Epoch 42, Itrs 7770/30000, Loss=0.319342
2023-05-20 18:34:15,336 INFO Epoch 43, Itrs 7780/30000, Loss=0.264692
2023-05-20 18:34:21,787 INFO Epoch 43, Itrs 7790/30000, Loss=0.305480
2023-05-20 18:34:28,218 INFO Epoch 43, Itrs 7800/30000, Loss=0.307292
2023-05-20 18:34:28,371 INFO Model saved as logs/2023_0519_2301_42_cs_base_run/checkpoints/latest_deeplabv3plus_mobilenet_cityscapes_os16.pth
2023-05-20 18:34:28,371 INFO validation...
2023-05-20 18:48:27,135 INFO 
Overall Acc: 0.900619
Mean Acc: 0.574238
FreqW Acc: 0.835702
Mean IoU: 0.465579

2023-05-20 18:48:40,810 INFO Epoch 43, Itrs 7810/30000, Loss=0.380671
2023-05-20 18:48:47,261 INFO Epoch 43, Itrs 7820/30000, Loss=0.332616
2023-05-20 18:48:53,779 INFO Epoch 43, Itrs 7830/30000, Loss=0.332302
2023-05-20 18:49:00,898 INFO Epoch 43, Itrs 7840/30000, Loss=0.333521
2023-05-20 18:49:07,357 INFO Epoch 43, Itrs 7850/30000, Loss=0.417421
2023-05-20 18:49:13,810 INFO Epoch 43, Itrs 7860/30000, Loss=0.291647
2023-05-20 18:49:20,317 INFO Epoch 43, Itrs 7870/30000, Loss=0.290329
2023-05-20 18:49:26,739 INFO Epoch 43, Itrs 7880/30000, Loss=0.323848
2023-05-20 18:49:33,276 INFO Epoch 43, Itrs 7890/30000, Loss=0.308268
2023-05-20 18:49:39,687 INFO Epoch 43, Itrs 7900/30000, Loss=0.349088
2023-05-20 18:49:39,824 INFO Model saved as logs/2023_0519_2301_42_cs_base_run/checkpoints/latest_deeplabv3plus_mobilenet_cityscapes_os16.pth
2023-05-20 18:49:39,824 INFO validation...
2023-05-20 19:02:01,953 ERROR Connection to remote host was lost.
2023-05-20 19:02:01,953 ERROR Connection to remote host was lost. - goodbye
2023-05-20 19:02:01,954 ERROR error from callback <function Visdom.setup_socket.<locals>.on_close at 0x7f4d2fa5c280>: on_close() takes 1 positional argument but 3 were given
2023-05-20 19:02:01,954 ERROR on_close() takes 1 positional argument but 3 were given
2023-05-20 19:02:04,957 ERROR [Errno 111] Connection refused
2023-05-20 19:02:04,958 ERROR [Errno 111] Connection refused - goodbye
2023-05-20 19:02:04,958 ERROR error from callback <function Visdom.setup_socket.<locals>.on_close at 0x7f4d2fa5c280>: on_close() takes 1 positional argument but 3 were given
2023-05-20 19:02:04,958 ERROR on_close() takes 1 positional argument but 3 were given
2023-05-20 19:02:07,962 ERROR [Errno 111] Connection refused
2023-05-20 19:02:07,962 ERROR [Errno 111] Connection refused - goodbye
2023-05-20 19:02:07,962 ERROR error from callback <function Visdom.setup_socket.<locals>.on_close at 0x7f4d2fa5c280>: on_close() takes 1 positional argument but 3 were given
2023-05-20 19:02:07,962 ERROR on_close() takes 1 positional argument but 3 were given
2023-05-20 19:02:10,965 ERROR [Errno 111] Connection refused
2023-05-20 19:02:10,965 ERROR [Errno 111] Connection refused - goodbye
2023-05-20 19:02:10,965 ERROR error from callback <function Visdom.setup_socket.<locals>.on_close at 0x7f4d2fa5c280>: on_close() takes 1 positional argument but 3 were given
2023-05-20 19:02:10,965 ERROR on_close() takes 1 positional argument but 3 were given
2023-05-20 19:02:13,969 ERROR [Errno 111] Connection refused
2023-05-20 19:02:13,970 ERROR [Errno 111] Connection refused - goodbye
2023-05-20 19:02:13,970 ERROR error from callback <function Visdom.setup_socket.<locals>.on_close at 0x7f4d2fa5c280>: on_close() takes 1 positional argument but 3 were given
2023-05-20 19:02:13,970 ERROR on_close() takes 1 positional argument but 3 were given
2023-05-20 19:02:16,974 ERROR [Errno 111] Connection refused
2023-05-20 19:02:16,974 ERROR [Errno 111] Connection refused - goodbye
2023-05-20 19:02:16,974 ERROR error from callback <function Visdom.setup_socket.<locals>.on_close at 0x7f4d2fa5c280>: on_close() takes 1 positional argument but 3 were given
2023-05-20 19:02:16,974 ERROR on_close() takes 1 positional argument but 3 were given
2023-05-20 19:02:19,978 ERROR [Errno 111] Connection refused
2023-05-20 19:02:19,978 ERROR [Errno 111] Connection refused - goodbye
2023-05-20 19:02:19,978 ERROR error from callback <function Visdom.setup_socket.<locals>.on_close at 0x7f4d2fa5c280>: on_close() takes 1 positional argument but 3 were given
2023-05-20 19:02:19,978 ERROR on_close() takes 1 positional argument but 3 were given
2023-05-20 19:02:22,982 ERROR [Errno 111] Connection refused
2023-05-20 19:02:22,982 ERROR [Errno 111] Connection refused - goodbye
2023-05-20 19:02:22,982 ERROR error from callback <function Visdom.setup_socket.<locals>.on_close at 0x7f4d2fa5c280>: on_close() takes 1 positional argument but 3 were given
2023-05-20 19:02:22,983 ERROR on_close() takes 1 positional argument but 3 were given
2023-05-20 19:02:25,986 ERROR [Errno 111] Connection refused
2023-05-20 19:02:25,987 ERROR [Errno 111] Connection refused - goodbye
2023-05-20 19:02:25,987 ERROR error from callback <function Visdom.setup_socket.<locals>.on_close at 0x7f4d2fa5c280>: on_close() takes 1 positional argument but 3 were given
2023-05-20 19:02:25,987 ERROR on_close() takes 1 positional argument but 3 were given
2023-05-20 19:02:28,991 ERROR [Errno 111] Connection refused
2023-05-20 19:02:28,991 ERROR [Errno 111] Connection refused - goodbye
2023-05-20 19:02:28,991 ERROR error from callback <function Visdom.setup_socket.<locals>.on_close at 0x7f4d2fa5c280>: on_close() takes 1 positional argument but 3 were given
2023-05-20 19:02:28,991 ERROR on_close() takes 1 positional argument but 3 were given
2023-05-20 19:02:31,996 INFO Websocket connected
2023-05-20 19:02:31,996 INFO Visdom successfully connected to server
2023-05-20 19:03:45,620 INFO 
Overall Acc: 0.909400
Mean Acc: 0.547138
FreqW Acc: 0.842633
Mean IoU: 0.465438

2023-05-20 19:03:58,362 INFO Epoch 43, Itrs 7910/30000, Loss=0.319897
2023-05-20 19:04:05,050 INFO Epoch 43, Itrs 7920/30000, Loss=0.261035
2023-05-20 19:04:11,560 INFO Epoch 43, Itrs 7930/30000, Loss=0.332955
2023-05-20 19:04:18,576 INFO Epoch 43, Itrs 7940/30000, Loss=0.311987
2023-05-20 19:04:25,095 INFO Epoch 43, Itrs 7950/30000, Loss=0.305986
2023-05-20 19:04:33,085 INFO Epoch 44, Itrs 7960/30000, Loss=0.307036
2023-05-20 19:04:39,569 INFO Epoch 44, Itrs 7970/30000, Loss=0.293926
2023-05-20 19:04:45,955 INFO Epoch 44, Itrs 7980/30000, Loss=0.256641
2023-05-20 19:04:52,431 INFO Epoch 44, Itrs 7990/30000, Loss=0.293917
2023-05-20 19:05:00,084 INFO Epoch 44, Itrs 8000/30000, Loss=0.307971
2023-05-20 19:05:00,251 INFO Model saved as logs/2023_0519_2301_42_cs_base_run/checkpoints/latest_deeplabv3plus_mobilenet_cityscapes_os16.pth
2023-05-20 19:05:00,252 INFO validation...
2023-05-20 19:19:03,262 INFO 
Overall Acc: 0.921327
Mean Acc: 0.588487
FreqW Acc: 0.861580
Mean IoU: 0.496830

2023-05-20 19:19:15,476 INFO Epoch 44, Itrs 8010/30000, Loss=0.253719
2023-05-20 19:19:22,423 INFO Epoch 44, Itrs 8020/30000, Loss=0.289592
2023-05-20 19:19:28,947 INFO Epoch 44, Itrs 8030/30000, Loss=0.321421
2023-05-20 19:19:35,768 INFO Epoch 44, Itrs 8040/30000, Loss=0.255008
2023-05-20 19:19:42,321 INFO Epoch 44, Itrs 8050/30000, Loss=0.350997
2023-05-20 19:19:48,794 INFO Epoch 44, Itrs 8060/30000, Loss=0.252951
2023-05-20 19:19:55,556 INFO Epoch 44, Itrs 8070/30000, Loss=0.280839
2023-05-20 19:20:02,804 INFO Epoch 44, Itrs 8080/30000, Loss=0.297134
2023-05-20 19:20:09,896 INFO Epoch 44, Itrs 8090/30000, Loss=0.208716
2023-05-20 19:20:16,386 INFO Epoch 44, Itrs 8100/30000, Loss=0.291856
2023-05-20 19:20:16,532 INFO Model saved as logs/2023_0519_2301_42_cs_base_run/checkpoints/latest_deeplabv3plus_mobilenet_cityscapes_os16.pth
2023-05-20 19:20:16,532 INFO validation...
2023-05-20 19:34:20,529 INFO 
Overall Acc: 0.920070
Mean Acc: 0.618608
FreqW Acc: 0.858785
Mean IoU: 0.528629

2023-05-20 19:34:20,678 INFO Model saved as logs/2023_0519_2301_42_cs_base_run/checkpoints/best_deeplabv3plus_mobilenet_cityscapes_os16.pth
2023-05-20 19:34:34,802 INFO Epoch 44, Itrs 8110/30000, Loss=0.296880
2023-05-20 19:34:41,203 INFO Epoch 44, Itrs 8120/30000, Loss=0.333438
2023-05-20 19:34:48,007 INFO Epoch 44, Itrs 8130/30000, Loss=0.348254
2023-05-20 19:34:54,821 INFO Epoch 44, Itrs 8140/30000, Loss=0.371392
2023-05-20 19:35:02,161 INFO Epoch 45, Itrs 8150/30000, Loss=0.299028
2023-05-20 19:35:09,302 INFO Epoch 45, Itrs 8160/30000, Loss=0.262335
2023-05-20 19:35:15,732 INFO Epoch 45, Itrs 8170/30000, Loss=0.309399
2023-05-20 19:35:22,186 INFO Epoch 45, Itrs 8180/30000, Loss=0.288879
2023-05-20 19:35:29,043 INFO Epoch 45, Itrs 8190/30000, Loss=0.324553
2023-05-20 19:35:35,653 INFO Epoch 45, Itrs 8200/30000, Loss=0.268201
2023-05-20 19:35:35,806 INFO Model saved as logs/2023_0519_2301_42_cs_base_run/checkpoints/latest_deeplabv3plus_mobilenet_cityscapes_os16.pth
2023-05-20 19:35:35,806 INFO validation...
2023-05-20 19:49:34,659 INFO 
Overall Acc: 0.919076
Mean Acc: 0.566434
FreqW Acc: 0.854731
Mean IoU: 0.498494

2023-05-20 19:49:47,298 INFO Epoch 45, Itrs 8210/30000, Loss=0.354968
2023-05-20 19:49:53,828 INFO Epoch 45, Itrs 8220/30000, Loss=0.303502
2023-05-20 19:50:01,208 INFO Epoch 45, Itrs 8230/30000, Loss=0.234975
2023-05-20 19:50:07,934 INFO Epoch 45, Itrs 8240/30000, Loss=0.251873
2023-05-20 19:50:14,819 INFO Epoch 45, Itrs 8250/30000, Loss=0.302932
2023-05-20 19:50:21,932 INFO Epoch 45, Itrs 8260/30000, Loss=0.288092
2023-05-20 19:50:28,619 INFO Epoch 45, Itrs 8270/30000, Loss=0.276744
2023-05-20 19:50:35,512 INFO Epoch 45, Itrs 8280/30000, Loss=0.339191
2023-05-20 19:50:42,578 INFO Epoch 45, Itrs 8290/30000, Loss=0.258982
2023-05-20 19:50:49,708 INFO Epoch 45, Itrs 8300/30000, Loss=0.321905
2023-05-20 19:50:49,854 INFO Model saved as logs/2023_0519_2301_42_cs_base_run/checkpoints/latest_deeplabv3plus_mobilenet_cityscapes_os16.pth
2023-05-20 19:50:49,855 INFO validation...
2023-05-20 20:04:58,360 INFO 
Overall Acc: 0.917385
Mean Acc: 0.603627
FreqW Acc: 0.854904
Mean IoU: 0.508910

2023-05-20 20:05:11,162 INFO Epoch 45, Itrs 8310/30000, Loss=0.320613
2023-05-20 20:05:17,606 INFO Epoch 45, Itrs 8320/30000, Loss=0.301624
2023-05-20 20:05:25,775 INFO Epoch 46, Itrs 8330/30000, Loss=0.312922
2023-05-20 20:05:32,216 INFO Epoch 46, Itrs 8340/30000, Loss=0.425604
2023-05-20 20:05:38,838 INFO Epoch 46, Itrs 8350/30000, Loss=0.344438
2023-05-20 20:05:45,652 INFO Epoch 46, Itrs 8360/30000, Loss=0.316809
2023-05-20 20:05:52,120 INFO Epoch 46, Itrs 8370/30000, Loss=0.323328
2023-05-20 20:05:59,049 INFO Epoch 46, Itrs 8380/30000, Loss=0.292940
2023-05-20 20:06:05,465 INFO Epoch 46, Itrs 8390/30000, Loss=0.308930
2023-05-20 20:06:11,924 INFO Epoch 46, Itrs 8400/30000, Loss=0.354170
2023-05-20 20:06:12,074 INFO Model saved as logs/2023_0519_2301_42_cs_base_run/checkpoints/latest_deeplabv3plus_mobilenet_cityscapes_os16.pth
2023-05-20 20:06:12,074 INFO validation...
2023-05-20 20:20:21,629 INFO 
Overall Acc: 0.918773
Mean Acc: 0.586455
FreqW Acc: 0.857845
Mean IoU: 0.506531

2023-05-20 20:20:34,218 INFO Epoch 46, Itrs 8410/30000, Loss=0.380587
2023-05-20 20:20:41,445 INFO Epoch 46, Itrs 8420/30000, Loss=0.342781
2023-05-20 20:20:48,056 INFO Epoch 46, Itrs 8430/30000, Loss=0.354488
2023-05-20 20:20:55,507 INFO Epoch 46, Itrs 8440/30000, Loss=0.387735
2023-05-20 20:21:02,227 INFO Epoch 46, Itrs 8450/30000, Loss=0.291399
2023-05-20 20:21:08,740 INFO Epoch 46, Itrs 8460/30000, Loss=0.273585
2023-05-20 20:21:15,748 INFO Epoch 46, Itrs 8470/30000, Loss=0.336091
2023-05-20 20:21:23,181 INFO Epoch 46, Itrs 8480/30000, Loss=0.327117
2023-05-20 20:21:30,367 INFO Epoch 46, Itrs 8490/30000, Loss=0.266661
2023-05-20 20:21:37,370 INFO Epoch 46, Itrs 8500/30000, Loss=0.270966
2023-05-20 20:21:37,555 INFO Model saved as logs/2023_0519_2301_42_cs_base_run/checkpoints/latest_deeplabv3plus_mobilenet_cityscapes_os16.pth
2023-05-20 20:21:37,555 INFO validation...
2023-05-20 20:35:44,351 INFO 
Overall Acc: 0.916512
Mean Acc: 0.579905
FreqW Acc: 0.852989
Mean IoU: 0.493349

2023-05-20 20:35:57,546 INFO Epoch 46, Itrs 8510/30000, Loss=0.290329
2023-05-20 20:36:04,979 INFO Epoch 47, Itrs 8520/30000, Loss=0.284852
2023-05-20 20:36:11,468 INFO Epoch 47, Itrs 8530/30000, Loss=0.303241
2023-05-20 20:36:18,001 INFO Epoch 47, Itrs 8540/30000, Loss=0.300067
2023-05-20 20:36:25,122 INFO Epoch 47, Itrs 8550/30000, Loss=0.340788
2023-05-20 20:36:32,469 INFO Epoch 47, Itrs 8560/30000, Loss=0.304043
2023-05-20 20:36:39,126 INFO Epoch 47, Itrs 8570/30000, Loss=0.307669
2023-05-20 20:36:45,655 INFO Epoch 47, Itrs 8580/30000, Loss=0.260691
2023-05-20 20:36:52,493 INFO Epoch 47, Itrs 8590/30000, Loss=0.337542
2023-05-20 20:36:58,986 INFO Epoch 47, Itrs 8600/30000, Loss=0.287673
2023-05-20 20:36:59,140 INFO Model saved as logs/2023_0519_2301_42_cs_base_run/checkpoints/latest_deeplabv3plus_mobilenet_cityscapes_os16.pth
2023-05-20 20:36:59,140 INFO validation...
2023-05-20 20:51:05,869 INFO 
Overall Acc: 0.920103
Mean Acc: 0.592849
FreqW Acc: 0.858749
Mean IoU: 0.514306

2023-05-20 20:51:18,519 INFO Epoch 47, Itrs 8610/30000, Loss=0.306717
2023-05-20 20:51:25,426 INFO Epoch 47, Itrs 8620/30000, Loss=0.338350
2023-05-20 20:51:31,898 INFO Epoch 47, Itrs 8630/30000, Loss=0.302991
2023-05-20 20:51:38,376 INFO Epoch 47, Itrs 8640/30000, Loss=0.271735
2023-05-20 20:51:45,292 INFO Epoch 47, Itrs 8650/30000, Loss=0.343725
2023-05-20 20:51:52,972 INFO Epoch 47, Itrs 8660/30000, Loss=0.277060
2023-05-20 20:52:00,110 INFO Epoch 47, Itrs 8670/30000, Loss=0.325473
2023-05-20 20:52:06,806 INFO Epoch 47, Itrs 8680/30000, Loss=0.310080
2023-05-20 20:52:13,700 INFO Epoch 47, Itrs 8690/30000, Loss=0.285624
2023-05-20 20:52:23,690 INFO Epoch 48, Itrs 8700/30000, Loss=0.365398
2023-05-20 20:52:23,847 INFO Model saved as logs/2023_0519_2301_42_cs_base_run/checkpoints/latest_deeplabv3plus_mobilenet_cityscapes_os16.pth
2023-05-20 20:52:23,847 INFO validation...
2023-05-20 21:06:33,300 INFO 
Overall Acc: 0.911961
Mean Acc: 0.582594
FreqW Acc: 0.846509
Mean IoU: 0.491372

2023-05-20 21:06:45,852 INFO Epoch 48, Itrs 8710/30000, Loss=0.337567
2023-05-20 21:06:52,288 INFO Epoch 48, Itrs 8720/30000, Loss=0.255498
2023-05-20 21:06:58,777 INFO Epoch 48, Itrs 8730/30000, Loss=0.374121
2023-05-20 21:07:05,258 INFO Epoch 48, Itrs 8740/30000, Loss=0.266435
2023-05-20 21:07:11,732 INFO Epoch 48, Itrs 8750/30000, Loss=0.276671
2023-05-20 21:07:18,215 INFO Epoch 48, Itrs 8760/30000, Loss=0.354894
2023-05-20 21:07:25,018 INFO Epoch 48, Itrs 8770/30000, Loss=0.316994
2023-05-20 21:07:31,486 INFO Epoch 48, Itrs 8780/30000, Loss=0.341871
2023-05-20 21:07:37,961 INFO Epoch 48, Itrs 8790/30000, Loss=0.284210
2023-05-20 21:07:44,863 INFO Epoch 48, Itrs 8800/30000, Loss=0.313907
2023-05-20 21:07:44,983 INFO Model saved as logs/2023_0519_2301_42_cs_base_run/checkpoints/latest_deeplabv3plus_mobilenet_cityscapes_os16.pth
2023-05-20 21:07:44,983 INFO validation...
2023-05-20 21:21:41,808 INFO 
Overall Acc: 0.916267
Mean Acc: 0.636531
FreqW Acc: 0.859772
Mean IoU: 0.514068

2023-05-20 21:21:54,917 INFO Epoch 48, Itrs 8810/30000, Loss=0.300091
2023-05-20 21:22:01,441 INFO Epoch 48, Itrs 8820/30000, Loss=0.258619
2023-05-20 21:22:08,183 INFO Epoch 48, Itrs 8830/30000, Loss=0.265179
2023-05-20 21:22:14,646 INFO Epoch 48, Itrs 8840/30000, Loss=0.259017
2023-05-20 21:22:21,128 INFO Epoch 48, Itrs 8850/30000, Loss=0.334771
2023-05-20 21:22:27,556 INFO Epoch 48, Itrs 8860/30000, Loss=0.292716
2023-05-20 21:22:34,619 INFO Epoch 48, Itrs 8870/30000, Loss=0.309736
2023-05-20 21:22:41,209 INFO Epoch 48, Itrs 8880/30000, Loss=0.296504
2023-05-20 21:22:48,642 INFO Epoch 49, Itrs 8890/30000, Loss=0.288979
2023-05-20 21:22:55,156 INFO Epoch 49, Itrs 8900/30000, Loss=0.260167
2023-05-20 21:22:55,295 INFO Model saved as logs/2023_0519_2301_42_cs_base_run/checkpoints/latest_deeplabv3plus_mobilenet_cityscapes_os16.pth
2023-05-20 21:22:55,296 INFO validation...
2023-05-20 21:37:11,026 INFO 
Overall Acc: 0.921098
Mean Acc: 0.629963
FreqW Acc: 0.862736
Mean IoU: 0.519422

2023-05-20 21:37:24,406 INFO Epoch 49, Itrs 8910/30000, Loss=0.265498
2023-05-20 21:37:31,193 INFO Epoch 49, Itrs 8920/30000, Loss=0.367126
2023-05-20 21:37:38,096 INFO Epoch 49, Itrs 8930/30000, Loss=0.294197
2023-05-20 21:37:44,686 INFO Epoch 49, Itrs 8940/30000, Loss=0.298501
2023-05-20 21:37:51,588 INFO Epoch 49, Itrs 8950/30000, Loss=0.288945
2023-05-20 21:37:58,733 INFO Epoch 49, Itrs 8960/30000, Loss=0.298043
2023-05-20 21:38:05,412 INFO Epoch 49, Itrs 8970/30000, Loss=0.305535
2023-05-20 21:38:12,052 INFO Epoch 49, Itrs 8980/30000, Loss=0.255605
2023-05-20 21:38:18,687 INFO Epoch 49, Itrs 8990/30000, Loss=0.316673
2023-05-20 21:38:25,366 INFO Epoch 49, Itrs 9000/30000, Loss=0.286206
2023-05-20 21:38:25,517 INFO Model saved as logs/2023_0519_2301_42_cs_base_run/checkpoints/latest_deeplabv3plus_mobilenet_cityscapes_os16.pth
2023-05-20 21:38:25,517 INFO validation...
2023-05-20 21:53:12,861 INFO 
Overall Acc: 0.917650
Mean Acc: 0.592326
FreqW Acc: 0.854879
Mean IoU: 0.514573

2023-05-20 21:53:25,092 INFO Epoch 49, Itrs 9010/30000, Loss=0.289760
2023-05-20 21:53:31,579 INFO Epoch 49, Itrs 9020/30000, Loss=0.299527
2023-05-20 21:53:38,562 INFO Epoch 49, Itrs 9030/30000, Loss=0.305577
2023-05-20 21:53:45,165 INFO Epoch 49, Itrs 9040/30000, Loss=0.309676
2023-05-20 21:53:52,255 INFO Epoch 49, Itrs 9050/30000, Loss=0.259131
2023-05-20 21:53:58,827 INFO Epoch 49, Itrs 9060/30000, Loss=0.312301
2023-05-20 21:54:06,716 INFO Epoch 50, Itrs 9070/30000, Loss=0.373907
2023-05-20 21:54:13,815 INFO Epoch 50, Itrs 9080/30000, Loss=0.318362
2023-05-20 21:54:20,489 INFO Epoch 50, Itrs 9090/30000, Loss=0.340618
2023-05-20 21:54:27,154 INFO Epoch 50, Itrs 9100/30000, Loss=0.406290
2023-05-20 21:54:27,310 INFO Model saved as logs/2023_0519_2301_42_cs_base_run/checkpoints/latest_deeplabv3plus_mobilenet_cityscapes_os16.pth
2023-05-20 21:54:27,310 INFO validation...
2023-05-20 22:09:10,598 INFO 
Overall Acc: 0.888994
Mean Acc: 0.542950
FreqW Acc: 0.808367
Mean IoU: 0.455220

2023-05-20 22:09:22,763 INFO Epoch 50, Itrs 9110/30000, Loss=0.337627
2023-05-20 22:09:29,459 INFO Epoch 50, Itrs 9120/30000, Loss=0.318472
2023-05-20 22:09:36,460 INFO Epoch 50, Itrs 9130/30000, Loss=0.342357
2023-05-20 22:09:42,963 INFO Epoch 50, Itrs 9140/30000, Loss=0.321599
2023-05-20 22:09:49,474 INFO Epoch 50, Itrs 9150/30000, Loss=0.334711
2023-05-20 22:09:55,973 INFO Epoch 50, Itrs 9160/30000, Loss=0.270635
2023-05-20 22:10:02,449 INFO Epoch 50, Itrs 9170/30000, Loss=0.283255
2023-05-20 22:10:08,972 INFO Epoch 50, Itrs 9180/30000, Loss=0.278657
2023-05-20 22:10:16,256 INFO Epoch 50, Itrs 9190/30000, Loss=0.313522
2023-05-20 22:10:23,696 INFO Epoch 50, Itrs 9200/30000, Loss=0.275626
2023-05-20 22:10:23,878 INFO Model saved as logs/2023_0519_2301_42_cs_base_run/checkpoints/latest_deeplabv3plus_mobilenet_cityscapes_os16.pth
2023-05-20 22:10:23,878 INFO validation...
