2023-05-21 22:01:51,115 INFO Device: cuda
2023-05-21 22:01:51,131 INFO Dataset: cityscapes, Train set: 2975, Val set: 500
2023-05-21 22:01:52,423 INFO Training state restored from logs/2023_0520_2331_56_cs_base_run/checkpoints/best_deeplabv3plus_mobilenet_cityscapes_os16.pth
2023-05-21 22:01:52,423 INFO Model restored from logs/2023_0520_2331_56_cs_base_run/checkpoints/best_deeplabv3plus_mobilenet_cityscapes_os16.pth
2023-05-21 22:02:59,523 INFO Epoch 1, Itrs 21250/30000, Loss=0.098510
2023-05-21 22:04:06,497 INFO Epoch 2, Itrs 21300/30000, Loss=0.098892
2023-05-21 22:05:14,024 INFO Epoch 2, Itrs 21350/30000, Loss=0.098461
2023-05-21 22:06:22,544 INFO Epoch 3, Itrs 21400/30000, Loss=0.099003
2023-05-21 22:06:22,623 INFO Model saved as logs/2023_0521_2201_50_cs_base_run_continue/checkpoints/latest_deeplabv3plus_mobilenet_cityscapes_os16.pth
2023-05-21 22:06:22,623 INFO validation...
2023-05-21 22:06:45,497 INFO 
Overall Acc: 0.924310
Mean Acc: 0.646973
FreqW Acc: 0.866171
Mean IoU: 0.568011

2023-05-21 22:07:50,364 INFO Epoch 3, Itrs 21450/30000, Loss=0.098645
2023-05-21 22:08:59,791 INFO Epoch 4, Itrs 21500/30000, Loss=0.096737
2023-05-21 22:10:08,601 INFO Epoch 4, Itrs 21550/30000, Loss=0.099032
2023-05-21 22:11:17,459 INFO Epoch 5, Itrs 21600/30000, Loss=0.098001
2023-05-21 22:11:17,596 INFO Model saved as logs/2023_0521_2201_50_cs_base_run_continue/checkpoints/latest_deeplabv3plus_mobilenet_cityscapes_os16.pth
2023-05-21 22:11:17,596 INFO validation...
2023-05-21 22:11:40,343 INFO 
Overall Acc: 0.924532
Mean Acc: 0.652787
FreqW Acc: 0.867298
Mean IoU: 0.570139

2023-05-21 22:12:48,294 INFO Epoch 5, Itrs 21650/30000, Loss=0.098013
2023-05-21 22:14:04,639 INFO Epoch 6, Itrs 21700/30000, Loss=0.097994
2023-05-21 22:15:23,811 INFO Epoch 6, Itrs 21750/30000, Loss=0.097634
2023-05-21 22:16:41,309 INFO Epoch 7, Itrs 21800/30000, Loss=0.096850
2023-05-21 22:16:41,460 INFO Model saved as logs/2023_0521_2201_50_cs_base_run_continue/checkpoints/latest_deeplabv3plus_mobilenet_cityscapes_os16.pth
2023-05-21 22:16:41,460 INFO validation...
2023-05-21 22:17:09,197 INFO 
Overall Acc: 0.924215
Mean Acc: 0.649645
FreqW Acc: 0.866100
Mean IoU: 0.566802

2023-05-21 22:18:24,535 INFO Epoch 8, Itrs 21850/30000, Loss=0.096445
2023-05-21 22:19:43,614 INFO Epoch 8, Itrs 21900/30000, Loss=0.097239
2023-05-21 22:21:02,120 INFO Epoch 9, Itrs 21950/30000, Loss=0.097994
2023-05-21 22:22:23,482 INFO Epoch 9, Itrs 22000/30000, Loss=0.097741
2023-05-21 22:22:23,632 INFO Model saved as logs/2023_0521_2201_50_cs_base_run_continue/checkpoints/latest_deeplabv3plus_mobilenet_cityscapes_os16.pth
2023-05-21 22:22:23,632 INFO validation...
2023-05-21 22:22:49,186 INFO 
Overall Acc: 0.924242
Mean Acc: 0.644553
FreqW Acc: 0.865921
Mean IoU: 0.566101

2023-05-21 22:24:03,333 INFO Epoch 10, Itrs 22050/30000, Loss=0.097721
2023-05-21 22:25:20,460 INFO Epoch 10, Itrs 22100/30000, Loss=0.098136
2023-05-21 22:26:39,578 INFO Epoch 11, Itrs 22150/30000, Loss=0.096980
2023-05-21 22:27:58,082 INFO Epoch 11, Itrs 22200/30000, Loss=0.096758
2023-05-21 22:27:58,237 INFO Model saved as logs/2023_0521_2201_50_cs_base_run_continue/checkpoints/latest_deeplabv3plus_mobilenet_cityscapes_os16.pth
2023-05-21 22:27:58,237 INFO validation...
2023-05-21 22:28:22,902 INFO 
Overall Acc: 0.924299
Mean Acc: 0.654231
FreqW Acc: 0.866821
Mean IoU: 0.568855

2023-05-21 22:29:38,834 INFO Epoch 12, Itrs 22250/30000, Loss=0.097527
2023-05-21 22:30:57,175 INFO Epoch 12, Itrs 22300/30000, Loss=0.097315
2023-05-21 22:32:16,677 INFO Epoch 13, Itrs 22350/30000, Loss=0.097182
2023-05-21 22:33:37,925 INFO Epoch 14, Itrs 22400/30000, Loss=0.095892
2023-05-21 22:33:38,064 INFO Model saved as logs/2023_0521_2201_50_cs_base_run_continue/checkpoints/latest_deeplabv3plus_mobilenet_cityscapes_os16.pth
2023-05-21 22:33:38,064 INFO validation...
2023-05-21 22:34:04,290 INFO 
Overall Acc: 0.924505
Mean Acc: 0.652520
FreqW Acc: 0.866223
Mean IoU: 0.572069

2023-05-21 22:35:17,110 INFO Epoch 14, Itrs 22450/30000, Loss=0.096035
2023-05-21 22:36:35,368 INFO Epoch 15, Itrs 22500/30000, Loss=0.096964
2023-05-21 22:37:54,489 INFO Epoch 15, Itrs 22550/30000, Loss=0.097893
2023-05-21 22:39:13,760 INFO Epoch 16, Itrs 22600/30000, Loss=0.096056
2023-05-21 22:39:13,921 INFO Model saved as logs/2023_0521_2201_50_cs_base_run_continue/checkpoints/latest_deeplabv3plus_mobilenet_cityscapes_os16.pth
2023-05-21 22:39:13,922 INFO validation...
2023-05-21 22:39:39,405 INFO 
Overall Acc: 0.923797
Mean Acc: 0.647160
FreqW Acc: 0.864614
Mean IoU: 0.569471

2023-05-21 22:40:54,315 INFO Epoch 16, Itrs 22650/30000, Loss=0.096517
2023-05-21 22:42:12,869 INFO Epoch 17, Itrs 22700/30000, Loss=0.096833
2023-05-21 22:43:30,644 INFO Epoch 17, Itrs 22750/30000, Loss=0.095674
2023-05-21 22:44:50,900 INFO Epoch 18, Itrs 22800/30000, Loss=0.097422
2023-05-21 22:44:51,036 INFO Model saved as logs/2023_0521_2201_50_cs_base_run_continue/checkpoints/latest_deeplabv3plus_mobilenet_cityscapes_os16.pth
2023-05-21 22:44:51,036 INFO validation...
2023-05-21 22:45:15,360 INFO 
Overall Acc: 0.923727
Mean Acc: 0.659721
FreqW Acc: 0.866038
Mean IoU: 0.571819

2023-05-21 22:46:30,613 INFO Epoch 18, Itrs 22850/30000, Loss=0.095505
2023-05-21 22:47:48,778 INFO Epoch 19, Itrs 22900/30000, Loss=0.095986
2023-05-21 22:48:59,760 INFO Epoch 20, Itrs 22950/30000, Loss=0.095298
2023-05-21 22:50:06,594 INFO Epoch 20, Itrs 23000/30000, Loss=0.094706
2023-05-21 22:50:06,746 INFO Model saved as logs/2023_0521_2201_50_cs_base_run_continue/checkpoints/latest_deeplabv3plus_mobilenet_cityscapes_os16.pth
2023-05-21 22:50:06,746 INFO validation...
2023-05-21 22:50:29,687 INFO 
Overall Acc: 0.923996
Mean Acc: 0.648743
FreqW Acc: 0.865986
Mean IoU: 0.567015

2023-05-21 22:51:34,685 INFO Epoch 21, Itrs 23050/30000, Loss=0.096946
2023-05-21 22:52:42,664 INFO Epoch 21, Itrs 23100/30000, Loss=0.096124
2023-05-21 22:53:51,293 INFO Epoch 22, Itrs 23150/30000, Loss=0.097215
2023-05-21 22:55:00,037 INFO Epoch 22, Itrs 23200/30000, Loss=0.095427
2023-05-21 22:55:00,186 INFO Model saved as logs/2023_0521_2201_50_cs_base_run_continue/checkpoints/latest_deeplabv3plus_mobilenet_cityscapes_os16.pth
2023-05-21 22:55:00,186 INFO validation...
2023-05-21 22:55:23,433 INFO 
Overall Acc: 0.924099
Mean Acc: 0.649762
FreqW Acc: 0.866115
Mean IoU: 0.566240

2023-05-21 22:56:27,559 INFO Epoch 23, Itrs 23250/30000, Loss=0.093264
2023-05-21 22:57:35,986 INFO Epoch 23, Itrs 23300/30000, Loss=0.095949
2023-05-21 22:58:44,249 INFO Epoch 24, Itrs 23350/30000, Loss=0.095395
2023-05-21 22:59:51,629 INFO Epoch 24, Itrs 23400/30000, Loss=0.097152
2023-05-21 22:59:51,790 INFO Model saved as logs/2023_0521_2201_50_cs_base_run_continue/checkpoints/latest_deeplabv3plus_mobilenet_cityscapes_os16.pth
2023-05-21 22:59:51,791 INFO validation...
2023-05-21 23:00:14,275 INFO 
Overall Acc: 0.923858
Mean Acc: 0.652544
FreqW Acc: 0.865978
Mean IoU: 0.566588

2023-05-21 23:01:17,477 INFO Epoch 25, Itrs 23450/30000, Loss=0.095478
2023-05-21 23:02:23,655 INFO Epoch 25, Itrs 23500/30000, Loss=0.094633
2023-05-21 23:03:30,603 INFO Epoch 26, Itrs 23550/30000, Loss=0.094051
2023-05-21 23:04:37,388 INFO Epoch 27, Itrs 23600/30000, Loss=0.095989
2023-05-21 23:04:37,540 INFO Model saved as logs/2023_0521_2201_50_cs_base_run_continue/checkpoints/latest_deeplabv3plus_mobilenet_cityscapes_os16.pth
2023-05-21 23:04:37,540 INFO validation...
2023-05-21 23:04:59,872 INFO 
Overall Acc: 0.924405
Mean Acc: 0.660294
FreqW Acc: 0.866698
Mean IoU: 0.570783

2023-05-21 23:06:01,643 INFO Epoch 27, Itrs 23650/30000, Loss=0.093710
2023-05-21 23:07:07,228 INFO Epoch 28, Itrs 23700/30000, Loss=0.095125
2023-05-21 23:08:12,357 INFO Epoch 28, Itrs 23750/30000, Loss=0.095145
2023-05-21 23:09:18,181 INFO Epoch 29, Itrs 23800/30000, Loss=0.094556
2023-05-21 23:09:18,344 INFO Model saved as logs/2023_0521_2201_50_cs_base_run_continue/checkpoints/latest_deeplabv3plus_mobilenet_cityscapes_os16.pth
2023-05-21 23:09:18,344 INFO validation...
2023-05-21 23:09:40,128 INFO 
Overall Acc: 0.924730
Mean Acc: 0.656759
FreqW Acc: 0.866549
Mean IoU: 0.573177

2023-05-21 23:10:41,795 INFO Epoch 29, Itrs 23850/30000, Loss=0.094069
2023-05-21 23:11:47,952 INFO Epoch 30, Itrs 23900/30000, Loss=0.093440
2023-05-21 23:12:54,100 INFO Epoch 30, Itrs 23950/30000, Loss=0.093313
2023-05-21 23:13:59,860 INFO Epoch 31, Itrs 24000/30000, Loss=0.095363
2023-05-21 23:14:00,136 INFO Model saved as logs/2023_0521_2201_50_cs_base_run_continue/checkpoints/latest_deeplabv3plus_mobilenet_cityscapes_os16.pth
2023-05-21 23:14:00,136 INFO validation...
2023-05-21 23:14:21,613 INFO 
Overall Acc: 0.924122
Mean Acc: 0.649343
FreqW Acc: 0.866370
Mean IoU: 0.566295

2023-05-21 23:15:22,811 INFO Epoch 31, Itrs 24050/30000, Loss=0.095054
2023-05-21 23:16:29,533 INFO Epoch 32, Itrs 24100/30000, Loss=0.093569
2023-05-21 23:17:35,471 INFO Epoch 33, Itrs 24150/30000, Loss=0.094219
2023-05-21 23:18:40,667 INFO Epoch 33, Itrs 24200/30000, Loss=0.094230
2023-05-21 23:18:40,814 INFO Model saved as logs/2023_0521_2201_50_cs_base_run_continue/checkpoints/latest_deeplabv3plus_mobilenet_cityscapes_os16.pth
2023-05-21 23:18:40,814 INFO validation...
2023-05-21 23:19:02,247 INFO 
Overall Acc: 0.924160
Mean Acc: 0.639509
FreqW Acc: 0.865685
Mean IoU: 0.561347

2023-05-21 23:20:04,261 INFO Epoch 34, Itrs 24250/30000, Loss=0.093819
2023-05-21 23:21:09,592 INFO Epoch 34, Itrs 24300/30000, Loss=0.093676
2023-05-21 23:22:15,712 INFO Epoch 35, Itrs 24350/30000, Loss=0.093662
2023-05-21 23:23:21,112 INFO Epoch 35, Itrs 24400/30000, Loss=0.094975
2023-05-21 23:23:21,265 INFO Model saved as logs/2023_0521_2201_50_cs_base_run_continue/checkpoints/latest_deeplabv3plus_mobilenet_cityscapes_os16.pth
2023-05-21 23:23:21,265 INFO validation...
2023-05-21 23:23:42,559 INFO 
Overall Acc: 0.924688
Mean Acc: 0.649768
FreqW Acc: 0.866745
Mean IoU: 0.570131

2023-05-21 23:24:44,659 INFO Epoch 36, Itrs 24450/30000, Loss=0.093414
2023-05-21 23:25:50,179 INFO Epoch 36, Itrs 24500/30000, Loss=0.093827
2023-05-21 23:26:56,257 INFO Epoch 37, Itrs 24550/30000, Loss=0.093615
2023-05-21 23:28:01,595 INFO Epoch 37, Itrs 24600/30000, Loss=0.092807
2023-05-21 23:28:01,743 INFO Model saved as logs/2023_0521_2201_50_cs_base_run_continue/checkpoints/latest_deeplabv3plus_mobilenet_cityscapes_os16.pth
2023-05-21 23:28:01,743 INFO validation...
2023-05-21 23:28:22,977 INFO 
Overall Acc: 0.924337
Mean Acc: 0.650073
FreqW Acc: 0.866580
Mean IoU: 0.566782

2023-05-21 23:29:25,149 INFO Epoch 38, Itrs 24650/30000, Loss=0.093272
2023-05-21 23:30:31,436 INFO Epoch 39, Itrs 24700/30000, Loss=0.094283
2023-05-21 23:31:36,677 INFO Epoch 39, Itrs 24750/30000, Loss=0.092816
2023-05-21 23:32:42,884 INFO Epoch 40, Itrs 24800/30000, Loss=0.094248
2023-05-21 23:32:43,037 INFO Model saved as logs/2023_0521_2201_50_cs_base_run_continue/checkpoints/latest_deeplabv3plus_mobilenet_cityscapes_os16.pth
2023-05-21 23:32:43,037 INFO validation...
2023-05-21 23:33:04,791 INFO 
Overall Acc: 0.924092
Mean Acc: 0.645296
FreqW Acc: 0.865542
Mean IoU: 0.567069

2023-05-21 23:34:06,266 INFO Epoch 40, Itrs 24850/30000, Loss=0.091463
2023-05-21 23:35:11,983 INFO Epoch 41, Itrs 24900/30000, Loss=0.093556
2023-05-21 23:36:17,262 INFO Epoch 41, Itrs 24950/30000, Loss=0.093015
2023-05-21 23:37:23,895 INFO Epoch 42, Itrs 25000/30000, Loss=0.092999
2023-05-21 23:37:24,044 INFO Model saved as logs/2023_0521_2201_50_cs_base_run_continue/checkpoints/latest_deeplabv3plus_mobilenet_cityscapes_os16.pth
2023-05-21 23:37:24,044 INFO validation...
2023-05-21 23:37:45,392 INFO 
Overall Acc: 0.923904
Mean Acc: 0.648467
FreqW Acc: 0.865583
Mean IoU: 0.565869

2023-05-21 23:38:46,677 INFO Epoch 42, Itrs 25050/30000, Loss=0.093000
2023-05-21 23:39:52,649 INFO Epoch 43, Itrs 25100/30000, Loss=0.092895
2023-05-21 23:40:57,382 INFO Epoch 43, Itrs 25150/30000, Loss=0.093236
2023-05-21 23:42:03,335 INFO Epoch 44, Itrs 25200/30000, Loss=0.092945
2023-05-21 23:42:03,483 INFO Model saved as logs/2023_0521_2201_50_cs_base_run_continue/checkpoints/latest_deeplabv3plus_mobilenet_cityscapes_os16.pth
2023-05-21 23:42:03,483 INFO validation...
2023-05-21 23:42:24,746 INFO 
Overall Acc: 0.923865
Mean Acc: 0.648692
FreqW Acc: 0.865433
Mean IoU: 0.568776

2023-05-21 23:43:26,947 INFO Epoch 45, Itrs 25250/30000, Loss=0.092743
2023-05-21 23:44:31,808 INFO Epoch 45, Itrs 25300/30000, Loss=0.092031
2023-05-21 23:45:38,823 INFO Epoch 46, Itrs 25350/30000, Loss=0.092749
2023-05-21 23:46:44,056 INFO Epoch 46, Itrs 25400/30000, Loss=0.092065
2023-05-21 23:46:44,208 INFO Model saved as logs/2023_0521_2201_50_cs_base_run_continue/checkpoints/latest_deeplabv3plus_mobilenet_cityscapes_os16.pth
2023-05-21 23:46:44,209 INFO validation...
2023-05-21 23:47:05,421 INFO 
Overall Acc: 0.924106
Mean Acc: 0.647980
FreqW Acc: 0.866063
Mean IoU: 0.567614

2023-05-21 23:48:07,265 INFO Epoch 47, Itrs 25450/30000, Loss=0.092410
2023-05-21 23:49:12,520 INFO Epoch 47, Itrs 25500/30000, Loss=0.091923
2023-05-21 23:50:18,544 INFO Epoch 48, Itrs 25550/30000, Loss=0.091788
2023-05-21 23:51:24,029 INFO Epoch 48, Itrs 25600/30000, Loss=0.092795
2023-05-21 23:51:24,181 INFO Model saved as logs/2023_0521_2201_50_cs_base_run_continue/checkpoints/latest_deeplabv3plus_mobilenet_cityscapes_os16.pth
2023-05-21 23:51:24,182 INFO validation...
2023-05-21 23:51:46,170 INFO 
Overall Acc: 0.924454
Mean Acc: 0.657492
FreqW Acc: 0.866683
Mean IoU: 0.570424

2023-05-21 23:52:48,847 INFO Epoch 49, Itrs 25650/30000, Loss=0.091931
2023-05-21 23:53:54,159 INFO Epoch 49, Itrs 25700/30000, Loss=0.091710
2023-05-21 23:55:00,918 INFO Epoch 50, Itrs 25750/30000, Loss=0.092320
2023-05-21 23:56:06,401 INFO Epoch 50, Itrs 25800/30000, Loss=0.091625
2023-05-21 23:56:06,571 INFO Model saved as logs/2023_0521_2201_50_cs_base_run_continue/checkpoints/latest_deeplabv3plus_mobilenet_cityscapes_os16.pth
2023-05-21 23:56:06,571 INFO validation...
2023-05-21 23:56:28,277 INFO 
Overall Acc: 0.924267
Mean Acc: 0.645205
FreqW Acc: 0.866109
Mean IoU: 0.564364

2023-05-21 23:57:35,067 INFO Epoch 51, Itrs 25850/30000, Loss=0.091047
2023-05-21 23:58:40,711 INFO Epoch 52, Itrs 25900/30000, Loss=0.091648
2023-05-21 23:59:46,357 INFO Epoch 52, Itrs 25950/30000, Loss=0.091417
2023-05-22 00:00:52,491 INFO Epoch 53, Itrs 26000/30000, Loss=0.091697
2023-05-22 00:00:52,643 INFO Model saved as logs/2023_0521_2201_50_cs_base_run_continue/checkpoints/latest_deeplabv3plus_mobilenet_cityscapes_os16.pth
2023-05-22 00:00:52,644 INFO validation...
2023-05-22 00:01:14,361 INFO 
Overall Acc: 0.923479
Mean Acc: 0.640911
FreqW Acc: 0.864622
Mean IoU: 0.561518

2023-05-22 00:02:15,671 INFO Epoch 53, Itrs 26050/30000, Loss=0.091146
2023-05-22 00:03:21,460 INFO Epoch 54, Itrs 26100/30000, Loss=0.091917
2023-05-22 00:04:26,950 INFO Epoch 54, Itrs 26150/30000, Loss=0.090622
2023-05-22 00:05:32,728 INFO Epoch 55, Itrs 26200/30000, Loss=0.090421
2023-05-22 00:05:32,884 INFO Model saved as logs/2023_0521_2201_50_cs_base_run_continue/checkpoints/latest_deeplabv3plus_mobilenet_cityscapes_os16.pth
2023-05-22 00:05:32,884 INFO validation...
2023-05-22 00:05:54,276 INFO 
Overall Acc: 0.924224
Mean Acc: 0.647784
FreqW Acc: 0.865849
Mean IoU: 0.567512

2023-05-22 00:06:55,692 INFO Epoch 55, Itrs 26250/30000, Loss=0.090734
2023-05-22 00:08:02,033 INFO Epoch 56, Itrs 26300/30000, Loss=0.090689
2023-05-22 00:09:07,250 INFO Epoch 56, Itrs 26350/30000, Loss=0.091207
2023-05-22 00:10:13,473 INFO Epoch 57, Itrs 26400/30000, Loss=0.090485
2023-05-22 00:10:13,621 INFO Model saved as logs/2023_0521_2201_50_cs_base_run_continue/checkpoints/latest_deeplabv3plus_mobilenet_cityscapes_os16.pth
2023-05-22 00:10:13,622 INFO validation...
2023-05-22 00:10:35,072 INFO 
Overall Acc: 0.923836
Mean Acc: 0.651779
FreqW Acc: 0.866063
Mean IoU: 0.567105

2023-05-22 00:11:36,969 INFO Epoch 58, Itrs 26450/30000, Loss=0.090568
2023-05-22 00:12:42,081 INFO Epoch 58, Itrs 26500/30000, Loss=0.091451
2023-05-22 00:13:48,314 INFO Epoch 59, Itrs 26550/30000, Loss=0.091083
2023-05-22 00:14:53,362 INFO Epoch 59, Itrs 26600/30000, Loss=0.090399
2023-05-22 00:14:53,511 INFO Model saved as logs/2023_0521_2201_50_cs_base_run_continue/checkpoints/latest_deeplabv3plus_mobilenet_cityscapes_os16.pth
2023-05-22 00:14:53,511 INFO validation...
2023-05-22 00:15:14,822 INFO 
Overall Acc: 0.923989
Mean Acc: 0.649144
FreqW Acc: 0.866131
Mean IoU: 0.565415

2023-05-22 00:16:17,188 INFO Epoch 60, Itrs 26650/30000, Loss=0.090604
2023-05-22 00:17:22,258 INFO Epoch 60, Itrs 26700/30000, Loss=0.089924
2023-05-22 00:18:29,068 INFO Epoch 61, Itrs 26750/30000, Loss=0.089554
2023-05-22 00:19:34,681 INFO Epoch 61, Itrs 26800/30000, Loss=0.091053
2023-05-22 00:19:34,832 INFO Model saved as logs/2023_0521_2201_50_cs_base_run_continue/checkpoints/latest_deeplabv3plus_mobilenet_cityscapes_os16.pth
2023-05-22 00:19:34,832 INFO validation...
2023-05-22 00:19:56,067 INFO 
Overall Acc: 0.923686
Mean Acc: 0.650523
FreqW Acc: 0.865933
Mean IoU: 0.564118

2023-05-22 00:20:58,476 INFO Epoch 62, Itrs 26850/30000, Loss=0.090374
2023-05-22 00:22:03,442 INFO Epoch 62, Itrs 26900/30000, Loss=0.090996
2023-05-22 00:23:09,578 INFO Epoch 63, Itrs 26950/30000, Loss=0.090380
2023-05-22 00:24:16,063 INFO Epoch 64, Itrs 27000/30000, Loss=0.088905
2023-05-22 00:24:16,216 INFO Model saved as logs/2023_0521_2201_50_cs_base_run_continue/checkpoints/latest_deeplabv3plus_mobilenet_cityscapes_os16.pth
2023-05-22 00:24:16,216 INFO validation...
2023-05-22 00:24:37,997 INFO 
Overall Acc: 0.924165
Mean Acc: 0.649550
FreqW Acc: 0.866111
Mean IoU: 0.566822

2023-05-22 00:25:39,756 INFO Epoch 64, Itrs 27050/30000, Loss=0.090044
2023-05-22 00:26:45,678 INFO Epoch 65, Itrs 27100/30000, Loss=0.090407
2023-05-22 00:27:51,461 INFO Epoch 65, Itrs 27150/30000, Loss=0.090561
2023-05-22 00:28:57,327 INFO Epoch 66, Itrs 27200/30000, Loss=0.089659
2023-05-22 00:28:57,479 INFO Model saved as logs/2023_0521_2201_50_cs_base_run_continue/checkpoints/latest_deeplabv3plus_mobilenet_cityscapes_os16.pth
2023-05-22 00:28:57,479 INFO validation...
2023-05-22 00:29:18,763 INFO 
Overall Acc: 0.923950
Mean Acc: 0.646249
FreqW Acc: 0.865724
Mean IoU: 0.563103

2023-05-22 00:30:19,854 INFO Epoch 66, Itrs 27250/30000, Loss=0.090482
2023-05-22 00:31:25,488 INFO Epoch 67, Itrs 27300/30000, Loss=0.088959
2023-05-22 00:32:30,616 INFO Epoch 67, Itrs 27350/30000, Loss=0.089759
2023-05-22 00:33:36,585 INFO Epoch 68, Itrs 27400/30000, Loss=0.090529
2023-05-22 00:33:36,734 INFO Model saved as logs/2023_0521_2201_50_cs_base_run_continue/checkpoints/latest_deeplabv3plus_mobilenet_cityscapes_os16.pth
2023-05-22 00:33:36,734 INFO validation...
2023-05-22 00:33:58,146 INFO 
Overall Acc: 0.924101
Mean Acc: 0.650260
FreqW Acc: 0.866186
Mean IoU: 0.566696

2023-05-22 00:34:59,876 INFO Epoch 68, Itrs 27450/30000, Loss=0.088617
2023-05-22 00:36:05,488 INFO Epoch 69, Itrs 27500/30000, Loss=0.089661
2023-05-22 00:37:11,899 INFO Epoch 70, Itrs 27550/30000, Loss=0.089077
2023-05-22 00:38:16,859 INFO Epoch 70, Itrs 27600/30000, Loss=0.088304
2023-05-22 00:38:17,020 INFO Model saved as logs/2023_0521_2201_50_cs_base_run_continue/checkpoints/latest_deeplabv3plus_mobilenet_cityscapes_os16.pth
2023-05-22 00:38:17,020 INFO validation...
2023-05-22 00:38:38,522 INFO 
Overall Acc: 0.923874
Mean Acc: 0.641470
FreqW Acc: 0.865266
Mean IoU: 0.563564

2023-05-22 00:39:40,570 INFO Epoch 71, Itrs 27650/30000, Loss=0.089395
2023-05-22 00:40:45,298 INFO Epoch 71, Itrs 27700/30000, Loss=0.088675
2023-05-22 00:41:50,943 INFO Epoch 72, Itrs 27750/30000, Loss=0.089348
2023-05-22 00:42:56,189 INFO Epoch 72, Itrs 27800/30000, Loss=0.089785
2023-05-22 00:42:56,338 INFO Model saved as logs/2023_0521_2201_50_cs_base_run_continue/checkpoints/latest_deeplabv3plus_mobilenet_cityscapes_os16.pth
2023-05-22 00:42:56,339 INFO validation...
2023-05-22 00:43:17,884 INFO 
Overall Acc: 0.923846
Mean Acc: 0.644721
FreqW Acc: 0.865589
Mean IoU: 0.563981

2023-05-22 00:44:20,415 INFO Epoch 73, Itrs 27850/30000, Loss=0.088135
2023-05-22 00:45:25,428 INFO Epoch 73, Itrs 27900/30000, Loss=0.089160
2023-05-22 00:46:30,875 INFO Epoch 74, Itrs 27950/30000, Loss=0.088913
2023-05-22 00:47:35,634 INFO Epoch 74, Itrs 28000/30000, Loss=0.088343
2023-05-22 00:47:35,796 INFO Model saved as logs/2023_0521_2201_50_cs_base_run_continue/checkpoints/latest_deeplabv3plus_mobilenet_cityscapes_os16.pth
2023-05-22 00:47:35,796 INFO validation...
2023-05-22 00:47:57,829 INFO 
Overall Acc: 0.923935
Mean Acc: 0.645668
FreqW Acc: 0.865655
Mean IoU: 0.566063

2023-05-22 00:48:59,572 INFO Epoch 75, Itrs 28050/30000, Loss=0.088896
2023-05-22 00:50:04,184 INFO Epoch 75, Itrs 28100/30000, Loss=0.088904
2023-05-22 00:51:10,268 INFO Epoch 76, Itrs 28150/30000, Loss=0.088650
2023-05-22 00:52:15,964 INFO Epoch 77, Itrs 28200/30000, Loss=0.088437
2023-05-22 00:52:16,116 INFO Model saved as logs/2023_0521_2201_50_cs_base_run_continue/checkpoints/latest_deeplabv3plus_mobilenet_cityscapes_os16.pth
2023-05-22 00:52:16,116 INFO validation...
2023-05-22 00:52:37,664 INFO 
Overall Acc: 0.924172
Mean Acc: 0.648233
FreqW Acc: 0.866117
Mean IoU: 0.566230

2023-05-22 00:53:38,632 INFO Epoch 77, Itrs 28250/30000, Loss=0.088126
2023-05-22 00:54:44,157 INFO Epoch 78, Itrs 28300/30000, Loss=0.087687
2023-05-22 00:55:49,353 INFO Epoch 78, Itrs 28350/30000, Loss=0.088180
2023-05-22 00:56:54,476 INFO Epoch 79, Itrs 28400/30000, Loss=0.089463
2023-05-22 00:56:54,625 INFO Model saved as logs/2023_0521_2201_50_cs_base_run_continue/checkpoints/latest_deeplabv3plus_mobilenet_cityscapes_os16.pth
2023-05-22 00:56:54,625 INFO validation...
2023-05-22 00:57:16,703 INFO 
Overall Acc: 0.924062
Mean Acc: 0.648797
FreqW Acc: 0.866004
Mean IoU: 0.567160

2023-05-22 00:58:17,464 INFO Epoch 79, Itrs 28450/30000, Loss=0.087625
2023-05-22 00:59:23,304 INFO Epoch 80, Itrs 28500/30000, Loss=0.088076
2023-05-22 01:00:28,330 INFO Epoch 80, Itrs 28550/30000, Loss=0.088208
2023-05-22 01:01:34,446 INFO Epoch 81, Itrs 28600/30000, Loss=0.089050
2023-05-22 01:01:34,596 INFO Model saved as logs/2023_0521_2201_50_cs_base_run_continue/checkpoints/latest_deeplabv3plus_mobilenet_cityscapes_os16.pth
2023-05-22 01:01:34,597 INFO validation...
2023-05-22 01:01:55,974 INFO 
Overall Acc: 0.924030
Mean Acc: 0.647966
FreqW Acc: 0.865681
Mean IoU: 0.566432

2023-05-22 01:02:56,959 INFO Epoch 81, Itrs 28650/30000, Loss=0.087778
2023-05-22 01:04:02,994 INFO Epoch 82, Itrs 28700/30000, Loss=0.087361
2023-05-22 01:05:08,425 INFO Epoch 83, Itrs 28750/30000, Loss=0.088042
2023-05-22 01:06:12,935 INFO Epoch 83, Itrs 28800/30000, Loss=0.087786
2023-05-22 01:06:13,093 INFO Model saved as logs/2023_0521_2201_50_cs_base_run_continue/checkpoints/latest_deeplabv3plus_mobilenet_cityscapes_os16.pth
2023-05-22 01:06:13,093 INFO validation...
2023-05-22 01:06:34,770 INFO 
Overall Acc: 0.924151
Mean Acc: 0.646537
FreqW Acc: 0.865803
Mean IoU: 0.566588

2023-05-22 01:07:36,269 INFO Epoch 84, Itrs 28850/30000, Loss=0.087206
2023-05-22 01:08:40,793 INFO Epoch 84, Itrs 28900/30000, Loss=0.086910
2023-05-22 01:09:46,326 INFO Epoch 85, Itrs 28950/30000, Loss=0.087901
2023-05-22 01:10:51,363 INFO Epoch 85, Itrs 29000/30000, Loss=0.087667
2023-05-22 01:10:51,514 INFO Model saved as logs/2023_0521_2201_50_cs_base_run_continue/checkpoints/latest_deeplabv3plus_mobilenet_cityscapes_os16.pth
2023-05-22 01:10:51,515 INFO validation...
2023-05-22 01:11:12,873 INFO 
Overall Acc: 0.923971
Mean Acc: 0.642702
FreqW Acc: 0.865568
Mean IoU: 0.563853

2023-05-22 01:12:14,797 INFO Epoch 86, Itrs 29050/30000, Loss=0.086601
2023-05-22 01:13:19,453 INFO Epoch 86, Itrs 29100/30000, Loss=0.087591
2023-05-22 01:14:25,287 INFO Epoch 87, Itrs 29150/30000, Loss=0.086960
2023-05-22 01:15:29,974 INFO Epoch 87, Itrs 29200/30000, Loss=0.087377
2023-05-22 01:15:30,120 INFO Model saved as logs/2023_0521_2201_50_cs_base_run_continue/checkpoints/latest_deeplabv3plus_mobilenet_cityscapes_os16.pth
2023-05-22 01:15:30,121 INFO validation...
2023-05-22 01:15:51,620 INFO 
Overall Acc: 0.923979
Mean Acc: 0.645072
FreqW Acc: 0.865627
Mean IoU: 0.564928

2023-05-22 01:16:53,173 INFO Epoch 88, Itrs 29250/30000, Loss=0.087089
2023-05-22 01:17:58,523 INFO Epoch 89, Itrs 29300/30000, Loss=0.086952
2023-05-22 01:19:03,128 INFO Epoch 89, Itrs 29350/30000, Loss=0.087123
2023-05-22 01:20:08,924 INFO Epoch 90, Itrs 29400/30000, Loss=0.086803
2023-05-22 01:20:09,110 INFO Model saved as logs/2023_0521_2201_50_cs_base_run_continue/checkpoints/latest_deeplabv3plus_mobilenet_cityscapes_os16.pth
2023-05-22 01:20:09,110 INFO validation...
2023-05-22 01:20:30,870 INFO 
Overall Acc: 0.924051
Mean Acc: 0.649451
FreqW Acc: 0.865920
Mean IoU: 0.566310

2023-05-22 01:21:31,478 INFO Epoch 90, Itrs 29450/30000, Loss=0.087490
2023-05-22 01:22:36,657 INFO Epoch 91, Itrs 29500/30000, Loss=0.087059
2023-05-22 01:23:41,069 INFO Epoch 91, Itrs 29550/30000, Loss=0.087207
2023-05-22 01:24:47,393 INFO Epoch 92, Itrs 29600/30000, Loss=0.087007
2023-05-22 01:24:47,545 INFO Model saved as logs/2023_0521_2201_50_cs_base_run_continue/checkpoints/latest_deeplabv3plus_mobilenet_cityscapes_os16.pth
2023-05-22 01:24:47,546 INFO validation...
2023-05-22 01:25:09,137 INFO 
Overall Acc: 0.923935
Mean Acc: 0.646817
FreqW Acc: 0.865805
Mean IoU: 0.564704

2023-05-22 01:26:10,587 INFO Epoch 92, Itrs 29650/30000, Loss=0.086591
2023-05-22 01:27:16,997 INFO Epoch 93, Itrs 29700/30000, Loss=0.086989
2023-05-22 01:28:21,854 INFO Epoch 93, Itrs 29750/30000, Loss=0.087565
2023-05-22 01:29:27,106 INFO Epoch 94, Itrs 29800/30000, Loss=0.085742
2023-05-22 01:29:27,258 INFO Model saved as logs/2023_0521_2201_50_cs_base_run_continue/checkpoints/latest_deeplabv3plus_mobilenet_cityscapes_os16.pth
2023-05-22 01:29:27,258 INFO validation...
2023-05-22 01:29:49,120 INFO 
Overall Acc: 0.924077
Mean Acc: 0.645773
FreqW Acc: 0.865917
Mean IoU: 0.564505

2023-05-22 01:30:50,615 INFO Epoch 95, Itrs 29850/30000, Loss=0.087465
2023-05-22 01:31:55,125 INFO Epoch 95, Itrs 29900/30000, Loss=0.086773
2023-05-22 01:33:00,781 INFO Epoch 96, Itrs 29950/30000, Loss=0.085962
2023-05-22 01:34:05,290 INFO Epoch 96, Itrs 30000/30000, Loss=0.087195
2023-05-22 01:34:05,444 INFO Model saved as logs/2023_0521_2201_50_cs_base_run_continue/checkpoints/latest_deeplabv3plus_mobilenet_cityscapes_os16.pth
2023-05-22 01:34:05,444 INFO validation...
2023-05-22 01:34:26,865 INFO 
Overall Acc: 0.924085
Mean Acc: 0.645617
FreqW Acc: 0.865928
Mean IoU: 0.564813

