2023-06-07 23:28:03,401 INFO Device: cuda
2023-06-07 23:28:03,403 INFO Random Seed: 1 

2023-06-07 23:28:03,404 INFO Options: {'aug_json': '/mnt/raid/home/eyal_michaeli/datasets/cityscapes/aug_json_files/cityscapes/ip2p/cs_ip2p_2x_constant_instructions_image_w_1.5_filtered_lpips_0.1_0.48.json',
 'aug_sample_ratio': 0.2,
 'batch_size': 32,
 'ckpt': None,
 'continue_training': False,
 'crop_size': 256,
 'crop_val': False,
 'data_root': '/mnt/raid/home/eyal_michaeli/datasets/cityscapes',
 'dataset': 'cityscapes',
 'download': False,
 'gpu_id': '3',
 'logdir': 'logs/2023_0607_2328_03_cs_subset_2k_aug_ratio_0.2_cs_ip2p_2x_constant_instructions_image_w_1.5_lpips_filter_0.1_0.48',
 'loss_type': 'cross_entropy',
 'lr': 0.2,
 'lr_policy': 'poly',
 'model': 'deeplabv3plus_mobilenet',
 'num_classes': 19,
 'output_stride': 16,
 'print_interval': 50,
 'random_seed': 1,
 'save_val_results': True,
 'separable_conv': False,
 'step_size': 10000,
 'test_only': False,
 'total_itrs': 30000.0,
 'train_sample_ratio': 0.67,
 'val_batch_size': 4,
 'val_interval': 100,
 'weight_decay': 0.0001,
 'year': '2012'}
2023-06-07 23:28:03,418 INFO Found 2975 train images
2023-06-07 23:28:03,418 INFO Found 2975 train targets
2023-06-07 23:28:03,418 INFO With ratio 0.67, using only 1993 images for training, out of 1993
2023-06-07 23:28:03,422 INFO Using augmented images with ratio 0.2
2023-06-07 23:28:03,422 INFO Number of augmented images: 2975
2023-06-07 23:28:03,422 INFO json file: /mnt/raid/home/eyal_michaeli/datasets/cityscapes/aug_json_files/cityscapes/ip2p/cs_ip2p_2x_constant_instructions_image_w_1.5_filtered_lpips_0.1_0.48.json
2023-06-07 23:28:03,424 INFO Found 500 val images
2023-06-07 23:28:03,425 INFO Found 500 val targets
2023-06-07 23:28:03,425 INFO Not using augmented images
2023-06-07 23:28:03,425 INFO Dataset: cityscapes, Train set: 1993, Val set: 500
2023-06-07 23:28:03,562 INFO [!] Training from scratch, no checkpoint file used
2023-06-07 23:28:04,900 INFO 
Current epoch: 1
2023-06-07 23:28:10,730 INFO validation...
2023-06-07 23:28:34,599 INFO 
Overall Acc: 0.2127
Mean Acc: 0.0567
FreqW Acc: 0.0669
Mean IoU: 0.0180

2023-06-07 23:28:34,680 INFO Model saved as logs/2023_0607_2328_03_cs_subset_2k_aug_ratio_0.2_cs_ip2p_2x_constant_instructions_image_w_1.5_lpips_filter_0.1_0.48/checkpoints/best_deeplabv3plus_mobilenet_cityscapes_os16_iter1_epoch1_miou0.0180.pth
2023-06-07 23:29:44,601 INFO Epoch 1, Itrs 50/30000, Loss=0.742923
2023-06-07 23:30:02,506 INFO 
Current epoch: 2
2023-06-07 23:31:00,948 INFO Epoch 2, Itrs 100/30000, Loss=0.433262
2023-06-07 23:31:00,949 INFO validation...
2023-06-07 23:31:25,922 INFO 
Overall Acc: 0.8407
Mean Acc: 0.3424
FreqW Acc: 0.7280
Mean IoU: 0.2829

2023-06-07 23:31:26,008 INFO Model saved as logs/2023_0607_2328_03_cs_subset_2k_aug_ratio_0.2_cs_ip2p_2x_constant_instructions_image_w_1.5_lpips_filter_0.1_0.48/checkpoints/best_deeplabv3plus_mobilenet_cityscapes_os16_iter100_epoch2_miou0.2829.pth
2023-06-07 23:31:58,019 INFO 
Current epoch: 3
2023-06-07 23:32:38,371 INFO Epoch 3, Itrs 150/30000, Loss=0.357275
2023-06-07 23:33:32,286 INFO 
Current epoch: 4
2023-06-07 23:33:53,974 INFO Epoch 4, Itrs 200/30000, Loss=0.329760
2023-06-07 23:33:53,975 INFO validation...
2023-06-07 23:34:18,057 INFO 
Overall Acc: 0.8689
Mean Acc: 0.3782
FreqW Acc: 0.7714
Mean IoU: 0.3308

2023-06-07 23:34:18,133 INFO Model saved as logs/2023_0607_2328_03_cs_subset_2k_aug_ratio_0.2_cs_ip2p_2x_constant_instructions_image_w_1.5_lpips_filter_0.1_0.48/checkpoints/best_deeplabv3plus_mobilenet_cityscapes_os16_iter200_epoch4_miou0.3308.pth
2023-06-07 23:35:26,278 INFO 
Current epoch: 5
2023-06-07 23:35:30,120 INFO Epoch 5, Itrs 250/30000, Loss=0.316185
2023-06-07 23:36:45,633 INFO Epoch 5, Itrs 300/30000, Loss=0.294444
2023-06-07 23:36:45,634 INFO validation...
2023-06-07 23:37:10,622 INFO 
Overall Acc: 0.8810
Mean Acc: 0.4601
FreqW Acc: 0.7957
Mean IoU: 0.3937

2023-06-07 23:37:10,702 INFO Model saved as logs/2023_0607_2328_03_cs_subset_2k_aug_ratio_0.2_cs_ip2p_2x_constant_instructions_image_w_1.5_lpips_filter_0.1_0.48/checkpoints/best_deeplabv3plus_mobilenet_cityscapes_os16_iter300_epoch5_miou0.3937.pth
2023-06-07 23:37:21,172 INFO 
Current epoch: 6
2023-06-07 23:38:21,576 INFO Epoch 6, Itrs 350/30000, Loss=0.278897
2023-06-07 23:38:54,862 INFO 
Current epoch: 7
2023-06-07 23:39:38,145 INFO Epoch 7, Itrs 400/30000, Loss=0.270438
2023-06-07 23:39:38,146 INFO validation...
2023-06-07 23:40:02,956 INFO 
Overall Acc: 0.8773
Mean Acc: 0.4773
FreqW Acc: 0.7940
Mean IoU: 0.3951

2023-06-07 23:40:03,044 INFO Model saved as logs/2023_0607_2328_03_cs_subset_2k_aug_ratio_0.2_cs_ip2p_2x_constant_instructions_image_w_1.5_lpips_filter_0.1_0.48/checkpoints/best_deeplabv3plus_mobilenet_cityscapes_os16_iter400_epoch7_miou0.3951.pth
2023-06-07 23:40:51,103 INFO 
Current epoch: 8
2023-06-07 23:41:15,670 INFO Epoch 8, Itrs 450/30000, Loss=0.262518
2023-06-07 23:42:24,203 INFO 
Current epoch: 9
2023-06-07 23:42:31,078 INFO Epoch 9, Itrs 500/30000, Loss=0.253296
2023-06-07 23:42:31,079 INFO validation...
2023-06-07 23:42:56,435 INFO 
Overall Acc: 0.8936
Mean Acc: 0.5243
FreqW Acc: 0.8166
Mean IoU: 0.4442

2023-06-07 23:42:56,507 INFO Model saved as logs/2023_0607_2328_03_cs_subset_2k_aug_ratio_0.2_cs_ip2p_2x_constant_instructions_image_w_1.5_lpips_filter_0.1_0.48/checkpoints/best_deeplabv3plus_mobilenet_cityscapes_os16_iter500_epoch9_miou0.4442.pth
2023-06-07 23:44:07,850 INFO Epoch 9, Itrs 550/30000, Loss=0.251035
2023-06-07 23:44:19,916 INFO 
Current epoch: 10
2023-06-07 23:45:24,255 INFO Epoch 10, Itrs 600/30000, Loss=0.252957
2023-06-07 23:45:24,256 INFO validation...
2023-06-07 23:45:48,885 INFO 
Overall Acc: 0.8987
Mean Acc: 0.5586
FreqW Acc: 0.8257
Mean IoU: 0.4691

2023-06-07 23:45:48,961 INFO Model saved as logs/2023_0607_2328_03_cs_subset_2k_aug_ratio_0.2_cs_ip2p_2x_constant_instructions_image_w_1.5_lpips_filter_0.1_0.48/checkpoints/best_deeplabv3plus_mobilenet_cityscapes_os16_iter600_epoch10_miou0.4691.pth
2023-06-07 23:46:14,735 INFO 
Current epoch: 11
2023-06-07 23:47:00,997 INFO Epoch 11, Itrs 650/30000, Loss=0.244669
2023-06-07 23:47:48,982 INFO 
Current epoch: 12
2023-06-07 23:48:17,044 INFO Epoch 12, Itrs 700/30000, Loss=0.241104
2023-06-07 23:48:17,045 INFO validation...
2023-06-07 23:48:42,541 INFO 
Overall Acc: 0.9013
Mean Acc: 0.5607
FreqW Acc: 0.8302
Mean IoU: 0.4711

2023-06-07 23:48:42,625 INFO Model saved as logs/2023_0607_2328_03_cs_subset_2k_aug_ratio_0.2_cs_ip2p_2x_constant_instructions_image_w_1.5_lpips_filter_0.1_0.48/checkpoints/best_deeplabv3plus_mobilenet_cityscapes_os16_iter700_epoch12_miou0.4711.pth
2023-06-07 23:49:46,040 INFO 
Current epoch: 13
2023-06-07 23:49:55,836 INFO Epoch 13, Itrs 750/30000, Loss=0.233614
2023-06-07 23:51:11,266 INFO Epoch 13, Itrs 800/30000, Loss=0.231039
2023-06-07 23:51:11,266 INFO validation...
2023-06-07 23:51:36,757 INFO 
Overall Acc: 0.9022
Mean Acc: 0.5349
FreqW Acc: 0.8314
Mean IoU: 0.4592

2023-06-07 23:51:41,589 INFO 
Current epoch: 14
2023-06-07 23:52:48,255 INFO Epoch 14, Itrs 850/30000, Loss=0.221926
2023-06-07 23:53:16,181 INFO 
Current epoch: 15
2023-06-07 23:54:05,304 INFO Epoch 15, Itrs 900/30000, Loss=0.223138
2023-06-07 23:54:05,305 INFO validation...
2023-06-07 23:54:29,270 INFO 
Overall Acc: 0.9028
Mean Acc: 0.5666
FreqW Acc: 0.8332
Mean IoU: 0.4809

2023-06-07 23:54:29,347 INFO Model saved as logs/2023_0607_2328_03_cs_subset_2k_aug_ratio_0.2_cs_ip2p_2x_constant_instructions_image_w_1.5_lpips_filter_0.1_0.48/checkpoints/best_deeplabv3plus_mobilenet_cityscapes_os16_iter900_epoch15_miou0.4809.pth
2023-06-07 23:55:10,213 INFO 
Current epoch: 16
2023-06-07 23:55:40,767 INFO Epoch 16, Itrs 950/30000, Loss=0.214517
2023-06-07 23:56:43,711 INFO 
Current epoch: 17
2023-06-07 23:56:56,605 INFO Epoch 17, Itrs 1000/30000, Loss=0.215999
2023-06-07 23:56:56,606 INFO validation...
2023-06-07 23:57:21,266 INFO 
Overall Acc: 0.9040
Mean Acc: 0.5793
FreqW Acc: 0.8348
Mean IoU: 0.4902

2023-06-07 23:57:21,338 INFO Model saved as logs/2023_0607_2328_03_cs_subset_2k_aug_ratio_0.2_cs_ip2p_2x_constant_instructions_image_w_1.5_lpips_filter_0.1_0.48/checkpoints/best_deeplabv3plus_mobilenet_cityscapes_os16_iter1000_epoch17_miou0.4902.pth
2023-06-07 23:58:31,622 INFO Epoch 17, Itrs 1050/30000, Loss=0.212184
2023-06-07 23:58:38,211 INFO 
Current epoch: 18
2023-06-07 23:59:48,085 INFO Epoch 18, Itrs 1100/30000, Loss=0.211403
2023-06-07 23:59:48,086 INFO validation...
2023-06-08 00:00:12,479 INFO 
Overall Acc: 0.9043
Mean Acc: 0.5644
FreqW Acc: 0.8352
Mean IoU: 0.4850

2023-06-08 00:00:31,197 INFO 
Current epoch: 19
2023-06-08 00:01:23,282 INFO Epoch 19, Itrs 1150/30000, Loss=0.208467
2023-06-08 00:02:05,191 INFO 
Current epoch: 20
2023-06-08 00:02:38,566 INFO Epoch 20, Itrs 1200/30000, Loss=0.199842
2023-06-08 00:02:38,566 INFO validation...
2023-06-08 00:03:03,352 INFO 
Overall Acc: 0.9073
Mean Acc: 0.5822
FreqW Acc: 0.8385
Mean IoU: 0.4996

2023-06-08 00:03:03,433 INFO Model saved as logs/2023_0607_2328_03_cs_subset_2k_aug_ratio_0.2_cs_ip2p_2x_constant_instructions_image_w_1.5_lpips_filter_0.1_0.48/checkpoints/best_deeplabv3plus_mobilenet_cityscapes_os16_iter1200_epoch20_miou0.4996.pth
2023-06-08 00:03:59,071 INFO 
Current epoch: 21
2023-06-08 00:04:14,664 INFO Epoch 21, Itrs 1250/30000, Loss=0.202631
2023-06-08 00:05:29,213 INFO Epoch 21, Itrs 1300/30000, Loss=0.200381
2023-06-08 00:05:29,214 INFO validation...
2023-06-08 00:05:53,478 INFO 
Overall Acc: 0.9075
Mean Acc: 0.5703
FreqW Acc: 0.8392
Mean IoU: 0.4917

2023-06-08 00:05:53,792 INFO 
Current epoch: 22
2023-06-08 00:07:06,399 INFO Epoch 22, Itrs 1350/30000, Loss=0.196600
2023-06-08 00:07:27,266 INFO 
Current epoch: 23
2023-06-08 00:08:21,276 INFO Epoch 23, Itrs 1400/30000, Loss=0.195004
2023-06-08 00:08:21,276 INFO validation...
2023-06-08 00:08:45,983 INFO 
Overall Acc: 0.9078
Mean Acc: 0.5808
FreqW Acc: 0.8379
Mean IoU: 0.4996

2023-06-08 00:08:46,066 INFO Model saved as logs/2023_0607_2328_03_cs_subset_2k_aug_ratio_0.2_cs_ip2p_2x_constant_instructions_image_w_1.5_lpips_filter_0.1_0.48/checkpoints/best_deeplabv3plus_mobilenet_cityscapes_os16_iter1400_epoch23_miou0.4996.pth
2023-06-08 00:09:18,853 INFO 
Current epoch: 24
2023-06-08 00:09:55,342 INFO Epoch 24, Itrs 1450/30000, Loss=0.192472
2023-06-08 00:10:51,405 INFO 
Current epoch: 25
2023-06-08 00:11:09,897 INFO Epoch 25, Itrs 1500/30000, Loss=0.191525
2023-06-08 00:11:09,898 INFO validation...
2023-06-08 00:11:34,815 INFO 
Overall Acc: 0.9096
Mean Acc: 0.5838
FreqW Acc: 0.8425
Mean IoU: 0.4968

2023-06-08 00:12:44,930 INFO Epoch 25, Itrs 1550/30000, Loss=0.193588
2023-06-08 00:12:45,023 INFO 
Current epoch: 26
2023-06-08 00:14:01,198 INFO Epoch 26, Itrs 1600/30000, Loss=0.185070
2023-06-08 00:14:01,199 INFO validation...
2023-06-08 00:14:25,195 INFO 
Overall Acc: 0.9074
Mean Acc: 0.5814
FreqW Acc: 0.8405
Mean IoU: 0.4952

2023-06-08 00:14:37,799 INFO 
Current epoch: 27
2023-06-08 00:15:35,517 INFO Epoch 27, Itrs 1650/30000, Loss=0.187701
2023-06-08 00:16:11,909 INFO 
Current epoch: 28
2023-06-08 00:16:50,981 INFO Epoch 28, Itrs 1700/30000, Loss=0.185805
2023-06-08 00:16:50,982 INFO validation...
2023-06-08 00:17:15,372 INFO 
Overall Acc: 0.9106
Mean Acc: 0.6020
FreqW Acc: 0.8448
Mean IoU: 0.5129

2023-06-08 00:17:15,449 INFO Model saved as logs/2023_0607_2328_03_cs_subset_2k_aug_ratio_0.2_cs_ip2p_2x_constant_instructions_image_w_1.5_lpips_filter_0.1_0.48/checkpoints/best_deeplabv3plus_mobilenet_cityscapes_os16_iter1700_epoch28_miou0.5129.pth
2023-06-08 00:18:04,009 INFO 
Current epoch: 29
2023-06-08 00:18:25,365 INFO Epoch 29, Itrs 1750/30000, Loss=0.184433
2023-06-08 00:19:37,895 INFO 
Current epoch: 30
2023-06-08 00:19:41,724 INFO Epoch 30, Itrs 1800/30000, Loss=0.183167
2023-06-08 00:19:41,725 INFO validation...
2023-06-08 00:20:06,958 INFO 
Overall Acc: 0.9132
Mean Acc: 0.5936
FreqW Acc: 0.8483
Mean IoU: 0.5112

2023-06-08 00:21:17,146 INFO Epoch 30, Itrs 1850/30000, Loss=0.177674
2023-06-08 00:21:32,637 INFO 
Current epoch: 31
2023-06-08 00:22:31,972 INFO Epoch 31, Itrs 1900/30000, Loss=0.179061
2023-06-08 00:22:31,973 INFO validation...
2023-06-08 00:22:56,263 INFO 
Overall Acc: 0.9111
Mean Acc: 0.6039
FreqW Acc: 0.8433
Mean IoU: 0.5197

2023-06-08 00:22:56,348 INFO Model saved as logs/2023_0607_2328_03_cs_subset_2k_aug_ratio_0.2_cs_ip2p_2x_constant_instructions_image_w_1.5_lpips_filter_0.1_0.48/checkpoints/best_deeplabv3plus_mobilenet_cityscapes_os16_iter1900_epoch31_miou0.5197.pth
2023-06-08 00:23:23,794 INFO 
Current epoch: 32
2023-06-08 00:24:06,237 INFO Epoch 32, Itrs 1950/30000, Loss=0.181430
2023-06-08 00:24:56,562 INFO 
Current epoch: 33
2023-06-08 00:25:20,575 INFO Epoch 33, Itrs 2000/30000, Loss=0.177718
2023-06-08 00:25:20,575 INFO validation...
2023-06-08 00:25:45,218 INFO 
Overall Acc: 0.9113
Mean Acc: 0.5883
FreqW Acc: 0.8444
Mean IoU: 0.5119

2023-06-08 00:26:47,787 INFO 
Current epoch: 34
2023-06-08 00:26:54,531 INFO Epoch 34, Itrs 2050/30000, Loss=0.175251
2023-06-08 00:28:09,406 INFO Epoch 34, Itrs 2100/30000, Loss=0.177017
2023-06-08 00:28:09,407 INFO validation...
2023-06-08 00:28:34,363 INFO 
Overall Acc: 0.9125
Mean Acc: 0.5959
FreqW Acc: 0.8472
Mean IoU: 0.5134

2023-06-08 00:28:41,777 INFO 
Current epoch: 35
2023-06-08 00:29:45,493 INFO Epoch 35, Itrs 2150/30000, Loss=0.171527
2023-06-08 00:30:15,088 INFO 
Current epoch: 36
2023-06-08 00:30:59,964 INFO Epoch 36, Itrs 2200/30000, Loss=0.170767
2023-06-08 00:30:59,965 INFO validation...
2023-06-08 00:31:24,746 INFO 
Overall Acc: 0.9134
Mean Acc: 0.6032
FreqW Acc: 0.8486
Mean IoU: 0.5176

2023-06-08 00:32:07,889 INFO 
Current epoch: 37
2023-06-08 00:32:35,506 INFO Epoch 37, Itrs 2250/30000, Loss=0.171010
2023-06-08 00:33:41,291 INFO 
Current epoch: 38
2023-06-08 00:33:50,942 INFO Epoch 38, Itrs 2300/30000, Loss=0.167486
2023-06-08 00:33:50,943 INFO validation...
2023-06-08 00:34:14,860 INFO 
Overall Acc: 0.9137
Mean Acc: 0.5961
FreqW Acc: 0.8488
Mean IoU: 0.5190

2023-06-08 00:35:23,336 INFO Epoch 38, Itrs 2350/30000, Loss=0.166894
2023-06-08 00:35:32,130 INFO 
Current epoch: 39
2023-06-08 00:36:37,857 INFO Epoch 39, Itrs 2400/30000, Loss=0.165578
2023-06-08 00:36:37,858 INFO validation...
2023-06-08 00:37:02,449 INFO 
Overall Acc: 0.9118
Mean Acc: 0.5843
FreqW Acc: 0.8455
Mean IoU: 0.5103

2023-06-08 00:37:24,581 INFO 
Current epoch: 40
2023-06-08 00:38:13,017 INFO Epoch 40, Itrs 2450/30000, Loss=0.165510
2023-06-08 00:38:57,331 INFO 
Current epoch: 41
2023-06-08 00:39:27,853 INFO Epoch 41, Itrs 2500/30000, Loss=0.161816
2023-06-08 00:39:27,853 INFO validation...
2023-06-08 00:39:52,311 INFO 
Overall Acc: 0.9153
Mean Acc: 0.6213
FreqW Acc: 0.8514
Mean IoU: 0.5320

2023-06-08 00:39:52,395 INFO Model saved as logs/2023_0607_2328_03_cs_subset_2k_aug_ratio_0.2_cs_ip2p_2x_constant_instructions_image_w_1.5_lpips_filter_0.1_0.48/checkpoints/best_deeplabv3plus_mobilenet_cityscapes_os16_iter2500_epoch41_miou0.5320.pth
2023-06-08 00:40:49,622 INFO 
Current epoch: 42
2023-06-08 00:41:02,011 INFO Epoch 42, Itrs 2550/30000, Loss=0.168334
2023-06-08 00:42:17,515 INFO Epoch 42, Itrs 2600/30000, Loss=0.164829
2023-06-08 00:42:17,515 INFO validation...
2023-06-08 00:42:41,698 INFO 
Overall Acc: 0.9126
Mean Acc: 0.5943
FreqW Acc: 0.8470
Mean IoU: 0.5160

2023-06-08 00:42:42,456 INFO 
Current epoch: 43
2023-06-08 00:43:52,568 INFO Epoch 43, Itrs 2650/30000, Loss=0.161628
2023-06-08 00:44:16,155 INFO 
Current epoch: 44
2023-06-08 00:45:08,382 INFO Epoch 44, Itrs 2700/30000, Loss=0.163433
2023-06-08 00:45:08,383 INFO validation...
2023-06-08 00:45:32,657 INFO 
Overall Acc: 0.9145
Mean Acc: 0.6137
FreqW Acc: 0.8512
Mean IoU: 0.5232

2023-06-08 00:46:09,441 INFO 
Current epoch: 45
2023-06-08 00:46:43,067 INFO Epoch 45, Itrs 2750/30000, Loss=0.161708
2023-06-08 00:47:42,179 INFO 
Current epoch: 46
2023-06-08 00:47:58,424 INFO Epoch 46, Itrs 2800/30000, Loss=0.160092
2023-06-08 00:47:58,425 INFO validation...
2023-06-08 00:48:22,045 INFO 
Overall Acc: 0.9161
Mean Acc: 0.6204
FreqW Acc: 0.8539
Mean IoU: 0.5319

2023-06-08 00:49:31,443 INFO Epoch 46, Itrs 2850/30000, Loss=0.162554
2023-06-08 00:49:34,465 INFO 
Current epoch: 47
2023-06-08 00:50:46,848 INFO Epoch 47, Itrs 2900/30000, Loss=0.158510
2023-06-08 00:50:46,849 INFO validation...
2023-06-08 00:51:10,853 INFO 
Overall Acc: 0.9135
Mean Acc: 0.6013
FreqW Acc: 0.8499
Mean IoU: 0.5192

2023-06-08 00:51:26,781 INFO 
Current epoch: 48
2023-06-08 00:52:21,310 INFO Epoch 48, Itrs 2950/30000, Loss=0.157897
2023-06-08 00:52:59,962 INFO 
Current epoch: 49
2023-06-08 00:53:36,510 INFO Epoch 49, Itrs 3000/30000, Loss=0.155413
2023-06-08 00:53:36,510 INFO validation...
2023-06-08 00:54:01,122 INFO 
Overall Acc: 0.9163
Mean Acc: 0.6144
FreqW Acc: 0.8536
Mean IoU: 0.5322

2023-06-08 00:54:01,191 INFO Model saved as logs/2023_0607_2328_03_cs_subset_2k_aug_ratio_0.2_cs_ip2p_2x_constant_instructions_image_w_1.5_lpips_filter_0.1_0.48/checkpoints/best_deeplabv3plus_mobilenet_cityscapes_os16_iter3000_epoch49_miou0.5322.pth
2023-06-08 00:54:53,418 INFO 
Current epoch: 50
2023-06-08 00:55:12,315 INFO Epoch 50, Itrs 3050/30000, Loss=0.156664
2023-06-08 00:56:26,882 INFO Epoch 50, Itrs 3100/30000, Loss=0.156126
2023-06-08 00:56:26,882 INFO validation...
2023-06-08 00:56:50,948 INFO 
Overall Acc: 0.9168
Mean Acc: 0.6165
FreqW Acc: 0.8536
Mean IoU: 0.5345

2023-06-08 00:56:51,035 INFO Model saved as logs/2023_0607_2328_03_cs_subset_2k_aug_ratio_0.2_cs_ip2p_2x_constant_instructions_image_w_1.5_lpips_filter_0.1_0.48/checkpoints/best_deeplabv3plus_mobilenet_cityscapes_os16_iter3100_epoch50_miou0.5345.pth
2023-06-08 00:56:51,135 INFO 
Current epoch: 51
2023-06-08 00:58:05,923 INFO Epoch 51, Itrs 3150/30000, Loss=0.155638
2023-06-08 00:58:24,205 INFO 
Current epoch: 52
2023-06-08 00:59:21,945 INFO Epoch 52, Itrs 3200/30000, Loss=0.151782
2023-06-08 00:59:21,946 INFO validation...
2023-06-08 00:59:46,419 INFO 
Overall Acc: 0.9171
Mean Acc: 0.6301
FreqW Acc: 0.8544
Mean IoU: 0.5426

2023-06-08 00:59:46,501 INFO Model saved as logs/2023_0607_2328_03_cs_subset_2k_aug_ratio_0.2_cs_ip2p_2x_constant_instructions_image_w_1.5_lpips_filter_0.1_0.48/checkpoints/best_deeplabv3plus_mobilenet_cityscapes_os16_iter3200_epoch52_miou0.5426.pth
2023-06-08 01:00:16,810 INFO 
Current epoch: 53
2023-06-08 01:00:56,258 INFO Epoch 53, Itrs 3250/30000, Loss=0.154946
2023-06-08 01:01:50,227 INFO 
Current epoch: 54
2023-06-08 01:02:11,814 INFO Epoch 54, Itrs 3300/30000, Loss=0.150213
2023-06-08 01:02:11,814 INFO validation...
2023-06-08 01:02:36,478 INFO 
Overall Acc: 0.9149
Mean Acc: 0.6011
FreqW Acc: 0.8503
Mean IoU: 0.5272

2023-06-08 01:03:43,591 INFO 
Current epoch: 55
2023-06-08 01:03:47,262 INFO Epoch 55, Itrs 3350/30000, Loss=0.151627
2023-06-08 01:05:00,980 INFO Epoch 55, Itrs 3400/30000, Loss=0.151812
2023-06-08 01:05:00,980 INFO validation...
2023-06-08 01:05:25,908 INFO 
Overall Acc: 0.9146
Mean Acc: 0.6021
FreqW Acc: 0.8509
Mean IoU: 0.5232

2023-06-08 01:05:35,655 INFO 
Current epoch: 56
2023-06-08 01:06:38,441 INFO Epoch 56, Itrs 3450/30000, Loss=0.149700
2023-06-08 01:07:11,054 INFO 
Current epoch: 57
2023-06-08 01:07:53,865 INFO Epoch 57, Itrs 3500/30000, Loss=0.152281
2023-06-08 01:07:53,865 INFO validation...
2023-06-08 01:08:18,915 INFO 
Overall Acc: 0.9153
Mean Acc: 0.6110
FreqW Acc: 0.8508
Mean IoU: 0.5299

2023-06-08 01:09:04,752 INFO 
Current epoch: 58
2023-06-08 01:09:29,942 INFO Epoch 58, Itrs 3550/30000, Loss=0.148605
2023-06-08 01:10:39,940 INFO 
Current epoch: 59
2023-06-08 01:10:46,491 INFO Epoch 59, Itrs 3600/30000, Loss=0.150160
2023-06-08 01:10:46,491 INFO validation...
2023-06-08 01:11:12,479 INFO 
Overall Acc: 0.9175
Mean Acc: 0.6308
FreqW Acc: 0.8557
Mean IoU: 0.5430

2023-06-08 01:11:12,566 INFO Model saved as logs/2023_0607_2328_03_cs_subset_2k_aug_ratio_0.2_cs_ip2p_2x_constant_instructions_image_w_1.5_lpips_filter_0.1_0.48/checkpoints/best_deeplabv3plus_mobilenet_cityscapes_os16_iter3600_epoch59_miou0.5430.pth
2023-06-08 01:12:22,765 INFO Epoch 59, Itrs 3650/30000, Loss=0.156056
2023-06-08 01:12:34,664 INFO 
Current epoch: 60
2023-06-08 01:13:38,455 INFO Epoch 60, Itrs 3700/30000, Loss=0.156837
2023-06-08 01:13:38,456 INFO validation...
2023-06-08 01:14:02,591 INFO 
Overall Acc: 0.8661
Mean Acc: 0.4817
FreqW Acc: 0.7767
Mean IoU: 0.4080

2023-06-08 01:14:27,385 INFO 
Current epoch: 61
2023-06-08 01:15:13,712 INFO Epoch 61, Itrs 3750/30000, Loss=0.151344
2023-06-08 01:16:02,451 INFO 
Current epoch: 62
2023-06-08 01:16:30,060 INFO Epoch 62, Itrs 3800/30000, Loss=0.146062
2023-06-08 01:16:30,061 INFO validation...
2023-06-08 01:16:54,610 INFO 
Overall Acc: 0.9164
Mean Acc: 0.6146
FreqW Acc: 0.8532
Mean IoU: 0.5321

2023-06-08 01:17:54,991 INFO 
Current epoch: 63
2023-06-08 01:18:04,694 INFO Epoch 63, Itrs 3850/30000, Loss=0.151632
2023-06-08 01:19:18,821 INFO Epoch 63, Itrs 3900/30000, Loss=0.145304
2023-06-08 01:19:18,822 INFO validation...
2023-06-08 01:19:44,238 INFO 
Overall Acc: 0.9169
Mean Acc: 0.6144
FreqW Acc: 0.8541
Mean IoU: 0.5328

2023-06-08 01:19:48,718 INFO 
Current epoch: 64
2023-06-08 01:20:55,324 INFO Epoch 64, Itrs 3950/30000, Loss=0.144730
2023-06-08 01:21:22,397 INFO 
Current epoch: 65
2023-06-08 01:22:11,948 INFO Epoch 65, Itrs 4000/30000, Loss=0.144820
2023-06-08 01:22:11,949 INFO validation...
2023-06-08 01:22:37,307 INFO 
Overall Acc: 0.9159
Mean Acc: 0.6218
FreqW Acc: 0.8529
Mean IoU: 0.5368

2023-06-08 01:23:17,779 INFO 
Current epoch: 66
2023-06-08 01:23:49,630 INFO Epoch 66, Itrs 4050/30000, Loss=0.144267
2023-06-08 01:24:53,309 INFO 
Current epoch: 67
2023-06-08 01:25:05,626 INFO Epoch 67, Itrs 4100/30000, Loss=0.143261
2023-06-08 01:25:05,626 INFO validation...
2023-06-08 01:25:30,009 INFO 
Overall Acc: 0.9172
Mean Acc: 0.6095
FreqW Acc: 0.8544
Mean IoU: 0.5339

2023-06-08 01:26:39,579 INFO Epoch 67, Itrs 4150/30000, Loss=0.143180
2023-06-08 01:26:45,480 INFO 
Current epoch: 68
2023-06-08 01:27:54,192 INFO Epoch 68, Itrs 4200/30000, Loss=0.141517
2023-06-08 01:27:54,193 INFO validation...
2023-06-08 01:28:18,309 INFO 
Overall Acc: 0.9170
Mean Acc: 0.6322
FreqW Acc: 0.8555
Mean IoU: 0.5437

2023-06-08 01:28:18,383 INFO Model saved as logs/2023_0607_2328_03_cs_subset_2k_aug_ratio_0.2_cs_ip2p_2x_constant_instructions_image_w_1.5_lpips_filter_0.1_0.48/checkpoints/best_deeplabv3plus_mobilenet_cityscapes_os16_iter4200_epoch68_miou0.5437.pth
2023-06-08 01:28:37,839 INFO 
Current epoch: 69
2023-06-08 01:29:29,914 INFO Epoch 69, Itrs 4250/30000, Loss=0.138974
2023-06-08 01:30:11,980 INFO 
Current epoch: 70
2023-06-08 01:30:45,654 INFO Epoch 70, Itrs 4300/30000, Loss=0.140522
2023-06-08 01:30:45,655 INFO validation...
2023-06-08 01:31:09,971 INFO 
Overall Acc: 0.9170
Mean Acc: 0.6187
FreqW Acc: 0.8544
Mean IoU: 0.5398

2023-06-08 01:32:04,760 INFO 
Current epoch: 71
2023-06-08 01:32:19,972 INFO Epoch 71, Itrs 4350/30000, Loss=0.140732
2023-06-08 01:33:35,625 INFO Epoch 71, Itrs 4400/30000, Loss=0.140512
2023-06-08 01:33:35,626 INFO validation...
2023-06-08 01:34:00,677 INFO 
Overall Acc: 0.9180
Mean Acc: 0.6307
FreqW Acc: 0.8560
Mean IoU: 0.5446

2023-06-08 01:34:00,763 INFO Model saved as logs/2023_0607_2328_03_cs_subset_2k_aug_ratio_0.2_cs_ip2p_2x_constant_instructions_image_w_1.5_lpips_filter_0.1_0.48/checkpoints/best_deeplabv3plus_mobilenet_cityscapes_os16_iter4400_epoch71_miou0.5446.pth
2023-06-08 01:34:01,107 INFO 
Current epoch: 72
2023-06-08 01:35:13,121 INFO Epoch 72, Itrs 4450/30000, Loss=0.139164
2023-06-08 01:35:33,883 INFO 
Current epoch: 73
2023-06-08 01:36:28,095 INFO Epoch 73, Itrs 4500/30000, Loss=0.138482
2023-06-08 01:36:28,096 INFO validation...
2023-06-08 01:36:52,701 INFO 
Overall Acc: 0.9191
Mean Acc: 0.6420
FreqW Acc: 0.8581
Mean IoU: 0.5531

2023-06-08 01:36:52,785 INFO Model saved as logs/2023_0607_2328_03_cs_subset_2k_aug_ratio_0.2_cs_ip2p_2x_constant_instructions_image_w_1.5_lpips_filter_0.1_0.48/checkpoints/best_deeplabv3plus_mobilenet_cityscapes_os16_iter4500_epoch73_miou0.5531.pth
2023-06-08 01:37:27,562 INFO 
Current epoch: 74
2023-06-08 01:38:04,777 INFO Epoch 74, Itrs 4550/30000, Loss=0.139186
2023-06-08 01:39:02,185 INFO 
Current epoch: 75
2023-06-08 01:39:21,070 INFO Epoch 75, Itrs 4600/30000, Loss=0.137356
2023-06-08 01:39:21,070 INFO validation...
2023-06-08 01:39:45,716 INFO 
Overall Acc: 0.9179
Mean Acc: 0.6274
FreqW Acc: 0.8566
Mean IoU: 0.5422

2023-06-08 01:40:54,904 INFO Epoch 75, Itrs 4650/30000, Loss=0.135543
2023-06-08 01:40:55,001 INFO 
Current epoch: 76
2023-06-08 01:42:09,853 INFO Epoch 76, Itrs 4700/30000, Loss=0.136426
2023-06-08 01:42:09,854 INFO validation...
2023-06-08 01:42:34,253 INFO 
Overall Acc: 0.9188
Mean Acc: 0.6238
FreqW Acc: 0.8565
Mean IoU: 0.5437

2023-06-08 01:42:46,832 INFO 
Current epoch: 77
2023-06-08 01:43:46,426 INFO Epoch 77, Itrs 4750/30000, Loss=0.132627
2023-06-08 01:44:22,232 INFO 
Current epoch: 78
2023-06-08 01:45:01,894 INFO Epoch 78, Itrs 4800/30000, Loss=0.138383
2023-06-08 01:45:01,894 INFO validation...
2023-06-08 01:45:26,413 INFO 
Overall Acc: 0.9180
Mean Acc: 0.6209
FreqW Acc: 0.8558
Mean IoU: 0.5390

2023-06-08 01:46:17,034 INFO 
Current epoch: 79
2023-06-08 01:46:38,932 INFO Epoch 79, Itrs 4850/30000, Loss=0.135414
2023-06-08 01:47:51,389 INFO 
Current epoch: 80
2023-06-08 01:47:54,674 INFO Epoch 80, Itrs 4900/30000, Loss=0.134154
2023-06-08 01:47:54,675 INFO validation...
2023-06-08 01:48:18,772 INFO 
Overall Acc: 0.9184
Mean Acc: 0.6270
FreqW Acc: 0.8562
Mean IoU: 0.5444

2023-06-08 01:49:27,758 INFO Epoch 80, Itrs 4950/30000, Loss=0.135110
2023-06-08 01:49:42,485 INFO 
Current epoch: 81
2023-06-08 01:50:42,263 INFO Epoch 81, Itrs 5000/30000, Loss=0.132858
2023-06-08 01:50:42,264 INFO validation...
2023-06-08 01:51:06,307 INFO 
Overall Acc: 0.9183
Mean Acc: 0.6286
FreqW Acc: 0.8562
Mean IoU: 0.5430

2023-06-08 01:51:33,691 INFO 
Current epoch: 82
2023-06-08 01:52:15,921 INFO Epoch 82, Itrs 5050/30000, Loss=0.133255
2023-06-08 01:53:06,222 INFO 
Current epoch: 83
2023-06-08 01:53:30,588 INFO Epoch 83, Itrs 5100/30000, Loss=0.134043
2023-06-08 01:53:30,589 INFO validation...
2023-06-08 01:53:54,450 INFO 
Overall Acc: 0.9192
Mean Acc: 0.6305
FreqW Acc: 0.8577
Mean IoU: 0.5446

2023-06-08 01:54:57,337 INFO 
Current epoch: 84
2023-06-08 01:55:04,114 INFO Epoch 84, Itrs 5150/30000, Loss=0.131345
2023-06-08 01:56:19,080 INFO Epoch 84, Itrs 5200/30000, Loss=0.132258
2023-06-08 01:56:19,081 INFO validation...
2023-06-08 01:56:42,980 INFO 
Overall Acc: 0.9182
Mean Acc: 0.6136
FreqW Acc: 0.8556
Mean IoU: 0.5345

2023-06-08 01:56:49,714 INFO 
Current epoch: 85
2023-06-08 01:57:52,595 INFO Epoch 85, Itrs 5250/30000, Loss=0.133558
2023-06-08 01:58:22,188 INFO 
Current epoch: 86
2023-06-08 01:59:07,500 INFO Epoch 86, Itrs 5300/30000, Loss=0.129410
2023-06-08 01:59:07,501 INFO validation...
2023-06-08 01:59:33,322 INFO 
Overall Acc: 0.9156
Mean Acc: 0.6484
FreqW Acc: 0.8528
Mean IoU: 0.5462

2023-06-08 02:00:15,956 INFO 
Current epoch: 87
2023-06-08 02:00:42,934 INFO Epoch 87, Itrs 5350/30000, Loss=0.131814
2023-06-08 02:01:48,569 INFO 
Current epoch: 88
2023-06-08 02:01:58,039 INFO Epoch 88, Itrs 5400/30000, Loss=0.131458
2023-06-08 02:01:58,039 INFO validation...
2023-06-08 02:02:22,722 INFO 
Overall Acc: 0.9184
Mean Acc: 0.6372
FreqW Acc: 0.8569
Mean IoU: 0.5487

2023-06-08 02:03:32,256 INFO Epoch 88, Itrs 5450/30000, Loss=0.131560
2023-06-08 02:03:41,095 INFO 
Current epoch: 89
2023-06-08 02:04:46,739 INFO Epoch 89, Itrs 5500/30000, Loss=0.134490
2023-06-08 02:04:46,740 INFO validation...
2023-06-08 02:05:11,218 INFO 
Overall Acc: 0.9160
Mean Acc: 0.6170
FreqW Acc: 0.8527
Mean IoU: 0.5315

2023-06-08 02:05:32,549 INFO 
Current epoch: 90
2023-06-08 02:06:21,074 INFO Epoch 90, Itrs 5550/30000, Loss=0.134418
2023-06-08 02:07:05,172 INFO 
Current epoch: 91
2023-06-08 02:07:35,397 INFO Epoch 91, Itrs 5600/30000, Loss=0.129624
2023-06-08 02:07:35,397 INFO validation...
2023-06-08 02:07:59,646 INFO 
Overall Acc: 0.9166
Mean Acc: 0.5993
FreqW Acc: 0.8523
Mean IoU: 0.5234

2023-06-08 02:08:56,504 INFO 
Current epoch: 92
2023-06-08 02:09:09,501 INFO Epoch 92, Itrs 5650/30000, Loss=0.130449
2023-06-08 02:10:24,014 INFO Epoch 92, Itrs 5700/30000, Loss=0.131970
2023-06-08 02:10:24,014 INFO validation...
2023-06-08 02:10:48,467 INFO 
Overall Acc: 0.9172
Mean Acc: 0.6079
FreqW Acc: 0.8544
Mean IoU: 0.5250

2023-06-08 02:10:49,030 INFO 
Current epoch: 93
2023-06-08 02:11:59,279 INFO Epoch 93, Itrs 5750/30000, Loss=0.128187
2023-06-08 02:12:22,694 INFO 
Current epoch: 94
2023-06-08 02:13:14,022 INFO Epoch 94, Itrs 5800/30000, Loss=0.127629
2023-06-08 02:13:14,023 INFO validation...
2023-06-08 02:13:38,361 INFO 
Overall Acc: 0.9183
Mean Acc: 0.6171
FreqW Acc: 0.8562
Mean IoU: 0.5367

2023-06-08 02:14:14,864 INFO 
Current epoch: 95
2023-06-08 02:14:49,335 INFO Epoch 95, Itrs 5850/30000, Loss=0.127163
2023-06-08 02:15:49,060 INFO 
Current epoch: 96
2023-06-08 02:16:04,530 INFO Epoch 96, Itrs 5900/30000, Loss=0.128593
2023-06-08 02:16:04,530 INFO validation...
2023-06-08 02:16:28,800 INFO 
Overall Acc: 0.9187
Mean Acc: 0.6386
FreqW Acc: 0.8573
Mean IoU: 0.5481

2023-06-08 02:17:38,719 INFO Epoch 96, Itrs 5950/30000, Loss=0.127180
2023-06-08 02:17:41,680 INFO 
Current epoch: 97
2023-06-08 02:18:53,939 INFO Epoch 97, Itrs 6000/30000, Loss=0.126783
2023-06-08 02:18:53,939 INFO validation...
2023-06-08 02:19:18,886 INFO 
Overall Acc: 0.9189
Mean Acc: 0.6274
FreqW Acc: 0.8571
Mean IoU: 0.5462

2023-06-08 02:19:35,589 INFO 
Current epoch: 98
2023-06-08 02:20:29,516 INFO Epoch 98, Itrs 6050/30000, Loss=0.126461
2023-06-08 02:21:08,251 INFO 
Current epoch: 99
2023-06-08 02:21:44,384 INFO Epoch 99, Itrs 6100/30000, Loss=0.126944
2023-06-08 02:21:44,385 INFO validation...
2023-06-08 02:22:08,672 INFO 
Overall Acc: 0.9184
Mean Acc: 0.6138
FreqW Acc: 0.8560
Mean IoU: 0.5370

2023-06-08 02:22:59,655 INFO 
Current epoch: 100
2023-06-08 02:23:19,124 INFO Epoch 100, Itrs 6150/30000, Loss=0.125834
2023-06-08 02:24:32,744 INFO Epoch 100, Itrs 6200/30000, Loss=0.125715
2023-06-08 02:24:32,744 INFO validation...
2023-06-08 02:24:57,203 INFO 
Overall Acc: 0.9193
Mean Acc: 0.6371
FreqW Acc: 0.8586
Mean IoU: 0.5461

2023-06-08 02:24:57,302 INFO 
Current epoch: 101
2023-06-08 02:26:12,278 INFO Epoch 101, Itrs 6250/30000, Loss=0.126587
2023-06-08 02:26:29,949 INFO 
Current epoch: 102
2023-06-08 02:27:26,986 INFO Epoch 102, Itrs 6300/30000, Loss=0.127202
2023-06-08 02:27:26,987 INFO validation...
2023-06-08 02:27:51,666 INFO 
Overall Acc: 0.9187
Mean Acc: 0.6350
FreqW Acc: 0.8572
Mean IoU: 0.5470

2023-06-08 02:28:21,838 INFO 
Current epoch: 103
2023-06-08 02:29:02,050 INFO Epoch 103, Itrs 6350/30000, Loss=0.125093
2023-06-08 02:29:55,590 INFO 
Current epoch: 104
2023-06-08 02:30:17,429 INFO Epoch 104, Itrs 6400/30000, Loss=0.124452
2023-06-08 02:30:17,430 INFO validation...
2023-06-08 02:30:41,578 INFO 
Overall Acc: 0.9189
Mean Acc: 0.6069
FreqW Acc: 0.8570
Mean IoU: 0.5295

2023-06-08 02:31:48,433 INFO 
Current epoch: 105
2023-06-08 02:31:52,057 INFO Epoch 105, Itrs 6450/30000, Loss=0.123921
2023-06-08 02:33:05,762 INFO Epoch 105, Itrs 6500/30000, Loss=0.122901
2023-06-08 02:33:05,762 INFO validation...
2023-06-08 02:33:30,539 INFO 
Overall Acc: 0.9169
Mean Acc: 0.6107
FreqW Acc: 0.8537
Mean IoU: 0.5295

2023-06-08 02:33:40,466 INFO 
Current epoch: 106
2023-06-08 02:34:40,585 INFO Epoch 106, Itrs 6550/30000, Loss=0.122817
2023-06-08 02:35:12,836 INFO 
Current epoch: 107
2023-06-08 02:35:55,003 INFO Epoch 107, Itrs 6600/30000, Loss=0.123545
2023-06-08 02:35:55,004 INFO validation...
2023-06-08 02:36:19,058 INFO 
Overall Acc: 0.9186
Mean Acc: 0.6331
FreqW Acc: 0.8570
Mean IoU: 0.5485

2023-06-08 02:37:05,530 INFO 
Current epoch: 108
2023-06-08 02:37:29,930 INFO Epoch 108, Itrs 6650/30000, Loss=0.124257
2023-06-08 02:38:38,554 INFO 
Current epoch: 109
2023-06-08 02:38:45,391 INFO Epoch 109, Itrs 6700/30000, Loss=0.122901
2023-06-08 02:38:45,392 INFO validation...
2023-06-08 02:39:09,880 INFO 
Overall Acc: 0.9176
Mean Acc: 0.6214
FreqW Acc: 0.8548
Mean IoU: 0.5363

2023-06-08 02:40:19,743 INFO Epoch 109, Itrs 6750/30000, Loss=0.123788
2023-06-08 02:40:31,416 INFO 
Current epoch: 110
2023-06-08 02:41:35,316 INFO Epoch 110, Itrs 6800/30000, Loss=0.122636
2023-06-08 02:41:35,317 INFO validation...
2023-06-08 02:41:59,892 INFO 
Overall Acc: 0.9172
Mean Acc: 0.6192
FreqW Acc: 0.8561
Mean IoU: 0.5327

2023-06-08 02:42:24,917 INFO 
Current epoch: 111
2023-06-08 02:43:10,500 INFO Epoch 111, Itrs 6850/30000, Loss=0.123977
2023-06-08 02:43:57,570 INFO 
Current epoch: 112
2023-06-08 02:44:25,025 INFO Epoch 112, Itrs 6900/30000, Loss=0.121687
2023-06-08 02:44:25,026 INFO validation...
2023-06-08 02:44:50,016 INFO 
Overall Acc: 0.9191
Mean Acc: 0.6424
FreqW Acc: 0.8589
Mean IoU: 0.5515

2023-06-08 02:45:50,617 INFO 
Current epoch: 113
2023-06-08 02:46:00,286 INFO Epoch 113, Itrs 6950/30000, Loss=0.122176
2023-06-08 02:47:13,642 INFO Epoch 113, Itrs 7000/30000, Loss=0.121791
2023-06-08 02:47:13,643 INFO validation...
2023-06-08 02:47:38,789 INFO 
Overall Acc: 0.9184
Mean Acc: 0.6491
FreqW Acc: 0.8582
Mean IoU: 0.5526

2023-06-08 02:47:43,628 INFO 
Current epoch: 114
2023-06-08 02:48:50,488 INFO Epoch 114, Itrs 7050/30000, Loss=0.120328
2023-06-08 02:49:17,090 INFO 
Current epoch: 115
2023-06-08 02:50:05,384 INFO Epoch 115, Itrs 7100/30000, Loss=0.121764
2023-06-08 02:50:05,385 INFO validation...
2023-06-08 02:50:30,945 INFO 
Overall Acc: 0.9191
Mean Acc: 0.6299
FreqW Acc: 0.8588
Mean IoU: 0.5428

2023-06-08 02:51:10,183 INFO 
Current epoch: 116
2023-06-08 02:51:40,363 INFO Epoch 116, Itrs 7150/30000, Loss=0.119358
2023-06-08 02:52:42,498 INFO 
Current epoch: 117
2023-06-08 02:52:55,554 INFO Epoch 117, Itrs 7200/30000, Loss=0.120050
2023-06-08 02:52:55,554 INFO validation...
2023-06-08 02:53:21,074 INFO 
Overall Acc: 0.9179
Mean Acc: 0.6106
FreqW Acc: 0.8552
Mean IoU: 0.5336

2023-06-08 02:54:30,369 INFO Epoch 117, Itrs 7250/30000, Loss=0.119179
2023-06-08 02:54:36,317 INFO 
Current epoch: 118
2023-06-08 02:55:44,608 INFO Epoch 118, Itrs 7300/30000, Loss=0.118926
2023-06-08 02:55:44,609 INFO validation...
2023-06-08 02:56:08,840 INFO 
Overall Acc: 0.9187
Mean Acc: 0.6235
FreqW Acc: 0.8571
Mean IoU: 0.5421

2023-06-08 02:56:26,745 INFO 
Current epoch: 119
2023-06-08 02:57:17,882 INFO Epoch 119, Itrs 7350/30000, Loss=0.118625
2023-06-08 02:58:00,057 INFO 
Current epoch: 120
2023-06-08 02:58:33,960 INFO Epoch 120, Itrs 7400/30000, Loss=0.119378
2023-06-08 02:58:33,960 INFO validation...
2023-06-08 02:58:58,369 INFO 
Overall Acc: 0.9179
Mean Acc: 0.6339
FreqW Acc: 0.8564
Mean IoU: 0.5414

2023-06-08 02:59:53,215 INFO 
Current epoch: 121
2023-06-08 03:00:08,343 INFO Epoch 121, Itrs 7450/30000, Loss=0.120559
2023-06-08 03:01:22,015 INFO Epoch 121, Itrs 7500/30000, Loss=0.118630
2023-06-08 03:01:22,016 INFO validation...
2023-06-08 03:01:46,794 INFO 
Overall Acc: 0.9187
Mean Acc: 0.6307
FreqW Acc: 0.8577
Mean IoU: 0.5453

2023-06-08 03:01:47,135 INFO 
Current epoch: 122
2023-06-08 03:02:59,092 INFO Epoch 122, Itrs 7550/30000, Loss=0.119342
2023-06-08 03:03:19,661 INFO 
Current epoch: 123
2023-06-08 03:04:14,397 INFO Epoch 123, Itrs 7600/30000, Loss=0.118669
2023-06-08 03:04:14,398 INFO validation...
2023-06-08 03:04:38,071 INFO 
Overall Acc: 0.9185
Mean Acc: 0.6194
FreqW Acc: 0.8574
Mean IoU: 0.5349

2023-06-08 03:05:11,288 INFO 
Current epoch: 124
2023-06-08 03:05:47,613 INFO Epoch 124, Itrs 7650/30000, Loss=0.118828
2023-06-08 03:06:43,638 INFO 
Current epoch: 125
2023-06-08 03:07:02,108 INFO Epoch 125, Itrs 7700/30000, Loss=0.119408
2023-06-08 03:07:02,109 INFO validation...
2023-06-08 03:07:27,106 INFO 
Overall Acc: 0.9169
Mean Acc: 0.5998
FreqW Acc: 0.8538
Mean IoU: 0.5242

2023-06-08 03:08:36,461 INFO Epoch 125, Itrs 7750/30000, Loss=0.118420
2023-06-08 03:08:36,543 INFO 
Current epoch: 126
2023-06-08 03:09:51,116 INFO Epoch 126, Itrs 7800/30000, Loss=0.117422
2023-06-08 03:09:51,117 INFO validation...
2023-06-08 03:10:15,787 INFO 
Overall Acc: 0.9192
Mean Acc: 0.6256
FreqW Acc: 0.8585
Mean IoU: 0.5440

2023-06-08 03:10:28,736 INFO 
Current epoch: 127
2023-06-08 03:11:26,952 INFO Epoch 127, Itrs 7850/30000, Loss=0.116726
2023-06-08 03:12:04,158 INFO 
Current epoch: 128
2023-06-08 03:12:45,396 INFO Epoch 128, Itrs 7900/30000, Loss=0.117738
2023-06-08 03:12:45,396 INFO validation...
2023-06-08 03:13:09,060 INFO 
Overall Acc: 0.9191
Mean Acc: 0.6208
FreqW Acc: 0.8581
Mean IoU: 0.5381

2023-06-08 03:13:58,489 INFO 
Current epoch: 129
2023-06-08 03:14:20,192 INFO Epoch 129, Itrs 7950/30000, Loss=0.118073
2023-06-08 03:15:31,536 INFO 
Current epoch: 130
2023-06-08 03:15:35,492 INFO Epoch 130, Itrs 8000/30000, Loss=0.117211
2023-06-08 03:15:35,492 INFO validation...
2023-06-08 03:16:00,732 INFO 
Overall Acc: 0.9193
Mean Acc: 0.6281
FreqW Acc: 0.8575
Mean IoU: 0.5442

2023-06-08 03:17:11,502 INFO Epoch 130, Itrs 8050/30000, Loss=0.115064
2023-06-08 03:17:26,319 INFO 
Current epoch: 131
2023-06-08 03:18:27,689 INFO Epoch 131, Itrs 8100/30000, Loss=0.116722
2023-06-08 03:18:27,690 INFO validation...
2023-06-08 03:18:51,885 INFO 
Overall Acc: 0.9168
Mean Acc: 0.6136
FreqW Acc: 0.8541
Mean IoU: 0.5337

2023-06-08 03:19:19,355 INFO 
Current epoch: 132
2023-06-08 03:20:02,111 INFO Epoch 132, Itrs 8150/30000, Loss=0.118391
2023-06-08 03:20:53,271 INFO 
Current epoch: 133
2023-06-08 03:21:17,524 INFO Epoch 133, Itrs 8200/30000, Loss=0.115514
2023-06-08 03:21:17,524 INFO validation...
2023-06-08 03:21:41,938 INFO 
Overall Acc: 0.9182
Mean Acc: 0.6394
FreqW Acc: 0.8578
Mean IoU: 0.5423

2023-06-08 03:22:44,791 INFO 
Current epoch: 134
2023-06-08 03:22:51,446 INFO Epoch 134, Itrs 8250/30000, Loss=0.115835
2023-06-08 03:24:06,093 INFO Epoch 134, Itrs 8300/30000, Loss=0.115751
2023-06-08 03:24:06,093 INFO validation...
2023-06-08 03:24:31,820 INFO 
Overall Acc: 0.9176
Mean Acc: 0.6109
FreqW Acc: 0.8548
Mean IoU: 0.5323

2023-06-08 03:24:38,462 INFO 
Current epoch: 135
2023-06-08 03:25:42,076 INFO Epoch 135, Itrs 8350/30000, Loss=0.115451
2023-06-08 03:26:11,648 INFO 
Current epoch: 136
2023-06-08 03:26:57,411 INFO Epoch 136, Itrs 8400/30000, Loss=0.116656
2023-06-08 03:26:57,411 INFO validation...
2023-06-08 03:27:21,076 INFO 
Overall Acc: 0.9183
Mean Acc: 0.6208
FreqW Acc: 0.8561
Mean IoU: 0.5412

2023-06-08 03:28:03,387 INFO 
Current epoch: 137
2023-06-08 03:28:30,947 INFO Epoch 137, Itrs 8450/30000, Loss=0.114841
2023-06-08 03:29:36,392 INFO 
Current epoch: 138
2023-06-08 03:29:45,709 INFO Epoch 138, Itrs 8500/30000, Loss=0.115970
2023-06-08 03:29:45,710 INFO validation...
2023-06-08 03:30:09,982 INFO 
Overall Acc: 0.9196
Mean Acc: 0.6315
FreqW Acc: 0.8586
Mean IoU: 0.5474

2023-06-08 03:31:18,831 INFO Epoch 138, Itrs 8550/30000, Loss=0.115816
2023-06-08 03:31:27,852 INFO 
Current epoch: 139
2023-06-08 03:32:34,779 INFO Epoch 139, Itrs 8600/30000, Loss=0.112205
2023-06-08 03:32:34,780 INFO validation...
2023-06-08 03:32:59,978 INFO 
Overall Acc: 0.9184
Mean Acc: 0.6293
FreqW Acc: 0.8571
Mean IoU: 0.5424

2023-06-08 03:33:21,350 INFO 
Current epoch: 140
2023-06-08 03:34:09,840 INFO Epoch 140, Itrs 8650/30000, Loss=0.113992
2023-06-08 03:34:54,394 INFO 
Current epoch: 141
2023-06-08 03:35:24,976 INFO Epoch 141, Itrs 8700/30000, Loss=0.115336
2023-06-08 03:35:24,977 INFO validation...
2023-06-08 03:35:50,025 INFO 
Overall Acc: 0.9187
Mean Acc: 0.6154
FreqW Acc: 0.8564
Mean IoU: 0.5381

2023-06-08 03:36:46,996 INFO 
Current epoch: 142
2023-06-08 03:36:59,506 INFO Epoch 142, Itrs 8750/30000, Loss=0.114975
2023-06-08 03:38:13,420 INFO Epoch 142, Itrs 8800/30000, Loss=0.112295
2023-06-08 03:38:13,421 INFO validation...
2023-06-08 03:38:37,366 INFO 
Overall Acc: 0.9196
Mean Acc: 0.6390
FreqW Acc: 0.8590
Mean IoU: 0.5512

2023-06-08 03:38:37,908 INFO 
Current epoch: 143
2023-06-08 03:39:46,725 INFO Epoch 143, Itrs 8850/30000, Loss=0.111994
2023-06-08 03:40:10,161 INFO 
Current epoch: 144
2023-06-08 03:41:00,828 INFO Epoch 144, Itrs 8900/30000, Loss=0.112124
2023-06-08 03:41:00,828 INFO validation...
2023-06-08 03:41:24,941 INFO 
Overall Acc: 0.9195
Mean Acc: 0.6192
FreqW Acc: 0.8580
Mean IoU: 0.5441

2023-06-08 03:42:01,704 INFO 
Current epoch: 145
2023-06-08 03:42:36,736 INFO Epoch 145, Itrs 8950/30000, Loss=0.113486
2023-06-08 03:43:35,576 INFO 
Current epoch: 146
2023-06-08 03:43:50,890 INFO Epoch 146, Itrs 9000/30000, Loss=0.113326
2023-06-08 03:43:50,891 INFO validation...
