2023-06-05 20:27:00,839 INFO Device: cuda
2023-06-05 20:27:00,841 INFO Random Seed: 1 

2023-06-05 20:27:00,842 INFO Options: {'aug_json': '/mnt/raid/home/eyal_michaeli/datasets/cityscapes/aug_json_files/cityscapes/cs_ip2p_2x_constant_instructions_image_w_1.5/images.json',
 'aug_sample_ratio': 0.1,
 'batch_size': 32,
 'ckpt': None,
 'continue_training': False,
 'crop_size': 256,
 'crop_val': False,
 'data_root': '/mnt/raid/home/eyal_michaeli/datasets/cityscapes',
 'dataset': 'cityscapes',
 'download': False,
 'gpu_id': '2',
 'logdir': 'logs/2023_0605_2027_00_cs_aug_ratio_0.1_cs_ip2p_2x_constant_instructions_image_w_1.5',
 'loss_type': 'cross_entropy',
 'lr': 0.2,
 'lr_policy': 'poly',
 'model': 'deeplabv3plus_mobilenet',
 'num_classes': 19,
 'output_stride': 16,
 'print_interval': 50,
 'random_seed': 1,
 'save_val_results': True,
 'separable_conv': False,
 'step_size': 10000,
 'test_only': False,
 'total_itrs': 30000.0,
 'val_batch_size': 4,
 'val_interval': 100,
 'weight_decay': 0.0001,
 'year': '2012'}
2023-06-05 20:27:00,864 INFO Using augmented images with ratio 0.1
2023-06-05 20:27:00,864 INFO Number of augmented images: 2975
2023-06-05 20:27:00,864 INFO json file: /mnt/raid/home/eyal_michaeli/datasets/cityscapes/aug_json_files/cityscapes/cs_ip2p_2x_constant_instructions_image_w_1.5/images.json
2023-06-05 20:27:00,866 INFO Not using augmented images
2023-06-05 20:27:00,866 INFO Dataset: cityscapes, Train set: 2975, Val set: 500
2023-06-05 20:27:01,448 INFO [!] Training from scratch, no checkpoint file used
2023-06-05 20:27:09,092 INFO 
Current epoch: 1
2023-06-05 20:27:22,920 INFO validation...
2023-06-05 20:28:03,837 INFO 
Overall Acc: 0.2127
Mean Acc: 0.0618
FreqW Acc: 0.0796
Mean IoU: 0.0235

2023-06-05 20:28:03,947 INFO Model saved as logs/2023_0605_2027_00_cs_aug_ratio_0.1_cs_ip2p_2x_constant_instructions_image_w_1.5/checkpoints/best_deeplabv3plus_mobilenet_cityscapes_os16_iter1_epoch1_miou0.0235.pth
2023-06-05 20:29:16,319 INFO Epoch 1, Itrs 50/30000, Loss=0.735122
2023-06-05 20:30:20,258 INFO 
Current epoch: 2
2023-06-05 20:30:31,889 INFO Epoch 2, Itrs 100/30000, Loss=0.445968
2023-06-05 20:30:31,889 INFO validation...
2023-06-05 20:30:55,893 INFO 
Overall Acc: 0.8147
Mean Acc: 0.2918
FreqW Acc: 0.6849
Mean IoU: 0.2412

2023-06-05 20:30:55,976 INFO Model saved as logs/2023_0605_2027_00_cs_aug_ratio_0.1_cs_ip2p_2x_constant_instructions_image_w_1.5/checkpoints/best_deeplabv3plus_mobilenet_cityscapes_os16_iter100_epoch2_miou0.2412.pth
2023-06-05 20:32:01,869 INFO Epoch 2, Itrs 150/30000, Loss=0.375642
2023-06-05 20:32:48,655 INFO 
Current epoch: 3
2023-06-05 20:33:11,527 INFO Epoch 3, Itrs 200/30000, Loss=0.340810
2023-06-05 20:33:11,528 INFO validation...
2023-06-05 20:33:35,310 INFO 
Overall Acc: 0.8683
Mean Acc: 0.4129
FreqW Acc: 0.7755
Mean IoU: 0.3462

2023-06-05 20:33:35,390 INFO Model saved as logs/2023_0605_2027_00_cs_aug_ratio_0.1_cs_ip2p_2x_constant_instructions_image_w_1.5/checkpoints/best_deeplabv3plus_mobilenet_cityscapes_os16_iter200_epoch3_miou0.3462.pth
2023-06-05 20:34:40,308 INFO Epoch 3, Itrs 250/30000, Loss=0.325978
2023-06-05 20:35:15,819 INFO 
Current epoch: 4
2023-06-05 20:35:49,021 INFO Epoch 4, Itrs 300/30000, Loss=0.303283
2023-06-05 20:35:49,022 INFO validation...
2023-06-05 20:36:12,625 INFO 
Overall Acc: 0.8881
Mean Acc: 0.4608
FreqW Acc: 0.8083
Mean IoU: 0.3914

2023-06-05 20:36:12,709 INFO Model saved as logs/2023_0605_2027_00_cs_aug_ratio_0.1_cs_ip2p_2x_constant_instructions_image_w_1.5/checkpoints/best_deeplabv3plus_mobilenet_cityscapes_os16_iter300_epoch4_miou0.3914.pth
2023-06-05 20:37:18,199 INFO Epoch 4, Itrs 350/30000, Loss=0.293779
2023-06-05 20:37:43,714 INFO 
Current epoch: 5
2023-06-05 20:38:28,775 INFO Epoch 5, Itrs 400/30000, Loss=0.281606
2023-06-05 20:38:28,776 INFO validation...
2023-06-05 20:38:53,376 INFO 
Overall Acc: 0.8921
Mean Acc: 0.4971
FreqW Acc: 0.8137
Mean IoU: 0.4220

2023-06-05 20:38:53,462 INFO Model saved as logs/2023_0605_2027_00_cs_aug_ratio_0.1_cs_ip2p_2x_constant_instructions_image_w_1.5/checkpoints/best_deeplabv3plus_mobilenet_cityscapes_os16_iter400_epoch5_miou0.4220.pth
2023-06-05 20:39:58,493 INFO Epoch 5, Itrs 450/30000, Loss=0.280741
2023-06-05 20:40:12,296 INFO 
Current epoch: 6
2023-06-05 20:41:10,493 INFO Epoch 6, Itrs 500/30000, Loss=0.271400
2023-06-05 20:41:10,493 INFO validation...
2023-06-05 20:41:33,961 INFO 
Overall Acc: 0.8939
Mean Acc: 0.5046
FreqW Acc: 0.8147
Mean IoU: 0.4240

2023-06-05 20:41:34,030 INFO Model saved as logs/2023_0605_2027_00_cs_aug_ratio_0.1_cs_ip2p_2x_constant_instructions_image_w_1.5/checkpoints/best_deeplabv3plus_mobilenet_cityscapes_os16_iter500_epoch6_miou0.4240.pth
2023-06-05 20:42:40,408 INFO Epoch 6, Itrs 550/30000, Loss=0.267015
2023-06-05 20:42:43,254 INFO 
Current epoch: 7
2023-06-05 20:43:52,880 INFO Epoch 7, Itrs 600/30000, Loss=0.255086
2023-06-05 20:43:52,880 INFO validation...
2023-06-05 20:44:16,434 INFO 
Overall Acc: 0.9006
Mean Acc: 0.5343
FreqW Acc: 0.8280
Mean IoU: 0.4519

2023-06-05 20:44:16,504 INFO Model saved as logs/2023_0605_2027_00_cs_aug_ratio_0.1_cs_ip2p_2x_constant_instructions_image_w_1.5/checkpoints/best_deeplabv3plus_mobilenet_cityscapes_os16_iter600_epoch7_miou0.4519.pth
2023-06-05 20:45:14,537 INFO 
Current epoch: 8
2023-06-05 20:45:23,649 INFO Epoch 8, Itrs 650/30000, Loss=0.255568
2023-06-05 20:46:32,714 INFO Epoch 8, Itrs 700/30000, Loss=0.250904
2023-06-05 20:46:32,715 INFO validation...
2023-06-05 20:46:56,347 INFO 
Overall Acc: 0.8956
Mean Acc: 0.5295
FreqW Acc: 0.8200
Mean IoU: 0.4416

2023-06-05 20:47:42,268 INFO 
Current epoch: 9
2023-06-05 20:48:02,516 INFO Epoch 9, Itrs 750/30000, Loss=0.243445
2023-06-05 20:49:11,559 INFO Epoch 9, Itrs 800/30000, Loss=0.242393
2023-06-05 20:49:11,560 INFO validation...
2023-06-05 20:49:34,937 INFO 
Overall Acc: 0.9011
Mean Acc: 0.5651
FreqW Acc: 0.8307
Mean IoU: 0.4740

2023-06-05 20:49:35,018 INFO Model saved as logs/2023_0605_2027_00_cs_aug_ratio_0.1_cs_ip2p_2x_constant_instructions_image_w_1.5/checkpoints/best_deeplabv3plus_mobilenet_cityscapes_os16_iter800_epoch9_miou0.4740.pth
2023-06-05 20:50:09,205 INFO 
Current epoch: 10
2023-06-05 20:50:40,329 INFO Epoch 10, Itrs 850/30000, Loss=0.234391
2023-06-05 20:51:49,973 INFO Epoch 10, Itrs 900/30000, Loss=0.232120
2023-06-05 20:51:49,973 INFO validation...
2023-06-05 20:52:13,353 INFO 
Overall Acc: 0.9021
Mean Acc: 0.5792
FreqW Acc: 0.8318
Mean IoU: 0.4798

2023-06-05 20:52:13,438 INFO Model saved as logs/2023_0605_2027_00_cs_aug_ratio_0.1_cs_ip2p_2x_constant_instructions_image_w_1.5/checkpoints/best_deeplabv3plus_mobilenet_cityscapes_os16_iter900_epoch10_miou0.4798.pth
2023-06-05 20:52:37,492 INFO 
Current epoch: 11
2023-06-05 20:53:20,350 INFO Epoch 11, Itrs 950/30000, Loss=0.231797
2023-06-05 20:54:28,729 INFO Epoch 11, Itrs 1000/30000, Loss=0.228124
2023-06-05 20:54:28,730 INFO validation...
2023-06-05 20:54:51,665 INFO 
Overall Acc: 0.9058
Mean Acc: 0.5774
FreqW Acc: 0.8366
Mean IoU: 0.4835

2023-06-05 20:54:51,745 INFO Model saved as logs/2023_0605_2027_00_cs_aug_ratio_0.1_cs_ip2p_2x_constant_instructions_image_w_1.5/checkpoints/best_deeplabv3plus_mobilenet_cityscapes_os16_iter1000_epoch11_miou0.4835.pth
2023-06-05 20:55:04,371 INFO 
Current epoch: 12
2023-06-05 20:55:58,177 INFO Epoch 12, Itrs 1050/30000, Loss=0.222180
