2023-06-07 23:28:32,417 INFO Device: cuda
2023-06-07 23:28:32,419 INFO Random Seed: 1 

2023-06-07 23:28:32,420 INFO Options: {'aug_json': '/mnt/raid/home/eyal_michaeli/datasets/cityscapes/aug_json_files/cityscapes/ip2p/cs_ip2p_2x_constant_instructions_image_w_1.5_filtered_lpips_0.1_0.48.json',
 'aug_sample_ratio': 0.05,
 'batch_size': 32,
 'ckpt': None,
 'continue_training': False,
 'crop_size': 256,
 'crop_val': False,
 'data_root': '/mnt/raid/home/eyal_michaeli/datasets/cityscapes',
 'dataset': 'cityscapes',
 'download': False,
 'gpu_id': '3',
 'logdir': 'logs/2023_0607_2328_32_cs_subset_2k_aug_ratio_0.05_cs_ip2p_2x_constant_instructions_image_w_1.5_lpips_filter_0.1_0.48',
 'loss_type': 'cross_entropy',
 'lr': 0.2,
 'lr_policy': 'poly',
 'model': 'deeplabv3plus_mobilenet',
 'num_classes': 19,
 'output_stride': 16,
 'print_interval': 50,
 'random_seed': 1,
 'save_val_results': True,
 'separable_conv': False,
 'step_size': 10000,
 'test_only': False,
 'total_itrs': 30000.0,
 'train_sample_ratio': 0.67,
 'val_batch_size': 4,
 'val_interval': 100,
 'weight_decay': 0.0001,
 'year': '2012'}
2023-06-07 23:28:32,434 INFO Found 2975 train images
2023-06-07 23:28:32,434 INFO Found 2975 train targets
2023-06-07 23:28:32,434 INFO With ratio 0.67, using only 1993 images for training, out of 1993
2023-06-07 23:28:32,438 INFO Using augmented images with ratio 0.05
2023-06-07 23:28:32,438 INFO Number of augmented images: 2975
2023-06-07 23:28:32,438 INFO json file: /mnt/raid/home/eyal_michaeli/datasets/cityscapes/aug_json_files/cityscapes/ip2p/cs_ip2p_2x_constant_instructions_image_w_1.5_filtered_lpips_0.1_0.48.json
2023-06-07 23:28:32,440 INFO Found 500 val images
2023-06-07 23:28:32,440 INFO Found 500 val targets
2023-06-07 23:28:32,440 INFO Not using augmented images
2023-06-07 23:28:32,441 INFO Dataset: cityscapes, Train set: 1993, Val set: 500
2023-06-07 23:28:32,582 INFO [!] Training from scratch, no checkpoint file used
2023-06-07 23:28:34,012 INFO 
Current epoch: 1
2023-06-07 23:28:39,389 INFO validation...
2023-06-07 23:29:04,398 INFO 
Overall Acc: 0.2127
Mean Acc: 0.0567
FreqW Acc: 0.0669
Mean IoU: 0.0180

2023-06-07 23:29:04,480 INFO Model saved as logs/2023_0607_2328_32_cs_subset_2k_aug_ratio_0.05_cs_ip2p_2x_constant_instructions_image_w_1.5_lpips_filter_0.1_0.48/checkpoints/best_deeplabv3plus_mobilenet_cityscapes_os16_iter1_epoch1_miou0.0180.pth
2023-06-07 23:30:13,312 INFO Epoch 1, Itrs 50/30000, Loss=0.746086
2023-06-07 23:30:31,242 INFO 
Current epoch: 2
2023-06-07 23:31:29,406 INFO Epoch 2, Itrs 100/30000, Loss=0.436571
2023-06-07 23:31:29,406 INFO validation...
2023-06-07 23:31:54,418 INFO 
Overall Acc: 0.8356
Mean Acc: 0.3404
FreqW Acc: 0.7203
Mean IoU: 0.2772

2023-06-07 23:31:54,509 INFO Model saved as logs/2023_0607_2328_32_cs_subset_2k_aug_ratio_0.05_cs_ip2p_2x_constant_instructions_image_w_1.5_lpips_filter_0.1_0.48/checkpoints/best_deeplabv3plus_mobilenet_cityscapes_os16_iter100_epoch2_miou0.2772.pth
2023-06-07 23:32:26,007 INFO 
Current epoch: 3
2023-06-07 23:33:05,815 INFO Epoch 3, Itrs 150/30000, Loss=0.360152
2023-06-07 23:34:00,178 INFO 
Current epoch: 4
2023-06-07 23:34:21,726 INFO Epoch 4, Itrs 200/30000, Loss=0.330559
2023-06-07 23:34:21,727 INFO validation...
2023-06-07 23:34:46,740 INFO 
Overall Acc: 0.8684
Mean Acc: 0.3865
FreqW Acc: 0.7698
Mean IoU: 0.3368

2023-06-07 23:34:46,818 INFO Model saved as logs/2023_0607_2328_32_cs_subset_2k_aug_ratio_0.05_cs_ip2p_2x_constant_instructions_image_w_1.5_lpips_filter_0.1_0.48/checkpoints/best_deeplabv3plus_mobilenet_cityscapes_os16_iter200_epoch4_miou0.3368.pth
2023-06-07 23:35:54,823 INFO 
Current epoch: 5
2023-06-07 23:35:58,472 INFO Epoch 5, Itrs 250/30000, Loss=0.317351
2023-06-07 23:37:13,566 INFO Epoch 5, Itrs 300/30000, Loss=0.295705
2023-06-07 23:37:13,567 INFO validation...
2023-06-07 23:37:38,113 INFO 
Overall Acc: 0.8845
Mean Acc: 0.4694
FreqW Acc: 0.8017
Mean IoU: 0.3990

2023-06-07 23:37:38,186 INFO Model saved as logs/2023_0607_2328_32_cs_subset_2k_aug_ratio_0.05_cs_ip2p_2x_constant_instructions_image_w_1.5_lpips_filter_0.1_0.48/checkpoints/best_deeplabv3plus_mobilenet_cityscapes_os16_iter300_epoch5_miou0.3990.pth
2023-06-07 23:37:49,251 INFO 
Current epoch: 6
2023-06-07 23:38:50,943 INFO Epoch 6, Itrs 350/30000, Loss=0.280486
2023-06-07 23:39:24,215 INFO 
Current epoch: 7
2023-06-07 23:40:06,965 INFO Epoch 7, Itrs 400/30000, Loss=0.271346
2023-06-07 23:40:06,966 INFO validation...
2023-06-07 23:40:31,226 INFO 
Overall Acc: 0.8864
Mean Acc: 0.4853
FreqW Acc: 0.8059
Mean IoU: 0.4072

2023-06-07 23:40:31,303 INFO Model saved as logs/2023_0607_2328_32_cs_subset_2k_aug_ratio_0.05_cs_ip2p_2x_constant_instructions_image_w_1.5_lpips_filter_0.1_0.48/checkpoints/best_deeplabv3plus_mobilenet_cityscapes_os16_iter400_epoch7_miou0.4072.pth
2023-06-07 23:41:19,081 INFO 
Current epoch: 8
2023-06-07 23:41:43,933 INFO Epoch 8, Itrs 450/30000, Loss=0.261305
2023-06-07 23:42:53,783 INFO 
Current epoch: 9
2023-06-07 23:43:00,224 INFO Epoch 9, Itrs 500/30000, Loss=0.254244
2023-06-07 23:43:00,225 INFO validation...
2023-06-07 23:43:24,775 INFO 
Overall Acc: 0.8945
Mean Acc: 0.5178
FreqW Acc: 0.8177
Mean IoU: 0.4410

2023-06-07 23:43:24,859 INFO Model saved as logs/2023_0607_2328_32_cs_subset_2k_aug_ratio_0.05_cs_ip2p_2x_constant_instructions_image_w_1.5_lpips_filter_0.1_0.48/checkpoints/best_deeplabv3plus_mobilenet_cityscapes_os16_iter500_epoch9_miou0.4410.pth
2023-06-07 23:44:36,060 INFO Epoch 9, Itrs 550/30000, Loss=0.252389
2023-06-07 23:44:48,280 INFO 
Current epoch: 10
2023-06-07 23:45:52,277 INFO Epoch 10, Itrs 600/30000, Loss=0.254021
2023-06-07 23:45:52,278 INFO validation...
2023-06-07 23:46:17,478 INFO 
Overall Acc: 0.8950
Mean Acc: 0.5363
FreqW Acc: 0.8197
Mean IoU: 0.4540

2023-06-07 23:46:17,562 INFO Model saved as logs/2023_0607_2328_32_cs_subset_2k_aug_ratio_0.05_cs_ip2p_2x_constant_instructions_image_w_1.5_lpips_filter_0.1_0.48/checkpoints/best_deeplabv3plus_mobilenet_cityscapes_os16_iter600_epoch10_miou0.4540.pth
2023-06-07 23:46:43,415 INFO 
Current epoch: 11
2023-06-07 23:47:29,788 INFO Epoch 11, Itrs 650/30000, Loss=0.245267
2023-06-07 23:48:18,265 INFO 
Current epoch: 12
2023-06-07 23:48:46,236 INFO Epoch 12, Itrs 700/30000, Loss=0.243339
2023-06-07 23:48:46,237 INFO validation...
2023-06-07 23:49:11,063 INFO 
Overall Acc: 0.9023
Mean Acc: 0.5669
FreqW Acc: 0.8320
Mean IoU: 0.4724

2023-06-07 23:49:11,150 INFO Model saved as logs/2023_0607_2328_32_cs_subset_2k_aug_ratio_0.05_cs_ip2p_2x_constant_instructions_image_w_1.5_lpips_filter_0.1_0.48/checkpoints/best_deeplabv3plus_mobilenet_cityscapes_os16_iter700_epoch12_miou0.4724.pth
2023-06-07 23:50:12,981 INFO 
Current epoch: 13
2023-06-07 23:50:23,488 INFO Epoch 13, Itrs 750/30000, Loss=0.234998
2023-06-07 23:51:39,226 INFO Epoch 13, Itrs 800/30000, Loss=0.230508
2023-06-07 23:51:39,226 INFO validation...
2023-06-07 23:52:04,015 INFO 
Overall Acc: 0.9013
Mean Acc: 0.5271
FreqW Acc: 0.8300
Mean IoU: 0.4530

2023-06-07 23:52:09,013 INFO 
Current epoch: 14
2023-06-07 23:53:16,786 INFO Epoch 14, Itrs 850/30000, Loss=0.222174
2023-06-07 23:53:43,644 INFO 
Current epoch: 15
2023-06-07 23:54:33,392 INFO Epoch 15, Itrs 900/30000, Loss=0.224467
2023-06-07 23:54:33,392 INFO validation...
2023-06-07 23:54:57,498 INFO 
Overall Acc: 0.9029
Mean Acc: 0.5596
FreqW Acc: 0.8328
Mean IoU: 0.4788

2023-06-07 23:54:57,581 INFO Model saved as logs/2023_0607_2328_32_cs_subset_2k_aug_ratio_0.05_cs_ip2p_2x_constant_instructions_image_w_1.5_lpips_filter_0.1_0.48/checkpoints/best_deeplabv3plus_mobilenet_cityscapes_os16_iter900_epoch15_miou0.4788.pth
2023-06-07 23:55:38,620 INFO 
Current epoch: 16
2023-06-07 23:56:09,544 INFO Epoch 16, Itrs 950/30000, Loss=0.216580
2023-06-07 23:57:12,871 INFO 
Current epoch: 17
2023-06-07 23:57:25,410 INFO Epoch 17, Itrs 1000/30000, Loss=0.217368
2023-06-07 23:57:25,411 INFO validation...
2023-06-07 23:57:52,615 INFO 
Overall Acc: 0.9005
Mean Acc: 0.5652
FreqW Acc: 0.8302
Mean IoU: 0.4755

2023-06-07 23:59:04,157 INFO Epoch 17, Itrs 1050/30000, Loss=0.214361
2023-06-07 23:59:10,182 INFO 
Current epoch: 18
2023-06-08 00:00:19,944 INFO Epoch 18, Itrs 1100/30000, Loss=0.213068
2023-06-08 00:00:19,945 INFO validation...
2023-06-08 00:00:45,601 INFO 
Overall Acc: 0.9071
Mean Acc: 0.5714
FreqW Acc: 0.8392
Mean IoU: 0.4932

2023-06-08 00:00:45,710 INFO Model saved as logs/2023_0607_2328_32_cs_subset_2k_aug_ratio_0.05_cs_ip2p_2x_constant_instructions_image_w_1.5_lpips_filter_0.1_0.48/checkpoints/best_deeplabv3plus_mobilenet_cityscapes_os16_iter1100_epoch18_miou0.4932.pth
2023-06-08 00:01:04,402 INFO 
Current epoch: 19
2023-06-08 00:01:56,001 INFO Epoch 19, Itrs 1150/30000, Loss=0.209337
2023-06-08 00:02:38,114 INFO 
Current epoch: 20
2023-06-08 00:03:12,558 INFO Epoch 20, Itrs 1200/30000, Loss=0.201075
2023-06-08 00:03:12,559 INFO validation...
2023-06-08 00:03:37,561 INFO 
Overall Acc: 0.9081
Mean Acc: 0.5904
FreqW Acc: 0.8406
Mean IoU: 0.5068

2023-06-08 00:03:37,630 INFO Model saved as logs/2023_0607_2328_32_cs_subset_2k_aug_ratio_0.05_cs_ip2p_2x_constant_instructions_image_w_1.5_lpips_filter_0.1_0.48/checkpoints/best_deeplabv3plus_mobilenet_cityscapes_os16_iter1200_epoch20_miou0.5068.pth
2023-06-08 00:04:33,869 INFO 
Current epoch: 21
2023-06-08 00:04:50,000 INFO Epoch 21, Itrs 1250/30000, Loss=0.203900
2023-06-08 00:06:05,744 INFO Epoch 21, Itrs 1300/30000, Loss=0.200130
2023-06-08 00:06:05,745 INFO validation...
2023-06-08 00:06:30,072 INFO 
Overall Acc: 0.9094
Mean Acc: 0.5818
FreqW Acc: 0.8425
Mean IoU: 0.4972

2023-06-08 00:06:30,484 INFO 
Current epoch: 22
2023-06-08 00:07:43,232 INFO Epoch 22, Itrs 1350/30000, Loss=0.196953
2023-06-08 00:08:03,643 INFO 
Current epoch: 23
2023-06-08 00:08:57,731 INFO Epoch 23, Itrs 1400/30000, Loss=0.195603
2023-06-08 00:08:57,731 INFO validation...
2023-06-08 00:09:22,228 INFO 
Overall Acc: 0.9083
Mean Acc: 0.5784
FreqW Acc: 0.8391
Mean IoU: 0.4990

2023-06-08 00:09:56,009 INFO 
Current epoch: 24
2023-06-08 00:10:32,519 INFO Epoch 24, Itrs 1450/30000, Loss=0.193853
2023-06-08 00:11:29,116 INFO 
Current epoch: 25
2023-06-08 00:11:47,701 INFO Epoch 25, Itrs 1500/30000, Loss=0.192516
2023-06-08 00:11:47,701 INFO validation...
2023-06-08 00:12:12,256 INFO 
Overall Acc: 0.9080
Mean Acc: 0.5783
FreqW Acc: 0.8397
Mean IoU: 0.4920

2023-06-08 00:13:22,642 INFO Epoch 25, Itrs 1550/30000, Loss=0.194487
2023-06-08 00:13:22,734 INFO 
Current epoch: 26
2023-06-08 00:14:37,436 INFO Epoch 26, Itrs 1600/30000, Loss=0.186884
2023-06-08 00:14:37,437 INFO validation...
2023-06-08 00:15:02,484 INFO 
Overall Acc: 0.9101
Mean Acc: 0.5875
FreqW Acc: 0.8437
Mean IoU: 0.5087

2023-06-08 00:15:02,570 INFO Model saved as logs/2023_0607_2328_32_cs_subset_2k_aug_ratio_0.05_cs_ip2p_2x_constant_instructions_image_w_1.5_lpips_filter_0.1_0.48/checkpoints/best_deeplabv3plus_mobilenet_cityscapes_os16_iter1600_epoch26_miou0.5087.pth
2023-06-08 00:15:15,427 INFO 
Current epoch: 27
2023-06-08 00:16:13,468 INFO Epoch 27, Itrs 1650/30000, Loss=0.189097
2023-06-08 00:16:49,122 INFO 
Current epoch: 28
2023-06-08 00:17:28,559 INFO Epoch 28, Itrs 1700/30000, Loss=0.186771
2023-06-08 00:17:28,559 INFO validation...
2023-06-08 00:17:54,152 INFO 
Overall Acc: 0.9090
Mean Acc: 0.5865
FreqW Acc: 0.8416
Mean IoU: 0.5036

2023-06-08 00:18:43,280 INFO 
Current epoch: 29
2023-06-08 00:19:05,540 INFO Epoch 29, Itrs 1750/30000, Loss=0.184095
2023-06-08 00:20:18,209 INFO 
Current epoch: 30
2023-06-08 00:20:21,984 INFO Epoch 30, Itrs 1800/30000, Loss=0.183491
2023-06-08 00:20:21,985 INFO validation...
2023-06-08 00:20:46,980 INFO 
Overall Acc: 0.9130
Mean Acc: 0.5964
FreqW Acc: 0.8478
Mean IoU: 0.5155

2023-06-08 00:20:47,083 INFO Model saved as logs/2023_0607_2328_32_cs_subset_2k_aug_ratio_0.05_cs_ip2p_2x_constant_instructions_image_w_1.5_lpips_filter_0.1_0.48/checkpoints/best_deeplabv3plus_mobilenet_cityscapes_os16_iter1800_epoch30_miou0.5155.pth
2023-06-08 00:21:58,446 INFO Epoch 30, Itrs 1850/30000, Loss=0.178356
2023-06-08 00:22:13,249 INFO 
Current epoch: 31
2023-06-08 00:23:13,392 INFO Epoch 31, Itrs 1900/30000, Loss=0.179425
2023-06-08 00:23:13,393 INFO validation...
2023-06-08 00:23:37,997 INFO 
Overall Acc: 0.9101
Mean Acc: 0.5932
FreqW Acc: 0.8411
Mean IoU: 0.5134

2023-06-08 00:24:06,053 INFO 
Current epoch: 32
2023-06-08 00:24:48,491 INFO Epoch 32, Itrs 1950/30000, Loss=0.181702
2023-06-08 00:25:39,992 INFO 
Current epoch: 33
2023-06-08 00:26:04,605 INFO Epoch 33, Itrs 2000/30000, Loss=0.177174
2023-06-08 00:26:04,606 INFO validation...
2023-06-08 00:26:28,959 INFO 
Overall Acc: 0.9113
Mean Acc: 0.5829
FreqW Acc: 0.8447
Mean IoU: 0.5096

2023-06-08 00:27:32,722 INFO 
Current epoch: 34
2023-06-08 00:27:39,723 INFO Epoch 34, Itrs 2050/30000, Loss=0.176443
2023-06-08 00:28:54,649 INFO Epoch 34, Itrs 2100/30000, Loss=0.177355
2023-06-08 00:28:54,650 INFO validation...
2023-06-08 00:29:19,874 INFO 
Overall Acc: 0.9135
Mean Acc: 0.5953
FreqW Acc: 0.8484
Mean IoU: 0.5161

2023-06-08 00:29:19,946 INFO Model saved as logs/2023_0607_2328_32_cs_subset_2k_aug_ratio_0.05_cs_ip2p_2x_constant_instructions_image_w_1.5_lpips_filter_0.1_0.48/checkpoints/best_deeplabv3plus_mobilenet_cityscapes_os16_iter2100_epoch34_miou0.5161.pth
2023-06-08 00:29:27,078 INFO 
Current epoch: 35
2023-06-08 00:30:30,879 INFO Epoch 35, Itrs 2150/30000, Loss=0.172479
2023-06-08 00:31:00,726 INFO 
Current epoch: 36
2023-06-08 00:31:46,219 INFO Epoch 36, Itrs 2200/30000, Loss=0.172368
2023-06-08 00:31:46,219 INFO validation...
2023-06-08 00:32:10,582 INFO 
Overall Acc: 0.9144
Mean Acc: 0.6034
FreqW Acc: 0.8506
Mean IoU: 0.5214

2023-06-08 00:32:10,670 INFO Model saved as logs/2023_0607_2328_32_cs_subset_2k_aug_ratio_0.05_cs_ip2p_2x_constant_instructions_image_w_1.5_lpips_filter_0.1_0.48/checkpoints/best_deeplabv3plus_mobilenet_cityscapes_os16_iter2200_epoch36_miou0.5214.pth
2023-06-08 00:32:52,926 INFO 
Current epoch: 37
2023-06-08 00:33:20,279 INFO Epoch 37, Itrs 2250/30000, Loss=0.171829
2023-06-08 00:34:25,713 INFO 
Current epoch: 38
2023-06-08 00:34:35,719 INFO Epoch 38, Itrs 2300/30000, Loss=0.167717
2023-06-08 00:34:35,720 INFO validation...
2023-06-08 00:35:00,521 INFO 
Overall Acc: 0.9146
Mean Acc: 0.5977
FreqW Acc: 0.8503
Mean IoU: 0.5202

2023-06-08 00:36:09,710 INFO Epoch 38, Itrs 2350/30000, Loss=0.166844
2023-06-08 00:36:19,060 INFO 
Current epoch: 39
2023-06-08 00:37:25,747 INFO Epoch 39, Itrs 2400/30000, Loss=0.165828
2023-06-08 00:37:25,747 INFO validation...
2023-06-08 00:37:50,131 INFO 
Overall Acc: 0.9123
Mean Acc: 0.5871
FreqW Acc: 0.8460
Mean IoU: 0.5144

2023-06-08 00:38:13,001 INFO 
Current epoch: 40
2023-06-08 00:39:01,327 INFO Epoch 40, Itrs 2450/30000, Loss=0.166119
2023-06-08 00:39:46,032 INFO 
Current epoch: 41
2023-06-08 00:40:17,412 INFO Epoch 41, Itrs 2500/30000, Loss=0.162329
2023-06-08 00:40:17,413 INFO validation...
2023-06-08 00:40:43,390 INFO 
Overall Acc: 0.9151
Mean Acc: 0.6254
FreqW Acc: 0.8514
Mean IoU: 0.5340

2023-06-08 00:40:43,469 INFO Model saved as logs/2023_0607_2328_32_cs_subset_2k_aug_ratio_0.05_cs_ip2p_2x_constant_instructions_image_w_1.5_lpips_filter_0.1_0.48/checkpoints/best_deeplabv3plus_mobilenet_cityscapes_os16_iter2500_epoch41_miou0.5340.pth
2023-06-08 00:41:41,221 INFO 
Current epoch: 42
2023-06-08 00:41:54,053 INFO Epoch 42, Itrs 2550/30000, Loss=0.168592
2023-06-08 00:43:08,653 INFO Epoch 42, Itrs 2600/30000, Loss=0.164753
2023-06-08 00:43:08,654 INFO validation...
2023-06-08 00:43:33,614 INFO 
Overall Acc: 0.9141
Mean Acc: 0.5939
FreqW Acc: 0.8495
Mean IoU: 0.5148

2023-06-08 00:43:34,163 INFO 
Current epoch: 43
2023-06-08 00:44:42,629 INFO Epoch 43, Itrs 2650/30000, Loss=0.162219
2023-06-08 00:45:06,337 INFO 
Current epoch: 44
2023-06-08 00:45:58,594 INFO Epoch 44, Itrs 2700/30000, Loss=0.163615
2023-06-08 00:45:58,594 INFO validation...
2023-06-08 00:46:22,955 INFO 
Overall Acc: 0.9134
Mean Acc: 0.6020
FreqW Acc: 0.8491
Mean IoU: 0.5176

2023-06-08 00:47:00,091 INFO 
Current epoch: 45
2023-06-08 00:47:33,518 INFO Epoch 45, Itrs 2750/30000, Loss=0.160648
2023-06-08 00:48:33,969 INFO 
Current epoch: 46
2023-06-08 00:48:49,513 INFO Epoch 46, Itrs 2800/30000, Loss=0.159713
2023-06-08 00:48:49,513 INFO validation...
2023-06-08 00:49:14,298 INFO 
Overall Acc: 0.9154
Mean Acc: 0.6079
FreqW Acc: 0.8528
Mean IoU: 0.5222

2023-06-08 00:50:23,798 INFO Epoch 46, Itrs 2850/30000, Loss=0.162596
2023-06-08 00:50:27,219 INFO 
Current epoch: 47
2023-06-08 00:51:39,785 INFO Epoch 47, Itrs 2900/30000, Loss=0.158964
2023-06-08 00:51:39,785 INFO validation...
2023-06-08 00:52:04,200 INFO 
Overall Acc: 0.9128
Mean Acc: 0.5953
FreqW Acc: 0.8477
Mean IoU: 0.5158

2023-06-08 00:52:19,317 INFO 
Current epoch: 48
2023-06-08 00:53:13,353 INFO Epoch 48, Itrs 2950/30000, Loss=0.158831
2023-06-08 00:53:52,633 INFO 
Current epoch: 49
2023-06-08 00:54:28,986 INFO Epoch 49, Itrs 3000/30000, Loss=0.156545
2023-06-08 00:54:28,987 INFO validation...
2023-06-08 00:54:53,771 INFO 
Overall Acc: 0.9158
Mean Acc: 0.6101
FreqW Acc: 0.8529
Mean IoU: 0.5284

2023-06-08 00:55:45,141 INFO 
Current epoch: 50
2023-06-08 00:56:03,700 INFO Epoch 50, Itrs 3050/30000, Loss=0.156976
2023-06-08 00:57:17,551 INFO Epoch 50, Itrs 3100/30000, Loss=0.157070
2023-06-08 00:57:17,552 INFO validation...
2023-06-08 00:57:42,318 INFO 
Overall Acc: 0.9167
Mean Acc: 0.6143
FreqW Acc: 0.8534
Mean IoU: 0.5355

2023-06-08 00:57:42,395 INFO Model saved as logs/2023_0607_2328_32_cs_subset_2k_aug_ratio_0.05_cs_ip2p_2x_constant_instructions_image_w_1.5_lpips_filter_0.1_0.48/checkpoints/best_deeplabv3plus_mobilenet_cityscapes_os16_iter3100_epoch50_miou0.5355.pth
2023-06-08 00:57:42,495 INFO 
Current epoch: 51
2023-06-08 00:58:57,337 INFO Epoch 51, Itrs 3150/30000, Loss=0.156009
2023-06-08 00:59:15,165 INFO 
Current epoch: 52
2023-06-08 01:00:13,132 INFO Epoch 52, Itrs 3200/30000, Loss=0.153033
2023-06-08 01:00:13,133 INFO validation...
2023-06-08 01:00:37,619 INFO 
Overall Acc: 0.9172
Mean Acc: 0.6200
FreqW Acc: 0.8539
Mean IoU: 0.5394

2023-06-08 01:00:37,690 INFO Model saved as logs/2023_0607_2328_32_cs_subset_2k_aug_ratio_0.05_cs_ip2p_2x_constant_instructions_image_w_1.5_lpips_filter_0.1_0.48/checkpoints/best_deeplabv3plus_mobilenet_cityscapes_os16_iter3200_epoch52_miou0.5394.pth
2023-06-08 01:01:08,412 INFO 
Current epoch: 53
2023-06-08 01:01:47,519 INFO Epoch 53, Itrs 3250/30000, Loss=0.156081
2023-06-08 01:02:42,094 INFO 
Current epoch: 54
2023-06-08 01:03:03,442 INFO Epoch 54, Itrs 3300/30000, Loss=0.150050
2023-06-08 01:03:03,442 INFO validation...
2023-06-08 01:03:28,403 INFO 
Overall Acc: 0.9152
Mean Acc: 0.5860
FreqW Acc: 0.8505
Mean IoU: 0.5152

2023-06-08 01:04:35,183 INFO 
Current epoch: 55
2023-06-08 01:04:38,494 INFO Epoch 55, Itrs 3350/30000, Loss=0.151463
2023-06-08 01:05:52,889 INFO Epoch 55, Itrs 3400/30000, Loss=0.152370
2023-06-08 01:05:52,890 INFO validation...
2023-06-08 01:06:17,818 INFO 
Overall Acc: 0.9145
Mean Acc: 0.5889
FreqW Acc: 0.8508
Mean IoU: 0.5129

2023-06-08 01:06:27,590 INFO 
Current epoch: 56
2023-06-08 01:07:28,281 INFO Epoch 56, Itrs 3450/30000, Loss=0.150226
2023-06-08 01:08:01,722 INFO 
Current epoch: 57
2023-06-08 01:08:44,678 INFO Epoch 57, Itrs 3500/30000, Loss=0.153300
2023-06-08 01:08:44,679 INFO validation...
2023-06-08 01:09:09,779 INFO 
Overall Acc: 0.9131
Mean Acc: 0.5942
FreqW Acc: 0.8478
Mean IoU: 0.5151

2023-06-08 01:09:55,203 INFO 
Current epoch: 58
2023-06-08 01:10:20,176 INFO Epoch 58, Itrs 3550/30000, Loss=0.151469
2023-06-08 01:11:30,435 INFO 
Current epoch: 59
2023-06-08 01:11:37,529 INFO Epoch 59, Itrs 3600/30000, Loss=0.151053
2023-06-08 01:11:37,529 INFO validation...
2023-06-08 01:12:01,426 INFO 
Overall Acc: 0.9159
Mean Acc: 0.6173
FreqW Acc: 0.8534
Mean IoU: 0.5348

2023-06-08 01:13:12,740 INFO Epoch 59, Itrs 3650/30000, Loss=0.148124
2023-06-08 01:13:24,659 INFO 
Current epoch: 60
2023-06-08 01:14:29,749 INFO Epoch 60, Itrs 3700/30000, Loss=0.146710
2023-06-08 01:14:29,750 INFO validation...
2023-06-08 01:14:54,415 INFO 
Overall Acc: 0.9170
Mean Acc: 0.6069
FreqW Acc: 0.8539
Mean IoU: 0.5316

2023-06-08 01:15:19,297 INFO 
Current epoch: 61
2023-06-08 01:16:05,117 INFO Epoch 61, Itrs 3750/30000, Loss=0.147110
2023-06-08 01:16:54,427 INFO 
Current epoch: 62
2023-06-08 01:17:22,270 INFO Epoch 62, Itrs 3800/30000, Loss=0.144612
2023-06-08 01:17:22,271 INFO validation...
2023-06-08 01:17:47,660 INFO 
Overall Acc: 0.9178
Mean Acc: 0.6133
FreqW Acc: 0.8555
Mean IoU: 0.5332

2023-06-08 01:18:49,466 INFO 
Current epoch: 63
2023-06-08 01:18:59,086 INFO Epoch 63, Itrs 3850/30000, Loss=0.147893
2023-06-08 01:20:14,461 INFO Epoch 63, Itrs 3900/30000, Loss=0.143692
2023-06-08 01:20:14,462 INFO validation...
2023-06-08 01:20:38,933 INFO 
Overall Acc: 0.9170
Mean Acc: 0.6045
FreqW Acc: 0.8537
Mean IoU: 0.5268

2023-06-08 01:20:43,611 INFO 
Current epoch: 64
2023-06-08 01:21:50,241 INFO Epoch 64, Itrs 3950/30000, Loss=0.143705
2023-06-08 01:22:17,727 INFO 
Current epoch: 65
2023-06-08 01:23:05,869 INFO Epoch 65, Itrs 4000/30000, Loss=0.143430
2023-06-08 01:23:05,869 INFO validation...
2023-06-08 01:23:30,674 INFO 
Overall Acc: 0.9162
Mean Acc: 0.6186
FreqW Acc: 0.8539
Mean IoU: 0.5347

2023-06-08 01:24:10,895 INFO 
Current epoch: 66
2023-06-08 01:24:41,577 INFO Epoch 66, Itrs 4050/30000, Loss=0.143639
2023-06-08 01:25:45,706 INFO 
Current epoch: 67
2023-06-08 01:25:58,381 INFO Epoch 67, Itrs 4100/30000, Loss=0.142317
2023-06-08 01:25:58,382 INFO validation...
2023-06-08 01:26:23,872 INFO 
Overall Acc: 0.9174
Mean Acc: 0.6075
FreqW Acc: 0.8543
Mean IoU: 0.5334

2023-06-08 01:27:33,679 INFO Epoch 67, Itrs 4150/30000, Loss=0.144445
2023-06-08 01:27:39,973 INFO 
Current epoch: 68
2023-06-08 01:28:49,476 INFO Epoch 68, Itrs 4200/30000, Loss=0.142458
2023-06-08 01:28:49,476 INFO validation...
2023-06-08 01:29:13,924 INFO 
Overall Acc: 0.9154
Mean Acc: 0.5966
FreqW Acc: 0.8518
Mean IoU: 0.5201

2023-06-08 01:29:33,259 INFO 
Current epoch: 69
2023-06-08 01:30:24,298 INFO Epoch 69, Itrs 4250/30000, Loss=0.138257
2023-06-08 01:31:07,074 INFO 
Current epoch: 70
2023-06-08 01:31:40,907 INFO Epoch 70, Itrs 4300/30000, Loss=0.140914
2023-06-08 01:31:40,908 INFO validation...
2023-06-08 01:32:06,132 INFO 
Overall Acc: 0.9156
Mean Acc: 0.6079
FreqW Acc: 0.8528
Mean IoU: 0.5279

2023-06-08 01:33:00,835 INFO 
Current epoch: 71
2023-06-08 01:33:16,713 INFO Epoch 71, Itrs 4350/30000, Loss=0.141568
2023-06-08 01:34:31,570 INFO Epoch 71, Itrs 4400/30000, Loss=0.140575
2023-06-08 01:34:31,571 INFO validation...
2023-06-08 01:34:55,816 INFO 
Overall Acc: 0.9176
Mean Acc: 0.6087
FreqW Acc: 0.8550
Mean IoU: 0.5324

2023-06-08 01:34:56,151 INFO 
Current epoch: 72
2023-06-08 01:36:08,590 INFO Epoch 72, Itrs 4450/30000, Loss=0.139364
2023-06-08 01:36:29,816 INFO 
Current epoch: 73
2023-06-08 01:37:25,120 INFO Epoch 73, Itrs 4500/30000, Loss=0.139024
2023-06-08 01:37:25,121 INFO validation...
2023-06-08 01:37:49,654 INFO 
Overall Acc: 0.9180
Mean Acc: 0.6334
FreqW Acc: 0.8561
Mean IoU: 0.5461

2023-06-08 01:37:49,725 INFO Model saved as logs/2023_0607_2328_32_cs_subset_2k_aug_ratio_0.05_cs_ip2p_2x_constant_instructions_image_w_1.5_lpips_filter_0.1_0.48/checkpoints/best_deeplabv3plus_mobilenet_cityscapes_os16_iter4500_epoch73_miou0.5461.pth
2023-06-08 01:38:24,080 INFO 
Current epoch: 74
2023-06-08 01:39:00,582 INFO Epoch 74, Itrs 4550/30000, Loss=0.140188
2023-06-08 01:39:57,498 INFO 
Current epoch: 75
2023-06-08 01:40:16,090 INFO Epoch 75, Itrs 4600/30000, Loss=0.138310
2023-06-08 01:40:16,091 INFO validation...
2023-06-08 01:40:41,182 INFO 
Overall Acc: 0.9170
Mean Acc: 0.6181
FreqW Acc: 0.8550
Mean IoU: 0.5356

2023-06-08 01:41:50,392 INFO Epoch 75, Itrs 4650/30000, Loss=0.136849
2023-06-08 01:41:50,487 INFO 
Current epoch: 76
2023-06-08 01:43:05,541 INFO Epoch 76, Itrs 4700/30000, Loss=0.136604
2023-06-08 01:43:05,542 INFO validation...
2023-06-08 01:43:30,071 INFO 
Overall Acc: 0.9178
Mean Acc: 0.6115
FreqW Acc: 0.8550
Mean IoU: 0.5326

2023-06-08 01:43:43,199 INFO 
Current epoch: 77
2023-06-08 01:44:41,000 INFO Epoch 77, Itrs 4750/30000, Loss=0.133043
2023-06-08 01:45:16,856 INFO 
Current epoch: 78
2023-06-08 01:45:55,965 INFO Epoch 78, Itrs 4800/30000, Loss=0.139027
2023-06-08 01:45:55,966 INFO validation...
2023-06-08 01:46:20,135 INFO 
Overall Acc: 0.9179
Mean Acc: 0.6146
FreqW Acc: 0.8562
Mean IoU: 0.5314

2023-06-08 01:47:09,711 INFO 
Current epoch: 79
2023-06-08 01:47:31,494 INFO Epoch 79, Itrs 4850/30000, Loss=0.137471
2023-06-08 01:48:43,288 INFO 
Current epoch: 80
2023-06-08 01:48:47,170 INFO Epoch 80, Itrs 4900/30000, Loss=0.134624
2023-06-08 01:48:47,171 INFO validation...
2023-06-08 01:49:12,941 INFO 
Overall Acc: 0.9182
Mean Acc: 0.6190
FreqW Acc: 0.8568
Mean IoU: 0.5351

2023-06-08 01:50:22,261 INFO Epoch 80, Itrs 4950/30000, Loss=0.135143
2023-06-08 01:50:37,065 INFO 
Current epoch: 81
2023-06-08 01:51:38,704 INFO Epoch 81, Itrs 5000/30000, Loss=0.133204
2023-06-08 01:51:38,705 INFO validation...
2023-06-08 01:52:03,177 INFO 
Overall Acc: 0.9179
Mean Acc: 0.6094
FreqW Acc: 0.8551
Mean IoU: 0.5331

2023-06-08 01:52:31,302 INFO 
Current epoch: 82
2023-06-08 01:53:14,558 INFO Epoch 82, Itrs 5050/30000, Loss=0.133488
2023-06-08 01:54:04,917 INFO 
Current epoch: 83
2023-06-08 01:54:29,177 INFO Epoch 83, Itrs 5100/30000, Loss=0.134165
2023-06-08 01:54:29,178 INFO validation...
2023-06-08 01:54:53,842 INFO 
Overall Acc: 0.9189
Mean Acc: 0.6300
FreqW Acc: 0.8574
Mean IoU: 0.5430

2023-06-08 01:55:57,083 INFO 
Current epoch: 84
2023-06-08 01:56:04,341 INFO Epoch 84, Itrs 5150/30000, Loss=0.131813
2023-06-08 01:57:18,270 INFO Epoch 84, Itrs 5200/30000, Loss=0.132663
2023-06-08 01:57:18,271 INFO validation...
2023-06-08 01:57:43,379 INFO 
Overall Acc: 0.9179
Mean Acc: 0.6052
FreqW Acc: 0.8552
Mean IoU: 0.5288

2023-06-08 01:57:50,386 INFO 
Current epoch: 85
2023-06-08 01:58:53,851 INFO Epoch 85, Itrs 5250/30000, Loss=0.134548
2023-06-08 01:59:23,496 INFO 
Current epoch: 86
2023-06-08 02:00:08,369 INFO Epoch 86, Itrs 5300/30000, Loss=0.130042
2023-06-08 02:00:08,369 INFO validation...
2023-06-08 02:00:33,360 INFO 
Overall Acc: 0.9171
Mean Acc: 0.6396
FreqW Acc: 0.8551
Mean IoU: 0.5438

2023-06-08 02:01:16,081 INFO 
Current epoch: 87
2023-06-08 02:01:43,556 INFO Epoch 87, Itrs 5350/30000, Loss=0.131628
2023-06-08 02:02:49,972 INFO 
Current epoch: 88
2023-06-08 02:03:00,067 INFO Epoch 88, Itrs 5400/30000, Loss=0.131328
2023-06-08 02:03:00,067 INFO validation...
2023-06-08 02:03:24,913 INFO 
Overall Acc: 0.9180
Mean Acc: 0.6287
FreqW Acc: 0.8567
Mean IoU: 0.5386

2023-06-08 02:04:33,647 INFO Epoch 88, Itrs 5450/30000, Loss=0.131366
2023-06-08 02:04:42,869 INFO 
Current epoch: 89
2023-06-08 02:05:49,300 INFO Epoch 89, Itrs 5500/30000, Loss=0.133900
2023-06-08 02:05:49,300 INFO validation...
2023-06-08 02:06:14,458 INFO 
Overall Acc: 0.9165
Mean Acc: 0.6127
FreqW Acc: 0.8542
Mean IoU: 0.5270

2023-06-08 02:06:35,917 INFO 
Current epoch: 90
2023-06-08 02:07:24,874 INFO Epoch 90, Itrs 5550/30000, Loss=0.134398
2023-06-08 02:08:10,023 INFO 
Current epoch: 91
2023-06-08 02:08:40,654 INFO Epoch 91, Itrs 5600/30000, Loss=0.128807
2023-06-08 02:08:40,655 INFO validation...
2023-06-08 02:09:04,821 INFO 
Overall Acc: 0.9173
Mean Acc: 0.6035
FreqW Acc: 0.8543
Mean IoU: 0.5264

2023-06-08 02:10:02,448 INFO 
Current epoch: 92
2023-06-08 02:10:14,673 INFO Epoch 92, Itrs 5650/30000, Loss=0.130109
2023-06-08 02:11:28,995 INFO Epoch 92, Itrs 5700/30000, Loss=0.130983
2023-06-08 02:11:28,996 INFO validation...
2023-06-08 02:11:53,972 INFO 
Overall Acc: 0.9171
Mean Acc: 0.6163
FreqW Acc: 0.8548
Mean IoU: 0.5312

2023-06-08 02:11:54,545 INFO 
Current epoch: 93
2023-06-08 02:13:03,817 INFO Epoch 93, Itrs 5750/30000, Loss=0.127564
2023-06-08 02:13:28,803 INFO 
Current epoch: 94
2023-06-08 02:14:21,188 INFO Epoch 94, Itrs 5800/30000, Loss=0.127153
2023-06-08 02:14:21,189 INFO validation...
2023-06-08 02:14:45,599 INFO 
Overall Acc: 0.9189
Mean Acc: 0.6179
FreqW Acc: 0.8568
Mean IoU: 0.5359

2023-06-08 02:15:22,490 INFO 
Current epoch: 95
2023-06-08 02:15:55,997 INFO Epoch 95, Itrs 5850/30000, Loss=0.127244
2023-06-08 02:16:55,237 INFO 
Current epoch: 96
2023-06-08 02:17:10,641 INFO Epoch 96, Itrs 5900/30000, Loss=0.128064
2023-06-08 02:17:10,642 INFO validation...
2023-06-08 02:17:35,344 INFO 
Overall Acc: 0.9180
Mean Acc: 0.6234
FreqW Acc: 0.8562
Mean IoU: 0.5361

2023-06-08 02:18:45,236 INFO Epoch 96, Itrs 5950/30000, Loss=0.127245
2023-06-08 02:18:48,169 INFO 
Current epoch: 97
2023-06-08 02:20:00,597 INFO Epoch 97, Itrs 6000/30000, Loss=0.126989
2023-06-08 02:20:00,598 INFO validation...
2023-06-08 02:20:25,089 INFO 
Overall Acc: 0.9183
Mean Acc: 0.6094
FreqW Acc: 0.8560
Mean IoU: 0.5333

2023-06-08 02:20:41,182 INFO 
Current epoch: 98
2023-06-08 02:21:34,816 INFO Epoch 98, Itrs 6050/30000, Loss=0.126514
2023-06-08 02:22:14,545 INFO 
Current epoch: 99
2023-06-08 02:22:51,160 INFO Epoch 99, Itrs 6100/30000, Loss=0.127855
2023-06-08 02:22:51,161 INFO validation...
2023-06-08 02:23:15,853 INFO 
Overall Acc: 0.9178
Mean Acc: 0.6042
FreqW Acc: 0.8551
Mean IoU: 0.5288

2023-06-08 02:24:07,032 INFO 
Current epoch: 100
2023-06-08 02:24:25,752 INFO Epoch 100, Itrs 6150/30000, Loss=0.126170
2023-06-08 02:25:39,601 INFO Epoch 100, Itrs 6200/30000, Loss=0.126688
2023-06-08 02:25:39,602 INFO validation...
2023-06-08 02:26:04,835 INFO 
Overall Acc: 0.9185
Mean Acc: 0.6201
FreqW Acc: 0.8563
Mean IoU: 0.5388

2023-06-08 02:26:04,905 INFO 
Current epoch: 101
2023-06-08 02:27:20,263 INFO Epoch 101, Itrs 6250/30000, Loss=0.126245
2023-06-08 02:27:38,122 INFO 
Current epoch: 102
2023-06-08 02:28:35,352 INFO Epoch 102, Itrs 6300/30000, Loss=0.126836
2023-06-08 02:28:35,353 INFO validation...
2023-06-08 02:28:59,497 INFO 
Overall Acc: 0.9179
Mean Acc: 0.6187
FreqW Acc: 0.8560
Mean IoU: 0.5383

2023-06-08 02:29:29,977 INFO 
Current epoch: 103
2023-06-08 02:30:09,363 INFO Epoch 103, Itrs 6350/30000, Loss=0.124481
2023-06-08 02:31:03,793 INFO 
Current epoch: 104
2023-06-08 02:31:25,146 INFO Epoch 104, Itrs 6400/30000, Loss=0.124368
2023-06-08 02:31:25,146 INFO validation...
2023-06-08 02:31:49,701 INFO 
Overall Acc: 0.9188
Mean Acc: 0.6052
FreqW Acc: 0.8565
Mean IoU: 0.5309

2023-06-08 02:32:55,516 INFO 
Current epoch: 105
2023-06-08 02:32:59,164 INFO Epoch 105, Itrs 6450/30000, Loss=0.124765
2023-06-08 02:34:13,415 INFO Epoch 105, Itrs 6500/30000, Loss=0.122321
2023-06-08 02:34:13,415 INFO validation...
2023-06-08 02:34:37,326 INFO 
Overall Acc: 0.9170
Mean Acc: 0.6198
FreqW Acc: 0.8545
Mean IoU: 0.5322

2023-06-08 02:34:46,905 INFO 
Current epoch: 106
2023-06-08 02:35:46,988 INFO Epoch 106, Itrs 6550/30000, Loss=0.122888
2023-06-08 02:36:19,634 INFO 
Current epoch: 107
2023-06-08 02:37:02,456 INFO Epoch 107, Itrs 6600/30000, Loss=0.123839
2023-06-08 02:37:02,457 INFO validation...
2023-06-08 02:37:27,444 INFO 
Overall Acc: 0.9179
Mean Acc: 0.6211
FreqW Acc: 0.8555
Mean IoU: 0.5399

2023-06-08 02:38:13,649 INFO 
Current epoch: 108
2023-06-08 02:38:37,708 INFO Epoch 108, Itrs 6650/30000, Loss=0.125275
2023-06-08 02:39:47,610 INFO 
Current epoch: 109
2023-06-08 02:39:54,506 INFO Epoch 109, Itrs 6700/30000, Loss=0.124035
2023-06-08 02:39:54,507 INFO validation...
2023-06-08 02:40:19,049 INFO 
Overall Acc: 0.9175
Mean Acc: 0.6172
FreqW Acc: 0.8549
Mean IoU: 0.5310

2023-06-08 02:41:28,014 INFO Epoch 109, Itrs 6750/30000, Loss=0.123954
2023-06-08 02:41:40,504 INFO 
Current epoch: 110
2023-06-08 02:42:44,731 INFO Epoch 110, Itrs 6800/30000, Loss=0.122641
2023-06-08 02:42:44,732 INFO validation...
2023-06-08 02:43:09,924 INFO 
Overall Acc: 0.9190
Mean Acc: 0.6225
FreqW Acc: 0.8579
Mean IoU: 0.5414

2023-06-08 02:43:34,352 INFO 
Current epoch: 111
2023-06-08 02:44:20,365 INFO Epoch 111, Itrs 6850/30000, Loss=0.122570
2023-06-08 02:45:07,594 INFO 
Current epoch: 112
2023-06-08 02:45:34,825 INFO Epoch 112, Itrs 6900/30000, Loss=0.120850
2023-06-08 02:45:34,826 INFO validation...
2023-06-08 02:45:59,953 INFO 
Overall Acc: 0.9187
Mean Acc: 0.6341
FreqW Acc: 0.8581
Mean IoU: 0.5421

2023-06-08 02:47:00,863 INFO 
Current epoch: 113
2023-06-08 02:47:10,228 INFO Epoch 113, Itrs 6950/30000, Loss=0.122296
2023-06-08 02:48:24,486 INFO Epoch 113, Itrs 7000/30000, Loss=0.121699
2023-06-08 02:48:24,487 INFO validation...
2023-06-08 02:48:48,975 INFO 
Overall Acc: 0.9186
Mean Acc: 0.6315
FreqW Acc: 0.8576
Mean IoU: 0.5427

2023-06-08 02:48:53,720 INFO 
Current epoch: 114
2023-06-08 02:49:59,509 INFO Epoch 114, Itrs 7050/30000, Loss=0.121007
2023-06-08 02:50:26,446 INFO 
Current epoch: 115
2023-06-08 02:51:15,124 INFO Epoch 115, Itrs 7100/30000, Loss=0.121446
2023-06-08 02:51:15,124 INFO validation...
2023-06-08 02:51:39,400 INFO 
Overall Acc: 0.9191
Mean Acc: 0.6171
FreqW Acc: 0.8581
Mean IoU: 0.5366

2023-06-08 02:52:18,934 INFO 
Current epoch: 116
2023-06-08 02:52:49,536 INFO Epoch 116, Itrs 7150/30000, Loss=0.119653
2023-06-08 02:53:52,057 INFO 
Current epoch: 117
2023-06-08 02:54:04,455 INFO Epoch 117, Itrs 7200/30000, Loss=0.120247
2023-06-08 02:54:04,455 INFO validation...
2023-06-08 02:54:28,766 INFO 
Overall Acc: 0.9186
Mean Acc: 0.6142
FreqW Acc: 0.8557
Mean IoU: 0.5376

2023-06-08 02:55:37,580 INFO Epoch 117, Itrs 7250/30000, Loss=0.120139
2023-06-08 02:55:43,601 INFO 
Current epoch: 118
2023-06-08 02:56:52,432 INFO Epoch 118, Itrs 7300/30000, Loss=0.120209
2023-06-08 02:56:52,433 INFO validation...
2023-06-08 02:57:16,869 INFO 
Overall Acc: 0.9186
Mean Acc: 0.6151
FreqW Acc: 0.8561
Mean IoU: 0.5372

2023-06-08 02:57:35,276 INFO 
Current epoch: 119
2023-06-08 02:58:26,421 INFO Epoch 119, Itrs 7350/30000, Loss=0.118929
2023-06-08 02:59:07,956 INFO 
Current epoch: 120
2023-06-08 02:59:41,261 INFO Epoch 120, Itrs 7400/30000, Loss=0.118913
2023-06-08 02:59:41,261 INFO validation...
2023-06-08 03:00:05,380 INFO 
Overall Acc: 0.9179
Mean Acc: 0.6220
FreqW Acc: 0.8562
Mean IoU: 0.5402

2023-06-08 03:01:00,267 INFO 
Current epoch: 121
2023-06-08 03:01:16,138 INFO Epoch 121, Itrs 7450/30000, Loss=0.120411
2023-06-08 03:02:31,226 INFO Epoch 121, Itrs 7500/30000, Loss=0.119233
2023-06-08 03:02:31,227 INFO validation...
2023-06-08 03:02:55,894 INFO 
Overall Acc: 0.9183
Mean Acc: 0.6247
FreqW Acc: 0.8565
Mean IoU: 0.5423

2023-06-08 03:02:56,441 INFO 
Current epoch: 122
2023-06-08 03:04:08,107 INFO Epoch 122, Itrs 7550/30000, Loss=0.120081
2023-06-08 03:04:28,826 INFO 
Current epoch: 123
2023-06-08 03:05:22,817 INFO Epoch 123, Itrs 7600/30000, Loss=0.119118
2023-06-08 03:05:22,817 INFO validation...
2023-06-08 03:05:46,516 INFO 
Overall Acc: 0.9193
Mean Acc: 0.6275
FreqW Acc: 0.8585
Mean IoU: 0.5443

2023-06-08 03:06:20,268 INFO 
Current epoch: 124
2023-06-08 03:06:56,953 INFO Epoch 124, Itrs 7650/30000, Loss=0.118227
2023-06-08 03:07:53,832 INFO 
Current epoch: 125
2023-06-08 03:08:12,926 INFO Epoch 125, Itrs 7700/30000, Loss=0.119622
2023-06-08 03:08:12,927 INFO validation...
2023-06-08 03:08:38,007 INFO 
Overall Acc: 0.9159
Mean Acc: 0.5963
FreqW Acc: 0.8514
Mean IoU: 0.5220

2023-06-08 03:09:46,965 INFO Epoch 125, Itrs 7750/30000, Loss=0.118690
2023-06-08 03:09:47,036 INFO 
Current epoch: 126
2023-06-08 03:11:01,807 INFO Epoch 126, Itrs 7800/30000, Loss=0.117828
2023-06-08 03:11:01,808 INFO validation...
2023-06-08 03:11:27,069 INFO 
Overall Acc: 0.9189
Mean Acc: 0.6213
FreqW Acc: 0.8582
Mean IoU: 0.5406

2023-06-08 03:11:39,370 INFO 
Current epoch: 127
2023-06-08 03:12:37,048 INFO Epoch 127, Itrs 7850/30000, Loss=0.117440
2023-06-08 03:13:13,758 INFO 
Current epoch: 128
2023-06-08 03:13:53,586 INFO Epoch 128, Itrs 7900/30000, Loss=0.118612
2023-06-08 03:13:53,586 INFO validation...
2023-06-08 03:14:17,959 INFO 
Overall Acc: 0.9193
Mean Acc: 0.6164
FreqW Acc: 0.8578
Mean IoU: 0.5381

2023-06-08 03:15:06,513 INFO 
Current epoch: 129
2023-06-08 03:15:28,334 INFO Epoch 129, Itrs 7950/30000, Loss=0.118290
2023-06-08 03:16:40,844 INFO 
Current epoch: 130
2023-06-08 03:16:44,647 INFO Epoch 130, Itrs 8000/30000, Loss=0.117855
2023-06-08 03:16:44,648 INFO validation...
2023-06-08 03:17:09,039 INFO 
Overall Acc: 0.9188
Mean Acc: 0.6163
FreqW Acc: 0.8565
Mean IoU: 0.5365

2023-06-08 03:18:18,990 INFO Epoch 130, Itrs 8050/30000, Loss=0.115169
2023-06-08 03:18:33,874 INFO 
Current epoch: 131
2023-06-08 03:19:35,486 INFO Epoch 131, Itrs 8100/30000, Loss=0.117372
2023-06-08 03:19:35,486 INFO validation...
2023-06-08 03:19:59,857 INFO 
Overall Acc: 0.9183
Mean Acc: 0.6255
FreqW Acc: 0.8564
Mean IoU: 0.5431

2023-06-08 03:20:27,408 INFO 
Current epoch: 132
2023-06-08 03:21:10,028 INFO Epoch 132, Itrs 8150/30000, Loss=0.117696
2023-06-08 03:22:01,602 INFO 
Current epoch: 133
2023-06-08 03:22:26,259 INFO Epoch 133, Itrs 8200/30000, Loss=0.115564
2023-06-08 03:22:26,260 INFO validation...
2023-06-08 03:22:50,277 INFO 
Overall Acc: 0.9189
Mean Acc: 0.6275
FreqW Acc: 0.8585
Mean IoU: 0.5419

2023-06-08 03:23:54,191 INFO 
Current epoch: 134
2023-06-08 03:24:00,914 INFO Epoch 134, Itrs 8250/30000, Loss=0.116038
2023-06-08 03:25:15,341 INFO Epoch 134, Itrs 8300/30000, Loss=0.116361
2023-06-08 03:25:15,341 INFO validation...
2023-06-08 03:25:40,064 INFO 
Overall Acc: 0.9178
Mean Acc: 0.6195
FreqW Acc: 0.8555
Mean IoU: 0.5397

2023-06-08 03:25:46,767 INFO 
Current epoch: 135
2023-06-08 03:26:51,308 INFO Epoch 135, Itrs 8350/30000, Loss=0.114969
2023-06-08 03:27:21,104 INFO 
Current epoch: 136
2023-06-08 03:28:07,898 INFO Epoch 136, Itrs 8400/30000, Loss=0.116659
2023-06-08 03:28:07,899 INFO validation...
2023-06-08 03:28:33,390 INFO 
Overall Acc: 0.9183
Mean Acc: 0.6143
FreqW Acc: 0.8558
Mean IoU: 0.5356

2023-06-08 03:29:15,796 INFO 
Current epoch: 137
2023-06-08 03:29:43,317 INFO Epoch 137, Itrs 8450/30000, Loss=0.115004
2023-06-08 03:30:49,583 INFO 
Current epoch: 138
2023-06-08 03:30:59,615 INFO Epoch 138, Itrs 8500/30000, Loss=0.116026
2023-06-08 03:30:59,616 INFO validation...
2023-06-08 03:31:24,168 INFO 
Overall Acc: 0.9190
Mean Acc: 0.6134
FreqW Acc: 0.8571
Mean IoU: 0.5357

2023-06-08 03:32:33,893 INFO Epoch 138, Itrs 8550/30000, Loss=0.116518
2023-06-08 03:32:43,565 INFO 
Current epoch: 139
2023-06-08 03:33:49,251 INFO Epoch 139, Itrs 8600/30000, Loss=0.112936
2023-06-08 03:33:49,252 INFO validation...
2023-06-08 03:34:13,014 INFO 
Overall Acc: 0.9174
Mean Acc: 0.6165
FreqW Acc: 0.8545
Mean IoU: 0.5383

2023-06-08 03:34:35,080 INFO 
Current epoch: 140
2023-06-08 03:35:23,824 INFO Epoch 140, Itrs 8650/30000, Loss=0.113296
2023-06-08 03:36:09,672 INFO 
Current epoch: 141
2023-06-08 03:36:40,824 INFO Epoch 141, Itrs 8700/30000, Loss=0.114662
2023-06-08 03:36:40,825 INFO validation...
2023-06-08 03:37:05,125 INFO 
Overall Acc: 0.9183
Mean Acc: 0.6080
FreqW Acc: 0.8556
Mean IoU: 0.5347

2023-06-08 03:38:01,993 INFO 
Current epoch: 142
2023-06-08 03:38:15,187 INFO Epoch 142, Itrs 8750/30000, Loss=0.114268
2023-06-08 03:39:30,511 INFO Epoch 142, Itrs 8800/30000, Loss=0.111576
2023-06-08 03:39:30,512 INFO validation...
2023-06-08 03:39:55,218 INFO 
Overall Acc: 0.9200
Mean Acc: 0.6380
FreqW Acc: 0.8602
Mean IoU: 0.5482

2023-06-08 03:39:55,301 INFO Model saved as logs/2023_0607_2328_32_cs_subset_2k_aug_ratio_0.05_cs_ip2p_2x_constant_instructions_image_w_1.5_lpips_filter_0.1_0.48/checkpoints/best_deeplabv3plus_mobilenet_cityscapes_os16_iter8800_epoch142_miou0.5482.pth
2023-06-08 03:39:56,037 INFO 
Current epoch: 143
2023-06-08 03:41:05,472 INFO Epoch 143, Itrs 8850/30000, Loss=0.111786
2023-06-08 03:41:29,204 INFO 
Current epoch: 144
2023-06-08 03:42:20,919 INFO Epoch 144, Itrs 8900/30000, Loss=0.111645
2023-06-08 03:42:20,920 INFO validation...
2023-06-08 03:42:45,642 INFO 
Overall Acc: 0.9198
Mean Acc: 0.6207
FreqW Acc: 0.8588
Mean IoU: 0.5433

2023-06-08 03:43:22,096 INFO 
Current epoch: 145
2023-06-08 03:43:55,626 INFO Epoch 145, Itrs 8950/30000, Loss=0.114479
2023-06-08 03:44:51,552 INFO 
Current epoch: 146
2023-06-08 03:45:05,947 INFO Epoch 146, Itrs 9000/30000, Loss=0.113682
2023-06-08 03:45:05,948 INFO validation...
2023-06-08 03:45:28,786 INFO 
Overall Acc: 0.9198
Mean Acc: 0.6325
FreqW Acc: 0.8592
Mean IoU: 0.5489

2023-06-08 03:45:28,867 INFO Model saved as logs/2023_0607_2328_32_cs_subset_2k_aug_ratio_0.05_cs_ip2p_2x_constant_instructions_image_w_1.5_lpips_filter_0.1_0.48/checkpoints/best_deeplabv3plus_mobilenet_cityscapes_os16_iter9000_epoch146_miou0.5489.pth
2023-06-08 03:46:34,144 INFO Epoch 146, Itrs 9050/30000, Loss=0.113485
2023-06-08 03:46:36,983 INFO 
Current epoch: 147
2023-06-08 03:47:44,635 INFO Epoch 147, Itrs 9100/30000, Loss=0.112236
2023-06-08 03:47:44,635 INFO validation...
