2023-06-07 23:23:58,987 INFO Device: cuda
2023-06-07 23:23:58,989 INFO Random Seed: 1 

2023-06-07 23:23:58,990 INFO Options: {'aug_json': '/mnt/raid/home/eyal_michaeli/datasets/cityscapes/aug_json_files/cityscapes/ip2p/cs_ip2p_2x_constant_instructions_image_w_1.5_filtered_lpips_0.1_0.48.json',
 'aug_sample_ratio': 0.1,
 'batch_size': 32,
 'ckpt': None,
 'continue_training': False,
 'crop_size': 256,
 'crop_val': False,
 'data_root': '/mnt/raid/home/eyal_michaeli/datasets/cityscapes',
 'dataset': 'cityscapes',
 'download': False,
 'gpu_id': '0',
 'logdir': 'logs/2023_0607_2323_58_cs_subset_2k_aug_ratio_0.1_cs_ip2p_2x_constant_instructions_image_w_1.5_lpips_filter_0.1_0.48',
 'loss_type': 'cross_entropy',
 'lr': 0.2,
 'lr_policy': 'poly',
 'model': 'deeplabv3plus_mobilenet',
 'num_classes': 19,
 'output_stride': 16,
 'print_interval': 50,
 'random_seed': 1,
 'save_val_results': True,
 'separable_conv': False,
 'step_size': 10000,
 'test_only': False,
 'total_itrs': 30000.0,
 'train_sample_ratio': 0.67,
 'val_batch_size': 4,
 'val_interval': 100,
 'weight_decay': 0.0001,
 'year': '2012'}
2023-06-07 23:23:59,007 INFO Found 2975 train images
2023-06-07 23:23:59,007 INFO Found 2975 train targets
2023-06-07 23:23:59,007 INFO With ratio 0.67, using only 1993 images for training, out of 1993
2023-06-07 23:23:59,012 INFO Using augmented images with ratio 0.1
2023-06-07 23:23:59,012 INFO Number of augmented images: 2975
2023-06-07 23:23:59,012 INFO json file: /mnt/raid/home/eyal_michaeli/datasets/cityscapes/aug_json_files/cityscapes/ip2p/cs_ip2p_2x_constant_instructions_image_w_1.5_filtered_lpips_0.1_0.48.json
2023-06-07 23:23:59,015 INFO Found 500 val images
2023-06-07 23:23:59,015 INFO Found 500 val targets
2023-06-07 23:23:59,015 INFO Not using augmented images
2023-06-07 23:23:59,015 INFO Dataset: cityscapes, Train set: 1993, Val set: 500
2023-06-07 23:23:59,155 INFO [!] Training from scratch, no checkpoint file used
2023-06-07 23:24:00,543 INFO 
Current epoch: 1
2023-06-07 23:24:06,147 INFO validation...
2023-06-07 23:24:29,811 INFO 
Overall Acc: 0.2127
Mean Acc: 0.0567
FreqW Acc: 0.0669
Mean IoU: 0.0180

2023-06-07 23:24:29,892 INFO Model saved as logs/2023_0607_2323_58_cs_subset_2k_aug_ratio_0.1_cs_ip2p_2x_constant_instructions_image_w_1.5_lpips_filter_0.1_0.48/checkpoints/best_deeplabv3plus_mobilenet_cityscapes_os16_iter1_epoch1_miou0.0180.pth
2023-06-07 23:25:36,229 INFO Epoch 1, Itrs 50/30000, Loss=0.746465
2023-06-07 23:25:53,899 INFO 
Current epoch: 2
2023-06-07 23:26:49,964 INFO Epoch 2, Itrs 100/30000, Loss=0.435094
2023-06-07 23:26:49,965 INFO validation...
2023-06-07 23:27:15,420 INFO 
Overall Acc: 0.8478
Mean Acc: 0.3365
FreqW Acc: 0.7393
Mean IoU: 0.2787

2023-06-07 23:27:15,501 INFO Model saved as logs/2023_0607_2323_58_cs_subset_2k_aug_ratio_0.1_cs_ip2p_2x_constant_instructions_image_w_1.5_lpips_filter_0.1_0.48/checkpoints/best_deeplabv3plus_mobilenet_cityscapes_os16_iter100_epoch2_miou0.2787.pth
2023-06-07 23:27:45,898 INFO 
Current epoch: 3
2023-06-07 23:28:25,758 INFO Epoch 3, Itrs 150/30000, Loss=0.358066
2023-06-07 23:29:20,823 INFO 
Current epoch: 4
2023-06-07 23:29:43,074 INFO Epoch 4, Itrs 200/30000, Loss=0.329521
2023-06-07 23:29:43,074 INFO validation...
2023-06-07 23:30:06,986 INFO 
Overall Acc: 0.8601
Mean Acc: 0.3851
FreqW Acc: 0.7580
Mean IoU: 0.3310

2023-06-07 23:30:07,061 INFO Model saved as logs/2023_0607_2323_58_cs_subset_2k_aug_ratio_0.1_cs_ip2p_2x_constant_instructions_image_w_1.5_lpips_filter_0.1_0.48/checkpoints/best_deeplabv3plus_mobilenet_cityscapes_os16_iter200_epoch4_miou0.3310.pth
2023-06-07 23:31:15,338 INFO 
Current epoch: 5
2023-06-07 23:31:19,150 INFO Epoch 5, Itrs 250/30000, Loss=0.314478
2023-06-07 23:32:34,382 INFO Epoch 5, Itrs 300/30000, Loss=0.294141
2023-06-07 23:32:34,382 INFO validation...
2023-06-07 23:32:59,515 INFO 
Overall Acc: 0.8826
Mean Acc: 0.4649
FreqW Acc: 0.7980
Mean IoU: 0.3967

2023-06-07 23:32:59,600 INFO Model saved as logs/2023_0607_2323_58_cs_subset_2k_aug_ratio_0.1_cs_ip2p_2x_constant_instructions_image_w_1.5_lpips_filter_0.1_0.48/checkpoints/best_deeplabv3plus_mobilenet_cityscapes_os16_iter300_epoch5_miou0.3967.pth
2023-06-07 23:33:10,873 INFO 
Current epoch: 6
2023-06-07 23:34:11,561 INFO Epoch 6, Itrs 350/30000, Loss=0.277345
2023-06-07 23:34:45,740 INFO 
Current epoch: 7
2023-06-07 23:35:29,094 INFO Epoch 7, Itrs 400/30000, Loss=0.270702
2023-06-07 23:35:29,095 INFO validation...
2023-06-07 23:35:53,449 INFO 
Overall Acc: 0.8879
Mean Acc: 0.4991
FreqW Acc: 0.8077
Mean IoU: 0.4185

2023-06-07 23:35:53,550 INFO Model saved as logs/2023_0607_2323_58_cs_subset_2k_aug_ratio_0.1_cs_ip2p_2x_constant_instructions_image_w_1.5_lpips_filter_0.1_0.48/checkpoints/best_deeplabv3plus_mobilenet_cityscapes_os16_iter400_epoch7_miou0.4185.pth
2023-06-07 23:36:40,016 INFO 
Current epoch: 8
2023-06-07 23:37:06,036 INFO Epoch 8, Itrs 450/30000, Loss=0.261180
2023-06-07 23:38:16,701 INFO 
Current epoch: 9
2023-06-07 23:38:23,460 INFO Epoch 9, Itrs 500/30000, Loss=0.251477
2023-06-07 23:38:23,460 INFO validation...
2023-06-07 23:38:48,034 INFO 
Overall Acc: 0.8944
Mean Acc: 0.5304
FreqW Acc: 0.8167
Mean IoU: 0.4466

2023-06-07 23:38:48,121 INFO Model saved as logs/2023_0607_2323_58_cs_subset_2k_aug_ratio_0.1_cs_ip2p_2x_constant_instructions_image_w_1.5_lpips_filter_0.1_0.48/checkpoints/best_deeplabv3plus_mobilenet_cityscapes_os16_iter500_epoch9_miou0.4466.pth
2023-06-07 23:39:59,294 INFO Epoch 9, Itrs 550/30000, Loss=0.250338
2023-06-07 23:40:11,383 INFO 
Current epoch: 10
2023-06-07 23:41:15,550 INFO Epoch 10, Itrs 600/30000, Loss=0.251302
2023-06-07 23:41:15,550 INFO validation...
2023-06-07 23:41:41,073 INFO 
Overall Acc: 0.8951
Mean Acc: 0.5449
FreqW Acc: 0.8218
Mean IoU: 0.4523

2023-06-07 23:41:41,160 INFO Model saved as logs/2023_0607_2323_58_cs_subset_2k_aug_ratio_0.1_cs_ip2p_2x_constant_instructions_image_w_1.5_lpips_filter_0.1_0.48/checkpoints/best_deeplabv3plus_mobilenet_cityscapes_os16_iter600_epoch10_miou0.4523.pth
2023-06-07 23:42:06,537 INFO 
Current epoch: 11
2023-06-07 23:42:52,738 INFO Epoch 11, Itrs 650/30000, Loss=0.245526
2023-06-07 23:43:41,436 INFO 
Current epoch: 12
2023-06-07 23:44:08,786 INFO Epoch 12, Itrs 700/30000, Loss=0.241188
2023-06-07 23:44:08,787 INFO validation...
2023-06-07 23:44:34,461 INFO 
Overall Acc: 0.9009
Mean Acc: 0.5489
FreqW Acc: 0.8286
Mean IoU: 0.4605

2023-06-07 23:44:34,575 INFO Model saved as logs/2023_0607_2323_58_cs_subset_2k_aug_ratio_0.1_cs_ip2p_2x_constant_instructions_image_w_1.5_lpips_filter_0.1_0.48/checkpoints/best_deeplabv3plus_mobilenet_cityscapes_os16_iter700_epoch12_miou0.4605.pth
2023-06-07 23:45:36,976 INFO 
Current epoch: 13
2023-06-07 23:45:47,254 INFO Epoch 13, Itrs 750/30000, Loss=0.234475
2023-06-07 23:47:03,392 INFO Epoch 13, Itrs 800/30000, Loss=0.229321
2023-06-07 23:47:03,392 INFO validation...
2023-06-07 23:47:28,179 INFO 
Overall Acc: 0.9026
Mean Acc: 0.5369
FreqW Acc: 0.8306
Mean IoU: 0.4656

2023-06-07 23:47:28,249 INFO Model saved as logs/2023_0607_2323_58_cs_subset_2k_aug_ratio_0.1_cs_ip2p_2x_constant_instructions_image_w_1.5_lpips_filter_0.1_0.48/checkpoints/best_deeplabv3plus_mobilenet_cityscapes_os16_iter800_epoch13_miou0.4656.pth
2023-06-07 23:47:32,935 INFO 
Current epoch: 14
2023-06-07 23:48:39,576 INFO Epoch 14, Itrs 850/30000, Loss=0.221591
2023-06-07 23:49:06,801 INFO 
Current epoch: 15
2023-06-07 23:49:55,955 INFO Epoch 15, Itrs 900/30000, Loss=0.222513
2023-06-07 23:49:55,955 INFO validation...
2023-06-07 23:50:20,070 INFO 
Overall Acc: 0.8996
Mean Acc: 0.5522
FreqW Acc: 0.8276
Mean IoU: 0.4729

2023-06-07 23:50:20,156 INFO Model saved as logs/2023_0607_2323_58_cs_subset_2k_aug_ratio_0.1_cs_ip2p_2x_constant_instructions_image_w_1.5_lpips_filter_0.1_0.48/checkpoints/best_deeplabv3plus_mobilenet_cityscapes_os16_iter900_epoch15_miou0.4729.pth
2023-06-07 23:51:01,342 INFO 
Current epoch: 16
2023-06-07 23:51:32,434 INFO Epoch 16, Itrs 950/30000, Loss=0.215414
2023-06-07 23:52:37,135 INFO 
Current epoch: 17
2023-06-07 23:52:50,038 INFO Epoch 17, Itrs 1000/30000, Loss=0.215846
2023-06-07 23:52:50,038 INFO validation...
2023-06-07 23:53:15,539 INFO 
Overall Acc: 0.8990
Mean Acc: 0.5974
FreqW Acc: 0.8299
Mean IoU: 0.4871

2023-06-07 23:53:15,625 INFO Model saved as logs/2023_0607_2323_58_cs_subset_2k_aug_ratio_0.1_cs_ip2p_2x_constant_instructions_image_w_1.5_lpips_filter_0.1_0.48/checkpoints/best_deeplabv3plus_mobilenet_cityscapes_os16_iter1000_epoch17_miou0.4871.pth
2023-06-07 23:54:25,905 INFO Epoch 17, Itrs 1050/30000, Loss=0.214532
2023-06-07 23:54:31,966 INFO 
Current epoch: 18
2023-06-07 23:55:41,486 INFO Epoch 18, Itrs 1100/30000, Loss=0.212347
2023-06-07 23:55:41,487 INFO validation...
2023-06-07 23:56:07,251 INFO 
Overall Acc: 0.9067
Mean Acc: 0.5716
FreqW Acc: 0.8387
Mean IoU: 0.4911

2023-06-07 23:56:07,339 INFO Model saved as logs/2023_0607_2323_58_cs_subset_2k_aug_ratio_0.1_cs_ip2p_2x_constant_instructions_image_w_1.5_lpips_filter_0.1_0.48/checkpoints/best_deeplabv3plus_mobilenet_cityscapes_os16_iter1100_epoch18_miou0.4911.pth
2023-06-07 23:56:26,313 INFO 
Current epoch: 19
2023-06-07 23:57:17,893 INFO Epoch 19, Itrs 1150/30000, Loss=0.209171
2023-06-07 23:58:01,122 INFO 
Current epoch: 20
2023-06-07 23:58:34,808 INFO Epoch 20, Itrs 1200/30000, Loss=0.200814
2023-06-07 23:58:34,809 INFO validation...
2023-06-07 23:58:58,888 INFO 
Overall Acc: 0.9049
Mean Acc: 0.5678
FreqW Acc: 0.8353
Mean IoU: 0.4904

2023-06-07 23:59:55,303 INFO 
Current epoch: 21
2023-06-08 00:00:11,528 INFO Epoch 21, Itrs 1250/30000, Loss=0.202635
2023-06-08 00:01:27,588 INFO Epoch 21, Itrs 1300/30000, Loss=0.202233
2023-06-08 00:01:27,588 INFO validation...
2023-06-08 00:01:52,332 INFO 
Overall Acc: 0.9062
Mean Acc: 0.5732
FreqW Acc: 0.8379
Mean IoU: 0.4835

2023-06-08 00:01:52,721 INFO 
Current epoch: 22
2023-06-08 00:03:06,246 INFO Epoch 22, Itrs 1350/30000, Loss=0.197720
2023-06-08 00:03:27,242 INFO 
Current epoch: 23
2023-06-08 00:04:23,477 INFO Epoch 23, Itrs 1400/30000, Loss=0.195693
2023-06-08 00:04:23,478 INFO validation...
2023-06-08 00:04:48,506 INFO 
Overall Acc: 0.9074
Mean Acc: 0.5797
FreqW Acc: 0.8378
Mean IoU: 0.4986

2023-06-08 00:04:48,595 INFO Model saved as logs/2023_0607_2323_58_cs_subset_2k_aug_ratio_0.1_cs_ip2p_2x_constant_instructions_image_w_1.5_lpips_filter_0.1_0.48/checkpoints/best_deeplabv3plus_mobilenet_cityscapes_os16_iter1400_epoch23_miou0.4986.pth
2023-06-08 00:05:22,920 INFO 
Current epoch: 24
2023-06-08 00:05:59,786 INFO Epoch 24, Itrs 1450/30000, Loss=0.193942
2023-06-08 00:06:57,018 INFO 
Current epoch: 25
2023-06-08 00:07:15,535 INFO Epoch 25, Itrs 1500/30000, Loss=0.191927
2023-06-08 00:07:15,536 INFO validation...
2023-06-08 00:07:39,598 INFO 
Overall Acc: 0.9070
Mean Acc: 0.5814
FreqW Acc: 0.8392
Mean IoU: 0.4918

2023-06-08 00:08:48,849 INFO Epoch 25, Itrs 1550/30000, Loss=0.194826
2023-06-08 00:08:48,945 INFO 
Current epoch: 26
2023-06-08 00:10:06,204 INFO Epoch 26, Itrs 1600/30000, Loss=0.187046
2023-06-08 00:10:06,205 INFO validation...
2023-06-08 00:10:30,866 INFO 
Overall Acc: 0.9096
Mean Acc: 0.5868
FreqW Acc: 0.8425
Mean IoU: 0.5055

2023-06-08 00:10:31,063 INFO Model saved as logs/2023_0607_2323_58_cs_subset_2k_aug_ratio_0.1_cs_ip2p_2x_constant_instructions_image_w_1.5_lpips_filter_0.1_0.48/checkpoints/best_deeplabv3plus_mobilenet_cityscapes_os16_iter1600_epoch26_miou0.5055.pth
2023-06-08 00:10:44,148 INFO 
Current epoch: 27
2023-06-08 00:11:41,733 INFO Epoch 27, Itrs 1650/30000, Loss=0.187152
2023-06-08 00:12:18,348 INFO 
Current epoch: 28
2023-06-08 00:12:58,145 INFO Epoch 28, Itrs 1700/30000, Loss=0.186266
2023-06-08 00:12:58,146 INFO validation...
2023-06-08 00:13:22,688 INFO 
Overall Acc: 0.9096
Mean Acc: 0.5916
FreqW Acc: 0.8434
Mean IoU: 0.5014

2023-06-08 00:14:11,018 INFO 
Current epoch: 29
2023-06-08 00:14:32,183 INFO Epoch 29, Itrs 1750/30000, Loss=0.184927
2023-06-08 00:15:44,042 INFO 
Current epoch: 30
2023-06-08 00:15:47,754 INFO Epoch 30, Itrs 1800/30000, Loss=0.183496
2023-06-08 00:15:47,755 INFO validation...
2023-06-08 00:16:12,139 INFO 
Overall Acc: 0.9085
Mean Acc: 0.5666
FreqW Acc: 0.8401
Mean IoU: 0.4907

2023-06-08 00:17:21,952 INFO Epoch 30, Itrs 1850/30000, Loss=0.178871
2023-06-08 00:17:37,014 INFO 
Current epoch: 31
2023-06-08 00:18:37,494 INFO Epoch 31, Itrs 1900/30000, Loss=0.179982
2023-06-08 00:18:37,494 INFO validation...
2023-06-08 00:19:01,652 INFO 
Overall Acc: 0.9101
Mean Acc: 0.5951
FreqW Acc: 0.8421
Mean IoU: 0.5124

2023-06-08 00:19:01,750 INFO Model saved as logs/2023_0607_2323_58_cs_subset_2k_aug_ratio_0.1_cs_ip2p_2x_constant_instructions_image_w_1.5_lpips_filter_0.1_0.48/checkpoints/best_deeplabv3plus_mobilenet_cityscapes_os16_iter1900_epoch31_miou0.5124.pth
2023-06-08 00:19:29,820 INFO 
Current epoch: 32
2023-06-08 00:20:12,518 INFO Epoch 32, Itrs 1950/30000, Loss=0.181518
2023-06-08 00:21:03,548 INFO 
Current epoch: 33
2023-06-08 00:21:28,819 INFO Epoch 33, Itrs 2000/30000, Loss=0.178197
2023-06-08 00:21:28,820 INFO validation...
2023-06-08 00:21:54,227 INFO 
Overall Acc: 0.9104
Mean Acc: 0.5791
FreqW Acc: 0.8432
Mean IoU: 0.4996

2023-06-08 00:22:57,716 INFO 
Current epoch: 34
2023-06-08 00:23:04,955 INFO Epoch 34, Itrs 2050/30000, Loss=0.176001
2023-06-08 00:24:20,699 INFO Epoch 34, Itrs 2100/30000, Loss=0.177617
2023-06-08 00:24:20,699 INFO validation...
2023-06-08 00:24:45,731 INFO 
Overall Acc: 0.9139
Mean Acc: 0.5988
FreqW Acc: 0.8488
Mean IoU: 0.5184

2023-06-08 00:24:45,819 INFO Model saved as logs/2023_0607_2323_58_cs_subset_2k_aug_ratio_0.1_cs_ip2p_2x_constant_instructions_image_w_1.5_lpips_filter_0.1_0.48/checkpoints/best_deeplabv3plus_mobilenet_cityscapes_os16_iter2100_epoch34_miou0.5184.pth
2023-06-08 00:24:53,465 INFO 
Current epoch: 35
2023-06-08 00:25:56,722 INFO Epoch 35, Itrs 2150/30000, Loss=0.173050
2023-06-08 00:26:27,171 INFO 
Current epoch: 36
2023-06-08 00:27:12,557 INFO Epoch 36, Itrs 2200/30000, Loss=0.172636
2023-06-08 00:27:12,558 INFO validation...
2023-06-08 00:27:37,122 INFO 
Overall Acc: 0.9145
Mean Acc: 0.6083
FreqW Acc: 0.8504
Mean IoU: 0.5223

2023-06-08 00:27:37,209 INFO Model saved as logs/2023_0607_2323_58_cs_subset_2k_aug_ratio_0.1_cs_ip2p_2x_constant_instructions_image_w_1.5_lpips_filter_0.1_0.48/checkpoints/best_deeplabv3plus_mobilenet_cityscapes_os16_iter2200_epoch36_miou0.5223.pth
2023-06-08 00:28:19,699 INFO 
Current epoch: 37
2023-06-08 00:28:47,218 INFO Epoch 37, Itrs 2250/30000, Loss=0.171868
2023-06-08 00:29:54,131 INFO 
Current epoch: 38
2023-06-08 00:30:04,134 INFO Epoch 38, Itrs 2300/30000, Loss=0.168949
2023-06-08 00:30:04,135 INFO validation...
2023-06-08 00:30:28,148 INFO 
Overall Acc: 0.9134
Mean Acc: 0.5975
FreqW Acc: 0.8486
Mean IoU: 0.5163

2023-06-08 00:31:37,384 INFO Epoch 38, Itrs 2350/30000, Loss=0.166855
2023-06-08 00:31:46,337 INFO 
Current epoch: 39
2023-06-08 00:32:52,607 INFO Epoch 39, Itrs 2400/30000, Loss=0.165374
2023-06-08 00:32:52,608 INFO validation...
2023-06-08 00:33:17,039 INFO 
Overall Acc: 0.9125
Mean Acc: 0.5892
FreqW Acc: 0.8463
Mean IoU: 0.5115

2023-06-08 00:33:39,482 INFO 
Current epoch: 40
2023-06-08 00:34:28,873 INFO Epoch 40, Itrs 2450/30000, Loss=0.166328
2023-06-08 00:35:13,358 INFO 
Current epoch: 41
2023-06-08 00:35:43,323 INFO Epoch 41, Itrs 2500/30000, Loss=0.161909
2023-06-08 00:35:43,323 INFO validation...
2023-06-08 00:36:07,895 INFO 
Overall Acc: 0.9147
Mean Acc: 0.6167
FreqW Acc: 0.8509
Mean IoU: 0.5288

2023-06-08 00:36:07,977 INFO Model saved as logs/2023_0607_2323_58_cs_subset_2k_aug_ratio_0.1_cs_ip2p_2x_constant_instructions_image_w_1.5_lpips_filter_0.1_0.48/checkpoints/best_deeplabv3plus_mobilenet_cityscapes_os16_iter2500_epoch41_miou0.5288.pth
2023-06-08 00:37:07,384 INFO 
Current epoch: 42
2023-06-08 00:37:19,825 INFO Epoch 42, Itrs 2550/30000, Loss=0.167863
2023-06-08 00:38:35,268 INFO Epoch 42, Itrs 2600/30000, Loss=0.164062
2023-06-08 00:38:35,269 INFO validation...
2023-06-08 00:38:59,950 INFO 
Overall Acc: 0.9140
Mean Acc: 0.5869
FreqW Acc: 0.8490
Mean IoU: 0.5119

2023-06-08 00:39:00,613 INFO 
Current epoch: 43
2023-06-08 00:40:10,214 INFO Epoch 43, Itrs 2650/30000, Loss=0.160627
2023-06-08 00:40:33,954 INFO 
Current epoch: 44
2023-06-08 00:41:25,334 INFO Epoch 44, Itrs 2700/30000, Loss=0.162535
2023-06-08 00:41:25,334 INFO validation...
2023-06-08 00:41:50,669 INFO 
Overall Acc: 0.9138
Mean Acc: 0.5982
FreqW Acc: 0.8495
Mean IoU: 0.5156

2023-06-08 00:42:28,003 INFO 
Current epoch: 45
2023-06-08 00:43:01,979 INFO Epoch 45, Itrs 2750/30000, Loss=0.160044
2023-06-08 00:44:02,084 INFO 
Current epoch: 46
2023-06-08 00:44:18,108 INFO Epoch 46, Itrs 2800/30000, Loss=0.159650
2023-06-08 00:44:18,108 INFO validation...
2023-06-08 00:44:43,738 INFO 
Overall Acc: 0.9154
Mean Acc: 0.6113
FreqW Acc: 0.8531
Mean IoU: 0.5247

2023-06-08 00:45:53,537 INFO Epoch 46, Itrs 2850/30000, Loss=0.163085
2023-06-08 00:45:56,546 INFO 
Current epoch: 47
2023-06-08 00:47:09,803 INFO Epoch 47, Itrs 2900/30000, Loss=0.158796
2023-06-08 00:47:09,803 INFO validation...
2023-06-08 00:47:35,402 INFO 
Overall Acc: 0.9125
Mean Acc: 0.5911
FreqW Acc: 0.8474
Mean IoU: 0.5129

2023-06-08 00:47:51,968 INFO 
Current epoch: 48
2023-06-08 00:48:46,765 INFO Epoch 48, Itrs 2950/30000, Loss=0.158608
2023-06-08 00:49:25,548 INFO 
Current epoch: 49
2023-06-08 00:50:02,345 INFO Epoch 49, Itrs 3000/30000, Loss=0.156365
2023-06-08 00:50:02,346 INFO validation...
2023-06-08 00:50:27,608 INFO 
Overall Acc: 0.9151
Mean Acc: 0.6022
FreqW Acc: 0.8510
Mean IoU: 0.5205

2023-06-08 00:51:19,330 INFO 
Current epoch: 50
2023-06-08 00:51:37,533 INFO Epoch 50, Itrs 3050/30000, Loss=0.156197
2023-06-08 00:52:51,733 INFO Epoch 50, Itrs 3100/30000, Loss=0.156334
2023-06-08 00:52:51,734 INFO validation...
2023-06-08 00:53:16,013 INFO 
Overall Acc: 0.9166
Mean Acc: 0.6103
FreqW Acc: 0.8538
Mean IoU: 0.5289

2023-06-08 00:53:16,084 INFO Model saved as logs/2023_0607_2323_58_cs_subset_2k_aug_ratio_0.1_cs_ip2p_2x_constant_instructions_image_w_1.5_lpips_filter_0.1_0.48/checkpoints/best_deeplabv3plus_mobilenet_cityscapes_os16_iter3100_epoch50_miou0.5289.pth
2023-06-08 00:53:16,184 INFO 
Current epoch: 51
2023-06-08 00:54:32,408 INFO Epoch 51, Itrs 3150/30000, Loss=0.156676
2023-06-08 00:54:50,277 INFO 
Current epoch: 52
2023-06-08 00:55:47,683 INFO Epoch 52, Itrs 3200/30000, Loss=0.154387
2023-06-08 00:55:47,684 INFO validation...
2023-06-08 00:56:12,392 INFO 
Overall Acc: 0.9159
Mean Acc: 0.6190
FreqW Acc: 0.8527
Mean IoU: 0.5321

2023-06-08 00:56:12,468 INFO Model saved as logs/2023_0607_2323_58_cs_subset_2k_aug_ratio_0.1_cs_ip2p_2x_constant_instructions_image_w_1.5_lpips_filter_0.1_0.48/checkpoints/best_deeplabv3plus_mobilenet_cityscapes_os16_iter3200_epoch52_miou0.5321.pth
2023-06-08 00:56:42,890 INFO 
Current epoch: 53
2023-06-08 00:57:22,170 INFO Epoch 53, Itrs 3250/30000, Loss=0.157397
2023-06-08 00:58:16,376 INFO 
Current epoch: 54
2023-06-08 00:58:37,822 INFO Epoch 54, Itrs 3300/30000, Loss=0.150002
2023-06-08 00:58:37,823 INFO validation...
2023-06-08 00:59:02,463 INFO 
Overall Acc: 0.9149
Mean Acc: 0.5918
FreqW Acc: 0.8498
Mean IoU: 0.5195

2023-06-08 01:00:10,357 INFO 
Current epoch: 55
2023-06-08 01:00:13,720 INFO Epoch 55, Itrs 3350/30000, Loss=0.151072
2023-06-08 01:01:29,141 INFO Epoch 55, Itrs 3400/30000, Loss=0.152429
2023-06-08 01:01:29,142 INFO validation...
2023-06-08 01:01:53,732 INFO 
Overall Acc: 0.9132
Mean Acc: 0.5803
FreqW Acc: 0.8487
Mean IoU: 0.5040

2023-06-08 01:02:03,357 INFO 
Current epoch: 56
2023-06-08 01:03:03,456 INFO Epoch 56, Itrs 3450/30000, Loss=0.151576
2023-06-08 01:03:36,844 INFO 
Current epoch: 57
2023-06-08 01:04:19,366 INFO Epoch 57, Itrs 3500/30000, Loss=0.152871
2023-06-08 01:04:19,367 INFO validation...
2023-06-08 01:04:43,804 INFO 
Overall Acc: 0.9110
Mean Acc: 0.5891
FreqW Acc: 0.8454
Mean IoU: 0.5054

2023-06-08 01:05:30,147 INFO 
Current epoch: 58
2023-06-08 01:05:54,358 INFO Epoch 58, Itrs 3550/30000, Loss=0.150384
2023-06-08 01:07:03,102 INFO 
Current epoch: 59
2023-06-08 01:07:10,133 INFO Epoch 59, Itrs 3600/30000, Loss=0.150098
2023-06-08 01:07:10,134 INFO validation...
2023-06-08 01:07:35,445 INFO 
Overall Acc: 0.9175
Mean Acc: 0.6372
FreqW Acc: 0.8563
Mean IoU: 0.5422

2023-06-08 01:07:35,531 INFO Model saved as logs/2023_0607_2323_58_cs_subset_2k_aug_ratio_0.1_cs_ip2p_2x_constant_instructions_image_w_1.5_lpips_filter_0.1_0.48/checkpoints/best_deeplabv3plus_mobilenet_cityscapes_os16_iter3600_epoch59_miou0.5422.pth
2023-06-08 01:08:46,547 INFO Epoch 59, Itrs 3650/30000, Loss=0.147489
2023-06-08 01:08:58,640 INFO 
Current epoch: 60
2023-06-08 01:10:02,329 INFO Epoch 60, Itrs 3700/30000, Loss=0.146564
2023-06-08 01:10:02,330 INFO validation...
2023-06-08 01:10:26,908 INFO 
Overall Acc: 0.9180
Mean Acc: 0.6147
FreqW Acc: 0.8559
Mean IoU: 0.5344

2023-06-08 01:10:51,564 INFO 
Current epoch: 61
2023-06-08 01:11:36,661 INFO Epoch 61, Itrs 3750/30000, Loss=0.146316
2023-06-08 01:12:26,156 INFO 
Current epoch: 62
2023-06-08 01:12:54,378 INFO Epoch 62, Itrs 3800/30000, Loss=0.144212
2023-06-08 01:12:54,378 INFO validation...
2023-06-08 01:13:19,370 INFO 
Overall Acc: 0.9177
Mean Acc: 0.6215
FreqW Acc: 0.8561
Mean IoU: 0.5328

2023-06-08 01:14:21,171 INFO 
Current epoch: 63
2023-06-08 01:14:30,528 INFO Epoch 63, Itrs 3850/30000, Loss=0.147441
2023-06-08 01:15:45,032 INFO Epoch 63, Itrs 3900/30000, Loss=0.142871
2023-06-08 01:15:45,033 INFO validation...
2023-06-08 01:16:09,948 INFO 
Overall Acc: 0.9160
Mean Acc: 0.6063
FreqW Acc: 0.8522
Mean IoU: 0.5236

2023-06-08 01:16:13,980 INFO 
Current epoch: 64
2023-06-08 01:17:21,168 INFO Epoch 64, Itrs 3950/30000, Loss=0.143564
2023-06-08 01:17:48,107 INFO 
Current epoch: 65
2023-06-08 01:18:37,513 INFO Epoch 65, Itrs 4000/30000, Loss=0.143733
2023-06-08 01:18:37,513 INFO validation...
2023-06-08 01:19:02,433 INFO 
Overall Acc: 0.9161
Mean Acc: 0.6049
FreqW Acc: 0.8537
Mean IoU: 0.5206

2023-06-08 01:19:42,325 INFO 
Current epoch: 66
2023-06-08 01:20:12,402 INFO Epoch 66, Itrs 4050/30000, Loss=0.144653
2023-06-08 01:21:15,191 INFO 
Current epoch: 67
2023-06-08 01:21:28,167 INFO Epoch 67, Itrs 4100/30000, Loss=0.143094
2023-06-08 01:21:28,168 INFO validation...
2023-06-08 01:21:52,800 INFO 
Overall Acc: 0.9175
Mean Acc: 0.6129
FreqW Acc: 0.8554
Mean IoU: 0.5323

2023-06-08 01:23:02,313 INFO Epoch 67, Itrs 4150/30000, Loss=0.143859
2023-06-08 01:23:09,085 INFO 
Current epoch: 68
2023-06-08 01:24:18,852 INFO Epoch 68, Itrs 4200/30000, Loss=0.141380
2023-06-08 01:24:18,853 INFO validation...
2023-06-08 01:24:42,933 INFO 
Overall Acc: 0.9156
Mean Acc: 0.6186
FreqW Acc: 0.8529
Mean IoU: 0.5290

2023-06-08 01:25:02,696 INFO 
Current epoch: 69
2023-06-08 01:25:55,341 INFO Epoch 69, Itrs 4250/30000, Loss=0.138808
2023-06-08 01:26:37,828 INFO 
Current epoch: 70
2023-06-08 01:27:11,317 INFO Epoch 70, Itrs 4300/30000, Loss=0.140429
2023-06-08 01:27:11,318 INFO validation...
2023-06-08 01:27:35,952 INFO 
Overall Acc: 0.9173
Mean Acc: 0.6168
FreqW Acc: 0.8551
Mean IoU: 0.5344

2023-06-08 01:28:31,977 INFO 
Current epoch: 71
2023-06-08 01:28:48,110 INFO Epoch 71, Itrs 4350/30000, Loss=0.141900
2023-06-08 01:30:02,771 INFO Epoch 71, Itrs 4400/30000, Loss=0.141420
2023-06-08 01:30:02,772 INFO validation...
2023-06-08 01:30:28,034 INFO 
Overall Acc: 0.9167
Mean Acc: 0.6122
FreqW Acc: 0.8536
Mean IoU: 0.5326

2023-06-08 01:30:28,529 INFO 
Current epoch: 72
2023-06-08 01:31:42,512 INFO Epoch 72, Itrs 4450/30000, Loss=0.139062
2023-06-08 01:32:04,295 INFO 
Current epoch: 73
2023-06-08 01:32:59,465 INFO Epoch 73, Itrs 4500/30000, Loss=0.138121
2023-06-08 01:32:59,466 INFO validation...
2023-06-08 01:33:24,731 INFO 
Overall Acc: 0.9181
Mean Acc: 0.6177
FreqW Acc: 0.8562
Mean IoU: 0.5346

2023-06-08 01:33:59,194 INFO 
Current epoch: 74
2023-06-08 01:34:36,084 INFO Epoch 74, Itrs 4550/30000, Loss=0.138659
2023-06-08 01:35:33,557 INFO 
Current epoch: 75
2023-06-08 01:35:52,339 INFO Epoch 75, Itrs 4600/30000, Loss=0.138555
2023-06-08 01:35:52,340 INFO validation...
2023-06-08 01:36:17,115 INFO 
Overall Acc: 0.9173
Mean Acc: 0.6225
FreqW Acc: 0.8567
Mean IoU: 0.5329

2023-06-08 01:37:27,170 INFO Epoch 75, Itrs 4650/30000, Loss=0.136685
2023-06-08 01:37:27,240 INFO 
Current epoch: 76
2023-06-08 01:38:43,722 INFO Epoch 76, Itrs 4700/30000, Loss=0.136493
2023-06-08 01:38:43,723 INFO validation...
2023-06-08 01:39:08,003 INFO 
Overall Acc: 0.9178
Mean Acc: 0.6171
FreqW Acc: 0.8555
Mean IoU: 0.5298

2023-06-08 01:39:20,356 INFO 
Current epoch: 77
2023-06-08 01:40:17,717 INFO Epoch 77, Itrs 4750/30000, Loss=0.132758
2023-06-08 01:40:54,206 INFO 
Current epoch: 78
2023-06-08 01:41:33,596 INFO Epoch 78, Itrs 4800/30000, Loss=0.139480
2023-06-08 01:41:33,596 INFO validation...
2023-06-08 01:41:58,403 INFO 
Overall Acc: 0.9175
Mean Acc: 0.6063
FreqW Acc: 0.8554
Mean IoU: 0.5256

2023-06-08 01:42:48,002 INFO 
Current epoch: 79
2023-06-08 01:43:10,208 INFO Epoch 79, Itrs 4850/30000, Loss=0.135933
2023-06-08 01:44:21,581 INFO 
Current epoch: 80
2023-06-08 01:44:25,243 INFO Epoch 80, Itrs 4900/30000, Loss=0.134083
2023-06-08 01:44:25,244 INFO validation...
2023-06-08 01:44:49,765 INFO 
Overall Acc: 0.9179
Mean Acc: 0.6163
FreqW Acc: 0.8554
Mean IoU: 0.5349

2023-06-08 01:45:59,837 INFO Epoch 80, Itrs 4950/30000, Loss=0.134576
2023-06-08 01:46:15,515 INFO 
Current epoch: 81
2023-06-08 01:47:15,494 INFO Epoch 81, Itrs 5000/30000, Loss=0.132963
2023-06-08 01:47:15,495 INFO validation...
2023-06-08 01:47:39,124 INFO 
Overall Acc: 0.9178
Mean Acc: 0.6079
FreqW Acc: 0.8553
Mean IoU: 0.5259

2023-06-08 01:48:06,415 INFO 
Current epoch: 82
2023-06-08 01:48:48,301 INFO Epoch 82, Itrs 5050/30000, Loss=0.133651
2023-06-08 01:49:39,354 INFO 
Current epoch: 83
2023-06-08 01:50:04,244 INFO Epoch 83, Itrs 5100/30000, Loss=0.133992
2023-06-08 01:50:04,245 INFO validation...
2023-06-08 01:50:28,909 INFO 
Overall Acc: 0.9181
Mean Acc: 0.6242
FreqW Acc: 0.8562
Mean IoU: 0.5372

2023-06-08 01:51:32,064 INFO 
Current epoch: 84
2023-06-08 01:51:38,920 INFO Epoch 84, Itrs 5150/30000, Loss=0.131612
2023-06-08 01:52:53,461 INFO Epoch 84, Itrs 5200/30000, Loss=0.131997
2023-06-08 01:52:53,461 INFO validation...
2023-06-08 01:53:17,653 INFO 
Overall Acc: 0.9177
Mean Acc: 0.6121
FreqW Acc: 0.8553
Mean IoU: 0.5284

2023-06-08 01:53:24,930 INFO 
Current epoch: 85
2023-06-08 01:54:28,890 INFO Epoch 85, Itrs 5250/30000, Loss=0.133329
2023-06-08 01:54:58,624 INFO 
Current epoch: 86
2023-06-08 01:55:43,997 INFO Epoch 86, Itrs 5300/30000, Loss=0.129974
2023-06-08 01:55:43,998 INFO validation...
2023-06-08 01:56:08,137 INFO 
Overall Acc: 0.9147
Mean Acc: 0.6324
FreqW Acc: 0.8512
Mean IoU: 0.5345

2023-06-08 01:56:50,662 INFO 
Current epoch: 87
2023-06-08 01:57:17,984 INFO Epoch 87, Itrs 5350/30000, Loss=0.131694
2023-06-08 01:58:23,737 INFO 
Current epoch: 88
2023-06-08 01:58:33,051 INFO Epoch 88, Itrs 5400/30000, Loss=0.131700
2023-06-08 01:58:33,052 INFO validation...
2023-06-08 01:58:57,492 INFO 
Overall Acc: 0.9166
Mean Acc: 0.6126
FreqW Acc: 0.8541
Mean IoU: 0.5278

2023-06-08 02:00:06,719 INFO Epoch 88, Itrs 5450/30000, Loss=0.131573
2023-06-08 02:00:15,720 INFO 
Current epoch: 89
2023-06-08 02:01:21,483 INFO Epoch 89, Itrs 5500/30000, Loss=0.132629
2023-06-08 02:01:21,484 INFO validation...
2023-06-08 02:01:46,479 INFO 
Overall Acc: 0.9170
Mean Acc: 0.6243
FreqW Acc: 0.8554
Mean IoU: 0.5332

2023-06-08 02:02:08,064 INFO 
Current epoch: 90
2023-06-08 02:02:55,554 INFO Epoch 90, Itrs 5550/30000, Loss=0.133209
2023-06-08 02:03:40,947 INFO 
Current epoch: 91
2023-06-08 02:04:12,571 INFO Epoch 91, Itrs 5600/30000, Loss=0.127194
2023-06-08 02:04:12,572 INFO validation...
2023-06-08 02:04:36,921 INFO 
Overall Acc: 0.9173
Mean Acc: 0.6074
FreqW Acc: 0.8542
Mean IoU: 0.5295

2023-06-08 02:05:33,843 INFO 
Current epoch: 92
2023-06-08 02:05:45,923 INFO Epoch 92, Itrs 5650/30000, Loss=0.129609
2023-06-08 02:07:00,960 INFO Epoch 92, Itrs 5700/30000, Loss=0.131700
2023-06-08 02:07:00,960 INFO validation...
2023-06-08 02:07:25,145 INFO 
Overall Acc: 0.9172
Mean Acc: 0.6022
FreqW Acc: 0.8546
Mean IoU: 0.5216

2023-06-08 02:07:25,713 INFO 
Current epoch: 93
2023-06-08 02:08:35,059 INFO Epoch 93, Itrs 5750/30000, Loss=0.127451
2023-06-08 02:08:58,844 INFO 
Current epoch: 94
2023-06-08 02:09:50,079 INFO Epoch 94, Itrs 5800/30000, Loss=0.126878
2023-06-08 02:09:50,079 INFO validation...
2023-06-08 02:10:14,873 INFO 
Overall Acc: 0.9180
Mean Acc: 0.6096
FreqW Acc: 0.8555
Mean IoU: 0.5295

2023-06-08 02:10:52,574 INFO 
Current epoch: 95
2023-06-08 02:11:25,393 INFO Epoch 95, Itrs 5850/30000, Loss=0.126821
2023-06-08 02:12:25,313 INFO 
Current epoch: 96
2023-06-08 02:12:40,241 INFO Epoch 96, Itrs 5900/30000, Loss=0.129068
2023-06-08 02:12:40,242 INFO validation...
2023-06-08 02:13:04,246 INFO 
Overall Acc: 0.9093
Mean Acc: 0.5905
FreqW Acc: 0.8440
Mean IoU: 0.5032

2023-06-08 02:14:13,119 INFO Epoch 96, Itrs 5950/30000, Loss=0.129352
2023-06-08 02:14:16,100 INFO 
Current epoch: 97
2023-06-08 02:15:28,359 INFO Epoch 97, Itrs 6000/30000, Loss=0.126992
2023-06-08 02:15:28,360 INFO validation...
2023-06-08 02:15:52,543 INFO 
Overall Acc: 0.9189
Mean Acc: 0.6095
FreqW Acc: 0.8570
Mean IoU: 0.5319

2023-06-08 02:16:09,149 INFO 
Current epoch: 98
2023-06-08 02:17:03,481 INFO Epoch 98, Itrs 6050/30000, Loss=0.126839
2023-06-08 02:17:42,624 INFO 
Current epoch: 99
2023-06-08 02:18:19,003 INFO Epoch 99, Itrs 6100/30000, Loss=0.127602
2023-06-08 02:18:19,004 INFO validation...
2023-06-08 02:18:43,182 INFO 
Overall Acc: 0.9170
Mean Acc: 0.6062
FreqW Acc: 0.8539
Mean IoU: 0.5272

2023-06-08 02:19:35,055 INFO 
Current epoch: 100
2023-06-08 02:19:54,116 INFO Epoch 100, Itrs 6150/30000, Loss=0.125884
2023-06-08 02:21:08,269 INFO Epoch 100, Itrs 6200/30000, Loss=0.126258
2023-06-08 02:21:08,269 INFO validation...
2023-06-08 02:21:32,880 INFO 
Overall Acc: 0.9176
Mean Acc: 0.6232
FreqW Acc: 0.8555
Mean IoU: 0.5363

2023-06-08 02:21:32,997 INFO 
Current epoch: 101
2023-06-08 02:22:48,002 INFO Epoch 101, Itrs 6250/30000, Loss=0.126553
2023-06-08 02:23:05,948 INFO 
Current epoch: 102
2023-06-08 02:24:03,859 INFO Epoch 102, Itrs 6300/30000, Loss=0.127750
2023-06-08 02:24:03,860 INFO validation...
2023-06-08 02:24:29,000 INFO 
Overall Acc: 0.9136
Mean Acc: 0.6121
FreqW Acc: 0.8493
Mean IoU: 0.5244

2023-06-08 02:24:59,752 INFO 
Current epoch: 103
2023-06-08 02:25:40,492 INFO Epoch 103, Itrs 6350/30000, Loss=0.125511
2023-06-08 02:26:34,055 INFO 
Current epoch: 104
2023-06-08 02:26:55,522 INFO Epoch 104, Itrs 6400/30000, Loss=0.124486
2023-06-08 02:26:55,523 INFO validation...
2023-06-08 02:27:20,048 INFO 
Overall Acc: 0.9182
Mean Acc: 0.6010
FreqW Acc: 0.8561
Mean IoU: 0.5253

2023-06-08 02:28:25,818 INFO 
Current epoch: 105
2023-06-08 02:28:29,544 INFO Epoch 105, Itrs 6450/30000, Loss=0.123702
2023-06-08 02:29:43,328 INFO Epoch 105, Itrs 6500/30000, Loss=0.122313
2023-06-08 02:29:43,329 INFO validation...
2023-06-08 02:30:07,594 INFO 
Overall Acc: 0.9176
Mean Acc: 0.6186
FreqW Acc: 0.8557
Mean IoU: 0.5320

2023-06-08 02:30:17,217 INFO 
Current epoch: 106
2023-06-08 02:31:17,050 INFO Epoch 106, Itrs 6550/30000, Loss=0.122630
2023-06-08 02:31:50,640 INFO 
Current epoch: 107
2023-06-08 02:32:32,873 INFO Epoch 107, Itrs 6600/30000, Loss=0.124828
2023-06-08 02:32:32,874 INFO validation...
2023-06-08 02:32:57,732 INFO 
Overall Acc: 0.9169
Mean Acc: 0.6140
FreqW Acc: 0.8546
Mean IoU: 0.5291

2023-06-08 02:33:43,147 INFO 
Current epoch: 108
2023-06-08 02:34:08,299 INFO Epoch 108, Itrs 6650/30000, Loss=0.126546
2023-06-08 02:35:18,598 INFO 
Current epoch: 109
2023-06-08 02:35:25,906 INFO Epoch 109, Itrs 6700/30000, Loss=0.124402
2023-06-08 02:35:25,906 INFO validation...
2023-06-08 02:35:50,408 INFO 
Overall Acc: 0.9115
Mean Acc: 0.5917
FreqW Acc: 0.8478
Mean IoU: 0.5050

2023-06-08 02:36:59,767 INFO Epoch 109, Itrs 6750/30000, Loss=0.124562
2023-06-08 02:37:11,724 INFO 
Current epoch: 110
2023-06-08 02:38:14,701 INFO Epoch 110, Itrs 6800/30000, Loss=0.125149
2023-06-08 02:38:14,701 INFO validation...
2023-06-08 02:38:39,242 INFO 
Overall Acc: 0.9170
Mean Acc: 0.6083
FreqW Acc: 0.8543
Mean IoU: 0.5302

2023-06-08 02:39:03,794 INFO 
Current epoch: 111
2023-06-08 02:39:48,916 INFO Epoch 111, Itrs 6850/30000, Loss=0.123986
2023-06-08 02:40:38,483 INFO 
Current epoch: 112
2023-06-08 02:41:05,914 INFO Epoch 112, Itrs 6900/30000, Loss=0.121681
2023-06-08 02:41:05,915 INFO validation...
2023-06-08 02:41:30,784 INFO 
Overall Acc: 0.9184
Mean Acc: 0.6145
FreqW Acc: 0.8568
Mean IoU: 0.5349

2023-06-08 02:42:31,266 INFO 
Current epoch: 113
2023-06-08 02:42:41,115 INFO Epoch 113, Itrs 6950/30000, Loss=0.121878
2023-06-08 02:43:55,753 INFO Epoch 113, Itrs 7000/30000, Loss=0.121312
2023-06-08 02:43:55,753 INFO validation...
2023-06-08 02:44:20,217 INFO 
Overall Acc: 0.9161
Mean Acc: 0.6334
FreqW Acc: 0.8545
Mean IoU: 0.5365

2023-06-08 02:44:25,051 INFO 
Current epoch: 114
2023-06-08 02:45:31,102 INFO Epoch 114, Itrs 7050/30000, Loss=0.121371
2023-06-08 02:45:58,422 INFO 
Current epoch: 115
2023-06-08 02:46:46,757 INFO Epoch 115, Itrs 7100/30000, Loss=0.121195
2023-06-08 02:46:46,757 INFO validation...
2023-06-08 02:47:11,394 INFO 
Overall Acc: 0.9186
Mean Acc: 0.6158
FreqW Acc: 0.8577
Mean IoU: 0.5334

2023-06-08 02:47:50,620 INFO 
Current epoch: 116
2023-06-08 02:48:21,028 INFO Epoch 116, Itrs 7150/30000, Loss=0.120113
2023-06-08 02:49:24,164 INFO 
Current epoch: 117
2023-06-08 02:49:36,397 INFO Epoch 117, Itrs 7200/30000, Loss=0.120124
2023-06-08 02:49:36,398 INFO validation...
2023-06-08 02:50:00,578 INFO 
Overall Acc: 0.9192
Mean Acc: 0.6170
FreqW Acc: 0.8572
Mean IoU: 0.5349

2023-06-08 02:51:09,264 INFO Epoch 117, Itrs 7250/30000, Loss=0.120099
2023-06-08 02:51:15,884 INFO 
Current epoch: 118
2023-06-08 02:52:25,585 INFO Epoch 118, Itrs 7300/30000, Loss=0.119767
2023-06-08 02:52:25,586 INFO validation...
2023-06-08 02:52:50,149 INFO 
Overall Acc: 0.9196
Mean Acc: 0.6141
FreqW Acc: 0.8578
Mean IoU: 0.5369

2023-06-08 02:53:08,903 INFO 
Current epoch: 119
2023-06-08 02:54:00,213 INFO Epoch 119, Itrs 7350/30000, Loss=0.118926
2023-06-08 02:54:42,109 INFO 
Current epoch: 120
2023-06-08 02:55:15,972 INFO Epoch 120, Itrs 7400/30000, Loss=0.118528
2023-06-08 02:55:15,973 INFO validation...
2023-06-08 02:55:40,846 INFO 
Overall Acc: 0.9178
Mean Acc: 0.6157
FreqW Acc: 0.8556
Mean IoU: 0.5329

2023-06-08 02:56:35,006 INFO 
Current epoch: 121
2023-06-08 02:56:50,513 INFO Epoch 121, Itrs 7450/30000, Loss=0.120053
2023-06-08 02:58:05,191 INFO Epoch 121, Itrs 7500/30000, Loss=0.118310
2023-06-08 02:58:05,191 INFO validation...
2023-06-08 02:58:29,666 INFO 
Overall Acc: 0.9184
Mean Acc: 0.6073
FreqW Acc: 0.8562
Mean IoU: 0.5291

2023-06-08 02:58:30,105 INFO 
Current epoch: 122
2023-06-08 02:59:43,003 INFO Epoch 122, Itrs 7550/30000, Loss=0.119828
2023-06-08 03:00:03,967 INFO 
Current epoch: 123
2023-06-08 03:00:58,979 INFO Epoch 123, Itrs 7600/30000, Loss=0.118265
2023-06-08 03:00:58,979 INFO validation...
2023-06-08 03:01:24,003 INFO 
Overall Acc: 0.9187
Mean Acc: 0.6118
FreqW Acc: 0.8570
Mean IoU: 0.5320

2023-06-08 03:01:57,264 INFO 
Current epoch: 124
2023-06-08 03:02:33,628 INFO Epoch 124, Itrs 7650/30000, Loss=0.118307
2023-06-08 03:03:30,251 INFO 
Current epoch: 125
2023-06-08 03:03:48,824 INFO Epoch 125, Itrs 7700/30000, Loss=0.119128
2023-06-08 03:03:48,824 INFO validation...
2023-06-08 03:04:13,675 INFO 
Overall Acc: 0.9169
Mean Acc: 0.5837
FreqW Acc: 0.8537
Mean IoU: 0.5099

2023-06-08 03:05:24,198 INFO Epoch 125, Itrs 7750/30000, Loss=0.117580
2023-06-08 03:05:24,265 INFO 
Current epoch: 126
2023-06-08 03:06:40,016 INFO Epoch 126, Itrs 7800/30000, Loss=0.117261
2023-06-08 03:06:40,016 INFO validation...
2023-06-08 03:07:04,950 INFO 
Overall Acc: 0.9190
Mean Acc: 0.6301
FreqW Acc: 0.8584
Mean IoU: 0.5416

2023-06-08 03:07:18,061 INFO 
Current epoch: 127
2023-06-08 03:08:15,924 INFO Epoch 127, Itrs 7850/30000, Loss=0.117069
2023-06-08 03:08:52,155 INFO 
Current epoch: 128
2023-06-08 03:09:31,550 INFO Epoch 128, Itrs 7900/30000, Loss=0.118671
2023-06-08 03:09:31,551 INFO validation...
2023-06-08 03:09:56,856 INFO 
Overall Acc: 0.9185
Mean Acc: 0.6071
FreqW Acc: 0.8569
Mean IoU: 0.5273

2023-06-08 03:10:45,802 INFO 
Current epoch: 129
2023-06-08 03:11:07,636 INFO Epoch 129, Itrs 7950/30000, Loss=0.118464
2023-06-08 03:12:18,921 INFO 
Current epoch: 130
2023-06-08 03:12:22,292 INFO Epoch 130, Itrs 8000/30000, Loss=0.117539
2023-06-08 03:12:22,293 INFO validation...
2023-06-08 03:12:47,209 INFO 
Overall Acc: 0.9183
Mean Acc: 0.6104
FreqW Acc: 0.8551
Mean IoU: 0.5339

2023-06-08 03:13:57,438 INFO Epoch 130, Itrs 8050/30000, Loss=0.115776
2023-06-08 03:14:12,356 INFO 
Current epoch: 131
2023-06-08 03:15:12,773 INFO Epoch 131, Itrs 8100/30000, Loss=0.116703
2023-06-08 03:15:12,774 INFO validation...
2023-06-08 03:15:37,524 INFO 
Overall Acc: 0.9184
Mean Acc: 0.6124
FreqW Acc: 0.8561
Mean IoU: 0.5349

2023-06-08 03:16:04,742 INFO 
Current epoch: 132
2023-06-08 03:16:46,827 INFO Epoch 132, Itrs 8150/30000, Loss=0.117314
2023-06-08 03:17:38,046 INFO 
Current epoch: 133
2023-06-08 03:18:03,446 INFO Epoch 133, Itrs 8200/30000, Loss=0.115134
2023-06-08 03:18:03,447 INFO validation...
2023-06-08 03:18:29,121 INFO 
Overall Acc: 0.9190
Mean Acc: 0.6126
FreqW Acc: 0.8579
Mean IoU: 0.5303

2023-06-08 03:19:32,243 INFO 
Current epoch: 134
2023-06-08 03:19:39,236 INFO Epoch 134, Itrs 8250/30000, Loss=0.115086
2023-06-08 03:20:53,405 INFO Epoch 134, Itrs 8300/30000, Loss=0.116019
2023-06-08 03:20:53,405 INFO validation...
2023-06-08 03:21:18,262 INFO 
Overall Acc: 0.9154
Mean Acc: 0.6065
FreqW Acc: 0.8518
Mean IoU: 0.5287

2023-06-08 03:21:25,241 INFO 
Current epoch: 135
2023-06-08 03:22:28,554 INFO Epoch 135, Itrs 8350/30000, Loss=0.115547
2023-06-08 03:22:58,345 INFO 
Current epoch: 136
2023-06-08 03:23:44,296 INFO Epoch 136, Itrs 8400/30000, Loss=0.116398
2023-06-08 03:23:44,297 INFO validation...
2023-06-08 03:24:08,007 INFO 
Overall Acc: 0.9187
Mean Acc: 0.6228
FreqW Acc: 0.8575
Mean IoU: 0.5390

2023-06-08 03:24:50,781 INFO 
Current epoch: 137
2023-06-08 03:25:18,455 INFO Epoch 137, Itrs 8450/30000, Loss=0.114445
2023-06-08 03:26:24,120 INFO 
Current epoch: 138
2023-06-08 03:26:33,664 INFO Epoch 138, Itrs 8500/30000, Loss=0.114894
2023-06-08 03:26:33,665 INFO validation...
2023-06-08 03:26:57,462 INFO 
Overall Acc: 0.9189
Mean Acc: 0.6129
FreqW Acc: 0.8577
Mean IoU: 0.5310

2023-06-08 03:28:06,177 INFO Epoch 138, Itrs 8550/30000, Loss=0.116138
2023-06-08 03:28:15,234 INFO 
Current epoch: 139
2023-06-08 03:29:21,426 INFO Epoch 139, Itrs 8600/30000, Loss=0.112946
2023-06-08 03:29:21,426 INFO validation...
2023-06-08 03:29:46,067 INFO 
Overall Acc: 0.9177
Mean Acc: 0.6046
FreqW Acc: 0.8553
Mean IoU: 0.5240

2023-06-08 03:30:07,776 INFO 
Current epoch: 140
2023-06-08 03:30:56,556 INFO Epoch 140, Itrs 8650/30000, Loss=0.113972
2023-06-08 03:31:41,805 INFO 
Current epoch: 141
2023-06-08 03:32:12,289 INFO Epoch 141, Itrs 8700/30000, Loss=0.115150
2023-06-08 03:32:12,290 INFO validation...
2023-06-08 03:32:36,955 INFO 
Overall Acc: 0.9174
Mean Acc: 0.6041
FreqW Acc: 0.8540
Mean IoU: 0.5281

2023-06-08 03:33:34,259 INFO 
Current epoch: 142
2023-06-08 03:33:47,073 INFO Epoch 142, Itrs 8750/30000, Loss=0.113977
2023-06-08 03:35:01,961 INFO Epoch 142, Itrs 8800/30000, Loss=0.111014
2023-06-08 03:35:01,961 INFO validation...
2023-06-08 03:35:27,075 INFO 
Overall Acc: 0.9188
Mean Acc: 0.6255
FreqW Acc: 0.8580
Mean IoU: 0.5361

2023-06-08 03:35:27,773 INFO 
Current epoch: 143
2023-06-08 03:36:37,838 INFO Epoch 143, Itrs 8850/30000, Loss=0.111863
2023-06-08 03:37:02,350 INFO 
Current epoch: 144
2023-06-08 03:37:53,808 INFO Epoch 144, Itrs 8900/30000, Loss=0.111956
2023-06-08 03:37:53,809 INFO validation...
2023-06-08 03:38:18,496 INFO 
Overall Acc: 0.9181
Mean Acc: 0.6036
FreqW Acc: 0.8551
Mean IoU: 0.5307

2023-06-08 03:38:55,637 INFO 
Current epoch: 145
2023-06-08 03:39:29,398 INFO Epoch 145, Itrs 8950/30000, Loss=0.113760
2023-06-08 03:40:28,990 INFO 
Current epoch: 146
2023-06-08 03:40:44,554 INFO Epoch 146, Itrs 9000/30000, Loss=0.112051
2023-06-08 03:40:44,555 INFO validation...
2023-06-08 03:41:09,961 INFO 
Overall Acc: 0.9184
Mean Acc: 0.6186
FreqW Acc: 0.8570
Mean IoU: 0.5347

2023-06-08 03:42:20,466 INFO Epoch 146, Itrs 9050/30000, Loss=0.112468
2023-06-08 03:42:23,591 INFO 
Current epoch: 147
2023-06-08 03:43:36,079 INFO Epoch 147, Itrs 9100/30000, Loss=0.112556
2023-06-08 03:43:36,079 INFO validation...
