2023-06-05 23:29:43,497 INFO Device: cuda
2023-06-05 23:29:43,498 INFO Random Seed: 2 

2023-06-05 23:29:43,499 INFO Options: {'aug_json': None,
 'aug_sample_ratio': 0.5,
 'batch_size': 32,
 'ckpt': 'logs/2023_0520_2331_56_cs_base_run/checkpoints/best_deeplabv3plus_mobilenet_cityscapes_os16.pth',
 'continue_training': True,
 'crop_size': 256,
 'crop_val': False,
 'data_root': '/mnt/raid/home/eyal_michaeli/datasets/cityscapes',
 'dataset': 'cityscapes',
 'download': False,
 'gpu_id': '0',
 'logdir': 'logs/2023_0605_2329_43_cs_base_run_continue',
 'loss_type': 'cross_entropy',
 'lr': 0.2,
 'lr_policy': 'poly',
 'model': 'deeplabv3plus_mobilenet',
 'num_classes': 19,
 'output_stride': 16,
 'print_interval': 50,
 'random_seed': 2,
 'save_val_results': True,
 'separable_conv': False,
 'step_size': 10000,
 'test_only': False,
 'total_itrs': 30000.0,
 'val_batch_size': 4,
 'val_interval': 100,
 'weight_decay': 0.0001,
 'year': '2012'}
2023-06-05 23:29:43,512 INFO Found 2975 train images
2023-06-05 23:29:43,512 INFO Found 2975 train targets
2023-06-05 23:29:43,512 INFO Not using augmented images
2023-06-05 23:29:43,513 INFO Found 500 val images
2023-06-05 23:29:43,514 INFO Found 500 val targets
2023-06-05 23:29:43,514 INFO Not using augmented images
2023-06-05 23:29:43,514 INFO Dataset: cityscapes, Train set: 2975, Val set: 500
2023-06-05 23:29:43,633 INFO [!] Training from scratch, no checkpoint file used
2023-06-05 23:29:44,935 INFO 
Current epoch: 1
2023-06-05 23:29:50,519 INFO validation...
2023-06-05 23:30:15,538 INFO 
Overall Acc: 0.2647
Mean Acc: 0.0590
FreqW Acc: 0.0957
Mean IoU: 0.0184

2023-06-05 23:30:15,649 INFO Model saved as logs/2023_0605_2329_43_cs_base_run_continue/checkpoints/best_deeplabv3plus_mobilenet_cityscapes_os16_iter1_epoch1_miou0.0184.pth
2023-06-05 23:31:24,455 INFO Epoch 1, Itrs 50/30000, Loss=0.671986
2023-06-05 23:32:25,616 INFO 
Current epoch: 2
2023-06-05 23:32:37,885 INFO Epoch 2, Itrs 100/30000, Loss=0.438821
2023-06-05 23:32:37,885 INFO validation...
2023-06-05 23:33:02,529 INFO 
Overall Acc: 0.8172
Mean Acc: 0.3318
FreqW Acc: 0.7012
Mean IoU: 0.2689

2023-06-05 23:33:02,612 INFO Model saved as logs/2023_0605_2329_43_cs_base_run_continue/checkpoints/best_deeplabv3plus_mobilenet_cityscapes_os16_iter100_epoch2_miou0.2689.pth
2023-06-05 23:34:11,907 INFO Epoch 2, Itrs 150/30000, Loss=0.357237
2023-06-05 23:35:02,374 INFO 
Current epoch: 3
2023-06-05 23:35:26,352 INFO Epoch 3, Itrs 200/30000, Loss=0.337169
2023-06-05 23:35:26,353 INFO validation...
2023-06-05 23:35:50,293 INFO 
Overall Acc: 0.8754
Mean Acc: 0.4318
FreqW Acc: 0.7879
Mean IoU: 0.3658

2023-06-05 23:35:50,377 INFO Model saved as logs/2023_0605_2329_43_cs_base_run_continue/checkpoints/best_deeplabv3plus_mobilenet_cityscapes_os16_iter200_epoch3_miou0.3658.pth
2023-06-05 23:36:59,399 INFO Epoch 3, Itrs 250/30000, Loss=0.314738
2023-06-05 23:37:37,349 INFO 
Current epoch: 4
2023-06-05 23:38:13,600 INFO Epoch 4, Itrs 300/30000, Loss=0.301366
2023-06-05 23:38:13,601 INFO validation...
2023-06-05 23:38:38,295 INFO 
Overall Acc: 0.8856
Mean Acc: 0.4794
FreqW Acc: 0.8041
Mean IoU: 0.4044

2023-06-05 23:38:38,371 INFO Model saved as logs/2023_0605_2329_43_cs_base_run_continue/checkpoints/best_deeplabv3plus_mobilenet_cityscapes_os16_iter300_epoch4_miou0.4044.pth
2023-06-05 23:39:47,683 INFO Epoch 4, Itrs 350/30000, Loss=0.287404
2023-06-05 23:40:14,195 INFO 
Current epoch: 5
2023-06-05 23:41:03,016 INFO Epoch 5, Itrs 400/30000, Loss=0.272971
2023-06-05 23:41:03,016 INFO validation...
2023-06-05 23:41:27,893 INFO 
Overall Acc: 0.8907
Mean Acc: 0.4861
FreqW Acc: 0.8129
Mean IoU: 0.4111

2023-06-05 23:41:27,969 INFO Model saved as logs/2023_0605_2329_43_cs_base_run_continue/checkpoints/best_deeplabv3plus_mobilenet_cityscapes_os16_iter400_epoch5_miou0.4111.pth
2023-06-05 23:42:36,954 INFO Epoch 5, Itrs 450/30000, Loss=0.266227
2023-06-05 23:42:51,561 INFO 
Current epoch: 6
2023-06-05 23:43:50,770 INFO Epoch 6, Itrs 500/30000, Loss=0.268013
2023-06-05 23:43:50,770 INFO validation...
2023-06-05 23:44:14,256 INFO 
Overall Acc: 0.8953
Mean Acc: 0.5008
FreqW Acc: 0.8182
Mean IoU: 0.4311

2023-06-05 23:44:14,339 INFO Model saved as logs/2023_0605_2329_43_cs_base_run_continue/checkpoints/best_deeplabv3plus_mobilenet_cityscapes_os16_iter500_epoch6_miou0.4311.pth
2023-06-05 23:45:23,365 INFO Epoch 6, Itrs 550/30000, Loss=0.262221
2023-06-05 23:45:26,331 INFO 
Current epoch: 7
2023-06-05 23:46:37,546 INFO Epoch 7, Itrs 600/30000, Loss=0.264710
2023-06-05 23:46:37,546 INFO validation...
2023-06-05 23:47:00,986 INFO 
Overall Acc: 0.8948
Mean Acc: 0.5230
FreqW Acc: 0.8179
Mean IoU: 0.4488

2023-06-05 23:47:01,071 INFO Model saved as logs/2023_0605_2329_43_cs_base_run_continue/checkpoints/best_deeplabv3plus_mobilenet_cityscapes_os16_iter600_epoch7_miou0.4488.pth
2023-06-05 23:48:01,738 INFO 
Current epoch: 8
2023-06-05 23:48:10,865 INFO Epoch 8, Itrs 650/30000, Loss=0.246211
2023-06-05 23:49:24,120 INFO Epoch 8, Itrs 700/30000, Loss=0.244639
2023-06-05 23:49:24,120 INFO validation...
2023-06-05 23:49:49,147 INFO 
Overall Acc: 0.8965
Mean Acc: 0.5476
FreqW Acc: 0.8221
Mean IoU: 0.4558

2023-06-05 23:49:49,231 INFO Model saved as logs/2023_0605_2329_43_cs_base_run_continue/checkpoints/best_deeplabv3plus_mobilenet_cityscapes_os16_iter700_epoch8_miou0.4558.pth
2023-06-05 23:50:37,831 INFO 
Current epoch: 9
2023-06-05 23:50:58,540 INFO Epoch 9, Itrs 750/30000, Loss=0.241048
2023-06-05 23:52:11,734 INFO Epoch 9, Itrs 800/30000, Loss=0.238177
2023-06-05 23:52:11,735 INFO validation...
2023-06-05 23:52:36,988 INFO 
Overall Acc: 0.8958
Mean Acc: 0.5364
FreqW Acc: 0.8209
Mean IoU: 0.4569

2023-06-05 23:52:37,068 INFO Model saved as logs/2023_0605_2329_43_cs_base_run_continue/checkpoints/best_deeplabv3plus_mobilenet_cityscapes_os16_iter800_epoch9_miou0.4569.pth
2023-06-05 23:53:14,206 INFO 
Current epoch: 10
2023-06-05 23:53:47,403 INFO Epoch 10, Itrs 850/30000, Loss=0.228991
2023-06-05 23:55:00,561 INFO Epoch 10, Itrs 900/30000, Loss=0.232979
2023-06-05 23:55:00,562 INFO validation...
2023-06-05 23:55:25,533 INFO 
Overall Acc: 0.8963
Mean Acc: 0.5388
FreqW Acc: 0.8202
Mean IoU: 0.4578

2023-06-05 23:55:25,619 INFO Model saved as logs/2023_0605_2329_43_cs_base_run_continue/checkpoints/best_deeplabv3plus_mobilenet_cityscapes_os16_iter900_epoch10_miou0.4578.pth
2023-06-05 23:55:51,145 INFO 
Current epoch: 11
2023-06-05 23:56:36,204 INFO Epoch 11, Itrs 950/30000, Loss=0.236453
2023-06-05 23:57:49,122 INFO Epoch 11, Itrs 1000/30000, Loss=0.220639
2023-06-05 23:57:49,122 INFO validation...
2023-06-05 23:58:14,459 INFO 
Overall Acc: 0.9053
Mean Acc: 0.5544
FreqW Acc: 0.8356
Mean IoU: 0.4723

2023-06-05 23:58:14,534 INFO Model saved as logs/2023_0605_2329_43_cs_base_run_continue/checkpoints/best_deeplabv3plus_mobilenet_cityscapes_os16_iter1000_epoch11_miou0.4723.pth
2023-06-05 23:58:27,923 INFO 
Current epoch: 12
2023-06-05 23:59:24,069 INFO Epoch 12, Itrs 1050/30000, Loss=0.220154
2023-06-06 00:00:36,749 INFO Epoch 12, Itrs 1100/30000, Loss=0.216673
2023-06-06 00:00:36,749 INFO validation...
2023-06-06 00:01:01,434 INFO 
Overall Acc: 0.9082
Mean Acc: 0.5683
FreqW Acc: 0.8393
Mean IoU: 0.4905

2023-06-06 00:01:01,509 INFO Model saved as logs/2023_0605_2329_43_cs_base_run_continue/checkpoints/best_deeplabv3plus_mobilenet_cityscapes_os16_iter1100_epoch12_miou0.4905.pth
2023-06-06 00:01:02,057 INFO 
Current epoch: 13
2023-06-06 00:02:10,997 INFO Epoch 13, Itrs 1150/30000, Loss=0.219052
2023-06-06 00:03:18,343 INFO 
Current epoch: 14
2023-06-06 00:03:24,914 INFO Epoch 14, Itrs 1200/30000, Loss=0.214077
2023-06-06 00:03:24,915 INFO validation...
2023-06-06 00:03:49,923 INFO 
Overall Acc: 0.9109
Mean Acc: 0.5928
FreqW Acc: 0.8441
Mean IoU: 0.5128

2023-06-06 00:03:50,004 INFO Model saved as logs/2023_0605_2329_43_cs_base_run_continue/checkpoints/best_deeplabv3plus_mobilenet_cityscapes_os16_iter1200_epoch14_miou0.5128.pth
2023-06-06 00:04:58,333 INFO Epoch 14, Itrs 1250/30000, Loss=0.209305
2023-06-06 00:05:54,644 INFO 
Current epoch: 15
2023-06-06 00:06:12,744 INFO Epoch 15, Itrs 1300/30000, Loss=0.206647
2023-06-06 00:06:12,744 INFO validation...
2023-06-06 00:06:37,668 INFO 
Overall Acc: 0.9104
Mean Acc: 0.6114
FreqW Acc: 0.8430
Mean IoU: 0.5214

2023-06-06 00:06:37,739 INFO Model saved as logs/2023_0605_2329_43_cs_base_run_continue/checkpoints/best_deeplabv3plus_mobilenet_cityscapes_os16_iter1300_epoch15_miou0.5214.pth
2023-06-06 00:07:46,460 INFO Epoch 15, Itrs 1350/30000, Loss=0.206942
2023-06-06 00:08:30,335 INFO 
Current epoch: 16
2023-06-06 00:09:00,544 INFO Epoch 16, Itrs 1400/30000, Loss=0.202918
2023-06-06 00:09:00,545 INFO validation...
2023-06-06 00:09:24,331 INFO 
Overall Acc: 0.9115
Mean Acc: 0.5919
FreqW Acc: 0.8442
Mean IoU: 0.5108

2023-06-06 00:10:34,594 INFO Epoch 16, Itrs 1450/30000, Loss=0.204589
2023-06-06 00:11:07,050 INFO 
Current epoch: 17
2023-06-06 00:11:48,563 INFO Epoch 17, Itrs 1500/30000, Loss=0.207006
2023-06-06 00:11:48,564 INFO validation...
2023-06-06 00:12:13,603 INFO 
Overall Acc: 0.9089
Mean Acc: 0.5840
FreqW Acc: 0.8414
Mean IoU: 0.5024

2023-06-06 00:13:23,292 INFO Epoch 17, Itrs 1550/30000, Loss=0.197378
2023-06-06 00:13:43,708 INFO 
Current epoch: 18
2023-06-06 00:14:36,514 INFO Epoch 18, Itrs 1600/30000, Loss=0.200009
2023-06-06 00:14:36,515 INFO validation...
2023-06-06 00:15:00,445 INFO 
Overall Acc: 0.9113
Mean Acc: 0.6060
FreqW Acc: 0.8450
Mean IoU: 0.5159

2023-06-06 00:16:09,233 INFO Epoch 18, Itrs 1650/30000, Loss=0.204785
2023-06-06 00:16:18,053 INFO 
Current epoch: 19
2023-06-06 00:17:22,634 INFO Epoch 19, Itrs 1700/30000, Loss=0.197124
2023-06-06 00:17:22,635 INFO validation...
2023-06-06 00:17:47,108 INFO 
Overall Acc: 0.9131
Mean Acc: 0.5910
FreqW Acc: 0.8474
Mean IoU: 0.5109

2023-06-06 00:18:52,561 INFO 
Current epoch: 20
2023-06-06 00:18:56,516 INFO Epoch 20, Itrs 1750/30000, Loss=0.195614
2023-06-06 00:20:10,183 INFO Epoch 20, Itrs 1800/30000, Loss=0.191343
2023-06-06 00:20:10,183 INFO validation...
2023-06-06 00:20:34,428 INFO 
Overall Acc: 0.9142
Mean Acc: 0.6021
FreqW Acc: 0.8501
Mean IoU: 0.5205

2023-06-06 00:21:29,578 INFO 
Current epoch: 21
2023-06-06 00:21:45,337 INFO Epoch 21, Itrs 1850/30000, Loss=0.200243
2023-06-06 00:22:59,655 INFO Epoch 21, Itrs 1900/30000, Loss=0.189867
2023-06-06 00:22:59,656 INFO validation...
2023-06-06 00:23:23,942 INFO 
Overall Acc: 0.9135
Mean Acc: 0.5958
FreqW Acc: 0.8472
Mean IoU: 0.5185

2023-06-06 00:24:06,847 INFO 
Current epoch: 22
2023-06-06 00:24:34,150 INFO Epoch 22, Itrs 1950/30000, Loss=0.186860
2023-06-06 00:25:46,851 INFO Epoch 22, Itrs 2000/30000, Loss=0.186515
2023-06-06 00:25:46,852 INFO validation...
2023-06-06 00:26:10,818 INFO 
Overall Acc: 0.9146
Mean Acc: 0.6304
FreqW Acc: 0.8530
Mean IoU: 0.5371

2023-06-06 00:26:10,904 INFO Model saved as logs/2023_0605_2329_43_cs_base_run_continue/checkpoints/best_deeplabv3plus_mobilenet_cityscapes_os16_iter2000_epoch22_miou0.5371.pth
2023-06-06 00:26:41,166 INFO 
Current epoch: 23
2023-06-06 00:27:19,119 INFO Epoch 23, Itrs 2050/30000, Loss=0.188182
2023-06-06 00:28:32,027 INFO Epoch 23, Itrs 2100/30000, Loss=0.189683
2023-06-06 00:28:32,028 INFO validation...
2023-06-06 00:28:56,600 INFO 
Overall Acc: 0.9133
Mean Acc: 0.5967
FreqW Acc: 0.8474
Mean IoU: 0.5224

2023-06-06 00:29:15,908 INFO 
Current epoch: 24
2023-06-06 00:30:06,266 INFO Epoch 24, Itrs 2150/30000, Loss=0.186018
2023-06-06 00:31:18,935 INFO Epoch 24, Itrs 2200/30000, Loss=0.184489
2023-06-06 00:31:18,936 INFO validation...
2023-06-06 00:31:43,568 INFO 
Overall Acc: 0.9161
Mean Acc: 0.6049
FreqW Acc: 0.8517
Mean IoU: 0.5264

2023-06-06 00:31:50,371 INFO 
Current epoch: 25
2023-06-06 00:32:53,264 INFO Epoch 25, Itrs 2250/30000, Loss=0.179433
2023-06-06 00:34:05,543 INFO Epoch 25, Itrs 2300/30000, Loss=0.184634
2023-06-06 00:34:05,543 INFO validation...
2023-06-06 00:34:29,876 INFO 
Overall Acc: 0.9153
Mean Acc: 0.6179
FreqW Acc: 0.8513
Mean IoU: 0.5361

2023-06-06 00:34:29,946 INFO 
Current epoch: 26
2023-06-06 00:35:43,509 INFO Epoch 26, Itrs 2350/30000, Loss=0.181226
2023-06-06 00:36:45,002 INFO 
Current epoch: 27
2023-06-06 00:36:57,387 INFO Epoch 27, Itrs 2400/30000, Loss=0.181106
2023-06-06 00:36:57,388 INFO validation...
2023-06-06 00:37:22,739 INFO 
Overall Acc: 0.9166
Mean Acc: 0.6240
FreqW Acc: 0.8536
Mean IoU: 0.5415

2023-06-06 00:37:22,813 INFO Model saved as logs/2023_0605_2329_43_cs_base_run_continue/checkpoints/best_deeplabv3plus_mobilenet_cityscapes_os16_iter2400_epoch27_miou0.5415.pth
2023-06-06 00:38:32,952 INFO Epoch 27, Itrs 2450/30000, Loss=0.178161
2023-06-06 00:39:22,560 INFO 
Current epoch: 28
2023-06-06 00:39:46,652 INFO Epoch 28, Itrs 2500/30000, Loss=0.179797
2023-06-06 00:39:46,653 INFO validation...
2023-06-06 00:40:11,688 INFO 
Overall Acc: 0.9177
Mean Acc: 0.6171
FreqW Acc: 0.8547
Mean IoU: 0.5401

2023-06-06 00:41:20,494 INFO Epoch 28, Itrs 2550/30000, Loss=0.176607
2023-06-06 00:41:58,435 INFO 
Current epoch: 29
2023-06-06 00:42:34,036 INFO Epoch 29, Itrs 2600/30000, Loss=0.175684
2023-06-06 00:42:34,036 INFO validation...
2023-06-06 00:42:59,146 INFO 
Overall Acc: 0.9170
Mean Acc: 0.6384
FreqW Acc: 0.8555
Mean IoU: 0.5451

2023-06-06 00:42:59,231 INFO Model saved as logs/2023_0605_2329_43_cs_base_run_continue/checkpoints/best_deeplabv3plus_mobilenet_cityscapes_os16_iter2600_epoch29_miou0.5451.pth
2023-06-06 00:44:06,917 INFO Epoch 29, Itrs 2650/30000, Loss=0.176363
2023-06-06 00:44:33,621 INFO 
Current epoch: 30
2023-06-06 00:45:20,727 INFO Epoch 30, Itrs 2700/30000, Loss=0.175828
2023-06-06 00:45:20,727 INFO validation...
2023-06-06 00:45:45,124 INFO 
Overall Acc: 0.9174
Mean Acc: 0.6351
FreqW Acc: 0.8552
Mean IoU: 0.5497

2023-06-06 00:45:45,207 INFO Model saved as logs/2023_0605_2329_43_cs_base_run_continue/checkpoints/best_deeplabv3plus_mobilenet_cityscapes_os16_iter2700_epoch30_miou0.5497.pth
2023-06-06 00:46:53,732 INFO Epoch 30, Itrs 2750/30000, Loss=0.174450
2023-06-06 00:47:08,444 INFO 
Current epoch: 31
2023-06-06 00:48:07,961 INFO Epoch 31, Itrs 2800/30000, Loss=0.171731
2023-06-06 00:48:07,961 INFO validation...
2023-06-06 00:48:32,273 INFO 
Overall Acc: 0.9171
Mean Acc: 0.6241
FreqW Acc: 0.8539
Mean IoU: 0.5399

2023-06-06 00:49:39,940 INFO Epoch 31, Itrs 2850/30000, Loss=0.171011
2023-06-06 00:49:42,960 INFO 
Current epoch: 32
2023-06-06 00:50:53,868 INFO Epoch 32, Itrs 2900/30000, Loss=0.170903
2023-06-06 00:50:53,869 INFO validation...
2023-06-06 00:51:17,972 INFO 
Overall Acc: 0.9152
Mean Acc: 0.6166
FreqW Acc: 0.8506
Mean IoU: 0.5381

2023-06-06 00:52:16,854 INFO 
Current epoch: 33
2023-06-06 00:52:26,449 INFO Epoch 33, Itrs 2950/30000, Loss=0.171536
2023-06-06 00:53:39,270 INFO Epoch 33, Itrs 3000/30000, Loss=0.169682
2023-06-06 00:53:39,270 INFO validation...
2023-06-06 00:54:03,915 INFO 
Overall Acc: 0.9142
Mean Acc: 0.6413
FreqW Acc: 0.8525
Mean IoU: 0.5439

2023-06-06 00:54:52,237 INFO 
Current epoch: 34
2023-06-06 00:55:13,633 INFO Epoch 34, Itrs 3050/30000, Loss=0.170996
2023-06-06 00:56:27,339 INFO Epoch 34, Itrs 3100/30000, Loss=0.168269
2023-06-06 00:56:27,340 INFO validation...
2023-06-06 00:56:51,642 INFO 
Overall Acc: 0.9182
Mean Acc: 0.6492
FreqW Acc: 0.8570
Mean IoU: 0.5581

2023-06-06 00:56:51,719 INFO Model saved as logs/2023_0605_2329_43_cs_base_run_continue/checkpoints/best_deeplabv3plus_mobilenet_cityscapes_os16_iter3100_epoch34_miou0.5581.pth
2023-06-06 00:57:28,695 INFO 
Current epoch: 35
2023-06-06 00:58:01,421 INFO Epoch 35, Itrs 3150/30000, Loss=0.167089
2023-06-06 00:59:13,468 INFO Epoch 35, Itrs 3200/30000, Loss=0.167080
2023-06-06 00:59:13,469 INFO validation...
2023-06-06 00:59:37,562 INFO 
Overall Acc: 0.9181
Mean Acc: 0.6353
FreqW Acc: 0.8562
Mean IoU: 0.5481

2023-06-06 01:00:02,739 INFO 
Current epoch: 36
2023-06-06 01:00:47,256 INFO Epoch 36, Itrs 3250/30000, Loss=0.168748
2023-06-06 01:02:00,157 INFO Epoch 36, Itrs 3300/30000, Loss=0.167105
2023-06-06 01:02:00,157 INFO validation...
2023-06-06 01:02:24,209 INFO 
Overall Acc: 0.9158
Mean Acc: 0.6255
FreqW Acc: 0.8542
Mean IoU: 0.5354

2023-06-06 01:02:37,534 INFO 
Current epoch: 37
2023-06-06 01:03:33,391 INFO Epoch 37, Itrs 3350/30000, Loss=0.161226
2023-06-06 01:04:46,140 INFO Epoch 37, Itrs 3400/30000, Loss=0.167359
2023-06-06 01:04:46,140 INFO validation...
2023-06-06 01:05:10,416 INFO 
Overall Acc: 0.9188
Mean Acc: 0.6399
FreqW Acc: 0.8581
Mean IoU: 0.5442

2023-06-06 01:05:11,004 INFO 
Current epoch: 38
2023-06-06 01:06:18,886 INFO Epoch 38, Itrs 3450/30000, Loss=0.164301
2023-06-06 01:07:26,212 INFO 
Current epoch: 39
2023-06-06 01:07:32,741 INFO Epoch 39, Itrs 3500/30000, Loss=0.161562
2023-06-06 01:07:32,741 INFO validation...
2023-06-06 01:07:57,909 INFO 
Overall Acc: 0.9172
Mean Acc: 0.6286
FreqW Acc: 0.8544
Mean IoU: 0.5437

2023-06-06 01:09:05,734 INFO Epoch 39, Itrs 3550/30000, Loss=0.163479
2023-06-06 01:10:01,015 INFO 
Current epoch: 40
2023-06-06 01:10:19,522 INFO Epoch 40, Itrs 3600/30000, Loss=0.162329
2023-06-06 01:10:19,522 INFO validation...
2023-06-06 01:10:42,981 INFO 
Overall Acc: 0.9189
Mean Acc: 0.6194
FreqW Acc: 0.8574
Mean IoU: 0.5360

2023-06-06 01:11:51,254 INFO Epoch 40, Itrs 3650/30000, Loss=0.162302
2023-06-06 01:12:34,671 INFO 
Current epoch: 41
2023-06-06 01:13:04,755 INFO Epoch 41, Itrs 3700/30000, Loss=0.163549
2023-06-06 01:13:04,756 INFO validation...
2023-06-06 01:13:28,095 INFO 
Overall Acc: 0.9142
Mean Acc: 0.6427
FreqW Acc: 0.8530
Mean IoU: 0.5397

2023-06-06 01:14:36,125 INFO Epoch 41, Itrs 3750/30000, Loss=0.163644
2023-06-06 01:15:07,938 INFO 
Current epoch: 42
2023-06-06 01:15:48,718 INFO Epoch 42, Itrs 3800/30000, Loss=0.160376
2023-06-06 01:15:48,719 INFO validation...
2023-06-06 01:16:12,612 INFO 
Overall Acc: 0.9190
Mean Acc: 0.6217
FreqW Acc: 0.8577
Mean IoU: 0.5411

2023-06-06 01:17:19,860 INFO Epoch 42, Itrs 3850/30000, Loss=0.156829
2023-06-06 01:17:39,916 INFO 
Current epoch: 43
2023-06-06 01:18:32,373 INFO Epoch 43, Itrs 3900/30000, Loss=0.157992
2023-06-06 01:18:32,374 INFO validation...
2023-06-06 01:18:55,999 INFO 
Overall Acc: 0.9190
Mean Acc: 0.6350
FreqW Acc: 0.8572
Mean IoU: 0.5567

2023-06-06 01:20:03,718 INFO Epoch 43, Itrs 3950/30000, Loss=0.159291
2023-06-06 01:20:12,323 INFO 
Current epoch: 44
2023-06-06 01:21:17,085 INFO Epoch 44, Itrs 4000/30000, Loss=0.160586
2023-06-06 01:21:17,085 INFO validation...
2023-06-06 01:21:40,488 INFO 
Overall Acc: 0.9203
Mean Acc: 0.6314
FreqW Acc: 0.8596
Mean IoU: 0.5532

2023-06-06 01:22:45,963 INFO 
Current epoch: 45
2023-06-06 01:22:49,721 INFO Epoch 45, Itrs 4050/30000, Loss=0.159011
2023-06-06 01:24:01,511 INFO Epoch 45, Itrs 4100/30000, Loss=0.156916
2023-06-06 01:24:01,511 INFO validation...
2023-06-06 01:24:24,674 INFO 
Overall Acc: 0.9178
Mean Acc: 0.6370
FreqW Acc: 0.8568
Mean IoU: 0.5462

2023-06-06 01:25:17,451 INFO 
Current epoch: 46
2023-06-06 01:25:32,639 INFO Epoch 46, Itrs 4150/30000, Loss=0.156937
2023-06-06 01:26:44,876 INFO Epoch 46, Itrs 4200/30000, Loss=0.157329
2023-06-06 01:26:44,877 INFO validation...
2023-06-06 01:27:08,937 INFO 
Overall Acc: 0.9184
Mean Acc: 0.6427
FreqW Acc: 0.8579
Mean IoU: 0.5503

2023-06-06 01:27:51,120 INFO 
Current epoch: 47
2023-06-06 01:28:17,449 INFO Epoch 47, Itrs 4250/30000, Loss=0.156645
2023-06-06 01:29:29,866 INFO Epoch 47, Itrs 4300/30000, Loss=0.154966
2023-06-06 01:29:29,867 INFO validation...
2023-06-06 01:29:53,869 INFO 
Overall Acc: 0.9196
Mean Acc: 0.6328
FreqW Acc: 0.8591
Mean IoU: 0.5545

2023-06-06 01:30:24,416 INFO 
Current epoch: 48
2023-06-06 01:31:02,055 INFO Epoch 48, Itrs 4350/30000, Loss=0.157086
2023-06-06 01:32:13,758 INFO Epoch 48, Itrs 4400/30000, Loss=0.153735
2023-06-06 01:32:13,759 INFO validation...
2023-06-06 01:32:37,275 INFO 
Overall Acc: 0.9208
Mean Acc: 0.6383
FreqW Acc: 0.8604
Mean IoU: 0.5596

2023-06-06 01:32:37,362 INFO Model saved as logs/2023_0605_2329_43_cs_base_run_continue/checkpoints/best_deeplabv3plus_mobilenet_cityscapes_os16_iter4400_epoch48_miou0.5596.pth
2023-06-06 01:32:56,423 INFO 
Current epoch: 49
2023-06-06 01:33:46,334 INFO Epoch 49, Itrs 4450/30000, Loss=0.149043
2023-06-06 01:34:58,339 INFO Epoch 49, Itrs 4500/30000, Loss=0.154386
2023-06-06 01:34:58,339 INFO validation...
2023-06-06 01:35:22,346 INFO 
Overall Acc: 0.9210
Mean Acc: 0.6544
FreqW Acc: 0.8612
Mean IoU: 0.5668

2023-06-06 01:35:22,425 INFO Model saved as logs/2023_0605_2329_43_cs_base_run_continue/checkpoints/best_deeplabv3plus_mobilenet_cityscapes_os16_iter4500_epoch49_miou0.5668.pth
2023-06-06 01:35:30,028 INFO 
Current epoch: 50
2023-06-06 01:36:31,800 INFO Epoch 50, Itrs 4550/30000, Loss=0.154389
2023-06-06 01:37:43,998 INFO Epoch 50, Itrs 4600/30000, Loss=0.153636
2023-06-06 01:37:43,999 INFO validation...
2023-06-06 01:38:07,911 INFO 
Overall Acc: 0.9199
Mean Acc: 0.6435
FreqW Acc: 0.8600
Mean IoU: 0.5554

2023-06-06 01:38:08,009 INFO 
Current epoch: 51
2023-06-06 01:39:20,655 INFO Epoch 51, Itrs 4650/30000, Loss=0.152428
2023-06-06 01:40:21,273 INFO 
Current epoch: 52
2023-06-06 01:40:33,462 INFO Epoch 52, Itrs 4700/30000, Loss=0.151600
2023-06-06 01:40:33,462 INFO validation...
2023-06-06 01:40:57,281 INFO 
Overall Acc: 0.9184
Mean Acc: 0.6219
FreqW Acc: 0.8563
Mean IoU: 0.5463

2023-06-06 01:42:04,983 INFO Epoch 52, Itrs 4750/30000, Loss=0.149285
2023-06-06 01:42:54,011 INFO 
Current epoch: 53
2023-06-06 01:43:17,637 INFO Epoch 53, Itrs 4800/30000, Loss=0.153723
2023-06-06 01:43:17,638 INFO validation...
2023-06-06 01:43:42,411 INFO 
Overall Acc: 0.9208
Mean Acc: 0.6676
FreqW Acc: 0.8611
Mean IoU: 0.5737

2023-06-06 01:43:42,499 INFO Model saved as logs/2023_0605_2329_43_cs_base_run_continue/checkpoints/best_deeplabv3plus_mobilenet_cityscapes_os16_iter4800_epoch53_miou0.5737.pth
2023-06-06 01:44:51,436 INFO Epoch 53, Itrs 4850/30000, Loss=0.148697
2023-06-06 01:45:29,398 INFO 
Current epoch: 54
2023-06-06 01:46:06,273 INFO Epoch 54, Itrs 4900/30000, Loss=0.148480
2023-06-06 01:46:06,273 INFO validation...
2023-06-06 01:46:31,395 INFO 
Overall Acc: 0.9175
Mean Acc: 0.6322
FreqW Acc: 0.8563
Mean IoU: 0.5422

2023-06-06 01:47:39,917 INFO Epoch 54, Itrs 4950/30000, Loss=0.149515
2023-06-06 01:48:06,492 INFO 
Current epoch: 55
2023-06-06 01:48:54,494 INFO Epoch 55, Itrs 5000/30000, Loss=0.147071
2023-06-06 01:48:54,495 INFO validation...
2023-06-06 01:49:18,955 INFO 
Overall Acc: 0.9208
Mean Acc: 0.6324
FreqW Acc: 0.8595
Mean IoU: 0.5579

2023-06-06 01:50:27,550 INFO Epoch 55, Itrs 5050/30000, Loss=0.148683
2023-06-06 01:50:42,151 INFO 
Current epoch: 56
2023-06-06 01:51:42,336 INFO Epoch 56, Itrs 5100/30000, Loss=0.149453
2023-06-06 01:51:42,337 INFO validation...
2023-06-06 01:52:06,241 INFO 
Overall Acc: 0.9204
Mean Acc: 0.6299
FreqW Acc: 0.8599
Mean IoU: 0.5512

2023-06-06 01:53:14,179 INFO Epoch 56, Itrs 5150/30000, Loss=0.146946
2023-06-06 01:53:17,212 INFO 
Current epoch: 57
2023-06-06 01:54:28,313 INFO Epoch 57, Itrs 5200/30000, Loss=0.147939
2023-06-06 01:54:28,314 INFO validation...
2023-06-06 01:54:52,950 INFO 
Overall Acc: 0.9182
Mean Acc: 0.6561
FreqW Acc: 0.8570
Mean IoU: 0.5606

2023-06-06 01:55:52,928 INFO 
Current epoch: 58
2023-06-06 01:56:02,416 INFO Epoch 58, Itrs 5250/30000, Loss=0.146902
2023-06-06 01:57:15,233 INFO Epoch 58, Itrs 5300/30000, Loss=0.145606
2023-06-06 01:57:15,234 INFO validation...
2023-06-06 01:57:39,401 INFO 
Overall Acc: 0.9197
Mean Acc: 0.6266
FreqW Acc: 0.8586
Mean IoU: 0.5479

2023-06-06 01:58:27,345 INFO 
Current epoch: 59
2023-06-06 01:58:48,565 INFO Epoch 59, Itrs 5350/30000, Loss=0.146661
2023-06-06 02:00:01,778 INFO Epoch 59, Itrs 5400/30000, Loss=0.145713
2023-06-06 02:00:01,779 INFO validation...
2023-06-06 02:00:25,794 INFO 
Overall Acc: 0.9207
Mean Acc: 0.6377
FreqW Acc: 0.8608
Mean IoU: 0.5551

2023-06-06 02:01:02,367 INFO 
Current epoch: 60
2023-06-06 02:01:35,694 INFO Epoch 60, Itrs 5450/30000, Loss=0.145563
2023-06-06 02:02:49,033 INFO Epoch 60, Itrs 5500/30000, Loss=0.143477
2023-06-06 02:02:49,033 INFO validation...
2023-06-06 02:03:13,065 INFO 
Overall Acc: 0.9198
Mean Acc: 0.6351
FreqW Acc: 0.8591
Mean IoU: 0.5536

2023-06-06 02:03:38,073 INFO 
Current epoch: 61
2023-06-06 02:04:22,740 INFO Epoch 61, Itrs 5550/30000, Loss=0.144580
2023-06-06 02:05:36,796 INFO Epoch 61, Itrs 5600/30000, Loss=0.143022
2023-06-06 02:05:36,797 INFO validation...
2023-06-06 02:06:00,639 INFO 
Overall Acc: 0.9212
Mean Acc: 0.6578
FreqW Acc: 0.8620
Mean IoU: 0.5680

2023-06-06 02:06:13,236 INFO 
Current epoch: 62
2023-06-06 02:07:10,239 INFO Epoch 62, Itrs 5650/30000, Loss=0.143342
2023-06-06 02:08:23,042 INFO Epoch 62, Itrs 5700/30000, Loss=0.143093
2023-06-06 02:08:23,043 INFO validation...
2023-06-06 02:08:47,176 INFO 
Overall Acc: 0.9226
Mean Acc: 0.6574
FreqW Acc: 0.8636
Mean IoU: 0.5751

2023-06-06 02:08:47,244 INFO Model saved as logs/2023_0605_2329_43_cs_base_run_continue/checkpoints/best_deeplabv3plus_mobilenet_cityscapes_os16_iter5700_epoch62_miou0.5751.pth
2023-06-06 02:08:47,826 INFO 
Current epoch: 63
2023-06-06 02:09:55,249 INFO Epoch 63, Itrs 5750/30000, Loss=0.142766
2023-06-06 02:11:03,164 INFO 
Current epoch: 64
2023-06-06 02:11:10,246 INFO Epoch 64, Itrs 5800/30000, Loss=0.143239
2023-06-06 02:11:10,247 INFO validation...
2023-06-06 02:11:34,306 INFO 
Overall Acc: 0.9217
Mean Acc: 0.6621
FreqW Acc: 0.8619
Mean IoU: 0.5752

2023-06-06 02:11:34,390 INFO Model saved as logs/2023_0605_2329_43_cs_base_run_continue/checkpoints/best_deeplabv3plus_mobilenet_cityscapes_os16_iter5800_epoch64_miou0.5752.pth
2023-06-06 02:12:42,277 INFO Epoch 64, Itrs 5850/30000, Loss=0.142396
2023-06-06 02:13:37,478 INFO 
Current epoch: 65
2023-06-06 02:13:55,722 INFO Epoch 65, Itrs 5900/30000, Loss=0.144593
2023-06-06 02:13:55,722 INFO validation...
2023-06-06 02:14:20,464 INFO 
Overall Acc: 0.9174
Mean Acc: 0.6479
FreqW Acc: 0.8557
Mean IoU: 0.5599

2023-06-06 02:15:30,166 INFO Epoch 65, Itrs 5950/30000, Loss=0.141900
2023-06-06 02:16:14,119 INFO 
Current epoch: 66
2023-06-06 02:16:44,422 INFO Epoch 66, Itrs 6000/30000, Loss=0.142921
2023-06-06 02:16:44,423 INFO validation...
2023-06-06 02:17:08,541 INFO 
Overall Acc: 0.9197
Mean Acc: 0.6187
FreqW Acc: 0.8573
Mean IoU: 0.5491

2023-06-06 02:18:17,395 INFO Epoch 66, Itrs 6050/30000, Loss=0.142345
2023-06-06 02:18:49,803 INFO 
Current epoch: 67
2023-06-06 02:19:31,744 INFO Epoch 67, Itrs 6100/30000, Loss=0.138838
2023-06-06 02:19:31,744 INFO validation...
2023-06-06 02:19:55,673 INFO 
Overall Acc: 0.9216
Mean Acc: 0.6318
FreqW Acc: 0.8615
Mean IoU: 0.5559

2023-06-06 02:21:04,194 INFO Epoch 67, Itrs 6150/30000, Loss=0.140516
2023-06-06 02:21:24,554 INFO 
Current epoch: 68
2023-06-06 02:22:17,971 INFO Epoch 68, Itrs 6200/30000, Loss=0.139343
2023-06-06 02:22:17,972 INFO validation...
2023-06-06 02:22:42,295 INFO 
Overall Acc: 0.9212
Mean Acc: 0.6446
FreqW Acc: 0.8609
Mean IoU: 0.5620

2023-06-06 02:23:50,156 INFO Epoch 68, Itrs 6250/30000, Loss=0.138815
2023-06-06 02:23:59,267 INFO 
Current epoch: 69
2023-06-06 02:25:04,286 INFO Epoch 69, Itrs 6300/30000, Loss=0.141600
2023-06-06 02:25:04,286 INFO validation...
2023-06-06 02:25:28,282 INFO 
Overall Acc: 0.9198
Mean Acc: 0.6379
FreqW Acc: 0.8591
Mean IoU: 0.5525

2023-06-06 02:26:33,351 INFO 
Current epoch: 70
2023-06-06 02:26:37,186 INFO Epoch 70, Itrs 6350/30000, Loss=0.138377
2023-06-06 02:27:49,835 INFO Epoch 70, Itrs 6400/30000, Loss=0.137771
2023-06-06 02:27:49,835 INFO validation...
2023-06-06 02:28:13,328 INFO 
Overall Acc: 0.9212
Mean Acc: 0.6523
FreqW Acc: 0.8615
Mean IoU: 0.5666

2023-06-06 02:29:07,001 INFO 
Current epoch: 71
2023-06-06 02:29:22,330 INFO Epoch 71, Itrs 6450/30000, Loss=0.143157
2023-06-06 02:30:35,067 INFO Epoch 71, Itrs 6500/30000, Loss=0.136282
2023-06-06 02:30:35,067 INFO validation...
2023-06-06 02:30:58,916 INFO 
Overall Acc: 0.9204
Mean Acc: 0.6481
FreqW Acc: 0.8597
Mean IoU: 0.5632

2023-06-06 02:31:40,842 INFO 
Current epoch: 72
2023-06-06 02:32:07,750 INFO Epoch 72, Itrs 6550/30000, Loss=0.138880
2023-06-06 02:33:21,116 INFO Epoch 72, Itrs 6600/30000, Loss=0.135792
2023-06-06 02:33:21,117 INFO validation...
2023-06-06 02:33:44,694 INFO 
Overall Acc: 0.9213
Mean Acc: 0.6521
FreqW Acc: 0.8623
Mean IoU: 0.5619

2023-06-06 02:34:14,737 INFO 
Current epoch: 73
2023-06-06 02:34:52,782 INFO Epoch 73, Itrs 6650/30000, Loss=0.137729
2023-06-06 02:36:04,609 INFO Epoch 73, Itrs 6700/30000, Loss=0.136936
2023-06-06 02:36:04,610 INFO validation...
2023-06-06 02:36:27,546 INFO 
Overall Acc: 0.9220
Mean Acc: 0.6618
FreqW Acc: 0.8631
Mean IoU: 0.5720

2023-06-06 02:36:45,694 INFO 
Current epoch: 74
2023-06-06 02:37:35,600 INFO Epoch 74, Itrs 6750/30000, Loss=0.136330
2023-06-06 02:38:47,633 INFO Epoch 74, Itrs 6800/30000, Loss=0.136088
2023-06-06 02:38:47,634 INFO validation...
2023-06-06 02:39:11,379 INFO 
Overall Acc: 0.9208
Mean Acc: 0.6500
FreqW Acc: 0.8603
Mean IoU: 0.5680

2023-06-06 02:39:17,942 INFO 
Current epoch: 75
2023-06-06 02:40:19,472 INFO Epoch 75, Itrs 6850/30000, Loss=0.136052
2023-06-06 02:41:31,379 INFO Epoch 75, Itrs 6900/30000, Loss=0.138474
2023-06-06 02:41:31,379 INFO validation...
2023-06-06 02:41:54,676 INFO 
Overall Acc: 0.9214
Mean Acc: 0.6540
FreqW Acc: 0.8610
Mean IoU: 0.5739

2023-06-06 02:41:54,772 INFO 
Current epoch: 76
2023-06-06 02:43:07,796 INFO Epoch 76, Itrs 6950/30000, Loss=0.137632
2023-06-06 02:44:07,978 INFO 
Current epoch: 77
2023-06-06 02:44:20,080 INFO Epoch 77, Itrs 7000/30000, Loss=0.135928
2023-06-06 02:44:20,080 INFO validation...
2023-06-06 02:44:43,738 INFO 
Overall Acc: 0.9207
Mean Acc: 0.6425
FreqW Acc: 0.8604
Mean IoU: 0.5630

2023-06-06 02:45:53,024 INFO Epoch 77, Itrs 7050/30000, Loss=0.136690
2023-06-06 02:46:42,482 INFO 
Current epoch: 78
2023-06-06 02:47:05,980 INFO Epoch 78, Itrs 7100/30000, Loss=0.134735
2023-06-06 02:47:05,981 INFO validation...
2023-06-06 02:47:29,438 INFO 
Overall Acc: 0.9222
Mean Acc: 0.6348
FreqW Acc: 0.8624
Mean IoU: 0.5581

2023-06-06 02:48:37,614 INFO Epoch 78, Itrs 7150/30000, Loss=0.135142
2023-06-06 02:49:15,737 INFO 
Current epoch: 79
2023-06-06 02:49:51,489 INFO Epoch 79, Itrs 7200/30000, Loss=0.133321
2023-06-06 02:49:51,490 INFO validation...
2023-06-06 02:50:15,143 INFO 
Overall Acc: 0.9224
Mean Acc: 0.6666
FreqW Acc: 0.8641
Mean IoU: 0.5724

2023-06-06 02:51:23,657 INFO Epoch 79, Itrs 7250/30000, Loss=0.133660
2023-06-06 02:51:50,107 INFO 
Current epoch: 80
2023-06-06 02:52:38,013 INFO Epoch 80, Itrs 7300/30000, Loss=0.133340
2023-06-06 02:52:38,014 INFO validation...
2023-06-06 02:53:02,616 INFO 
Overall Acc: 0.9214
Mean Acc: 0.6500
FreqW Acc: 0.8629
Mean IoU: 0.5612

2023-06-06 02:54:11,521 INFO Epoch 80, Itrs 7350/30000, Loss=0.132589
2023-06-06 02:54:26,175 INFO 
Current epoch: 81
2023-06-06 02:55:26,766 INFO Epoch 81, Itrs 7400/30000, Loss=0.131138
2023-06-06 02:55:26,767 INFO validation...
2023-06-06 02:55:50,977 INFO 
Overall Acc: 0.9225
Mean Acc: 0.6385
FreqW Acc: 0.8624
Mean IoU: 0.5649

2023-06-06 02:56:59,090 INFO Epoch 81, Itrs 7450/30000, Loss=0.133751
2023-06-06 02:57:02,115 INFO 
Current epoch: 82
2023-06-06 02:58:13,271 INFO Epoch 82, Itrs 7500/30000, Loss=0.131694
2023-06-06 02:58:13,272 INFO validation...
2023-06-06 02:58:37,443 INFO 
Overall Acc: 0.9235
Mean Acc: 0.6533
FreqW Acc: 0.8648
Mean IoU: 0.5709

2023-06-06 02:59:37,445 INFO 
Current epoch: 83
2023-06-06 02:59:46,942 INFO Epoch 83, Itrs 7550/30000, Loss=0.134422
2023-06-06 03:00:59,372 INFO Epoch 83, Itrs 7600/30000, Loss=0.133830
2023-06-06 03:00:59,372 INFO validation...
2023-06-06 03:01:23,605 INFO 
Overall Acc: 0.9053
Mean Acc: 0.6108
FreqW Acc: 0.8414
Mean IoU: 0.5240

2023-06-06 03:02:11,679 INFO 
Current epoch: 84
2023-06-06 03:02:34,063 INFO Epoch 84, Itrs 7650/30000, Loss=0.133463
2023-06-06 03:03:47,050 INFO Epoch 84, Itrs 7700/30000, Loss=0.135192
2023-06-06 03:03:47,051 INFO validation...
2023-06-06 03:04:11,099 INFO 
Overall Acc: 0.9215
Mean Acc: 0.6245
FreqW Acc: 0.8620
Mean IoU: 0.5464

2023-06-06 03:04:47,640 INFO 
Current epoch: 85
2023-06-06 03:05:20,404 INFO Epoch 85, Itrs 7750/30000, Loss=0.129587
2023-06-06 03:06:33,150 INFO Epoch 85, Itrs 7800/30000, Loss=0.132858
2023-06-06 03:06:33,150 INFO validation...
2023-06-06 03:06:56,917 INFO 
Overall Acc: 0.9217
Mean Acc: 0.6469
FreqW Acc: 0.8617
Mean IoU: 0.5594

2023-06-06 03:07:21,548 INFO 
Current epoch: 86
2023-06-06 03:08:06,437 INFO Epoch 86, Itrs 7850/30000, Loss=0.130057
2023-06-06 03:09:20,028 INFO Epoch 86, Itrs 7900/30000, Loss=0.134967
2023-06-06 03:09:20,029 INFO validation...
2023-06-06 03:09:45,147 INFO 
Overall Acc: 0.9217
Mean Acc: 0.6659
FreqW Acc: 0.8629
Mean IoU: 0.5660

2023-06-06 03:09:58,004 INFO 
Current epoch: 87
2023-06-06 03:10:54,475 INFO Epoch 87, Itrs 7950/30000, Loss=0.131291
2023-06-06 03:12:07,931 INFO Epoch 87, Itrs 8000/30000, Loss=0.130102
2023-06-06 03:12:07,931 INFO validation...
2023-06-06 03:12:32,436 INFO 
Overall Acc: 0.9233
Mean Acc: 0.6520
FreqW Acc: 0.8645
Mean IoU: 0.5686

2023-06-06 03:12:33,794 INFO 
Current epoch: 88
2023-06-06 03:13:42,568 INFO Epoch 88, Itrs 8050/30000, Loss=0.130618
2023-06-06 03:14:49,821 INFO 
Current epoch: 89
2023-06-06 03:14:56,493 INFO Epoch 89, Itrs 8100/30000, Loss=0.130986
2023-06-06 03:14:56,494 INFO validation...
2023-06-06 03:15:20,652 INFO 
Overall Acc: 0.9238
Mean Acc: 0.6629
FreqW Acc: 0.8662
Mean IoU: 0.5774

2023-06-06 03:15:20,871 INFO Model saved as logs/2023_0605_2329_43_cs_base_run_continue/checkpoints/best_deeplabv3plus_mobilenet_cityscapes_os16_iter8100_epoch89_miou0.5774.pth
2023-06-06 03:16:29,068 INFO Epoch 89, Itrs 8150/30000, Loss=0.127002
2023-06-06 03:17:24,621 INFO 
Current epoch: 90
2023-06-06 03:17:43,564 INFO Epoch 90, Itrs 8200/30000, Loss=0.129788
2023-06-06 03:17:43,564 INFO validation...
2023-06-06 03:18:07,849 INFO 
Overall Acc: 0.9203
Mean Acc: 0.6357
FreqW Acc: 0.8591
Mean IoU: 0.5524

2023-06-06 03:19:15,986 INFO Epoch 90, Itrs 8250/30000, Loss=0.128036
2023-06-06 03:19:59,727 INFO 
Current epoch: 91
2023-06-06 03:20:29,576 INFO Epoch 91, Itrs 8300/30000, Loss=0.129253
2023-06-06 03:20:29,577 INFO validation...
2023-06-06 03:20:54,009 INFO 
Overall Acc: 0.9223
Mean Acc: 0.6486
FreqW Acc: 0.8626
Mean IoU: 0.5669

2023-06-06 03:22:03,877 INFO Epoch 91, Itrs 8350/30000, Loss=0.129738
2023-06-06 03:22:35,926 INFO 
Current epoch: 92
2023-06-06 03:23:17,290 INFO Epoch 92, Itrs 8400/30000, Loss=0.128127
2023-06-06 03:23:17,291 INFO validation...
2023-06-06 03:23:41,433 INFO 
Overall Acc: 0.9223
Mean Acc: 0.6509
FreqW Acc: 0.8632
Mean IoU: 0.5607

2023-06-06 03:24:49,990 INFO Epoch 92, Itrs 8450/30000, Loss=0.128683
2023-06-06 03:25:10,324 INFO 
Current epoch: 93
2023-06-06 03:26:03,684 INFO Epoch 93, Itrs 8500/30000, Loss=0.127781
2023-06-06 03:26:03,685 INFO validation...
2023-06-06 03:26:28,548 INFO 
Overall Acc: 0.9238
Mean Acc: 0.6688
FreqW Acc: 0.8660
Mean IoU: 0.5789

2023-06-06 03:26:28,633 INFO Model saved as logs/2023_0605_2329_43_cs_base_run_continue/checkpoints/best_deeplabv3plus_mobilenet_cityscapes_os16_iter8500_epoch93_miou0.5789.pth
2023-06-06 03:27:37,407 INFO Epoch 93, Itrs 8550/30000, Loss=0.128319
2023-06-06 03:27:46,226 INFO 
Current epoch: 94
2023-06-06 03:28:50,282 INFO Epoch 94, Itrs 8600/30000, Loss=0.126686
2023-06-06 03:28:50,283 INFO validation...
2023-06-06 03:29:15,177 INFO 
Overall Acc: 0.9232
Mean Acc: 0.6443
FreqW Acc: 0.8639
Mean IoU: 0.5649

2023-06-06 03:30:19,929 INFO 
Current epoch: 95
2023-06-06 03:30:23,357 INFO Epoch 95, Itrs 8650/30000, Loss=0.126749
2023-06-06 03:31:36,364 INFO Epoch 95, Itrs 8700/30000, Loss=0.128867
2023-06-06 03:31:36,365 INFO validation...
2023-06-06 03:31:59,710 INFO 
Overall Acc: 0.9228
Mean Acc: 0.6622
FreqW Acc: 0.8642
Mean IoU: 0.5693

2023-06-06 03:32:52,739 INFO 
Current epoch: 96
2023-06-06 03:33:07,929 INFO Epoch 96, Itrs 8750/30000, Loss=0.127634
2023-06-06 03:34:20,856 INFO Epoch 96, Itrs 8800/30000, Loss=0.126475
2023-06-06 03:34:20,856 INFO validation...
2023-06-06 03:34:45,301 INFO 
Overall Acc: 0.9226
Mean Acc: 0.6494
FreqW Acc: 0.8619
Mean IoU: 0.5681

2023-06-06 03:35:28,314 INFO 
Current epoch: 97
2023-06-06 03:35:55,604 INFO Epoch 97, Itrs 8850/30000, Loss=0.126782
2023-06-06 03:37:09,480 INFO Epoch 97, Itrs 8900/30000, Loss=0.126432
2023-06-06 03:37:09,481 INFO validation...
2023-06-06 03:37:33,636 INFO 
Overall Acc: 0.9234
Mean Acc: 0.6502
FreqW Acc: 0.8642
Mean IoU: 0.5713

2023-06-06 03:38:03,960 INFO 
Current epoch: 98
2023-06-06 03:38:42,552 INFO Epoch 98, Itrs 8950/30000, Loss=0.125710
2023-06-06 03:39:55,201 INFO Epoch 98, Itrs 9000/30000, Loss=0.127073
2023-06-06 03:39:55,201 INFO validation...
2023-06-06 03:40:19,003 INFO 
Overall Acc: 0.9229
Mean Acc: 0.6480
FreqW Acc: 0.8635
Mean IoU: 0.5638

2023-06-06 03:40:38,128 INFO 
Current epoch: 99
2023-06-06 03:41:28,785 INFO Epoch 99, Itrs 9050/30000, Loss=0.126291
2023-06-06 03:42:41,146 INFO Epoch 99, Itrs 9100/30000, Loss=0.127103
2023-06-06 03:42:41,146 INFO validation...
2023-06-06 03:43:05,692 INFO 
Overall Acc: 0.9235
Mean Acc: 0.6562
FreqW Acc: 0.8642
Mean IoU: 0.5740

2023-06-06 03:43:12,242 INFO 
Current epoch: 100
2023-06-06 03:44:14,109 INFO Epoch 100, Itrs 9150/30000, Loss=0.126741
2023-06-06 03:45:25,833 INFO Epoch 100, Itrs 9200/30000, Loss=0.122887
2023-06-06 03:45:25,833 INFO validation...
2023-06-06 03:45:49,448 INFO 
Overall Acc: 0.9228
Mean Acc: 0.6598
FreqW Acc: 0.8636
Mean IoU: 0.5725

2023-06-06 03:45:49,537 INFO 
Current epoch: 101
2023-06-06 03:47:02,962 INFO Epoch 101, Itrs 9250/30000, Loss=0.122244
2023-06-06 03:48:03,280 INFO 
Current epoch: 102
2023-06-06 03:48:15,481 INFO Epoch 102, Itrs 9300/30000, Loss=0.125480
2023-06-06 03:48:15,482 INFO validation...
2023-06-06 03:48:39,320 INFO 
Overall Acc: 0.9230
Mean Acc: 0.6510
FreqW Acc: 0.8638
Mean IoU: 0.5707

2023-06-06 03:49:47,105 INFO Epoch 102, Itrs 9350/30000, Loss=0.124480
2023-06-06 03:50:35,935 INFO 
Current epoch: 103
2023-06-06 03:50:59,830 INFO Epoch 103, Itrs 9400/30000, Loss=0.127445
2023-06-06 03:50:59,830 INFO validation...
2023-06-06 03:51:23,481 INFO 
Overall Acc: 0.9219
Mean Acc: 0.6502
FreqW Acc: 0.8629
Mean IoU: 0.5649

2023-06-06 03:52:31,529 INFO Epoch 103, Itrs 9450/30000, Loss=0.126155
2023-06-06 03:53:09,046 INFO 
Current epoch: 104
2023-06-06 03:53:43,723 INFO Epoch 104, Itrs 9500/30000, Loss=0.126432
2023-06-06 03:53:43,724 INFO validation...
2023-06-06 03:54:06,914 INFO 
Overall Acc: 0.9221
Mean Acc: 0.6512
FreqW Acc: 0.8624
Mean IoU: 0.5706

2023-06-06 03:55:13,845 INFO Epoch 104, Itrs 9550/30000, Loss=0.124788
2023-06-06 03:55:39,979 INFO 
Current epoch: 105
2023-06-06 03:56:26,492 INFO Epoch 105, Itrs 9600/30000, Loss=0.123815
2023-06-06 03:56:26,492 INFO validation...
2023-06-06 03:56:50,584 INFO 
Overall Acc: 0.9233
Mean Acc: 0.6611
FreqW Acc: 0.8644
Mean IoU: 0.5766

2023-06-06 03:57:58,069 INFO Epoch 105, Itrs 9650/30000, Loss=0.124665
2023-06-06 03:58:12,415 INFO 
Current epoch: 106
2023-06-06 03:59:11,070 INFO Epoch 106, Itrs 9700/30000, Loss=0.124652
2023-06-06 03:59:11,071 INFO validation...
2023-06-06 03:59:34,710 INFO 
Overall Acc: 0.9235
Mean Acc: 0.6456
FreqW Acc: 0.8642
Mean IoU: 0.5661

2023-06-06 04:00:42,242 INFO Epoch 106, Itrs 9750/30000, Loss=0.123717
2023-06-06 04:00:45,205 INFO 
Current epoch: 107
2023-06-06 04:01:55,129 INFO Epoch 107, Itrs 9800/30000, Loss=0.124143
2023-06-06 04:01:55,130 INFO validation...
2023-06-06 04:02:19,047 INFO 
Overall Acc: 0.9240
Mean Acc: 0.6754
FreqW Acc: 0.8664
Mean IoU: 0.5847

2023-06-06 04:02:19,118 INFO Model saved as logs/2023_0605_2329_43_cs_base_run_continue/checkpoints/best_deeplabv3plus_mobilenet_cityscapes_os16_iter9800_epoch107_miou0.5847.pth
2023-06-06 04:03:18,134 INFO 
Current epoch: 108
2023-06-06 04:03:27,158 INFO Epoch 108, Itrs 9850/30000, Loss=0.123046
2023-06-06 04:04:38,801 INFO Epoch 108, Itrs 9900/30000, Loss=0.123551
2023-06-06 04:04:38,802 INFO validation...
2023-06-06 04:05:03,310 INFO 
Overall Acc: 0.9235
Mean Acc: 0.6662
FreqW Acc: 0.8657
Mean IoU: 0.5799

2023-06-06 04:05:50,286 INFO 
Current epoch: 109
2023-06-06 04:06:10,802 INFO Epoch 109, Itrs 9950/30000, Loss=0.122764
2023-06-06 04:07:22,550 INFO Epoch 109, Itrs 10000/30000, Loss=0.123139
2023-06-06 04:07:22,550 INFO validation...
2023-06-06 04:07:46,266 INFO 
Overall Acc: 0.9225
Mean Acc: 0.6558
FreqW Acc: 0.8632
Mean IoU: 0.5702

2023-06-06 04:08:23,089 INFO 
Current epoch: 110
2023-06-06 04:08:55,451 INFO Epoch 110, Itrs 10050/30000, Loss=0.122756
2023-06-06 04:10:06,570 INFO Epoch 110, Itrs 10100/30000, Loss=0.122060
2023-06-06 04:10:06,571 INFO validation...
2023-06-06 04:10:30,417 INFO 
Overall Acc: 0.9238
Mean Acc: 0.6627
FreqW Acc: 0.8653
Mean IoU: 0.5726

2023-06-06 04:10:53,971 INFO 
Current epoch: 111
2023-06-06 04:11:38,939 INFO Epoch 111, Itrs 10150/30000, Loss=0.120956
2023-06-06 04:12:51,747 INFO Epoch 111, Itrs 10200/30000, Loss=0.123338
2023-06-06 04:12:51,747 INFO validation...
2023-06-06 04:13:16,259 INFO 
Overall Acc: 0.9223
Mean Acc: 0.6489
FreqW Acc: 0.8631
Mean IoU: 0.5692

2023-06-06 04:13:28,717 INFO 
Current epoch: 112
2023-06-06 04:14:25,404 INFO Epoch 112, Itrs 10250/30000, Loss=0.121921
2023-06-06 04:15:39,883 INFO Epoch 112, Itrs 10300/30000, Loss=0.123427
2023-06-06 04:15:39,884 INFO validation...
2023-06-06 04:16:04,638 INFO 
Overall Acc: 0.9231
Mean Acc: 0.6620
FreqW Acc: 0.8647
Mean IoU: 0.5731

2023-06-06 04:16:05,179 INFO 
Current epoch: 113
2023-06-06 04:17:13,056 INFO Epoch 113, Itrs 10350/30000, Loss=0.120222
2023-06-06 04:18:20,327 INFO 
Current epoch: 114
2023-06-06 04:18:27,212 INFO Epoch 114, Itrs 10400/30000, Loss=0.123591
2023-06-06 04:18:27,213 INFO validation...
2023-06-06 04:18:51,791 INFO 
Overall Acc: 0.9224
Mean Acc: 0.6643
FreqW Acc: 0.8626
Mean IoU: 0.5779

2023-06-06 04:20:00,961 INFO Epoch 114, Itrs 10450/30000, Loss=0.120109
2023-06-06 04:20:56,459 INFO 
Current epoch: 115
2023-06-06 04:21:14,929 INFO Epoch 115, Itrs 10500/30000, Loss=0.122601
2023-06-06 04:21:14,929 INFO validation...
2023-06-06 04:21:39,415 INFO 
Overall Acc: 0.9236
Mean Acc: 0.6548
FreqW Acc: 0.8650
Mean IoU: 0.5724

2023-06-06 04:22:48,604 INFO Epoch 115, Itrs 10550/30000, Loss=0.119952
2023-06-06 04:23:31,707 INFO 
Current epoch: 116
2023-06-06 04:24:01,353 INFO Epoch 116, Itrs 10600/30000, Loss=0.122406
2023-06-06 04:24:01,354 INFO validation...
2023-06-06 04:24:25,567 INFO 
Overall Acc: 0.9225
Mean Acc: 0.6529
FreqW Acc: 0.8631
Mean IoU: 0.5680

2023-06-06 04:25:34,370 INFO Epoch 116, Itrs 10650/30000, Loss=0.119064
2023-06-06 04:26:06,887 INFO 
Current epoch: 117
2023-06-06 04:26:48,474 INFO Epoch 117, Itrs 10700/30000, Loss=0.124131
2023-06-06 04:26:48,475 INFO validation...
2023-06-06 04:27:12,609 INFO 
Overall Acc: 0.9235
Mean Acc: 0.6562
FreqW Acc: 0.8647
Mean IoU: 0.5754

2023-06-06 04:28:21,411 INFO Epoch 117, Itrs 10750/30000, Loss=0.119007
2023-06-06 04:28:41,842 INFO 
Current epoch: 118
2023-06-06 04:29:35,510 INFO Epoch 118, Itrs 10800/30000, Loss=0.118875
2023-06-06 04:29:35,510 INFO validation...
2023-06-06 04:29:59,587 INFO 
Overall Acc: 0.9238
Mean Acc: 0.6593
FreqW Acc: 0.8658
Mean IoU: 0.5787

2023-06-06 04:31:08,737 INFO Epoch 118, Itrs 10850/30000, Loss=0.119851
2023-06-06 04:31:17,623 INFO 
Current epoch: 119
2023-06-06 04:32:22,311 INFO Epoch 119, Itrs 10900/30000, Loss=0.117990
2023-06-06 04:32:22,312 INFO validation...
2023-06-06 04:32:46,210 INFO 
Overall Acc: 0.9229
Mean Acc: 0.6557
FreqW Acc: 0.8635
Mean IoU: 0.5730

2023-06-06 04:33:51,772 INFO 
Current epoch: 120
2023-06-06 04:33:55,601 INFO Epoch 120, Itrs 10950/30000, Loss=0.120369
2023-06-06 04:35:09,697 INFO Epoch 120, Itrs 11000/30000, Loss=0.117806
2023-06-06 04:35:09,697 INFO validation...
2023-06-06 04:35:33,652 INFO 
Overall Acc: 0.9227
Mean Acc: 0.6477
FreqW Acc: 0.8634
Mean IoU: 0.5653

2023-06-06 04:36:28,393 INFO 
Current epoch: 121
2023-06-06 04:36:43,313 INFO Epoch 121, Itrs 11050/30000, Loss=0.117259
2023-06-06 04:37:56,738 INFO Epoch 121, Itrs 11100/30000, Loss=0.117598
2023-06-06 04:37:56,739 INFO validation...
2023-06-06 04:38:21,168 INFO 
Overall Acc: 0.9238
Mean Acc: 0.6499
FreqW Acc: 0.8651
Mean IoU: 0.5636

2023-06-06 04:39:03,922 INFO 
Current epoch: 122
2023-06-06 04:39:30,948 INFO Epoch 122, Itrs 11150/30000, Loss=0.119376
2023-06-06 04:40:43,512 INFO Epoch 122, Itrs 11200/30000, Loss=0.119294
2023-06-06 04:40:43,512 INFO validation...
2023-06-06 04:41:08,048 INFO 
Overall Acc: 0.9242
Mean Acc: 0.6496
FreqW Acc: 0.8653
Mean IoU: 0.5728

2023-06-06 04:41:38,113 INFO 
Current epoch: 123
2023-06-06 04:42:16,498 INFO Epoch 123, Itrs 11250/30000, Loss=0.119482
2023-06-06 04:43:29,766 INFO Epoch 123, Itrs 11300/30000, Loss=0.117464
2023-06-06 04:43:29,767 INFO validation...
2023-06-06 04:43:54,831 INFO 
Overall Acc: 0.9229
Mean Acc: 0.6415
FreqW Acc: 0.8640
Mean IoU: 0.5574

2023-06-06 04:44:13,177 INFO 
Current epoch: 124
2023-06-06 04:45:03,386 INFO Epoch 124, Itrs 11350/30000, Loss=0.119407
2023-06-06 04:46:16,401 INFO Epoch 124, Itrs 11400/30000, Loss=0.120033
2023-06-06 04:46:16,402 INFO validation...
2023-06-06 04:46:41,455 INFO 
Overall Acc: 0.9221
Mean Acc: 0.6441
FreqW Acc: 0.8622
Mean IoU: 0.5670

2023-06-06 04:46:48,201 INFO 
Current epoch: 125
2023-06-06 04:47:49,817 INFO Epoch 125, Itrs 11450/30000, Loss=0.116010
2023-06-06 04:49:02,475 INFO Epoch 125, Itrs 11500/30000, Loss=0.119086
2023-06-06 04:49:02,475 INFO validation...
2023-06-06 04:49:25,739 INFO 
Overall Acc: 0.9235
Mean Acc: 0.6408
FreqW Acc: 0.8640
Mean IoU: 0.5649

2023-06-06 04:49:25,844 INFO 
Current epoch: 126
2023-06-06 04:50:40,975 INFO Epoch 126, Itrs 11550/30000, Loss=0.116732
2023-06-06 04:51:41,528 INFO 
Current epoch: 127
2023-06-06 04:51:53,661 INFO Epoch 127, Itrs 11600/30000, Loss=0.118455
2023-06-06 04:51:53,661 INFO validation...
2023-06-06 04:52:17,349 INFO 
Overall Acc: 0.9235
Mean Acc: 0.6629
FreqW Acc: 0.8651
Mean IoU: 0.5782

2023-06-06 04:53:25,887 INFO Epoch 127, Itrs 11650/30000, Loss=0.115968
2023-06-06 04:54:16,077 INFO 
Current epoch: 128
2023-06-06 04:54:40,007 INFO Epoch 128, Itrs 11700/30000, Loss=0.118008
2023-06-06 04:54:40,008 INFO validation...
2023-06-06 04:55:03,698 INFO 
Overall Acc: 0.9207
Mean Acc: 0.6432
FreqW Acc: 0.8605
Mean IoU: 0.5619

2023-06-06 04:56:11,884 INFO Epoch 128, Itrs 11750/30000, Loss=0.120205
2023-06-06 04:56:50,148 INFO 
Current epoch: 129
2023-06-06 04:57:25,388 INFO Epoch 129, Itrs 11800/30000, Loss=0.117460
2023-06-06 04:57:25,389 INFO validation...
2023-06-06 04:57:50,837 INFO 
Overall Acc: 0.9222
Mean Acc: 0.6599
FreqW Acc: 0.8636
Mean IoU: 0.5702

2023-06-06 04:58:59,337 INFO Epoch 129, Itrs 11850/30000, Loss=0.117912
2023-06-06 04:59:25,593 INFO 
Current epoch: 130
2023-06-06 05:00:13,215 INFO Epoch 130, Itrs 11900/30000, Loss=0.114989
2023-06-06 05:00:13,216 INFO validation...
2023-06-06 05:00:36,994 INFO 
Overall Acc: 0.9238
Mean Acc: 0.6436
FreqW Acc: 0.8645
Mean IoU: 0.5677

2023-06-06 05:01:44,899 INFO Epoch 130, Itrs 11950/30000, Loss=0.117332
2023-06-06 05:01:59,981 INFO 
Current epoch: 131
2023-06-06 05:02:59,781 INFO Epoch 131, Itrs 12000/30000, Loss=0.116480
2023-06-06 05:02:59,782 INFO validation...
2023-06-06 05:03:23,648 INFO 
Overall Acc: 0.9236
Mean Acc: 0.6637
FreqW Acc: 0.8650
Mean IoU: 0.5778

2023-06-06 05:04:32,742 INFO Epoch 131, Itrs 12050/30000, Loss=0.117260
2023-06-06 05:04:35,691 INFO 
Current epoch: 132
2023-06-06 05:05:46,082 INFO Epoch 132, Itrs 12100/30000, Loss=0.114301
2023-06-06 05:05:46,083 INFO validation...
2023-06-06 05:06:10,063 INFO 
Overall Acc: 0.9240
Mean Acc: 0.6633
FreqW Acc: 0.8664
Mean IoU: 0.5745

2023-06-06 05:07:08,710 INFO 
Current epoch: 133
2023-06-06 05:07:17,474 INFO Epoch 133, Itrs 12150/30000, Loss=0.117095
2023-06-06 05:08:28,420 INFO Epoch 133, Itrs 12200/30000, Loss=0.114889
2023-06-06 05:08:28,421 INFO validation...
2023-06-06 05:08:52,300 INFO 
Overall Acc: 0.9217
Mean Acc: 0.6365
FreqW Acc: 0.8616
Mean IoU: 0.5576

2023-06-06 05:09:39,389 INFO 
Current epoch: 134
2023-06-06 05:10:00,702 INFO Epoch 134, Itrs 12250/30000, Loss=0.115054
2023-06-06 05:11:11,798 INFO Epoch 134, Itrs 12300/30000, Loss=0.115711
2023-06-06 05:11:11,799 INFO validation...
2023-06-06 05:11:35,550 INFO 
Overall Acc: 0.9233
Mean Acc: 0.6730
FreqW Acc: 0.8655
Mean IoU: 0.5808

2023-06-06 05:12:10,947 INFO 
Current epoch: 135
2023-06-06 05:12:43,842 INFO Epoch 135, Itrs 12350/30000, Loss=0.116712
2023-06-06 05:13:55,603 INFO Epoch 135, Itrs 12400/30000, Loss=0.113531
2023-06-06 05:13:55,604 INFO validation...
2023-06-06 05:14:19,888 INFO 
Overall Acc: 0.9246
Mean Acc: 0.6759
FreqW Acc: 0.8670
Mean IoU: 0.5852

2023-06-06 05:14:19,963 INFO Model saved as logs/2023_0605_2329_43_cs_base_run_continue/checkpoints/best_deeplabv3plus_mobilenet_cityscapes_os16_iter12400_epoch135_miou0.5852.pth
2023-06-06 05:14:43,476 INFO 
Current epoch: 136
2023-06-06 05:15:27,584 INFO Epoch 136, Itrs 12450/30000, Loss=0.114900
2023-06-06 05:16:39,531 INFO Epoch 136, Itrs 12500/30000, Loss=0.114703
2023-06-06 05:16:39,531 INFO validation...
2023-06-06 05:17:02,937 INFO 
Overall Acc: 0.9239
Mean Acc: 0.6769
FreqW Acc: 0.8659
Mean IoU: 0.5795

2023-06-06 05:17:15,155 INFO 
Current epoch: 137
2023-06-06 05:18:11,109 INFO Epoch 137, Itrs 12550/30000, Loss=0.116518
2023-06-06 05:19:24,493 INFO Epoch 137, Itrs 12600/30000, Loss=0.114262
2023-06-06 05:19:24,494 INFO validation...
2023-06-06 05:19:48,710 INFO 
Overall Acc: 0.9245
Mean Acc: 0.6597
FreqW Acc: 0.8660
Mean IoU: 0.5799

2023-06-06 05:19:49,274 INFO 
Current epoch: 138
2023-06-06 05:20:57,936 INFO Epoch 138, Itrs 12650/30000, Loss=0.115547
2023-06-06 05:22:04,992 INFO 
Current epoch: 139
2023-06-06 05:22:12,334 INFO Epoch 139, Itrs 12700/30000, Loss=0.114882
2023-06-06 05:22:12,334 INFO validation...
2023-06-06 05:22:35,939 INFO 
Overall Acc: 0.9240
Mean Acc: 0.6642
FreqW Acc: 0.8661
Mean IoU: 0.5779

2023-06-06 05:23:44,006 INFO Epoch 139, Itrs 12750/30000, Loss=0.113715
2023-06-06 05:24:39,777 INFO 
Current epoch: 140
2023-06-06 05:24:58,255 INFO Epoch 140, Itrs 12800/30000, Loss=0.114047
2023-06-06 05:24:58,255 INFO validation...
2023-06-06 05:25:22,098 INFO 
Overall Acc: 0.9234
Mean Acc: 0.6586
FreqW Acc: 0.8648
Mean IoU: 0.5750

2023-06-06 05:26:31,324 INFO Epoch 140, Itrs 12850/30000, Loss=0.113682
2023-06-06 05:27:15,140 INFO 
Current epoch: 141
2023-06-06 05:27:45,929 INFO Epoch 141, Itrs 12900/30000, Loss=0.115415
2023-06-06 05:27:45,930 INFO validation...
2023-06-06 05:28:09,925 INFO 
Overall Acc: 0.9226
Mean Acc: 0.6396
FreqW Acc: 0.8624
Mean IoU: 0.5626

2023-06-06 05:29:18,068 INFO Epoch 141, Itrs 12950/30000, Loss=0.113310
2023-06-06 05:29:50,197 INFO 
Current epoch: 142
2023-06-06 05:30:32,119 INFO Epoch 142, Itrs 13000/30000, Loss=0.113945
2023-06-06 05:30:32,120 INFO validation...
2023-06-06 05:30:56,272 INFO 
Overall Acc: 0.9241
Mean Acc: 0.6790
FreqW Acc: 0.8670
Mean IoU: 0.5858

2023-06-06 05:30:56,353 INFO Model saved as logs/2023_0605_2329_43_cs_base_run_continue/checkpoints/best_deeplabv3plus_mobilenet_cityscapes_os16_iter13000_epoch142_miou0.5858.pth
2023-06-06 05:32:05,697 INFO Epoch 142, Itrs 13050/30000, Loss=0.113288
2023-06-06 05:32:26,156 INFO 
Current epoch: 143
2023-06-06 05:33:19,974 INFO Epoch 143, Itrs 13100/30000, Loss=0.114488
2023-06-06 05:33:19,974 INFO validation...
2023-06-06 05:33:44,583 INFO 
Overall Acc: 0.9241
Mean Acc: 0.6790
FreqW Acc: 0.8665
Mean IoU: 0.5832

2023-06-06 05:34:53,176 INFO Epoch 143, Itrs 13150/30000, Loss=0.114648
2023-06-06 05:35:01,967 INFO 
Current epoch: 144
2023-06-06 05:36:06,842 INFO Epoch 144, Itrs 13200/30000, Loss=0.113133
2023-06-06 05:36:06,842 INFO validation...
2023-06-06 05:36:30,690 INFO 
Overall Acc: 0.9244
Mean Acc: 0.6612
FreqW Acc: 0.8660
Mean IoU: 0.5790

2023-06-06 05:37:36,156 INFO 
Current epoch: 145
2023-06-06 05:37:39,446 INFO Epoch 145, Itrs 13250/30000, Loss=0.114507
2023-06-06 05:38:53,601 INFO Epoch 145, Itrs 13300/30000, Loss=0.115135
2023-06-06 05:38:53,601 INFO validation...
2023-06-06 05:39:18,559 INFO 
Overall Acc: 0.9233
Mean Acc: 0.6609
FreqW Acc: 0.8654
Mean IoU: 0.5745

2023-06-06 05:40:13,282 INFO 
Current epoch: 146
2023-06-06 05:40:29,181 INFO Epoch 146, Itrs 13350/30000, Loss=0.114066
2023-06-06 05:41:42,799 INFO Epoch 146, Itrs 13400/30000, Loss=0.112985
2023-06-06 05:41:42,800 INFO validation...
2023-06-06 05:42:07,923 INFO 
Overall Acc: 0.9241
Mean Acc: 0.6617
FreqW Acc: 0.8662
Mean IoU: 0.5775

2023-06-06 05:42:49,693 INFO 
Current epoch: 147
2023-06-06 05:43:16,957 INFO Epoch 147, Itrs 13450/30000, Loss=0.112351
2023-06-06 05:44:30,229 INFO Epoch 147, Itrs 13500/30000, Loss=0.114227
2023-06-06 05:44:30,230 INFO validation...
2023-06-06 05:44:54,405 INFO 
Overall Acc: 0.9214
Mean Acc: 0.6494
FreqW Acc: 0.8611
Mean IoU: 0.5650

2023-06-06 05:45:24,958 INFO 
Current epoch: 148
2023-06-06 05:46:03,916 INFO Epoch 148, Itrs 13550/30000, Loss=0.110939
2023-06-06 05:47:18,667 INFO Epoch 148, Itrs 13600/30000, Loss=0.113137
2023-06-06 05:47:18,667 INFO validation...
2023-06-06 05:47:42,772 INFO 
Overall Acc: 0.9240
Mean Acc: 0.6508
FreqW Acc: 0.8653
Mean IoU: 0.5726

2023-06-06 05:48:00,711 INFO 
Current epoch: 149
2023-06-06 05:48:51,858 INFO Epoch 149, Itrs 13650/30000, Loss=0.111682
2023-06-06 05:50:04,477 INFO Epoch 149, Itrs 13700/30000, Loss=0.112804
2023-06-06 05:50:04,478 INFO validation...
2023-06-06 05:50:28,776 INFO 
Overall Acc: 0.9241
Mean Acc: 0.6645
FreqW Acc: 0.8662
Mean IoU: 0.5825

2023-06-06 05:50:35,446 INFO 
Current epoch: 150
2023-06-06 05:51:38,130 INFO Epoch 150, Itrs 13750/30000, Loss=0.110973
2023-06-06 05:52:51,858 INFO Epoch 150, Itrs 13800/30000, Loss=0.112251
2023-06-06 05:52:51,859 INFO validation...
2023-06-06 05:53:15,722 INFO 
Overall Acc: 0.9226
Mean Acc: 0.6520
FreqW Acc: 0.8634
Mean IoU: 0.5692

2023-06-06 05:53:15,804 INFO 
Current epoch: 151
2023-06-06 05:54:30,855 INFO Epoch 151, Itrs 13850/30000, Loss=0.111465
2023-06-06 05:55:32,071 INFO 
Current epoch: 152
2023-06-06 05:55:44,646 INFO Epoch 152, Itrs 13900/30000, Loss=0.110906
2023-06-06 05:55:44,646 INFO validation...
2023-06-06 05:56:09,224 INFO 
Overall Acc: 0.9236
Mean Acc: 0.6586
FreqW Acc: 0.8652
Mean IoU: 0.5697

2023-06-06 05:57:17,091 INFO Epoch 152, Itrs 13950/30000, Loss=0.110123
2023-06-06 05:58:07,755 INFO 
Current epoch: 153
2023-06-06 05:58:31,929 INFO Epoch 153, Itrs 14000/30000, Loss=0.111520
2023-06-06 05:58:31,929 INFO validation...
2023-06-06 05:58:56,688 INFO 
Overall Acc: 0.9231
Mean Acc: 0.6678
FreqW Acc: 0.8649
Mean IoU: 0.5760

2023-06-06 06:00:06,735 INFO Epoch 153, Itrs 14050/30000, Loss=0.110298
2023-06-06 06:00:44,703 INFO 
Current epoch: 154
2023-06-06 06:01:20,435 INFO Epoch 154, Itrs 14100/30000, Loss=0.110400
2023-06-06 06:01:20,436 INFO validation...
2023-06-06 06:01:44,255 INFO 
Overall Acc: 0.9246
Mean Acc: 0.6568
FreqW Acc: 0.8660
Mean IoU: 0.5792

2023-06-06 06:02:52,942 INFO Epoch 154, Itrs 14150/30000, Loss=0.110980
2023-06-06 06:03:19,336 INFO 
Current epoch: 155
2023-06-06 06:04:06,427 INFO Epoch 155, Itrs 14200/30000, Loss=0.111865
2023-06-06 06:04:06,428 INFO validation...
2023-06-06 06:04:30,633 INFO 
Overall Acc: 0.9241
Mean Acc: 0.6620
FreqW Acc: 0.8661
Mean IoU: 0.5790

2023-06-06 06:05:39,243 INFO Epoch 155, Itrs 14250/30000, Loss=0.111486
2023-06-06 06:05:53,795 INFO 
Current epoch: 156
2023-06-06 06:06:53,166 INFO Epoch 156, Itrs 14300/30000, Loss=0.109499
2023-06-06 06:06:53,167 INFO validation...
2023-06-06 06:07:17,068 INFO 
Overall Acc: 0.9240
Mean Acc: 0.6508
FreqW Acc: 0.8657
Mean IoU: 0.5723

2023-06-06 06:08:25,233 INFO Epoch 156, Itrs 14350/30000, Loss=0.111721
2023-06-06 06:08:28,242 INFO 
Current epoch: 157
2023-06-06 06:09:38,748 INFO Epoch 157, Itrs 14400/30000, Loss=0.108013
2023-06-06 06:09:38,749 INFO validation...
2023-06-06 06:10:03,139 INFO 
Overall Acc: 0.9228
Mean Acc: 0.6620
FreqW Acc: 0.8654
Mean IoU: 0.5766

2023-06-06 06:11:03,144 INFO 
Current epoch: 158
2023-06-06 06:11:12,582 INFO Epoch 158, Itrs 14450/30000, Loss=0.111027
2023-06-06 06:12:25,917 INFO Epoch 158, Itrs 14500/30000, Loss=0.110373
2023-06-06 06:12:25,917 INFO validation...
2023-06-06 06:12:51,496 INFO 
Overall Acc: 0.9241
Mean Acc: 0.6577
FreqW Acc: 0.8662
Mean IoU: 0.5766

2023-06-06 06:13:40,720 INFO 
Current epoch: 159
2023-06-06 06:14:02,195 INFO Epoch 159, Itrs 14550/30000, Loss=0.110019
2023-06-06 06:15:15,299 INFO Epoch 159, Itrs 14600/30000, Loss=0.110756
2023-06-06 06:15:15,300 INFO validation...
2023-06-06 06:15:39,645 INFO 
Overall Acc: 0.9238
Mean Acc: 0.6566
FreqW Acc: 0.8657
Mean IoU: 0.5737

2023-06-06 06:16:16,590 INFO 
Current epoch: 160
2023-06-06 06:16:49,661 INFO Epoch 160, Itrs 14650/30000, Loss=0.109189
2023-06-06 06:18:03,923 INFO Epoch 160, Itrs 14700/30000, Loss=0.110625
2023-06-06 06:18:03,923 INFO validation...
2023-06-06 06:18:27,872 INFO 
Overall Acc: 0.9231
Mean Acc: 0.6602
FreqW Acc: 0.8647
Mean IoU: 0.5763

2023-06-06 06:18:52,727 INFO 
Current epoch: 161
2023-06-06 06:19:38,384 INFO Epoch 161, Itrs 14750/30000, Loss=0.109193
2023-06-06 06:20:50,990 INFO Epoch 161, Itrs 14800/30000, Loss=0.110442
2023-06-06 06:20:50,991 INFO validation...
2023-06-06 06:21:15,803 INFO 
Overall Acc: 0.9234
Mean Acc: 0.6590
FreqW Acc: 0.8645
Mean IoU: 0.5732

2023-06-06 06:21:28,619 INFO 
Current epoch: 162
2023-06-06 06:22:25,151 INFO Epoch 162, Itrs 14850/30000, Loss=0.107096
2023-06-06 06:23:38,003 INFO Epoch 162, Itrs 14900/30000, Loss=0.110375
2023-06-06 06:23:38,004 INFO validation...
2023-06-06 06:24:02,140 INFO 
Overall Acc: 0.9243
Mean Acc: 0.6564
FreqW Acc: 0.8669
Mean IoU: 0.5716

2023-06-06 06:24:02,710 INFO 
Current epoch: 163
2023-06-06 06:25:10,959 INFO Epoch 163, Itrs 14950/30000, Loss=0.107775
2023-06-06 06:26:20,253 INFO 
Current epoch: 164
2023-06-06 06:26:26,805 INFO Epoch 164, Itrs 15000/30000, Loss=0.110695
2023-06-06 06:26:26,806 INFO validation...
2023-06-06 06:26:51,750 INFO 
Overall Acc: 0.9233
Mean Acc: 0.6542
FreqW Acc: 0.8643
Mean IoU: 0.5648

2023-06-06 06:28:01,492 INFO Epoch 164, Itrs 15050/30000, Loss=0.108512
2023-06-06 06:28:56,655 INFO 
Current epoch: 165
2023-06-06 06:29:15,030 INFO Epoch 165, Itrs 15100/30000, Loss=0.110707
2023-06-06 06:29:15,030 INFO validation...
2023-06-06 06:29:39,346 INFO 
Overall Acc: 0.9243
Mean Acc: 0.6613
FreqW Acc: 0.8663
Mean IoU: 0.5790

2023-06-06 06:30:48,283 INFO Epoch 165, Itrs 15150/30000, Loss=0.109467
2023-06-06 06:31:31,840 INFO 
Current epoch: 166
2023-06-06 06:32:01,959 INFO Epoch 166, Itrs 15200/30000, Loss=0.108562
2023-06-06 06:32:01,960 INFO validation...
2023-06-06 06:32:26,387 INFO 
Overall Acc: 0.9234
Mean Acc: 0.6608
FreqW Acc: 0.8649
Mean IoU: 0.5762

2023-06-06 06:33:34,604 INFO Epoch 166, Itrs 15250/30000, Loss=0.108225
2023-06-06 06:34:06,773 INFO 
Current epoch: 167
2023-06-06 06:34:49,101 INFO Epoch 167, Itrs 15300/30000, Loss=0.109657
2023-06-06 06:34:49,102 INFO validation...
2023-06-06 06:35:12,872 INFO 
Overall Acc: 0.9241
Mean Acc: 0.6656
FreqW Acc: 0.8655
Mean IoU: 0.5810

2023-06-06 06:36:22,388 INFO Epoch 167, Itrs 15350/30000, Loss=0.108634
2023-06-06 06:36:43,369 INFO 
Current epoch: 168
2023-06-06 06:37:37,056 INFO Epoch 168, Itrs 15400/30000, Loss=0.108887
2023-06-06 06:37:37,057 INFO validation...
2023-06-06 06:38:01,606 INFO 
Overall Acc: 0.9242
Mean Acc: 0.6442
FreqW Acc: 0.8658
Mean IoU: 0.5669

2023-06-06 06:39:10,699 INFO Epoch 168, Itrs 15450/30000, Loss=0.108918
2023-06-06 06:39:19,570 INFO 
Current epoch: 169
2023-06-06 06:40:24,493 INFO Epoch 169, Itrs 15500/30000, Loss=0.107460
2023-06-06 06:40:24,494 INFO validation...
2023-06-06 06:40:49,821 INFO 
Overall Acc: 0.9232
Mean Acc: 0.6540
FreqW Acc: 0.8641
Mean IoU: 0.5750

2023-06-06 06:41:56,380 INFO 
Current epoch: 170
2023-06-06 06:42:00,112 INFO Epoch 170, Itrs 15550/30000, Loss=0.109055
2023-06-06 06:43:12,775 INFO Epoch 170, Itrs 15600/30000, Loss=0.107285
2023-06-06 06:43:12,776 INFO validation...
2023-06-06 06:43:37,589 INFO 
Overall Acc: 0.9235
Mean Acc: 0.6555
FreqW Acc: 0.8649
Mean IoU: 0.5725

2023-06-06 06:44:31,179 INFO 
Current epoch: 171
2023-06-06 06:44:46,447 INFO Epoch 171, Itrs 15650/30000, Loss=0.108720
2023-06-06 06:46:00,541 INFO Epoch 171, Itrs 15700/30000, Loss=0.109681
2023-06-06 06:46:00,542 INFO validation...
2023-06-06 06:46:24,544 INFO 
Overall Acc: 0.9235
Mean Acc: 0.6576
FreqW Acc: 0.8644
Mean IoU: 0.5725

2023-06-06 06:47:06,446 INFO 
Current epoch: 172
2023-06-06 06:47:33,936 INFO Epoch 172, Itrs 15750/30000, Loss=0.108285
2023-06-06 06:48:47,406 INFO Epoch 172, Itrs 15800/30000, Loss=0.105374
2023-06-06 06:48:47,407 INFO validation...
2023-06-06 06:49:11,179 INFO 
Overall Acc: 0.9237
Mean Acc: 0.6601
FreqW Acc: 0.8651
Mean IoU: 0.5769

2023-06-06 06:49:41,414 INFO 
Current epoch: 173
2023-06-06 06:50:20,616 INFO Epoch 173, Itrs 15850/30000, Loss=0.106745
2023-06-06 06:51:34,172 INFO Epoch 173, Itrs 15900/30000, Loss=0.108705
2023-06-06 06:51:34,173 INFO validation...
2023-06-06 06:51:58,716 INFO 
Overall Acc: 0.9245
Mean Acc: 0.6669
FreqW Acc: 0.8671
Mean IoU: 0.5796

2023-06-06 06:52:16,887 INFO 
Current epoch: 174
2023-06-06 06:53:08,259 INFO Epoch 174, Itrs 15950/30000, Loss=0.105517
2023-06-06 06:54:23,032 INFO Epoch 174, Itrs 16000/30000, Loss=0.107255
2023-06-06 06:54:23,032 INFO validation...
2023-06-06 06:54:47,557 INFO 
Overall Acc: 0.9250
Mean Acc: 0.6622
FreqW Acc: 0.8673
Mean IoU: 0.5828

2023-06-06 06:54:54,989 INFO 
Current epoch: 175
2023-06-06 06:55:57,384 INFO Epoch 175, Itrs 16050/30000, Loss=0.105960
2023-06-06 06:57:10,776 INFO Epoch 175, Itrs 16100/30000, Loss=0.107303
2023-06-06 06:57:10,776 INFO validation...
2023-06-06 06:57:35,857 INFO 
Overall Acc: 0.9239
Mean Acc: 0.6669
FreqW Acc: 0.8665
Mean IoU: 0.5780

2023-06-06 06:57:35,925 INFO 
Current epoch: 176
2023-06-06 06:58:51,493 INFO Epoch 176, Itrs 16150/30000, Loss=0.106068
2023-06-06 06:59:52,168 INFO 
Current epoch: 177
2023-06-06 07:00:04,659 INFO Epoch 177, Itrs 16200/30000, Loss=0.107385
2023-06-06 07:00:04,660 INFO validation...
2023-06-06 07:00:28,734 INFO 
Overall Acc: 0.9234
Mean Acc: 0.6509
FreqW Acc: 0.8647
Mean IoU: 0.5728

2023-06-06 07:01:38,422 INFO Epoch 177, Itrs 16250/30000, Loss=0.106311
2023-06-06 07:02:27,954 INFO 
Current epoch: 178
2023-06-06 07:02:52,155 INFO Epoch 178, Itrs 16300/30000, Loss=0.105485
2023-06-06 07:02:52,156 INFO validation...
2023-06-06 07:03:17,137 INFO 
Overall Acc: 0.9242
Mean Acc: 0.6656
FreqW Acc: 0.8662
Mean IoU: 0.5789

2023-06-06 07:04:25,387 INFO Epoch 178, Itrs 16350/30000, Loss=0.106328
2023-06-06 07:05:03,434 INFO 
Current epoch: 179
2023-06-06 07:05:38,970 INFO Epoch 179, Itrs 16400/30000, Loss=0.106764
2023-06-06 07:05:38,971 INFO validation...
2023-06-06 07:06:02,764 INFO 
Overall Acc: 0.9239
Mean Acc: 0.6612
FreqW Acc: 0.8655
Mean IoU: 0.5733

2023-06-06 07:07:11,072 INFO Epoch 179, Itrs 16450/30000, Loss=0.106512
2023-06-06 07:07:37,929 INFO 
Current epoch: 180
2023-06-06 07:08:25,806 INFO Epoch 180, Itrs 16500/30000, Loss=0.106958
2023-06-06 07:08:25,807 INFO validation...
2023-06-06 07:08:49,991 INFO 
Overall Acc: 0.9241
Mean Acc: 0.6457
FreqW Acc: 0.8652
Mean IoU: 0.5690

2023-06-06 07:09:59,498 INFO Epoch 180, Itrs 16550/30000, Loss=0.106264
2023-06-06 07:10:14,083 INFO 
Current epoch: 181
2023-06-06 07:11:14,733 INFO Epoch 181, Itrs 16600/30000, Loss=0.104538
2023-06-06 07:11:14,734 INFO validation...
2023-06-06 07:11:38,448 INFO 
Overall Acc: 0.9242
Mean Acc: 0.6633
FreqW Acc: 0.8665
Mean IoU: 0.5799

2023-06-06 07:12:47,128 INFO Epoch 181, Itrs 16650/30000, Loss=0.106022
2023-06-06 07:12:50,095 INFO 
Current epoch: 182
2023-06-06 07:14:00,908 INFO Epoch 182, Itrs 16700/30000, Loss=0.106068
2023-06-06 07:14:00,909 INFO validation...
2023-06-06 07:14:25,408 INFO 
Overall Acc: 0.9237
Mean Acc: 0.6587
FreqW Acc: 0.8650
Mean IoU: 0.5747

2023-06-06 07:15:24,781 INFO 
Current epoch: 183
2023-06-06 07:15:34,274 INFO Epoch 183, Itrs 16750/30000, Loss=0.105275
2023-06-06 07:16:46,744 INFO Epoch 183, Itrs 16800/30000, Loss=0.105439
2023-06-06 07:16:46,745 INFO validation...
2023-06-06 07:17:10,589 INFO 
Overall Acc: 0.9233
Mean Acc: 0.6469
FreqW Acc: 0.8639
Mean IoU: 0.5704

2023-06-06 07:17:58,985 INFO 
Current epoch: 184
2023-06-06 07:18:19,961 INFO Epoch 184, Itrs 16850/30000, Loss=0.106618
2023-06-06 07:19:33,237 INFO Epoch 184, Itrs 16900/30000, Loss=0.105597
2023-06-06 07:19:33,238 INFO validation...
2023-06-06 07:19:57,559 INFO 
Overall Acc: 0.9235
Mean Acc: 0.6657
FreqW Acc: 0.8647
Mean IoU: 0.5796

2023-06-06 07:20:34,369 INFO 
Current epoch: 185
2023-06-06 07:21:07,221 INFO Epoch 185, Itrs 16950/30000, Loss=0.105616
2023-06-06 07:22:20,226 INFO Epoch 185, Itrs 17000/30000, Loss=0.105364
2023-06-06 07:22:20,226 INFO validation...
2023-06-06 07:22:44,272 INFO 
Overall Acc: 0.9241
Mean Acc: 0.6624
FreqW Acc: 0.8665
Mean IoU: 0.5768

2023-06-06 07:23:09,635 INFO 
Current epoch: 186
2023-06-06 07:23:54,797 INFO Epoch 186, Itrs 17050/30000, Loss=0.106177
2023-06-06 07:25:08,296 INFO Epoch 186, Itrs 17100/30000, Loss=0.105235
2023-06-06 07:25:08,297 INFO validation...
2023-06-06 07:25:32,666 INFO 
Overall Acc: 0.9244
Mean Acc: 0.6676
FreqW Acc: 0.8668
Mean IoU: 0.5815

2023-06-06 07:25:45,574 INFO 
Current epoch: 187
2023-06-06 07:26:42,832 INFO Epoch 187, Itrs 17150/30000, Loss=0.104055
2023-06-06 07:27:56,234 INFO Epoch 187, Itrs 17200/30000, Loss=0.104640
2023-06-06 07:27:56,235 INFO validation...
2023-06-06 07:28:19,998 INFO 
Overall Acc: 0.9242
Mean Acc: 0.6727
FreqW Acc: 0.8665
Mean IoU: 0.5817

2023-06-06 07:28:20,560 INFO 
Current epoch: 188
2023-06-06 07:29:29,436 INFO Epoch 188, Itrs 17250/30000, Loss=0.105279
2023-06-06 07:30:36,659 INFO 
Current epoch: 189
2023-06-06 07:30:43,612 INFO Epoch 189, Itrs 17300/30000, Loss=0.103068
2023-06-06 07:30:43,613 INFO validation...
2023-06-06 07:31:08,157 INFO 
Overall Acc: 0.9238
Mean Acc: 0.6610
FreqW Acc: 0.8651
Mean IoU: 0.5777

2023-06-06 07:32:17,257 INFO Epoch 189, Itrs 17350/30000, Loss=0.104017
2023-06-06 07:33:12,728 INFO 
Current epoch: 190
2023-06-06 07:33:31,013 INFO Epoch 190, Itrs 17400/30000, Loss=0.104367
2023-06-06 07:33:31,014 INFO validation...
2023-06-06 07:33:54,993 INFO 
Overall Acc: 0.9238
Mean Acc: 0.6542
FreqW Acc: 0.8654
Mean IoU: 0.5752

2023-06-06 07:35:04,976 INFO Epoch 190, Itrs 17450/30000, Loss=0.105138
2023-06-06 07:35:50,763 INFO 
Current epoch: 191
2023-06-06 07:36:20,879 INFO Epoch 191, Itrs 17500/30000, Loss=0.104739
2023-06-06 07:36:20,880 INFO validation...
2023-06-06 07:36:44,542 INFO 
Overall Acc: 0.9236
Mean Acc: 0.6638
FreqW Acc: 0.8659
Mean IoU: 0.5785

2023-06-06 07:37:52,961 INFO Epoch 191, Itrs 17550/30000, Loss=0.103051
2023-06-06 07:38:25,064 INFO 
Current epoch: 192
2023-06-06 07:39:06,453 INFO Epoch 192, Itrs 17600/30000, Loss=0.102558
2023-06-06 07:39:06,453 INFO validation...
2023-06-06 07:39:32,751 INFO 
Overall Acc: 0.9245
Mean Acc: 0.6631
FreqW Acc: 0.8668
Mean IoU: 0.5804

2023-06-06 07:40:41,829 INFO Epoch 192, Itrs 17650/30000, Loss=0.104956
2023-06-06 07:41:02,126 INFO 
Current epoch: 193
2023-06-06 07:41:56,764 INFO Epoch 193, Itrs 17700/30000, Loss=0.103491
2023-06-06 07:41:56,765 INFO validation...
2023-06-06 07:42:21,128 INFO 
Overall Acc: 0.9235
Mean Acc: 0.6765
FreqW Acc: 0.8654
Mean IoU: 0.5758

2023-06-06 07:43:30,619 INFO Epoch 193, Itrs 17750/30000, Loss=0.103562
2023-06-06 07:43:39,463 INFO 
Current epoch: 194
2023-06-06 07:44:45,356 INFO Epoch 194, Itrs 17800/30000, Loss=0.103681
2023-06-06 07:44:45,357 INFO validation...
2023-06-06 07:45:09,344 INFO 
Overall Acc: 0.9236
Mean Acc: 0.6662
FreqW Acc: 0.8655
Mean IoU: 0.5813

2023-06-06 07:46:15,820 INFO 
Current epoch: 195
2023-06-06 07:46:19,839 INFO Epoch 195, Itrs 17850/30000, Loss=0.103207
2023-06-06 07:47:32,751 INFO Epoch 195, Itrs 17900/30000, Loss=0.103371
2023-06-06 07:47:32,752 INFO validation...
2023-06-06 07:47:57,711 INFO 
Overall Acc: 0.9239
Mean Acc: 0.6739
FreqW Acc: 0.8653
Mean IoU: 0.5831

2023-06-06 07:48:51,664 INFO 
Current epoch: 196
2023-06-06 07:49:07,186 INFO Epoch 196, Itrs 17950/30000, Loss=0.104591
2023-06-06 07:50:20,103 INFO Epoch 196, Itrs 18000/30000, Loss=0.103670
2023-06-06 07:50:20,104 INFO validation...
2023-06-06 07:50:44,372 INFO 
Overall Acc: 0.9240
Mean Acc: 0.6793
FreqW Acc: 0.8666
Mean IoU: 0.5871

2023-06-06 07:50:44,458 INFO Model saved as logs/2023_0605_2329_43_cs_base_run_continue/checkpoints/best_deeplabv3plus_mobilenet_cityscapes_os16_iter18000_epoch196_miou0.5871.pth
2023-06-06 07:51:27,030 INFO 
Current epoch: 197
2023-06-06 07:51:54,739 INFO Epoch 197, Itrs 18050/30000, Loss=0.103883
2023-06-06 07:53:08,730 INFO Epoch 197, Itrs 18100/30000, Loss=0.101458
2023-06-06 07:53:08,730 INFO validation...
2023-06-06 07:53:32,568 INFO 
Overall Acc: 0.9240
Mean Acc: 0.6611
FreqW Acc: 0.8661
Mean IoU: 0.5788

2023-06-06 07:54:03,093 INFO 
Current epoch: 198
2023-06-06 07:54:41,823 INFO Epoch 198, Itrs 18150/30000, Loss=0.101760
2023-06-06 07:55:55,265 INFO Epoch 198, Itrs 18200/30000, Loss=0.104726
2023-06-06 07:55:55,265 INFO validation...
2023-06-06 07:56:19,220 INFO 
Overall Acc: 0.9226
Mean Acc: 0.6532
FreqW Acc: 0.8627
Mean IoU: 0.5733

2023-06-06 07:56:37,560 INFO 
Current epoch: 199
2023-06-06 07:57:27,642 INFO Epoch 199, Itrs 18250/30000, Loss=0.103001
2023-06-06 07:58:40,239 INFO Epoch 199, Itrs 18300/30000, Loss=0.103512
2023-06-06 07:58:40,240 INFO validation...
2023-06-06 07:59:04,656 INFO 
Overall Acc: 0.9234
Mean Acc: 0.6599
FreqW Acc: 0.8645
Mean IoU: 0.5764

2023-06-06 07:59:11,475 INFO 
Current epoch: 200
2023-06-06 08:00:14,474 INFO Epoch 200, Itrs 18350/30000, Loss=0.102803
2023-06-06 08:01:27,452 INFO Epoch 200, Itrs 18400/30000, Loss=0.102636
2023-06-06 08:01:27,453 INFO validation...
2023-06-06 08:01:51,260 INFO 
Overall Acc: 0.9229
Mean Acc: 0.6676
FreqW Acc: 0.8641
Mean IoU: 0.5778

2023-06-06 08:01:51,333 INFO 
Current epoch: 201
2023-06-06 08:03:05,634 INFO Epoch 201, Itrs 18450/30000, Loss=0.103039
2023-06-06 08:04:06,690 INFO 
Current epoch: 202
2023-06-06 08:04:19,070 INFO Epoch 202, Itrs 18500/30000, Loss=0.101894
2023-06-06 08:04:19,070 INFO validation...
2023-06-06 08:04:43,979 INFO 
Overall Acc: 0.9235
Mean Acc: 0.6612
FreqW Acc: 0.8649
Mean IoU: 0.5770

2023-06-06 08:05:52,723 INFO Epoch 202, Itrs 18550/30000, Loss=0.103730
2023-06-06 08:06:42,918 INFO 
Current epoch: 203
2023-06-06 08:07:07,369 INFO Epoch 203, Itrs 18600/30000, Loss=0.102494
2023-06-06 08:07:07,370 INFO validation...
2023-06-06 08:07:31,110 INFO 
Overall Acc: 0.9240
Mean Acc: 0.6490
FreqW Acc: 0.8657
Mean IoU: 0.5726

2023-06-06 08:08:39,876 INFO Epoch 203, Itrs 18650/30000, Loss=0.102983
2023-06-06 08:09:17,834 INFO 
Current epoch: 204
2023-06-06 08:09:54,298 INFO Epoch 204, Itrs 18700/30000, Loss=0.101467
2023-06-06 08:09:54,299 INFO validation...
2023-06-06 08:10:19,003 INFO 
Overall Acc: 0.9236
Mean Acc: 0.6589
FreqW Acc: 0.8660
Mean IoU: 0.5738

2023-06-06 08:11:26,458 INFO Epoch 204, Itrs 18750/30000, Loss=0.101574
2023-06-06 08:11:52,751 INFO 
Current epoch: 205
2023-06-06 08:12:41,023 INFO Epoch 205, Itrs 18800/30000, Loss=0.100579
2023-06-06 08:12:41,023 INFO validation...
2023-06-06 08:13:05,004 INFO 
Overall Acc: 0.9241
Mean Acc: 0.6760
FreqW Acc: 0.8665
Mean IoU: 0.5859

2023-06-06 08:14:12,801 INFO Epoch 205, Itrs 18850/30000, Loss=0.102913
2023-06-06 08:14:27,991 INFO 
Current epoch: 206
2023-06-06 08:15:28,035 INFO Epoch 206, Itrs 18900/30000, Loss=0.102925
2023-06-06 08:15:28,035 INFO validation...
2023-06-06 08:15:51,866 INFO 
Overall Acc: 0.9236
Mean Acc: 0.6587
FreqW Acc: 0.8649
Mean IoU: 0.5746

2023-06-06 08:17:00,327 INFO Epoch 206, Itrs 18950/30000, Loss=0.102632
2023-06-06 08:17:03,325 INFO 
Current epoch: 207
2023-06-06 08:18:14,957 INFO Epoch 207, Itrs 19000/30000, Loss=0.100213
2023-06-06 08:18:14,958 INFO validation...
2023-06-06 08:18:39,816 INFO 
Overall Acc: 0.9239
Mean Acc: 0.6623
FreqW Acc: 0.8657
Mean IoU: 0.5807

2023-06-06 08:19:41,085 INFO 
Current epoch: 208
2023-06-06 08:19:50,783 INFO Epoch 208, Itrs 19050/30000, Loss=0.101851
2023-06-06 08:21:03,622 INFO Epoch 208, Itrs 19100/30000, Loss=0.101193
2023-06-06 08:21:03,623 INFO validation...
2023-06-06 08:21:27,728 INFO 
Overall Acc: 0.9239
Mean Acc: 0.6581
FreqW Acc: 0.8660
Mean IoU: 0.5771

2023-06-06 08:22:15,782 INFO 
Current epoch: 209
2023-06-06 08:22:37,257 INFO Epoch 209, Itrs 19150/30000, Loss=0.101740
2023-06-06 08:23:50,034 INFO Epoch 209, Itrs 19200/30000, Loss=0.100145
2023-06-06 08:23:50,034 INFO validation...
2023-06-06 08:24:14,124 INFO 
Overall Acc: 0.9232
Mean Acc: 0.6427
FreqW Acc: 0.8640
Mean IoU: 0.5688

2023-06-06 08:24:50,581 INFO 
Current epoch: 210
2023-06-06 08:25:23,576 INFO Epoch 210, Itrs 19250/30000, Loss=0.101805
2023-06-06 08:26:36,284 INFO Epoch 210, Itrs 19300/30000, Loss=0.099795
2023-06-06 08:26:36,285 INFO validation...
2023-06-06 08:27:00,219 INFO 
Overall Acc: 0.9236
Mean Acc: 0.6583
FreqW Acc: 0.8656
Mean IoU: 0.5739

2023-06-06 08:27:25,082 INFO 
Current epoch: 211
2023-06-06 08:28:09,730 INFO Epoch 211, Itrs 19350/30000, Loss=0.101603
2023-06-06 08:29:22,111 INFO Epoch 211, Itrs 19400/30000, Loss=0.101178
2023-06-06 08:29:22,112 INFO validation...
2023-06-06 08:29:46,166 INFO 
Overall Acc: 0.9243
Mean Acc: 0.6656
FreqW Acc: 0.8663
Mean IoU: 0.5801

2023-06-06 08:29:58,544 INFO 
Current epoch: 212
2023-06-06 08:30:56,557 INFO Epoch 212, Itrs 19450/30000, Loss=0.101577
2023-06-06 08:32:09,709 INFO Epoch 212, Itrs 19500/30000, Loss=0.100543
2023-06-06 08:32:09,709 INFO validation...
2023-06-06 08:32:33,467 INFO 
Overall Acc: 0.9242
Mean Acc: 0.6642
FreqW Acc: 0.8666
Mean IoU: 0.5807

2023-06-06 08:32:34,026 INFO 
Current epoch: 213
2023-06-06 08:33:42,559 INFO Epoch 213, Itrs 19550/30000, Loss=0.099831
2023-06-06 08:34:51,098 INFO 
Current epoch: 214
2023-06-06 08:34:57,266 INFO Epoch 214, Itrs 19600/30000, Loss=0.100624
2023-06-06 08:34:57,266 INFO validation...
2023-06-06 08:35:20,965 INFO 
Overall Acc: 0.9238
Mean Acc: 0.6478
FreqW Acc: 0.8655
Mean IoU: 0.5713

2023-06-06 08:36:30,225 INFO Epoch 214, Itrs 19650/30000, Loss=0.102073
2023-06-06 08:37:25,693 INFO 
Current epoch: 215
2023-06-06 08:37:43,824 INFO Epoch 215, Itrs 19700/30000, Loss=0.100274
2023-06-06 08:37:43,825 INFO validation...
2023-06-06 08:38:07,917 INFO 
Overall Acc: 0.9245
Mean Acc: 0.6636
FreqW Acc: 0.8671
Mean IoU: 0.5808

2023-06-06 08:39:16,854 INFO Epoch 215, Itrs 19750/30000, Loss=0.100056
2023-06-06 08:40:00,945 INFO 
Current epoch: 216
2023-06-06 08:40:31,332 INFO Epoch 216, Itrs 19800/30000, Loss=0.101189
2023-06-06 08:40:31,333 INFO validation...
2023-06-06 08:40:56,175 INFO 
Overall Acc: 0.9240
Mean Acc: 0.6489
FreqW Acc: 0.8654
Mean IoU: 0.5720

2023-06-06 08:42:05,371 INFO Epoch 216, Itrs 19850/30000, Loss=0.099014
2023-06-06 08:42:37,283 INFO 
Current epoch: 217
2023-06-06 08:43:18,587 INFO Epoch 217, Itrs 19900/30000, Loss=0.100527
2023-06-06 08:43:18,588 INFO validation...
2023-06-06 08:43:42,925 INFO 
Overall Acc: 0.9245
Mean Acc: 0.6671
FreqW Acc: 0.8663
Mean IoU: 0.5852

2023-06-06 08:44:50,887 INFO Epoch 217, Itrs 19950/30000, Loss=0.100131
2023-06-06 08:45:11,325 INFO 
Current epoch: 218
2023-06-06 08:46:04,357 INFO Epoch 218, Itrs 20000/30000, Loss=0.100327
2023-06-06 08:46:04,357 INFO validation...
2023-06-06 08:46:28,549 INFO 
Overall Acc: 0.9243
Mean Acc: 0.6671
FreqW Acc: 0.8665
Mean IoU: 0.5822

2023-06-06 08:47:37,576 INFO Epoch 218, Itrs 20050/30000, Loss=0.101566
2023-06-06 08:47:46,326 INFO 
Current epoch: 219
2023-06-06 08:48:51,254 INFO Epoch 219, Itrs 20100/30000, Loss=0.100624
2023-06-06 08:48:51,255 INFO validation...
2023-06-06 08:49:15,970 INFO 
Overall Acc: 0.9238
Mean Acc: 0.6502
FreqW Acc: 0.8645
Mean IoU: 0.5744

2023-06-06 08:50:21,687 INFO 
Current epoch: 220
2023-06-06 08:50:24,987 INFO Epoch 220, Itrs 20150/30000, Loss=0.099518
2023-06-06 08:51:37,593 INFO Epoch 220, Itrs 20200/30000, Loss=0.098542
2023-06-06 08:51:37,594 INFO validation...
2023-06-06 08:52:02,240 INFO 
Overall Acc: 0.9231
Mean Acc: 0.6427
FreqW Acc: 0.8638
Mean IoU: 0.5656

2023-06-06 08:52:56,342 INFO 
Current epoch: 221
2023-06-06 08:53:11,785 INFO Epoch 221, Itrs 20250/30000, Loss=0.099859
2023-06-06 08:54:24,738 INFO Epoch 221, Itrs 20300/30000, Loss=0.099522
2023-06-06 08:54:24,739 INFO validation...
2023-06-06 08:54:49,085 INFO 
Overall Acc: 0.9238
Mean Acc: 0.6595
FreqW Acc: 0.8657
Mean IoU: 0.5774

2023-06-06 08:55:31,380 INFO 
Current epoch: 222
2023-06-06 08:55:57,795 INFO Epoch 222, Itrs 20350/30000, Loss=0.100589
2023-06-06 08:57:11,602 INFO Epoch 222, Itrs 20400/30000, Loss=0.098702
2023-06-06 08:57:11,603 INFO validation...
2023-06-06 08:57:35,593 INFO 
Overall Acc: 0.9235
Mean Acc: 0.6510
FreqW Acc: 0.8650
Mean IoU: 0.5731

2023-06-06 08:58:06,694 INFO 
Current epoch: 223
2023-06-06 08:58:45,186 INFO Epoch 223, Itrs 20450/30000, Loss=0.101447
2023-06-06 08:59:58,183 INFO Epoch 223, Itrs 20500/30000, Loss=0.100193
2023-06-06 08:59:58,184 INFO validation...
2023-06-06 09:00:22,844 INFO 
Overall Acc: 0.9239
Mean Acc: 0.6539
FreqW Acc: 0.8654
Mean IoU: 0.5745

2023-06-06 09:00:41,609 INFO 
Current epoch: 224
2023-06-06 09:01:32,546 INFO Epoch 224, Itrs 20550/30000, Loss=0.099194
2023-06-06 09:02:45,772 INFO Epoch 224, Itrs 20600/30000, Loss=0.101231
2023-06-06 09:02:45,772 INFO validation...
2023-06-06 09:03:09,337 INFO 
Overall Acc: 0.9227
Mean Acc: 0.6440
FreqW Acc: 0.8635
Mean IoU: 0.5670

2023-06-06 09:03:15,897 INFO 
Current epoch: 225
2023-06-06 09:04:18,835 INFO Epoch 225, Itrs 20650/30000, Loss=0.099340
2023-06-06 09:05:31,879 INFO Epoch 225, Itrs 20700/30000, Loss=0.100061
2023-06-06 09:05:31,879 INFO validation...
2023-06-06 09:05:56,932 INFO 
Overall Acc: 0.9237
Mean Acc: 0.6471
FreqW Acc: 0.8645
Mean IoU: 0.5703

2023-06-06 09:05:57,016 INFO 
Current epoch: 226
2023-06-06 09:07:11,268 INFO Epoch 226, Itrs 20750/30000, Loss=0.099206
2023-06-06 09:08:12,516 INFO 
Current epoch: 227
2023-06-06 09:08:25,613 INFO Epoch 227, Itrs 20800/30000, Loss=0.098332
2023-06-06 09:08:25,614 INFO validation...
2023-06-06 09:08:49,320 INFO 
Overall Acc: 0.9232
Mean Acc: 0.6556
FreqW Acc: 0.8648
Mean IoU: 0.5735

2023-06-06 09:09:58,055 INFO Epoch 227, Itrs 20850/30000, Loss=0.098812
2023-06-06 09:10:47,144 INFO 
Current epoch: 228
2023-06-06 09:11:11,476 INFO Epoch 228, Itrs 20900/30000, Loss=0.099754
2023-06-06 09:11:11,476 INFO validation...
2023-06-06 09:11:36,649 INFO 
Overall Acc: 0.9234
Mean Acc: 0.6483
FreqW Acc: 0.8640
Mean IoU: 0.5718

2023-06-06 09:12:45,537 INFO Epoch 228, Itrs 20950/30000, Loss=0.098601
2023-06-06 09:13:23,670 INFO 
Current epoch: 229
2023-06-06 09:13:59,197 INFO Epoch 229, Itrs 21000/30000, Loss=0.099723
2023-06-06 09:13:59,198 INFO validation...
2023-06-06 09:14:23,555 INFO 
Overall Acc: 0.9234
Mean Acc: 0.6556
FreqW Acc: 0.8647
Mean IoU: 0.5750

2023-06-06 09:15:32,695 INFO Epoch 229, Itrs 21050/30000, Loss=0.099358
2023-06-06 09:15:59,157 INFO 
Current epoch: 230
2023-06-06 09:16:46,422 INFO Epoch 230, Itrs 21100/30000, Loss=0.098738
2023-06-06 09:16:46,423 INFO validation...
2023-06-06 09:17:10,796 INFO 
Overall Acc: 0.9235
Mean Acc: 0.6618
FreqW Acc: 0.8658
Mean IoU: 0.5754

2023-06-06 09:18:20,857 INFO Epoch 230, Itrs 21150/30000, Loss=0.098373
2023-06-06 09:18:35,553 INFO 
Current epoch: 231
2023-06-06 09:19:35,830 INFO Epoch 231, Itrs 21200/30000, Loss=0.097513
2023-06-06 09:19:35,831 INFO validation...
2023-06-06 09:20:00,820 INFO 
Overall Acc: 0.9245
Mean Acc: 0.6466
FreqW Acc: 0.8662
Mean IoU: 0.5703

2023-06-06 09:21:09,409 INFO Epoch 231, Itrs 21250/30000, Loss=0.099698
2023-06-06 09:21:12,424 INFO 
Current epoch: 232
2023-06-06 09:22:25,089 INFO Epoch 232, Itrs 21300/30000, Loss=0.099680
2023-06-06 09:22:25,089 INFO validation...
2023-06-06 09:22:48,737 INFO 
Overall Acc: 0.9234
Mean Acc: 0.6612
FreqW Acc: 0.8654
Mean IoU: 0.5778

2023-06-06 09:23:48,833 INFO 
Current epoch: 233
2023-06-06 09:23:58,509 INFO Epoch 233, Itrs 21350/30000, Loss=0.096219
2023-06-06 09:25:11,416 INFO Epoch 233, Itrs 21400/30000, Loss=0.097443
2023-06-06 09:25:11,417 INFO validation...
2023-06-06 09:25:35,666 INFO 
Overall Acc: 0.9244
Mean Acc: 0.6639
FreqW Acc: 0.8669
Mean IoU: 0.5805

2023-06-06 09:26:24,352 INFO 
Current epoch: 234
2023-06-06 09:26:45,600 INFO Epoch 234, Itrs 21450/30000, Loss=0.097762
2023-06-06 09:27:59,304 INFO Epoch 234, Itrs 21500/30000, Loss=0.098285
2023-06-06 09:27:59,305 INFO validation...
2023-06-06 09:28:23,614 INFO 
Overall Acc: 0.9243
Mean Acc: 0.6618
FreqW Acc: 0.8661
Mean IoU: 0.5815

2023-06-06 09:28:59,900 INFO 
Current epoch: 235
2023-06-06 09:29:32,429 INFO Epoch 235, Itrs 21550/30000, Loss=0.096837
2023-06-06 09:30:45,563 INFO Epoch 235, Itrs 21600/30000, Loss=0.097613
2023-06-06 09:30:45,563 INFO validation...
2023-06-06 09:31:09,279 INFO 
Overall Acc: 0.9244
Mean Acc: 0.6651
FreqW Acc: 0.8666
Mean IoU: 0.5836

2023-06-06 09:31:33,831 INFO 
Current epoch: 236
2023-06-06 09:32:18,992 INFO Epoch 236, Itrs 21650/30000, Loss=0.095791
2023-06-06 09:33:31,838 INFO Epoch 236, Itrs 21700/30000, Loss=0.098744
2023-06-06 09:33:31,839 INFO validation...
2023-06-06 09:33:55,854 INFO 
Overall Acc: 0.9244
Mean Acc: 0.6748
FreqW Acc: 0.8670
Mean IoU: 0.5866

2023-06-06 09:34:08,379 INFO 
Current epoch: 237
2023-06-06 09:35:05,409 INFO Epoch 237, Itrs 21750/30000, Loss=0.097090
2023-06-06 09:36:18,384 INFO Epoch 237, Itrs 21800/30000, Loss=0.098401
2023-06-06 09:36:18,385 INFO validation...
2023-06-06 09:36:43,350 INFO 
Overall Acc: 0.9249
Mean Acc: 0.6680
FreqW Acc: 0.8673
Mean IoU: 0.5862

2023-06-06 09:36:43,921 INFO 
Current epoch: 238
2023-06-06 09:37:52,309 INFO Epoch 238, Itrs 21850/30000, Loss=0.096133
2023-06-06 09:39:00,058 INFO 
Current epoch: 239
2023-06-06 09:39:07,071 INFO Epoch 239, Itrs 21900/30000, Loss=0.098696
2023-06-06 09:39:07,071 INFO validation...
2023-06-06 09:39:31,539 INFO 
Overall Acc: 0.9242
Mean Acc: 0.6676
FreqW Acc: 0.8663
Mean IoU: 0.5829

2023-06-06 09:40:40,582 INFO Epoch 239, Itrs 21950/30000, Loss=0.097495
2023-06-06 09:41:38,286 INFO 
Current epoch: 240
2023-06-06 09:41:56,985 INFO Epoch 240, Itrs 22000/30000, Loss=0.098357
2023-06-06 09:41:56,986 INFO validation...
2023-06-06 09:42:21,288 INFO 
Overall Acc: 0.9239
Mean Acc: 0.6600
FreqW Acc: 0.8657
Mean IoU: 0.5749

2023-06-06 09:43:32,576 INFO Epoch 240, Itrs 22050/30000, Loss=0.097177
2023-06-06 09:44:18,209 INFO 
Current epoch: 241
2023-06-06 09:44:48,776 INFO Epoch 241, Itrs 22100/30000, Loss=0.095975
2023-06-06 09:44:48,777 INFO validation...
2023-06-06 09:45:13,109 INFO 
Overall Acc: 0.9243
Mean Acc: 0.6548
FreqW Acc: 0.8666
Mean IoU: 0.5757

2023-06-06 09:46:22,482 INFO Epoch 241, Itrs 22150/30000, Loss=0.097524
2023-06-06 09:46:55,096 INFO 
Current epoch: 242
2023-06-06 09:47:38,393 INFO Epoch 242, Itrs 22200/30000, Loss=0.095744
2023-06-06 09:47:38,393 INFO validation...
2023-06-06 09:48:02,976 INFO 
Overall Acc: 0.9242
Mean Acc: 0.6694
FreqW Acc: 0.8662
Mean IoU: 0.5846

2023-06-06 09:49:12,935 INFO Epoch 242, Itrs 22250/30000, Loss=0.097784
2023-06-06 09:49:33,439 INFO 
Current epoch: 243
2023-06-06 09:50:28,686 INFO Epoch 243, Itrs 22300/30000, Loss=0.095624
2023-06-06 09:50:28,686 INFO validation...
2023-06-06 09:50:52,921 INFO 
Overall Acc: 0.9244
Mean Acc: 0.6685
FreqW Acc: 0.8664
Mean IoU: 0.5829

2023-06-06 09:52:04,041 INFO Epoch 243, Itrs 22350/30000, Loss=0.096980
2023-06-06 09:52:12,955 INFO 
Current epoch: 244
2023-06-06 09:53:18,489 INFO Epoch 244, Itrs 22400/30000, Loss=0.096027
2023-06-06 09:53:18,490 INFO validation...
2023-06-06 09:53:44,389 INFO 
Overall Acc: 0.9246
Mean Acc: 0.6572
FreqW Acc: 0.8664
Mean IoU: 0.5796

2023-06-06 09:54:52,416 INFO 
Current epoch: 245
2023-06-06 09:54:56,135 INFO Epoch 245, Itrs 22450/30000, Loss=0.094905
2023-06-06 09:56:11,107 INFO Epoch 245, Itrs 22500/30000, Loss=0.095964
2023-06-06 09:56:11,108 INFO validation...
2023-06-06 09:56:36,426 INFO 
Overall Acc: 0.9243
Mean Acc: 0.6565
FreqW Acc: 0.8662
Mean IoU: 0.5782

2023-06-06 09:57:32,342 INFO 
Current epoch: 246
2023-06-06 09:57:48,064 INFO Epoch 246, Itrs 22550/30000, Loss=0.096881
2023-06-06 09:59:01,373 INFO Epoch 246, Itrs 22600/30000, Loss=0.096590
2023-06-06 09:59:01,374 INFO validation...
2023-06-06 09:59:25,302 INFO 
Overall Acc: 0.9241
Mean Acc: 0.6643
FreqW Acc: 0.8660
Mean IoU: 0.5815

2023-06-06 10:00:08,985 INFO 
Current epoch: 247
2023-06-06 10:00:36,392 INFO Epoch 247, Itrs 22650/30000, Loss=0.094566
2023-06-06 10:01:51,223 INFO Epoch 247, Itrs 22700/30000, Loss=0.095439
2023-06-06 10:01:51,224 INFO validation...
2023-06-06 10:02:16,661 INFO 
Overall Acc: 0.9244
Mean Acc: 0.6660
FreqW Acc: 0.8668
Mean IoU: 0.5819

2023-06-06 10:02:48,000 INFO 
Current epoch: 248
2023-06-06 10:03:27,083 INFO Epoch 248, Itrs 22750/30000, Loss=0.096362
2023-06-06 10:04:41,638 INFO Epoch 248, Itrs 22800/30000, Loss=0.094800
2023-06-06 10:04:41,639 INFO validation...
2023-06-06 10:05:06,390 INFO 
Overall Acc: 0.9238
Mean Acc: 0.6565
FreqW Acc: 0.8650
Mean IoU: 0.5743

2023-06-06 10:05:25,141 INFO 
Current epoch: 249
2023-06-06 10:06:16,499 INFO Epoch 249, Itrs 22850/30000, Loss=0.095898
2023-06-06 10:07:30,144 INFO Epoch 249, Itrs 22900/30000, Loss=0.095759
2023-06-06 10:07:30,144 INFO validation...
2023-06-06 10:07:55,942 INFO 
Overall Acc: 0.9241
Mean Acc: 0.6621
FreqW Acc: 0.8660
Mean IoU: 0.5801

2023-06-06 10:08:02,888 INFO 
Current epoch: 250
2023-06-06 10:09:06,215 INFO Epoch 250, Itrs 22950/30000, Loss=0.094714
2023-06-06 10:10:20,478 INFO Epoch 250, Itrs 23000/30000, Loss=0.096491
2023-06-06 10:10:20,479 INFO validation...
2023-06-06 10:10:45,867 INFO 
Overall Acc: 0.9239
Mean Acc: 0.6591
FreqW Acc: 0.8655
Mean IoU: 0.5791

2023-06-06 10:10:46,675 INFO 
Current epoch: 251
2023-06-06 10:12:02,208 INFO Epoch 251, Itrs 23050/30000, Loss=0.095301
2023-06-06 10:13:05,250 INFO 
Current epoch: 252
2023-06-06 10:13:17,385 INFO Epoch 252, Itrs 23100/30000, Loss=0.095204
2023-06-06 10:13:17,386 INFO validation...
2023-06-06 10:13:42,626 INFO 
Overall Acc: 0.9243
Mean Acc: 0.6662
FreqW Acc: 0.8668
Mean IoU: 0.5814

2023-06-06 10:14:51,525 INFO Epoch 252, Itrs 23150/30000, Loss=0.096088
2023-06-06 10:15:41,811 INFO 
Current epoch: 253
2023-06-06 10:16:07,168 INFO Epoch 253, Itrs 23200/30000, Loss=0.093687
2023-06-06 10:16:07,169 INFO validation...
2023-06-06 10:16:31,856 INFO 
Overall Acc: 0.9246
Mean Acc: 0.6606
FreqW Acc: 0.8662
Mean IoU: 0.5808

2023-06-06 10:17:42,164 INFO Epoch 253, Itrs 23250/30000, Loss=0.094088
2023-06-06 10:18:20,809 INFO 
Current epoch: 254
2023-06-06 10:18:58,295 INFO Epoch 254, Itrs 23300/30000, Loss=0.094774
2023-06-06 10:18:58,296 INFO validation...
2023-06-06 10:19:23,176 INFO 
Overall Acc: 0.9247
Mean Acc: 0.6602
FreqW Acc: 0.8664
Mean IoU: 0.5805

2023-06-06 10:20:33,073 INFO Epoch 254, Itrs 23350/30000, Loss=0.095407
2023-06-06 10:20:59,774 INFO 
Current epoch: 255
2023-06-06 10:21:48,269 INFO Epoch 255, Itrs 23400/30000, Loss=0.094327
2023-06-06 10:21:48,270 INFO validation...
2023-06-06 10:22:14,026 INFO 
Overall Acc: 0.9240
Mean Acc: 0.6604
FreqW Acc: 0.8662
Mean IoU: 0.5783

2023-06-06 10:23:22,034 INFO Epoch 255, Itrs 23450/30000, Loss=0.095361
2023-06-06 10:23:36,224 INFO 
Current epoch: 256
2023-06-06 10:24:33,880 INFO Epoch 256, Itrs 23500/30000, Loss=0.094926
2023-06-06 10:24:33,880 INFO validation...
2023-06-06 10:24:58,570 INFO 
Overall Acc: 0.9240
Mean Acc: 0.6531
FreqW Acc: 0.8654
Mean IoU: 0.5723

2023-06-06 10:26:04,694 INFO Epoch 256, Itrs 23550/30000, Loss=0.094834
2023-06-06 10:26:07,598 INFO 
Current epoch: 257
2023-06-06 10:27:18,847 INFO Epoch 257, Itrs 23600/30000, Loss=0.094195
2023-06-06 10:27:18,847 INFO validation...
2023-06-06 10:27:43,868 INFO 
Overall Acc: 0.9242
Mean Acc: 0.6576
FreqW Acc: 0.8663
Mean IoU: 0.5760

2023-06-06 10:28:43,309 INFO 
Current epoch: 258
2023-06-06 10:28:53,168 INFO Epoch 258, Itrs 23650/30000, Loss=0.094829
