2023-05-22 12:01:34,305 INFO Device: cuda
2023-05-22 12:01:34,332 INFO Using augmented images with ratio 0.5
2023-05-22 12:01:34,332 INFO Number of augmented images: 2975
2023-05-22 12:01:34,332 INFO json file: /mnt/raid/home/eyal_michaeli/datasets/cityscapes/aug_json_files/cs2cs-default_run/2023_0519_1215_17_ampO1_lower_LR/inference_cp_400k_style_std_1.5.json
2023-05-22 12:01:34,334 INFO Not using augmented images
2023-05-22 12:01:34,334 INFO Dataset: cityscapes, Train set: 2975, Val set: 500
2023-05-22 12:01:34,447 INFO [!] Training from scratch, no checkpoint file used
2023-05-22 12:01:35,619 INFO 
Current epoch: 1
2023-05-22 12:01:40,551 INFO Model saved as logs/2023_0522_1201_34_cs_aug_run_munit_default_run_style_2.0/checkpoints/latest_deeplabv3plus_mobilenet_cityscapes_os16.pth
2023-05-22 12:01:40,551 INFO validation...
2023-05-22 12:02:04,377 INFO 
Overall Acc: 0.212695
Mean Acc: 0.061805
FreqW Acc: 0.079626
Mean IoU: 0.023527

2023-05-22 12:02:04,456 INFO Model saved as logs/2023_0522_1201_34_cs_aug_run_munit_default_run_style_2.0/checkpoints/best_deeplabv3plus_mobilenet_cityscapes_os16.pth
2023-05-22 12:03:11,639 INFO Epoch 1, Itrs 50/30000, Loss=0.735763
2023-05-22 12:04:12,418 INFO 
Current epoch: 2
