2023-06-08 14:35:25,931 INFO Device: cuda
2023-06-08 14:35:25,933 INFO Random Seed: 2 

2023-06-08 14:35:25,933 INFO Options: {'aug_json': None,
 'aug_sample_ratio': 0.5,
 'batch_size': 32,
 'ckpt': None,
 'continue_training': False,
 'crop_size': 256,
 'crop_val': False,
 'data_root': '/mnt/raid/home/eyal_michaeli/datasets/cityscapes',
 'dataset': 'cityscapes',
 'download': False,
 'gpu_id': '0',
 'logdir': 'logs/2023_0608_1435_25_cs_base_run_seed_2_using_subset_2k',
 'loss_type': 'cross_entropy',
 'lr': 0.2,
 'lr_policy': 'poly',
 'model': 'deeplabv3plus_mobilenet',
 'num_classes': 19,
 'output_stride': 16,
 'print_interval': 50,
 'random_seed': 2,
 'save_val_results': True,
 'separable_conv': False,
 'step_size': 10000,
 'test_only': False,
 'total_itrs': 30000.0,
 'train_sample_ratio': 0.67,
 'val_batch_size': 4,
 'val_interval': 100,
 'weight_decay': 0.0001,
 'year': '2012'}
2023-06-08 14:35:25,947 INFO Found 2975 train images
2023-06-08 14:35:25,947 INFO Found 2975 train targets
2023-06-08 14:35:25,947 INFO With ratio 0.67, using only 1993 images for training, out of 1993
2023-06-08 14:35:25,947 INFO Not using augmented images
2023-06-08 14:35:25,949 INFO Found 500 val images
2023-06-08 14:35:25,949 INFO Found 500 val targets
2023-06-08 14:35:25,949 INFO Not using augmented images
2023-06-08 14:35:25,949 INFO Dataset: cityscapes, Train set: 1993, Val set: 500
2023-06-08 14:35:26,056 INFO [!] Training from scratch, no checkpoint file used
2023-06-08 14:35:27,189 INFO 
Current epoch: 1
2023-06-08 14:35:32,604 INFO validation...
2023-06-08 14:35:58,169 INFO 
Overall Acc: 0.2700
Mean Acc: 0.0598
FreqW Acc: 0.1018
Mean IoU: 0.0194

2023-06-08 14:35:58,250 INFO Model saved as logs/2023_0608_1435_25_cs_base_run_seed_2_using_subset_2k/checkpoints/best_deeplabv3plus_mobilenet_cityscapes_os16_iter1_epoch1_miou0.0194.pth
2023-06-08 14:37:05,036 INFO Epoch 1, Itrs 50/30000, Loss=0.682398
2023-06-08 14:37:22,184 INFO 
Current epoch: 2
2023-06-08 14:38:19,178 INFO Epoch 2, Itrs 100/30000, Loss=0.412511
2023-06-08 14:38:19,179 INFO validation...
2023-06-08 14:38:43,160 INFO 
Overall Acc: 0.8443
Mean Acc: 0.3195
FreqW Acc: 0.7326
Mean IoU: 0.2781

2023-06-08 14:38:43,243 INFO Model saved as logs/2023_0608_1435_25_cs_base_run_seed_2_using_subset_2k/checkpoints/best_deeplabv3plus_mobilenet_cityscapes_os16_iter100_epoch2_miou0.2781.pth
2023-06-08 14:39:13,551 INFO 
Current epoch: 3
2023-06-08 14:39:52,048 INFO Epoch 3, Itrs 150/30000, Loss=0.356146
2023-06-08 14:40:43,191 INFO 
Current epoch: 4
2023-06-08 14:41:04,107 INFO Epoch 4, Itrs 200/30000, Loss=0.324178
2023-06-08 14:41:04,108 INFO validation...
2023-06-08 14:41:27,454 INFO 
Overall Acc: 0.8644
Mean Acc: 0.3903
FreqW Acc: 0.7679
Mean IoU: 0.3308

2023-06-08 14:41:27,540 INFO Model saved as logs/2023_0608_1435_25_cs_base_run_seed_2_using_subset_2k/checkpoints/best_deeplabv3plus_mobilenet_cityscapes_os16_iter200_epoch4_miou0.3308.pth
2023-06-08 14:42:31,680 INFO 
Current epoch: 5
2023-06-08 14:42:35,541 INFO Epoch 5, Itrs 250/30000, Loss=0.309117
2023-06-08 14:43:46,713 INFO Epoch 5, Itrs 300/30000, Loss=0.296136
2023-06-08 14:43:46,714 INFO validation...
2023-06-08 14:44:10,747 INFO 
Overall Acc: 0.8827
Mean Acc: 0.4342
FreqW Acc: 0.7965
Mean IoU: 0.3781

2023-06-08 14:44:10,827 INFO Model saved as logs/2023_0608_1435_25_cs_base_run_seed_2_using_subset_2k/checkpoints/best_deeplabv3plus_mobilenet_cityscapes_os16_iter300_epoch5_miou0.3781.pth
2023-06-08 14:44:20,699 INFO 
Current epoch: 6
2023-06-08 14:45:18,780 INFO Epoch 6, Itrs 350/30000, Loss=0.283919
2023-06-08 14:45:49,489 INFO 
Current epoch: 7
2023-06-08 14:46:29,126 INFO Epoch 7, Itrs 400/30000, Loss=0.271894
2023-06-08 14:46:29,126 INFO validation...
2023-06-08 14:46:52,775 INFO 
Overall Acc: 0.8788
Mean Acc: 0.4392
FreqW Acc: 0.7923
Mean IoU: 0.3794

2023-06-08 14:46:52,858 INFO Model saved as logs/2023_0608_1435_25_cs_base_run_seed_2_using_subset_2k/checkpoints/best_deeplabv3plus_mobilenet_cityscapes_os16_iter400_epoch7_miou0.3794.pth
2023-06-08 14:47:36,774 INFO 
Current epoch: 8
2023-06-08 14:48:01,091 INFO Epoch 8, Itrs 450/30000, Loss=0.260005
2023-06-08 14:49:06,013 INFO 
Current epoch: 9
2023-06-08 14:49:12,441 INFO Epoch 9, Itrs 500/30000, Loss=0.249311
2023-06-08 14:49:12,442 INFO validation...
2023-06-08 14:49:35,566 INFO 
Overall Acc: 0.8944
Mean Acc: 0.5242
FreqW Acc: 0.8184
Mean IoU: 0.4523

2023-06-08 14:49:35,732 INFO Model saved as logs/2023_0608_1435_25_cs_base_run_seed_2_using_subset_2k/checkpoints/best_deeplabv3plus_mobilenet_cityscapes_os16_iter500_epoch9_miou0.4523.pth
2023-06-08 14:50:42,986 INFO Epoch 9, Itrs 550/30000, Loss=0.247036
2023-06-08 14:50:54,235 INFO 
Current epoch: 10
2023-06-08 14:51:53,911 INFO Epoch 10, Itrs 600/30000, Loss=0.245438
2023-06-08 14:51:53,912 INFO validation...
2023-06-08 14:52:16,710 INFO 
Overall Acc: 0.8957
Mean Acc: 0.5516
FreqW Acc: 0.8246
Mean IoU: 0.4617

2023-06-08 14:52:16,816 INFO Model saved as logs/2023_0608_1435_25_cs_base_run_seed_2_using_subset_2k/checkpoints/best_deeplabv3plus_mobilenet_cityscapes_os16_iter600_epoch10_miou0.4617.pth
2023-06-08 14:52:41,148 INFO 
Current epoch: 11
2023-06-08 14:53:23,801 INFO Epoch 11, Itrs 650/30000, Loss=0.232860
2023-06-08 14:54:08,201 INFO 
Current epoch: 12
2023-06-08 14:54:33,897 INFO Epoch 12, Itrs 700/30000, Loss=0.238692
2023-06-08 14:54:33,898 INFO validation...
2023-06-08 14:54:58,509 INFO 
Overall Acc: 0.8999
Mean Acc: 0.5707
FreqW Acc: 0.8277
Mean IoU: 0.4762

2023-06-08 14:54:58,592 INFO Model saved as logs/2023_0608_1435_25_cs_base_run_seed_2_using_subset_2k/checkpoints/best_deeplabv3plus_mobilenet_cityscapes_os16_iter700_epoch12_miou0.4762.pth
2023-06-08 14:55:55,927 INFO 
Current epoch: 13
2023-06-08 14:56:05,011 INFO Epoch 13, Itrs 750/30000, Loss=0.224079
2023-06-08 14:57:14,253 INFO Epoch 13, Itrs 800/30000, Loss=0.227722
2023-06-08 14:57:14,253 INFO validation...
2023-06-08 14:57:38,064 INFO 
Overall Acc: 0.8983
Mean Acc: 0.5476
FreqW Acc: 0.8249
Mean IoU: 0.4670

2023-06-08 14:57:42,629 INFO 
Current epoch: 14
2023-06-08 14:58:44,573 INFO Epoch 14, Itrs 850/30000, Loss=0.225552
2023-06-08 14:59:10,106 INFO 
Current epoch: 15
2023-06-08 14:59:55,692 INFO Epoch 15, Itrs 900/30000, Loss=0.218866
2023-06-08 14:59:55,693 INFO validation...
2023-06-08 15:00:18,812 INFO 
Overall Acc: 0.9055
Mean Acc: 0.5695
FreqW Acc: 0.8369
Mean IoU: 0.4914

2023-06-08 15:00:18,899 INFO Model saved as logs/2023_0608_1435_25_cs_base_run_seed_2_using_subset_2k/checkpoints/best_deeplabv3plus_mobilenet_cityscapes_os16_iter900_epoch15_miou0.4914.pth
2023-06-08 15:00:57,211 INFO 
Current epoch: 16
2023-06-08 15:01:25,848 INFO Epoch 16, Itrs 950/30000, Loss=0.216444
2023-06-08 15:02:24,803 INFO 
Current epoch: 17
2023-06-08 15:02:37,000 INFO Epoch 17, Itrs 1000/30000, Loss=0.208193
2023-06-08 15:02:37,001 INFO validation...
2023-06-08 15:03:01,281 INFO 
Overall Acc: 0.9098
Mean Acc: 0.5882
FreqW Acc: 0.8424
Mean IoU: 0.5116

2023-06-08 15:03:01,371 INFO Model saved as logs/2023_0608_1435_25_cs_base_run_seed_2_using_subset_2k/checkpoints/best_deeplabv3plus_mobilenet_cityscapes_os16_iter1000_epoch17_miou0.5116.pth
2023-06-08 15:04:07,977 INFO Epoch 17, Itrs 1050/30000, Loss=0.208773
2023-06-08 15:04:13,688 INFO 
Current epoch: 18
2023-06-08 15:05:18,868 INFO Epoch 18, Itrs 1100/30000, Loss=0.208918
2023-06-08 15:05:18,869 INFO validation...
2023-06-08 15:05:42,500 INFO 
Overall Acc: 0.9055
Mean Acc: 0.5921
FreqW Acc: 0.8364
Mean IoU: 0.5029

2023-06-08 15:05:59,954 INFO 
Current epoch: 19
2023-06-08 15:06:48,516 INFO Epoch 19, Itrs 1150/30000, Loss=0.202690
2023-06-08 15:07:28,338 INFO 
Current epoch: 20
2023-06-08 15:07:59,435 INFO Epoch 20, Itrs 1200/30000, Loss=0.203346
2023-06-08 15:07:59,435 INFO validation...
2023-06-08 15:08:23,744 INFO 
Overall Acc: 0.9066
Mean Acc: 0.6018
FreqW Acc: 0.8397
Mean IoU: 0.5083

2023-06-08 15:09:15,837 INFO 
Current epoch: 21
2023-06-08 15:09:30,668 INFO Epoch 21, Itrs 1250/30000, Loss=0.199230
2023-06-08 15:10:40,624 INFO Epoch 21, Itrs 1300/30000, Loss=0.196846
2023-06-08 15:10:40,624 INFO validation...
2023-06-08 15:11:03,880 INFO 
Overall Acc: 0.9107
Mean Acc: 0.6021
FreqW Acc: 0.8454
Mean IoU: 0.5158

2023-06-08 15:11:03,961 INFO Model saved as logs/2023_0608_1435_25_cs_base_run_seed_2_using_subset_2k/checkpoints/best_deeplabv3plus_mobilenet_cityscapes_os16_iter1300_epoch21_miou0.5158.pth
2023-06-08 15:11:04,297 INFO 
Current epoch: 22
2023-06-08 15:12:12,707 INFO Epoch 22, Itrs 1350/30000, Loss=0.193647
2023-06-08 15:12:32,308 INFO 
Current epoch: 23
2023-06-08 15:13:23,118 INFO Epoch 23, Itrs 1400/30000, Loss=0.196355
2023-06-08 15:13:23,118 INFO validation...
2023-06-08 15:13:46,717 INFO 
Overall Acc: 0.9115
Mean Acc: 0.5998
FreqW Acc: 0.8456
Mean IoU: 0.5128

2023-06-08 15:14:18,339 INFO 
Current epoch: 24
2023-06-08 15:14:53,351 INFO Epoch 24, Itrs 1450/30000, Loss=0.189124
2023-06-08 15:15:47,910 INFO 
Current epoch: 25
2023-06-08 15:16:05,608 INFO Epoch 25, Itrs 1500/30000, Loss=0.187254
2023-06-08 15:16:05,609 INFO validation...
2023-06-08 15:16:28,727 INFO 
Overall Acc: 0.9108
Mean Acc: 0.5963
FreqW Acc: 0.8443
Mean IoU: 0.5144

2023-06-08 15:17:34,886 INFO Epoch 25, Itrs 1550/30000, Loss=0.189230
2023-06-08 15:17:34,983 INFO 
Current epoch: 26
2023-06-08 15:18:46,509 INFO Epoch 26, Itrs 1600/30000, Loss=0.184797
2023-06-08 15:18:46,510 INFO validation...
2023-06-08 15:19:09,608 INFO 
Overall Acc: 0.9132
Mean Acc: 0.6093
FreqW Acc: 0.8477
Mean IoU: 0.5288

2023-06-08 15:19:09,678 INFO Model saved as logs/2023_0608_1435_25_cs_base_run_seed_2_using_subset_2k/checkpoints/best_deeplabv3plus_mobilenet_cityscapes_os16_iter1600_epoch26_miou0.5288.pth
2023-06-08 15:19:22,240 INFO 
Current epoch: 27
2023-06-08 15:20:16,334 INFO Epoch 27, Itrs 1650/30000, Loss=0.184515
2023-06-08 15:20:49,846 INFO 
Current epoch: 28
2023-06-08 15:21:27,277 INFO Epoch 28, Itrs 1700/30000, Loss=0.186317
2023-06-08 15:21:27,278 INFO validation...
2023-06-08 15:21:50,509 INFO 
Overall Acc: 0.9102
Mean Acc: 0.5948
FreqW Acc: 0.8432
Mean IoU: 0.5100

2023-06-08 15:22:35,997 INFO 
Current epoch: 29
2023-06-08 15:22:56,567 INFO Epoch 29, Itrs 1750/30000, Loss=0.179092
2023-06-08 15:24:04,992 INFO 
Current epoch: 30
2023-06-08 15:24:09,001 INFO Epoch 30, Itrs 1800/30000, Loss=0.178758
2023-06-08 15:24:09,002 INFO validation...
2023-06-08 15:24:32,215 INFO 
Overall Acc: 0.9100
Mean Acc: 0.6059
FreqW Acc: 0.8429
Mean IoU: 0.5255

2023-06-08 15:25:39,339 INFO Epoch 30, Itrs 1850/30000, Loss=0.176173
2023-06-08 15:25:53,469 INFO 
Current epoch: 31
2023-06-08 15:26:50,892 INFO Epoch 31, Itrs 1900/30000, Loss=0.179096
2023-06-08 15:26:50,893 INFO validation...
2023-06-08 15:27:13,504 INFO 
Overall Acc: 0.9136
Mean Acc: 0.6086
FreqW Acc: 0.8497
Mean IoU: 0.5254

2023-06-08 15:27:39,805 INFO 
Current epoch: 32
2023-06-08 15:28:20,749 INFO Epoch 32, Itrs 1950/30000, Loss=0.176946
2023-06-08 15:29:08,978 INFO 
Current epoch: 33
2023-06-08 15:29:31,911 INFO Epoch 33, Itrs 2000/30000, Loss=0.173760
2023-06-08 15:29:31,911 INFO validation...
2023-06-08 15:29:55,086 INFO 
Overall Acc: 0.9132
Mean Acc: 0.5978
FreqW Acc: 0.8472
Mean IoU: 0.5152

2023-06-08 15:30:54,571 INFO 
Current epoch: 34
2023-06-08 15:31:00,931 INFO Epoch 34, Itrs 2050/30000, Loss=0.174696
2023-06-08 15:32:10,672 INFO Epoch 34, Itrs 2100/30000, Loss=0.171005
2023-06-08 15:32:10,672 INFO validation...
2023-06-08 15:32:34,057 INFO 
Overall Acc: 0.9142
Mean Acc: 0.6055
FreqW Acc: 0.8503
Mean IoU: 0.5222

2023-06-08 15:32:41,341 INFO 
Current epoch: 35
2023-06-08 15:33:41,171 INFO Epoch 35, Itrs 2150/30000, Loss=0.171020
2023-06-08 15:34:09,405 INFO 
Current epoch: 36
2023-06-08 15:34:51,625 INFO Epoch 36, Itrs 2200/30000, Loss=0.170319
2023-06-08 15:34:51,626 INFO validation...
2023-06-08 15:35:15,897 INFO 
Overall Acc: 0.9149
Mean Acc: 0.6085
FreqW Acc: 0.8514
Mean IoU: 0.5243

2023-06-08 15:35:55,536 INFO 
Current epoch: 37
2023-06-08 15:36:22,755 INFO Epoch 37, Itrs 2250/30000, Loss=0.170016
2023-06-08 15:37:25,892 INFO 
Current epoch: 38
2023-06-08 15:37:35,012 INFO Epoch 38, Itrs 2300/30000, Loss=0.168516
2023-06-08 15:37:35,013 INFO validation...
2023-06-08 15:37:59,121 INFO 
Overall Acc: 0.9136
Mean Acc: 0.6021
FreqW Acc: 0.8483
Mean IoU: 0.5254

2023-06-08 15:39:09,207 INFO Epoch 38, Itrs 2350/30000, Loss=0.167403
2023-06-08 15:39:18,105 INFO 
Current epoch: 39
2023-06-08 15:40:22,868 INFO Epoch 39, Itrs 2400/30000, Loss=0.164427
2023-06-08 15:40:22,869 INFO validation...
2023-06-08 15:40:47,687 INFO 
Overall Acc: 0.9120
Mean Acc: 0.5996
FreqW Acc: 0.8457
Mean IoU: 0.5140

2023-06-08 15:41:10,370 INFO 
Current epoch: 40
2023-06-08 15:41:57,863 INFO Epoch 40, Itrs 2450/30000, Loss=0.163293
2023-06-08 15:42:41,511 INFO 
Current epoch: 41
2023-06-08 15:43:11,083 INFO Epoch 41, Itrs 2500/30000, Loss=0.163265
2023-06-08 15:43:11,083 INFO validation...
2023-06-08 15:43:35,540 INFO 
Overall Acc: 0.9128
Mean Acc: 0.6072
FreqW Acc: 0.8474
Mean IoU: 0.5239

2023-06-08 15:44:30,881 INFO 
Current epoch: 42
2023-06-08 15:44:43,328 INFO Epoch 42, Itrs 2550/30000, Loss=0.163267
2023-06-08 15:45:53,429 INFO Epoch 42, Itrs 2600/30000, Loss=0.162432
2023-06-08 15:45:53,430 INFO validation...
2023-06-08 15:46:16,855 INFO 
Overall Acc: 0.9130
Mean Acc: 0.6206
FreqW Acc: 0.8479
Mean IoU: 0.5325

2023-06-08 15:46:16,940 INFO Model saved as logs/2023_0608_1435_25_cs_base_run_seed_2_using_subset_2k/checkpoints/best_deeplabv3plus_mobilenet_cityscapes_os16_iter2600_epoch42_miou0.5325.pth
2023-06-08 15:46:17,515 INFO 
Current epoch: 43
2023-06-08 15:47:24,225 INFO Epoch 43, Itrs 2650/30000, Loss=0.162146
2023-06-08 15:47:46,861 INFO 
Current epoch: 44
2023-06-08 15:48:35,868 INFO Epoch 44, Itrs 2700/30000, Loss=0.160081
2023-06-08 15:48:35,868 INFO validation...
2023-06-08 15:48:59,072 INFO 
Overall Acc: 0.9153
Mean Acc: 0.6033
FreqW Acc: 0.8505
Mean IoU: 0.5267

2023-06-08 15:49:35,261 INFO 
Current epoch: 45
2023-06-08 15:50:07,137 INFO Epoch 45, Itrs 2750/30000, Loss=0.158754
2023-06-08 15:51:04,106 INFO 
Current epoch: 46
2023-06-08 15:51:19,525 INFO Epoch 46, Itrs 2800/30000, Loss=0.159642
2023-06-08 15:51:19,526 INFO validation...
2023-06-08 15:51:43,430 INFO 
Overall Acc: 0.9156
Mean Acc: 0.6297
FreqW Acc: 0.8531
Mean IoU: 0.5418

2023-06-08 15:51:43,515 INFO Model saved as logs/2023_0608_1435_25_cs_base_run_seed_2_using_subset_2k/checkpoints/best_deeplabv3plus_mobilenet_cityscapes_os16_iter2800_epoch46_miou0.5418.pth
2023-06-08 15:52:49,211 INFO Epoch 46, Itrs 2850/30000, Loss=0.156593
2023-06-08 15:52:52,135 INFO 
Current epoch: 47
2023-06-08 15:54:00,382 INFO Epoch 47, Itrs 2900/30000, Loss=0.157479
2023-06-08 15:54:00,383 INFO validation...
2023-06-08 15:54:24,260 INFO 
Overall Acc: 0.9158
Mean Acc: 0.6170
FreqW Acc: 0.8524
Mean IoU: 0.5293

2023-06-08 15:54:39,207 INFO 
Current epoch: 48
2023-06-08 15:55:30,816 INFO Epoch 48, Itrs 2950/30000, Loss=0.159075
2023-06-08 15:56:07,644 INFO 
Current epoch: 49
2023-06-08 15:56:42,027 INFO Epoch 49, Itrs 3000/30000, Loss=0.154616
2023-06-08 15:56:42,028 INFO validation...
2023-06-08 15:57:06,774 INFO 
Overall Acc: 0.9168
Mean Acc: 0.6154
FreqW Acc: 0.8540
Mean IoU: 0.5356

2023-06-08 15:57:55,888 INFO 
Current epoch: 50
2023-06-08 15:58:13,427 INFO Epoch 50, Itrs 3050/30000, Loss=0.153401
2023-06-08 15:59:24,817 INFO Epoch 50, Itrs 3100/30000, Loss=0.154375
2023-06-08 15:59:24,818 INFO validation...
2023-06-08 15:59:48,626 INFO 
Overall Acc: 0.9162
Mean Acc: 0.6117
FreqW Acc: 0.8522
Mean IoU: 0.5328

2023-06-08 15:59:48,700 INFO 
Current epoch: 51
2023-06-08 16:01:00,327 INFO Epoch 51, Itrs 3150/30000, Loss=0.154113
2023-06-08 16:01:17,271 INFO 
Current epoch: 52
2023-06-08 16:02:13,082 INFO Epoch 52, Itrs 3200/30000, Loss=0.153694
2023-06-08 16:02:13,083 INFO validation...
2023-06-08 16:02:36,947 INFO 
Overall Acc: 0.9159
Mean Acc: 0.6218
FreqW Acc: 0.8539
Mean IoU: 0.5348

2023-06-08 16:03:06,169 INFO 
Current epoch: 53
2023-06-08 16:03:43,802 INFO Epoch 53, Itrs 3250/30000, Loss=0.152565
2023-06-08 16:04:36,009 INFO 
Current epoch: 54
2023-06-08 16:04:56,829 INFO Epoch 54, Itrs 3300/30000, Loss=0.150154
2023-06-08 16:04:56,830 INFO validation...
2023-06-08 16:05:19,740 INFO 
Overall Acc: 0.9161
Mean Acc: 0.6150
FreqW Acc: 0.8527
Mean IoU: 0.5302

2023-06-08 16:06:23,507 INFO 
Current epoch: 55
2023-06-08 16:06:27,364 INFO Epoch 55, Itrs 3350/30000, Loss=0.151499
2023-06-08 16:07:39,591 INFO Epoch 55, Itrs 3400/30000, Loss=0.150419
2023-06-08 16:07:39,591 INFO validation...
2023-06-08 16:08:03,488 INFO 
Overall Acc: 0.9168
Mean Acc: 0.6290
FreqW Acc: 0.8556
Mean IoU: 0.5402

2023-06-08 16:08:13,262 INFO 
Current epoch: 56
2023-06-08 16:09:11,177 INFO Epoch 56, Itrs 3450/30000, Loss=0.149769
2023-06-08 16:09:42,354 INFO 
Current epoch: 57
2023-06-08 16:10:23,461 INFO Epoch 57, Itrs 3500/30000, Loss=0.147723
2023-06-08 16:10:23,462 INFO validation...
2023-06-08 16:10:48,058 INFO 
Overall Acc: 0.9180
Mean Acc: 0.6186
FreqW Acc: 0.8554
Mean IoU: 0.5383

2023-06-08 16:11:31,569 INFO 
Current epoch: 58
2023-06-08 16:11:55,270 INFO Epoch 58, Itrs 3550/30000, Loss=0.149207
2023-06-08 16:13:02,021 INFO 
Current epoch: 59
2023-06-08 16:13:08,550 INFO Epoch 59, Itrs 3600/30000, Loss=0.148019
2023-06-08 16:13:08,551 INFO validation...
2023-06-08 16:13:32,767 INFO 
Overall Acc: 0.9158
Mean Acc: 0.6254
FreqW Acc: 0.8539
Mean IoU: 0.5328

2023-06-08 16:14:39,953 INFO Epoch 59, Itrs 3650/30000, Loss=0.151098
2023-06-08 16:14:52,013 INFO 
Current epoch: 60
2023-06-08 16:15:54,037 INFO Epoch 60, Itrs 3700/30000, Loss=0.144615
2023-06-08 16:15:54,038 INFO validation...
2023-06-08 16:16:18,648 INFO 
Overall Acc: 0.9163
Mean Acc: 0.6063
FreqW Acc: 0.8527
Mean IoU: 0.5272

2023-06-08 16:16:43,264 INFO 
Current epoch: 61
2023-06-08 16:17:28,241 INFO Epoch 61, Itrs 3750/30000, Loss=0.146136
2023-06-08 16:18:14,092 INFO 
Current epoch: 62
2023-06-08 16:18:41,613 INFO Epoch 62, Itrs 3800/30000, Loss=0.144232
2023-06-08 16:18:41,614 INFO validation...
2023-06-08 16:19:07,454 INFO 
Overall Acc: 0.9170
Mean Acc: 0.6155
FreqW Acc: 0.8546
Mean IoU: 0.5352

2023-06-08 16:20:06,081 INFO 
Current epoch: 63
2023-06-08 16:20:15,924 INFO Epoch 63, Itrs 3850/30000, Loss=0.146314
2023-06-08 16:21:27,960 INFO Epoch 63, Itrs 3900/30000, Loss=0.143578
2023-06-08 16:21:27,961 INFO validation...
2023-06-08 16:21:52,229 INFO 
Overall Acc: 0.9181
Mean Acc: 0.6316
FreqW Acc: 0.8564
Mean IoU: 0.5451

2023-06-08 16:21:52,313 INFO Model saved as logs/2023_0608_1435_25_cs_base_run_seed_2_using_subset_2k/checkpoints/best_deeplabv3plus_mobilenet_cityscapes_os16_iter3900_epoch63_miou0.5451.pth
2023-06-08 16:21:56,880 INFO 
Current epoch: 64
2023-06-08 16:23:00,916 INFO Epoch 64, Itrs 3950/30000, Loss=0.142860
2023-06-08 16:23:27,364 INFO 
Current epoch: 65
2023-06-08 16:24:14,271 INFO Epoch 65, Itrs 4000/30000, Loss=0.142805
2023-06-08 16:24:14,271 INFO validation...
2023-06-08 16:24:37,908 INFO 
Overall Acc: 0.9174
Mean Acc: 0.6152
FreqW Acc: 0.8548
Mean IoU: 0.5354

2023-06-08 16:25:16,680 INFO 
Current epoch: 66
2023-06-08 16:25:47,235 INFO Epoch 66, Itrs 4050/30000, Loss=0.141894
2023-06-08 16:26:46,084 INFO 
Current epoch: 67
2023-06-08 16:26:58,069 INFO Epoch 67, Itrs 4100/30000, Loss=0.143731
2023-06-08 16:26:58,069 INFO validation...
2023-06-08 16:27:21,432 INFO 
Overall Acc: 0.9164
Mean Acc: 0.6101
FreqW Acc: 0.8519
Mean IoU: 0.5355

2023-06-08 16:28:29,999 INFO Epoch 67, Itrs 4150/30000, Loss=0.141553
2023-06-08 16:28:35,937 INFO 
Current epoch: 68
2023-06-08 16:29:42,155 INFO Epoch 68, Itrs 4200/30000, Loss=0.141689
2023-06-08 16:29:42,156 INFO validation...
2023-06-08 16:30:05,326 INFO 
Overall Acc: 0.9163
Mean Acc: 0.6192
FreqW Acc: 0.8523
Mean IoU: 0.5351

2023-06-08 16:30:23,979 INFO 
Current epoch: 69
2023-06-08 16:31:14,166 INFO Epoch 69, Itrs 4250/30000, Loss=0.139365
2023-06-08 16:31:55,759 INFO 
Current epoch: 70
2023-06-08 16:32:28,785 INFO Epoch 70, Itrs 4300/30000, Loss=0.140871
2023-06-08 16:32:28,785 INFO validation...
2023-06-08 16:32:51,985 INFO 
Overall Acc: 0.9163
Mean Acc: 0.6052
FreqW Acc: 0.8525
Mean IoU: 0.5281

2023-06-08 16:33:44,931 INFO 
Current epoch: 71
2023-06-08 16:33:59,614 INFO Epoch 71, Itrs 4350/30000, Loss=0.138454
2023-06-08 16:35:10,092 INFO Epoch 71, Itrs 4400/30000, Loss=0.139358
2023-06-08 16:35:10,093 INFO validation...
2023-06-08 16:35:33,982 INFO 
Overall Acc: 0.9178
Mean Acc: 0.6123
FreqW Acc: 0.8564
Mean IoU: 0.5294

2023-06-08 16:35:34,307 INFO 
Current epoch: 72
2023-06-08 16:36:42,957 INFO Epoch 72, Itrs 4450/30000, Loss=0.139122
2023-06-08 16:37:03,090 INFO 
Current epoch: 73
2023-06-08 16:37:55,617 INFO Epoch 73, Itrs 4500/30000, Loss=0.136999
2023-06-08 16:37:55,618 INFO validation...
2023-06-08 16:38:18,985 INFO 
Overall Acc: 0.9184
Mean Acc: 0.6163
FreqW Acc: 0.8557
Mean IoU: 0.5372

2023-06-08 16:38:52,562 INFO 
Current epoch: 74
2023-06-08 16:39:28,116 INFO Epoch 74, Itrs 4550/30000, Loss=0.135208
2023-06-08 16:40:23,254 INFO 
Current epoch: 75
2023-06-08 16:40:40,853 INFO Epoch 75, Itrs 4600/30000, Loss=0.137045
2023-06-08 16:40:40,854 INFO validation...
2023-06-08 16:41:05,041 INFO 
Overall Acc: 0.9181
Mean Acc: 0.6161
FreqW Acc: 0.8558
Mean IoU: 0.5386

2023-06-08 16:42:13,684 INFO Epoch 75, Itrs 4650/30000, Loss=0.137232
2023-06-08 16:42:13,763 INFO 
Current epoch: 76
2023-06-08 16:43:26,007 INFO Epoch 76, Itrs 4700/30000, Loss=0.137328
2023-06-08 16:43:26,008 INFO validation...
2023-06-08 16:43:51,310 INFO 
Overall Acc: 0.9171
Mean Acc: 0.6176
FreqW Acc: 0.8553
Mean IoU: 0.5337

2023-06-08 16:44:03,619 INFO 
Current epoch: 77
2023-06-08 16:44:58,906 INFO Epoch 77, Itrs 4750/30000, Loss=0.134688
2023-06-08 16:45:34,420 INFO 
Current epoch: 78
2023-06-08 16:46:12,521 INFO Epoch 78, Itrs 4800/30000, Loss=0.136050
2023-06-08 16:46:12,522 INFO validation...
2023-06-08 16:46:35,543 INFO 
Overall Acc: 0.9160
Mean Acc: 0.6254
FreqW Acc: 0.8537
Mean IoU: 0.5385

2023-06-08 16:47:23,038 INFO 
Current epoch: 79
2023-06-08 16:47:43,476 INFO Epoch 79, Itrs 4850/30000, Loss=0.135039
2023-06-08 16:48:53,313 INFO 
Current epoch: 80
2023-06-08 16:48:57,332 INFO Epoch 80, Itrs 4900/30000, Loss=0.134616
2023-06-08 16:48:57,333 INFO validation...
2023-06-08 16:49:20,362 INFO 
Overall Acc: 0.9183
Mean Acc: 0.6243
FreqW Acc: 0.8569
Mean IoU: 0.5408

2023-06-08 16:50:26,243 INFO Epoch 80, Itrs 4950/30000, Loss=0.135920
2023-06-08 16:50:40,703 INFO 
Current epoch: 81
2023-06-08 16:51:38,188 INFO Epoch 81, Itrs 5000/30000, Loss=0.134602
2023-06-08 16:51:38,189 INFO validation...
2023-06-08 16:52:02,016 INFO 
Overall Acc: 0.9188
Mean Acc: 0.6296
FreqW Acc: 0.8582
Mean IoU: 0.5414

2023-06-08 16:52:28,536 INFO 
Current epoch: 82
2023-06-08 16:53:09,013 INFO Epoch 82, Itrs 5050/30000, Loss=0.132510
2023-06-08 16:53:57,337 INFO 
Current epoch: 83
2023-06-08 16:54:21,315 INFO Epoch 83, Itrs 5100/30000, Loss=0.135068
2023-06-08 16:54:21,316 INFO validation...
2023-06-08 16:54:46,025 INFO 
Overall Acc: 0.9183
Mean Acc: 0.6178
FreqW Acc: 0.8565
Mean IoU: 0.5355

2023-06-08 16:55:49,639 INFO 
Current epoch: 84
2023-06-08 16:55:56,597 INFO Epoch 84, Itrs 5150/30000, Loss=0.131959
2023-06-08 16:57:09,836 INFO Epoch 84, Itrs 5200/30000, Loss=0.130460
2023-06-08 16:57:09,837 INFO validation...
2023-06-08 16:57:34,854 INFO 
Overall Acc: 0.9181
Mean Acc: 0.6135
FreqW Acc: 0.8555
Mean IoU: 0.5368

2023-06-08 16:57:41,781 INFO 
Current epoch: 85
2023-06-08 16:58:44,298 INFO Epoch 85, Itrs 5250/30000, Loss=0.133034
2023-06-08 16:59:12,854 INFO 
Current epoch: 86
2023-06-08 16:59:57,615 INFO Epoch 86, Itrs 5300/30000, Loss=0.133288
2023-06-08 16:59:57,616 INFO validation...
2023-06-08 17:00:21,377 INFO 
Overall Acc: 0.9181
Mean Acc: 0.6419
FreqW Acc: 0.8568
Mean IoU: 0.5473

2023-06-08 17:00:21,462 INFO Model saved as logs/2023_0608_1435_25_cs_base_run_seed_2_using_subset_2k/checkpoints/best_deeplabv3plus_mobilenet_cityscapes_os16_iter5300_epoch86_miou0.5473.pth
2023-06-08 17:01:02,710 INFO 
Current epoch: 87
2023-06-08 17:01:29,400 INFO Epoch 87, Itrs 5350/30000, Loss=0.130435
2023-06-08 17:02:32,616 INFO 
Current epoch: 88
2023-06-08 17:02:42,183 INFO Epoch 88, Itrs 5400/30000, Loss=0.131339
2023-06-08 17:02:42,184 INFO validation...
2023-06-08 17:03:05,849 INFO 
Overall Acc: 0.9193
Mean Acc: 0.6095
FreqW Acc: 0.8572
Mean IoU: 0.5364

2023-06-08 17:04:11,286 INFO Epoch 88, Itrs 5450/30000, Loss=0.130901
2023-06-08 17:04:20,113 INFO 
Current epoch: 89
2023-06-08 17:05:25,931 INFO Epoch 89, Itrs 5500/30000, Loss=0.131483
2023-06-08 17:05:25,931 INFO validation...
2023-06-08 17:05:50,071 INFO 
Overall Acc: 0.9193
Mean Acc: 0.6171
FreqW Acc: 0.8577
Mean IoU: 0.5384

2023-06-08 17:06:10,933 INFO 
Current epoch: 90
2023-06-08 17:06:58,995 INFO Epoch 90, Itrs 5550/30000, Loss=0.129536
2023-06-08 17:07:42,581 INFO 
Current epoch: 91
2023-06-08 17:08:12,189 INFO Epoch 91, Itrs 5600/30000, Loss=0.130799
2023-06-08 17:08:12,190 INFO validation...
2023-06-08 17:08:36,924 INFO 
Overall Acc: 0.9193
Mean Acc: 0.6396
FreqW Acc: 0.8581
Mean IoU: 0.5532

2023-06-08 17:08:37,007 INFO Model saved as logs/2023_0608_1435_25_cs_base_run_seed_2_using_subset_2k/checkpoints/best_deeplabv3plus_mobilenet_cityscapes_os16_iter5600_epoch91_miou0.5532.pth
2023-06-08 17:09:33,892 INFO 
Current epoch: 92
2023-06-08 17:09:45,901 INFO Epoch 92, Itrs 5650/30000, Loss=0.128727
2023-06-08 17:10:56,459 INFO Epoch 92, Itrs 5700/30000, Loss=0.126493
2023-06-08 17:10:56,460 INFO validation...
2023-06-08 17:11:19,970 INFO 
Overall Acc: 0.9196
Mean Acc: 0.6313
FreqW Acc: 0.8585
Mean IoU: 0.5463

2023-06-08 17:11:20,533 INFO 
Current epoch: 93
2023-06-08 17:12:28,679 INFO Epoch 93, Itrs 5750/30000, Loss=0.130167
2023-06-08 17:12:52,245 INFO 
Current epoch: 94
2023-06-08 17:13:44,299 INFO Epoch 94, Itrs 5800/30000, Loss=0.128490
2023-06-08 17:13:44,299 INFO validation...
2023-06-08 17:14:07,868 INFO 
Overall Acc: 0.9176
Mean Acc: 0.6113
FreqW Acc: 0.8558
Mean IoU: 0.5284

2023-06-08 17:14:43,386 INFO 
Current epoch: 95
2023-06-08 17:15:15,841 INFO Epoch 95, Itrs 5850/30000, Loss=0.127595
2023-06-08 17:16:14,234 INFO 
Current epoch: 96
2023-06-08 17:16:28,997 INFO Epoch 96, Itrs 5900/30000, Loss=0.127412
2023-06-08 17:16:28,998 INFO validation...
2023-06-08 17:16:53,135 INFO 
Overall Acc: 0.9193
Mean Acc: 0.6232
FreqW Acc: 0.8583
Mean IoU: 0.5448

2023-06-08 17:17:59,292 INFO Epoch 96, Itrs 5950/30000, Loss=0.126623
2023-06-08 17:18:02,121 INFO 
Current epoch: 97
2023-06-08 17:19:11,044 INFO Epoch 97, Itrs 6000/30000, Loss=0.128204
2023-06-08 17:19:11,045 INFO validation...
2023-06-08 17:19:35,513 INFO 
Overall Acc: 0.9185
Mean Acc: 0.6125
FreqW Acc: 0.8553
Mean IoU: 0.5382

2023-06-08 17:19:50,962 INFO 
Current epoch: 98
2023-06-08 17:20:44,283 INFO Epoch 98, Itrs 6050/30000, Loss=0.128108
2023-06-08 17:21:22,152 INFO 
Current epoch: 99
2023-06-08 17:21:57,911 INFO Epoch 99, Itrs 6100/30000, Loss=0.125544
2023-06-08 17:21:57,912 INFO validation...
2023-06-08 17:22:21,760 INFO 
Overall Acc: 0.9182
Mean Acc: 0.6295
FreqW Acc: 0.8567
Mean IoU: 0.5422

2023-06-08 17:23:11,257 INFO 
Current epoch: 100
2023-06-08 17:23:29,634 INFO Epoch 100, Itrs 6150/30000, Loss=0.125353
2023-06-08 17:24:41,191 INFO Epoch 100, Itrs 6200/30000, Loss=0.126789
2023-06-08 17:24:41,191 INFO validation...
2023-06-08 17:25:04,178 INFO 
Overall Acc: 0.9185
Mean Acc: 0.6153
FreqW Acc: 0.8571
Mean IoU: 0.5353

2023-06-08 17:25:04,260 INFO 
Current epoch: 101
2023-06-08 17:26:16,591 INFO Epoch 101, Itrs 6250/30000, Loss=0.125868
2023-06-08 17:26:34,938 INFO 
Current epoch: 102
2023-06-08 17:27:29,849 INFO Epoch 102, Itrs 6300/30000, Loss=0.126090
2023-06-08 17:27:29,849 INFO validation...
2023-06-08 17:27:53,137 INFO 
Overall Acc: 0.9200
Mean Acc: 0.6196
FreqW Acc: 0.8590
Mean IoU: 0.5403

2023-06-08 17:28:22,490 INFO 
Current epoch: 103
2023-06-08 17:28:59,682 INFO Epoch 103, Itrs 6350/30000, Loss=0.124811
2023-06-08 17:29:50,869 INFO 
Current epoch: 104
2023-06-08 17:30:11,818 INFO Epoch 104, Itrs 6400/30000, Loss=0.120704
2023-06-08 17:30:11,819 INFO validation...
2023-06-08 17:30:35,931 INFO 
Overall Acc: 0.9182
Mean Acc: 0.6028
FreqW Acc: 0.8547
Mean IoU: 0.5309

2023-06-08 17:31:39,437 INFO 
Current epoch: 105
2023-06-08 17:31:43,184 INFO Epoch 105, Itrs 6450/30000, Loss=0.123845
2023-06-08 17:32:56,435 INFO Epoch 105, Itrs 6500/30000, Loss=0.122854
2023-06-08 17:32:56,436 INFO validation...
2023-06-08 17:33:21,106 INFO 
Overall Acc: 0.9188
Mean Acc: 0.6322
FreqW Acc: 0.8584
Mean IoU: 0.5438

2023-06-08 17:33:30,885 INFO 
Current epoch: 106
2023-06-08 17:34:29,032 INFO Epoch 106, Itrs 6550/30000, Loss=0.122547
2023-06-08 17:35:02,002 INFO 
Current epoch: 107
2023-06-08 17:35:42,776 INFO Epoch 107, Itrs 6600/30000, Loss=0.123825
2023-06-08 17:35:42,777 INFO validation...
2023-06-08 17:36:07,408 INFO 
Overall Acc: 0.9181
Mean Acc: 0.6148
FreqW Acc: 0.8565
Mean IoU: 0.5343

2023-06-08 17:36:51,257 INFO 
Current epoch: 108
2023-06-08 17:37:15,053 INFO Epoch 108, Itrs 6650/30000, Loss=0.122202
2023-06-08 17:38:22,006 INFO 
Current epoch: 109
2023-06-08 17:38:28,546 INFO Epoch 109, Itrs 6700/30000, Loss=0.123867
2023-06-08 17:38:28,547 INFO validation...
2023-06-08 17:38:51,417 INFO 
Overall Acc: 0.9193
Mean Acc: 0.6339
FreqW Acc: 0.8585
Mean IoU: 0.5475

2023-06-08 17:39:57,991 INFO Epoch 109, Itrs 6750/30000, Loss=0.121846
2023-06-08 17:40:09,597 INFO 
Current epoch: 110
2023-06-08 17:41:09,852 INFO Epoch 110, Itrs 6800/30000, Loss=0.121379
2023-06-08 17:41:09,853 INFO validation...
2023-06-08 17:41:34,097 INFO 
Overall Acc: 0.9190
Mean Acc: 0.6332
FreqW Acc: 0.8581
Mean IoU: 0.5475

2023-06-08 17:41:58,342 INFO 
Current epoch: 111
2023-06-08 17:42:42,008 INFO Epoch 111, Itrs 6850/30000, Loss=0.120563
2023-06-08 17:43:27,329 INFO 
Current epoch: 112
2023-06-08 17:43:53,334 INFO Epoch 112, Itrs 6900/30000, Loss=0.122717
2023-06-08 17:43:53,335 INFO validation...
2023-06-08 17:44:17,279 INFO 
Overall Acc: 0.9194
Mean Acc: 0.6174
FreqW Acc: 0.8584
Mean IoU: 0.5376

2023-06-08 17:45:14,962 INFO 
Current epoch: 113
2023-06-08 17:45:24,452 INFO Epoch 113, Itrs 6950/30000, Loss=0.121443
2023-06-08 17:46:35,892 INFO Epoch 113, Itrs 7000/30000, Loss=0.122809
2023-06-08 17:46:35,893 INFO validation...
2023-06-08 17:47:00,942 INFO 
Overall Acc: 0.9188
Mean Acc: 0.6263
FreqW Acc: 0.8579
Mean IoU: 0.5436

2023-06-08 17:47:05,409 INFO 
Current epoch: 114
2023-06-08 17:48:08,468 INFO Epoch 114, Itrs 7050/30000, Loss=0.120580
2023-06-08 17:48:34,418 INFO 
Current epoch: 115
2023-06-08 17:49:20,032 INFO Epoch 115, Itrs 7100/30000, Loss=0.121176
2023-06-08 17:49:20,033 INFO validation...
2023-06-08 17:49:43,700 INFO 
Overall Acc: 0.9191
Mean Acc: 0.6148
FreqW Acc: 0.8569
Mean IoU: 0.5388

2023-06-08 17:50:21,162 INFO 
Current epoch: 116
2023-06-08 17:50:50,806 INFO Epoch 116, Itrs 7150/30000, Loss=0.120049
2023-06-08 17:51:50,839 INFO 
Current epoch: 117
2023-06-08 17:52:02,860 INFO Epoch 117, Itrs 7200/30000, Loss=0.119005
2023-06-08 17:52:02,861 INFO validation...
2023-06-08 17:52:26,248 INFO 
Overall Acc: 0.9198
Mean Acc: 0.6277
FreqW Acc: 0.8591
Mean IoU: 0.5447

2023-06-08 17:53:31,611 INFO Epoch 117, Itrs 7250/30000, Loss=0.121121
2023-06-08 17:53:37,301 INFO 
Current epoch: 118
2023-06-08 17:54:42,856 INFO Epoch 118, Itrs 7300/30000, Loss=0.118420
2023-06-08 17:54:42,857 INFO validation...
2023-06-08 17:55:07,307 INFO 
Overall Acc: 0.9194
Mean Acc: 0.6206
FreqW Acc: 0.8583
Mean IoU: 0.5409

2023-06-08 17:55:26,257 INFO 
Current epoch: 119
2023-06-08 17:56:14,538 INFO Epoch 119, Itrs 7350/30000, Loss=0.119331
2023-06-08 17:56:54,714 INFO 
Current epoch: 120
2023-06-08 17:57:27,512 INFO Epoch 120, Itrs 7400/30000, Loss=0.119111
2023-06-08 17:57:27,512 INFO validation...
2023-06-08 17:57:50,892 INFO 
Overall Acc: 0.9185
Mean Acc: 0.6186
FreqW Acc: 0.8571
Mean IoU: 0.5355

2023-06-08 17:58:43,006 INFO 
Current epoch: 121
2023-06-08 17:58:58,107 INFO Epoch 121, Itrs 7450/30000, Loss=0.118218
2023-06-08 18:00:08,860 INFO Epoch 121, Itrs 7500/30000, Loss=0.118190
2023-06-08 18:00:08,861 INFO validation...
2023-06-08 18:00:32,176 INFO 
Overall Acc: 0.9180
Mean Acc: 0.6120
FreqW Acc: 0.8565
Mean IoU: 0.5316

2023-06-08 18:00:32,539 INFO 
Current epoch: 122
2023-06-08 18:01:40,662 INFO Epoch 122, Itrs 7550/30000, Loss=0.119792
2023-06-08 18:02:00,441 INFO 
Current epoch: 123
2023-06-08 18:02:52,758 INFO Epoch 123, Itrs 7600/30000, Loss=0.119093
2023-06-08 18:02:52,759 INFO validation...
2023-06-08 18:03:16,748 INFO 
Overall Acc: 0.9171
Mean Acc: 0.6263
FreqW Acc: 0.8550
Mean IoU: 0.5391

2023-06-08 18:03:49,022 INFO 
Current epoch: 124
2023-06-08 18:04:24,134 INFO Epoch 124, Itrs 7650/30000, Loss=0.121837
2023-06-08 18:05:17,700 INFO 
Current epoch: 125
2023-06-08 18:05:35,320 INFO Epoch 125, Itrs 7700/30000, Loss=0.118326
2023-06-08 18:05:35,320 INFO validation...
2023-06-08 18:05:59,370 INFO 
Overall Acc: 0.9186
Mean Acc: 0.6256
FreqW Acc: 0.8574
Mean IoU: 0.5432

2023-06-08 18:07:05,172 INFO Epoch 125, Itrs 7750/30000, Loss=0.117376
2023-06-08 18:07:05,239 INFO 
Current epoch: 126
2023-06-08 18:08:17,304 INFO Epoch 126, Itrs 7800/30000, Loss=0.115641
2023-06-08 18:08:17,304 INFO validation...
2023-06-08 18:08:41,552 INFO 
Overall Acc: 0.9198
Mean Acc: 0.6209
FreqW Acc: 0.8588
Mean IoU: 0.5411

2023-06-08 18:08:53,792 INFO 
Current epoch: 127
2023-06-08 18:09:48,439 INFO Epoch 127, Itrs 7850/30000, Loss=0.116143
2023-06-08 18:10:22,290 INFO 
Current epoch: 128
2023-06-08 18:10:59,533 INFO Epoch 128, Itrs 7900/30000, Loss=0.117245
2023-06-08 18:10:59,533 INFO validation...
2023-06-08 18:11:23,609 INFO 
Overall Acc: 0.9195
Mean Acc: 0.6192
FreqW Acc: 0.8588
Mean IoU: 0.5417

2023-06-08 18:12:10,242 INFO 
Current epoch: 129
2023-06-08 18:12:31,090 INFO Epoch 129, Itrs 7950/30000, Loss=0.115705
2023-06-08 18:13:39,277 INFO 
Current epoch: 130
2023-06-08 18:13:42,950 INFO Epoch 130, Itrs 8000/30000, Loss=0.116813
2023-06-08 18:13:42,951 INFO validation...
2023-06-08 18:14:06,354 INFO 
Overall Acc: 0.9195
Mean Acc: 0.6085
FreqW Acc: 0.8576
Mean IoU: 0.5335

2023-06-08 18:15:12,985 INFO Epoch 130, Itrs 8050/30000, Loss=0.116475
2023-06-08 18:15:27,587 INFO 
Current epoch: 131
2023-06-08 18:16:25,017 INFO Epoch 131, Itrs 8100/30000, Loss=0.116989
2023-06-08 18:16:25,018 INFO validation...
2023-06-08 18:16:48,216 INFO 
Overall Acc: 0.9183
Mean Acc: 0.6121
FreqW Acc: 0.8555
Mean IoU: 0.5341

2023-06-08 18:17:14,192 INFO 
Current epoch: 132
2023-06-08 18:17:54,260 INFO Epoch 132, Itrs 8150/30000, Loss=0.116757
2023-06-08 18:18:42,256 INFO 
Current epoch: 133
2023-06-08 18:19:05,422 INFO Epoch 133, Itrs 8200/30000, Loss=0.114485
2023-06-08 18:19:05,422 INFO validation...
2023-06-08 18:19:29,597 INFO 
Overall Acc: 0.9184
Mean Acc: 0.6343
FreqW Acc: 0.8574
Mean IoU: 0.5441

2023-06-08 18:20:30,012 INFO 
Current epoch: 134
2023-06-08 18:20:36,392 INFO Epoch 134, Itrs 8250/30000, Loss=0.113925
2023-06-08 18:21:48,871 INFO Epoch 134, Itrs 8300/30000, Loss=0.112061
2023-06-08 18:21:48,871 INFO validation...
2023-06-08 18:22:11,418 INFO 
Overall Acc: 0.9190
Mean Acc: 0.6197
FreqW Acc: 0.8575
Mean IoU: 0.5395

2023-06-08 18:22:18,134 INFO 
Current epoch: 135
2023-06-08 18:23:18,909 INFO Epoch 135, Itrs 8350/30000, Loss=0.114807
2023-06-08 18:23:47,249 INFO 
Current epoch: 136
2023-06-08 18:24:31,519 INFO Epoch 136, Itrs 8400/30000, Loss=0.117143
2023-06-08 18:24:31,519 INFO validation...
2023-06-08 18:24:54,924 INFO 
Overall Acc: 0.9174
Mean Acc: 0.6226
FreqW Acc: 0.8550
Mean IoU: 0.5399

2023-06-08 18:25:35,371 INFO 
Current epoch: 137
2023-06-08 18:26:01,885 INFO Epoch 137, Itrs 8450/30000, Loss=0.113378
2023-06-08 18:27:03,699 INFO 
Current epoch: 138
2023-06-08 18:27:12,898 INFO Epoch 138, Itrs 8500/30000, Loss=0.113922
2023-06-08 18:27:12,899 INFO validation...
2023-06-08 18:27:37,462 INFO 
Overall Acc: 0.9179
Mean Acc: 0.6096
FreqW Acc: 0.8565
Mean IoU: 0.5285

2023-06-08 18:28:44,050 INFO Epoch 138, Itrs 8550/30000, Loss=0.114732
2023-06-08 18:28:52,479 INFO 
Current epoch: 139
2023-06-08 18:29:56,926 INFO Epoch 139, Itrs 8600/30000, Loss=0.115109
2023-06-08 18:29:56,926 INFO validation...
2023-06-08 18:30:20,992 INFO 
Overall Acc: 0.9191
Mean Acc: 0.6290
FreqW Acc: 0.8581
Mean IoU: 0.5451

2023-06-08 18:30:41,818 INFO 
Current epoch: 140
2023-06-08 18:31:28,028 INFO Epoch 140, Itrs 8650/30000, Loss=0.113495
2023-06-08 18:32:10,795 INFO 
Current epoch: 141
2023-06-08 18:32:41,175 INFO Epoch 141, Itrs 8700/30000, Loss=0.115133
2023-06-08 18:32:41,176 INFO validation...
2023-06-08 18:33:04,509 INFO 
Overall Acc: 0.9186
Mean Acc: 0.6327
FreqW Acc: 0.8572
Mean IoU: 0.5470

2023-06-08 18:33:58,854 INFO 
Current epoch: 142
2023-06-08 18:34:10,908 INFO Epoch 142, Itrs 8750/30000, Loss=0.112221
2023-06-08 18:35:21,683 INFO Epoch 142, Itrs 8800/30000, Loss=0.113717
2023-06-08 18:35:21,684 INFO validation...
2023-06-08 18:35:46,886 INFO 
Overall Acc: 0.9170
Mean Acc: 0.6021
FreqW Acc: 0.8541
Mean IoU: 0.5233

2023-06-08 18:35:47,443 INFO 
Current epoch: 143
2023-06-08 18:36:53,811 INFO Epoch 143, Itrs 8850/30000, Loss=0.112897
2023-06-08 18:37:16,377 INFO 
Current epoch: 144
2023-06-08 18:38:07,002 INFO Epoch 144, Itrs 8900/30000, Loss=0.113203
2023-06-08 18:38:07,003 INFO validation...
2023-06-08 18:38:30,462 INFO 
Overall Acc: 0.9186
Mean Acc: 0.6155
FreqW Acc: 0.8556
Mean IoU: 0.5406

2023-06-08 18:39:05,362 INFO 
Current epoch: 145
2023-06-08 18:39:37,259 INFO Epoch 145, Itrs 8950/30000, Loss=0.111562
2023-06-08 18:40:33,959 INFO 
Current epoch: 146
2023-06-08 18:40:48,979 INFO Epoch 146, Itrs 9000/30000, Loss=0.113028
2023-06-08 18:40:48,980 INFO validation...
2023-06-08 18:41:13,377 INFO 
Overall Acc: 0.9200
Mean Acc: 0.6256
FreqW Acc: 0.8592
Mean IoU: 0.5452

2023-06-08 18:42:20,940 INFO Epoch 146, Itrs 9050/30000, Loss=0.111505
2023-06-08 18:42:23,801 INFO 
Current epoch: 147
2023-06-08 18:43:32,694 INFO Epoch 147, Itrs 9100/30000, Loss=0.111396
2023-06-08 18:43:32,695 INFO validation...
2023-06-08 18:43:55,916 INFO 
Overall Acc: 0.9201
Mean Acc: 0.6403
FreqW Acc: 0.8592
Mean IoU: 0.5525

2023-06-08 18:44:11,410 INFO 
Current epoch: 148
2023-06-08 18:45:03,808 INFO Epoch 148, Itrs 9150/30000, Loss=0.112585
2023-06-08 18:45:40,713 INFO 
Current epoch: 149
2023-06-08 18:46:15,404 INFO Epoch 149, Itrs 9200/30000, Loss=0.110403
2023-06-08 18:46:15,405 INFO validation...
2023-06-08 18:46:38,486 INFO 
Overall Acc: 0.9203
Mean Acc: 0.6284
FreqW Acc: 0.8599
Mean IoU: 0.5447

2023-06-08 18:47:28,624 INFO 
Current epoch: 150
2023-06-08 18:47:46,509 INFO Epoch 150, Itrs 9250/30000, Loss=0.110910
2023-06-08 18:48:57,802 INFO Epoch 150, Itrs 9300/30000, Loss=0.112483
2023-06-08 18:48:57,803 INFO validation...
2023-06-08 18:49:21,393 INFO 
Overall Acc: 0.9201
Mean Acc: 0.6450
FreqW Acc: 0.8603
Mean IoU: 0.5512

2023-06-08 18:49:21,485 INFO 
Current epoch: 151
2023-06-08 18:50:33,740 INFO Epoch 151, Itrs 9350/30000, Loss=0.110140
2023-06-08 18:50:50,867 INFO 
Current epoch: 152
2023-06-08 18:51:44,943 INFO Epoch 152, Itrs 9400/30000, Loss=0.110862
2023-06-08 18:51:44,943 INFO validation...
2023-06-08 18:52:08,059 INFO 
Overall Acc: 0.9182
Mean Acc: 0.6078
FreqW Acc: 0.8559
Mean IoU: 0.5319

2023-06-08 18:52:37,477 INFO 
Current epoch: 153
2023-06-08 18:53:15,281 INFO Epoch 153, Itrs 9450/30000, Loss=0.109303
2023-06-08 18:54:06,594 INFO 
Current epoch: 154
2023-06-08 18:54:27,517 INFO Epoch 154, Itrs 9500/30000, Loss=0.109549
2023-06-08 18:54:27,517 INFO validation...
2023-06-08 18:54:51,550 INFO 
Overall Acc: 0.9197
Mean Acc: 0.6294
FreqW Acc: 0.8589
Mean IoU: 0.5460

2023-06-08 18:55:54,961 INFO 
Current epoch: 155
2023-06-08 18:55:58,830 INFO Epoch 155, Itrs 9550/30000, Loss=0.110091
2023-06-08 18:57:10,359 INFO Epoch 155, Itrs 9600/30000, Loss=0.110732
2023-06-08 18:57:10,359 INFO validation...
2023-06-08 18:57:33,684 INFO 
Overall Acc: 0.9199
Mean Acc: 0.6314
FreqW Acc: 0.8591
Mean IoU: 0.5462

2023-06-08 18:57:43,472 INFO 
Current epoch: 156
2023-06-08 18:58:40,765 INFO Epoch 156, Itrs 9650/30000, Loss=0.107595
2023-06-08 18:59:12,108 INFO 
Current epoch: 157
2023-06-08 18:59:53,271 INFO Epoch 157, Itrs 9700/30000, Loss=0.108512
2023-06-08 18:59:53,271 INFO validation...
2023-06-08 19:00:16,166 INFO 
Overall Acc: 0.9185
Mean Acc: 0.6114
FreqW Acc: 0.8562
Mean IoU: 0.5341

2023-06-08 19:00:59,986 INFO 
Current epoch: 158
2023-06-08 19:01:23,417 INFO Epoch 158, Itrs 9750/30000, Loss=0.109424
2023-06-08 19:02:28,443 INFO 
Current epoch: 159
2023-06-08 19:02:35,174 INFO Epoch 159, Itrs 9800/30000, Loss=0.109819
2023-06-08 19:02:35,175 INFO validation...
2023-06-08 19:02:58,918 INFO 
Overall Acc: 0.9188
Mean Acc: 0.6147
FreqW Acc: 0.8564
Mean IoU: 0.5375

2023-06-08 19:04:04,297 INFO Epoch 159, Itrs 9850/30000, Loss=0.107939
2023-06-08 19:04:15,548 INFO 
Current epoch: 160
2023-06-08 19:05:16,119 INFO Epoch 160, Itrs 9900/30000, Loss=0.109804
2023-06-08 19:05:16,120 INFO validation...
2023-06-08 19:05:39,236 INFO 
Overall Acc: 0.9186
Mean Acc: 0.6231
FreqW Acc: 0.8573
Mean IoU: 0.5404

2023-06-08 19:06:02,390 INFO 
Current epoch: 161
2023-06-08 19:06:45,949 INFO Epoch 161, Itrs 9950/30000, Loss=0.109614
2023-06-08 19:07:32,052 INFO 
Current epoch: 162
2023-06-08 19:07:58,002 INFO Epoch 162, Itrs 10000/30000, Loss=0.113292
2023-06-08 19:07:58,002 INFO validation...
2023-06-08 19:08:22,024 INFO 
Overall Acc: 0.9199
Mean Acc: 0.6201
FreqW Acc: 0.8585
Mean IoU: 0.5445

2023-06-08 19:09:19,685 INFO 
Current epoch: 163
2023-06-08 19:09:29,034 INFO Epoch 163, Itrs 10050/30000, Loss=0.110395
2023-06-08 19:10:39,911 INFO Epoch 163, Itrs 10100/30000, Loss=0.109783
2023-06-08 19:10:39,912 INFO validation...
2023-06-08 19:11:04,755 INFO 
Overall Acc: 0.9203
Mean Acc: 0.6370
FreqW Acc: 0.8603
Mean IoU: 0.5526

2023-06-08 19:11:08,435 INFO 
Current epoch: 164
2023-06-08 19:12:12,153 INFO Epoch 164, Itrs 10150/30000, Loss=0.110556
2023-06-08 19:12:37,775 INFO 
Current epoch: 165
2023-06-08 19:13:24,132 INFO Epoch 165, Itrs 10200/30000, Loss=0.108919
2023-06-08 19:13:24,133 INFO validation...
2023-06-08 19:13:48,308 INFO 
Overall Acc: 0.9198
Mean Acc: 0.6236
FreqW Acc: 0.8592
Mean IoU: 0.5438

2023-06-08 19:14:26,354 INFO 
Current epoch: 166
2023-06-08 19:14:55,889 INFO Epoch 166, Itrs 10250/30000, Loss=0.109266
2023-06-08 19:15:55,324 INFO 
Current epoch: 167
2023-06-08 19:16:07,303 INFO Epoch 167, Itrs 10300/30000, Loss=0.107326
2023-06-08 19:16:07,303 INFO validation...
2023-06-08 19:16:30,463 INFO 
Overall Acc: 0.9200
Mean Acc: 0.6340
FreqW Acc: 0.8596
Mean IoU: 0.5483

2023-06-08 19:17:35,963 INFO Epoch 167, Itrs 10350/30000, Loss=0.109943
2023-06-08 19:17:41,645 INFO 
Current epoch: 168
2023-06-08 19:18:47,424 INFO Epoch 168, Itrs 10400/30000, Loss=0.110540
2023-06-08 19:18:47,425 INFO validation...
2023-06-08 19:19:10,282 INFO 
Overall Acc: 0.9199
Mean Acc: 0.6191
FreqW Acc: 0.8587
Mean IoU: 0.5393

2023-06-08 19:19:28,225 INFO 
Current epoch: 169
2023-06-08 19:20:17,163 INFO Epoch 169, Itrs 10450/30000, Loss=0.107719
2023-06-08 19:20:57,693 INFO 
Current epoch: 170
2023-06-08 19:21:29,668 INFO Epoch 170, Itrs 10500/30000, Loss=0.106575
2023-06-08 19:21:29,669 INFO validation...
2023-06-08 19:21:53,909 INFO 
Overall Acc: 0.9194
Mean Acc: 0.6090
FreqW Acc: 0.8572
Mean IoU: 0.5353

2023-06-08 19:22:45,276 INFO 
Current epoch: 171
2023-06-08 19:23:00,206 INFO Epoch 171, Itrs 10550/30000, Loss=0.107770
2023-06-08 19:24:11,372 INFO Epoch 171, Itrs 10600/30000, Loss=0.107442
2023-06-08 19:24:11,373 INFO validation...
2023-06-08 19:24:34,213 INFO 
Overall Acc: 0.9190
Mean Acc: 0.6222
FreqW Acc: 0.8580
Mean IoU: 0.5388

2023-06-08 19:24:34,529 INFO 
Current epoch: 172
2023-06-08 19:25:42,952 INFO Epoch 172, Itrs 10650/30000, Loss=0.107196
2023-06-08 19:26:02,765 INFO 
Current epoch: 173
2023-06-08 19:26:54,613 INFO Epoch 173, Itrs 10700/30000, Loss=0.107128
2023-06-08 19:26:54,614 INFO validation...
2023-06-08 19:27:18,923 INFO 
Overall Acc: 0.9189
Mean Acc: 0.6312
FreqW Acc: 0.8571
Mean IoU: 0.5464

2023-06-08 19:27:50,492 INFO 
Current epoch: 174
2023-06-08 19:28:25,069 INFO Epoch 174, Itrs 10750/30000, Loss=0.108127
2023-06-08 19:29:19,295 INFO 
Current epoch: 175
2023-06-08 19:29:37,415 INFO Epoch 175, Itrs 10800/30000, Loss=0.107391
2023-06-08 19:29:37,415 INFO validation...
2023-06-08 19:30:01,069 INFO 
Overall Acc: 0.9175
Mean Acc: 0.6178
FreqW Acc: 0.8547
Mean IoU: 0.5404

2023-06-08 19:31:06,225 INFO Epoch 175, Itrs 10850/30000, Loss=0.107820
2023-06-08 19:31:06,325 INFO 
Current epoch: 176
2023-06-08 19:32:19,803 INFO Epoch 176, Itrs 10900/30000, Loss=0.106769
2023-06-08 19:32:19,804 INFO validation...
2023-06-08 19:32:44,403 INFO 
Overall Acc: 0.9192
Mean Acc: 0.6169
FreqW Acc: 0.8579
Mean IoU: 0.5396

2023-06-08 19:32:56,463 INFO 
Current epoch: 177
2023-06-08 19:33:50,934 INFO Epoch 177, Itrs 10950/30000, Loss=0.107257
2023-06-08 19:34:24,786 INFO 
Current epoch: 178
2023-06-08 19:35:02,202 INFO Epoch 178, Itrs 11000/30000, Loss=0.106796
2023-06-08 19:35:02,203 INFO validation...
2023-06-08 19:35:26,204 INFO 
Overall Acc: 0.9192
Mean Acc: 0.6171
FreqW Acc: 0.8576
Mean IoU: 0.5402

2023-06-08 19:36:13,407 INFO 
Current epoch: 179
2023-06-08 19:36:33,985 INFO Epoch 179, Itrs 11050/30000, Loss=0.106064
2023-06-08 19:37:42,420 INFO 
Current epoch: 180
2023-06-08 19:37:46,190 INFO Epoch 180, Itrs 11100/30000, Loss=0.105926
2023-06-08 19:37:46,190 INFO validation...
2023-06-08 19:38:10,495 INFO 
Overall Acc: 0.9199
Mean Acc: 0.6331
FreqW Acc: 0.8604
Mean IoU: 0.5476

2023-06-08 19:39:17,955 INFO Epoch 180, Itrs 11150/30000, Loss=0.105628
2023-06-08 19:39:32,017 INFO 
Current epoch: 181
2023-06-08 19:40:31,204 INFO Epoch 181, Itrs 11200/30000, Loss=0.104934
2023-06-08 19:40:31,205 INFO validation...
2023-06-08 19:40:55,043 INFO 
Overall Acc: 0.9200
Mean Acc: 0.6291
FreqW Acc: 0.8593
Mean IoU: 0.5454

2023-06-08 19:41:21,707 INFO 
Current epoch: 182
2023-06-08 19:42:02,216 INFO Epoch 182, Itrs 11250/30000, Loss=0.105191
2023-06-08 19:42:50,353 INFO 
Current epoch: 183
2023-06-08 19:43:14,329 INFO Epoch 183, Itrs 11300/30000, Loss=0.105594
2023-06-08 19:43:14,329 INFO validation...
2023-06-08 19:43:37,571 INFO 
Overall Acc: 0.9195
Mean Acc: 0.6075
FreqW Acc: 0.8579
Mean IoU: 0.5359

2023-06-08 19:44:37,684 INFO 
Current epoch: 184
2023-06-08 19:44:44,017 INFO Epoch 184, Itrs 11350/30000, Loss=0.105399
2023-06-08 19:45:55,102 INFO Epoch 184, Itrs 11400/30000, Loss=0.104015
2023-06-08 19:45:55,103 INFO validation...
2023-06-08 19:46:19,731 INFO 
Overall Acc: 0.9203
Mean Acc: 0.6279
FreqW Acc: 0.8597
Mean IoU: 0.5436

2023-06-08 19:46:26,213 INFO 
Current epoch: 185
2023-06-08 19:47:26,569 INFO Epoch 185, Itrs 11450/30000, Loss=0.104424
2023-06-08 19:47:54,585 INFO 
Current epoch: 186
2023-06-08 19:48:38,822 INFO Epoch 186, Itrs 11500/30000, Loss=0.104653
2023-06-08 19:48:38,822 INFO validation...
2023-06-08 19:49:02,882 INFO 
Overall Acc: 0.9199
Mean Acc: 0.6093
FreqW Acc: 0.8584
Mean IoU: 0.5351

2023-06-08 19:49:43,355 INFO 
Current epoch: 187
2023-06-08 19:50:09,471 INFO Epoch 187, Itrs 11550/30000, Loss=0.103684
2023-06-08 19:51:11,442 INFO 
Current epoch: 188
2023-06-08 19:51:20,805 INFO Epoch 188, Itrs 11600/30000, Loss=0.103376
2023-06-08 19:51:20,806 INFO validation...
2023-06-08 19:51:44,775 INFO 
Overall Acc: 0.9194
Mean Acc: 0.6117
FreqW Acc: 0.8588
Mean IoU: 0.5331

2023-06-08 19:52:51,260 INFO Epoch 188, Itrs 11650/30000, Loss=0.102527
2023-06-08 19:53:00,059 INFO 
Current epoch: 189
2023-06-08 19:54:03,945 INFO Epoch 189, Itrs 11700/30000, Loss=0.104613
2023-06-08 19:54:03,946 INFO validation...
2023-06-08 19:54:27,838 INFO 
Overall Acc: 0.9201
Mean Acc: 0.6163
FreqW Acc: 0.8589
Mean IoU: 0.5400

2023-06-08 19:54:48,719 INFO 
Current epoch: 190
2023-06-08 19:55:34,967 INFO Epoch 190, Itrs 11750/30000, Loss=0.103954
2023-06-08 19:56:18,011 INFO 
Current epoch: 191
2023-06-08 19:56:47,734 INFO Epoch 191, Itrs 11800/30000, Loss=0.104239
2023-06-08 19:56:47,735 INFO validation...
2023-06-08 19:57:12,381 INFO 
Overall Acc: 0.9187
Mean Acc: 0.6281
FreqW Acc: 0.8580
Mean IoU: 0.5421

2023-06-08 19:58:06,992 INFO 
Current epoch: 192
2023-06-08 19:58:19,022 INFO Epoch 192, Itrs 11850/30000, Loss=0.102635
2023-06-08 19:59:31,277 INFO Epoch 192, Itrs 11900/30000, Loss=0.103901
2023-06-08 19:59:31,277 INFO validation...
2023-06-08 19:59:54,379 INFO 
Overall Acc: 0.9193
Mean Acc: 0.6337
FreqW Acc: 0.8576
Mean IoU: 0.5477

2023-06-08 19:59:54,959 INFO 
Current epoch: 193
2023-06-08 20:01:01,383 INFO Epoch 193, Itrs 11950/30000, Loss=0.104670
2023-06-08 20:01:23,994 INFO 
Current epoch: 194
2023-06-08 20:02:12,824 INFO Epoch 194, Itrs 12000/30000, Loss=0.103208
2023-06-08 20:02:12,825 INFO validation...
2023-06-08 20:02:36,340 INFO 
Overall Acc: 0.9189
Mean Acc: 0.6038
FreqW Acc: 0.8567
Mean IoU: 0.5332

2023-06-08 20:03:11,507 INFO 
Current epoch: 195
2023-06-08 20:03:42,993 INFO Epoch 195, Itrs 12050/30000, Loss=0.102857
2023-06-08 20:04:40,458 INFO 
Current epoch: 196
2023-06-08 20:04:55,563 INFO Epoch 196, Itrs 12100/30000, Loss=0.103545
2023-06-08 20:04:55,564 INFO validation...
2023-06-08 20:05:19,056 INFO 
Overall Acc: 0.9195
Mean Acc: 0.6150
FreqW Acc: 0.8588
Mean IoU: 0.5344

2023-06-08 20:06:24,573 INFO Epoch 196, Itrs 12150/30000, Loss=0.103608
2023-06-08 20:06:27,517 INFO 
Current epoch: 197
2023-06-08 20:07:37,139 INFO Epoch 197, Itrs 12200/30000, Loss=0.103023
2023-06-08 20:07:37,139 INFO validation...
2023-06-08 20:08:01,464 INFO 
Overall Acc: 0.9199
Mean Acc: 0.6277
FreqW Acc: 0.8583
Mean IoU: 0.5485

2023-06-08 20:08:16,917 INFO 
Current epoch: 198
2023-06-08 20:09:10,458 INFO Epoch 198, Itrs 12250/30000, Loss=0.103291
2023-06-08 20:09:47,225 INFO 
Current epoch: 199
2023-06-08 20:10:22,874 INFO Epoch 199, Itrs 12300/30000, Loss=0.102375
2023-06-08 20:10:22,875 INFO validation...
2023-06-08 20:10:46,962 INFO 
Overall Acc: 0.9195
Mean Acc: 0.6175
FreqW Acc: 0.8571
Mean IoU: 0.5408

2023-06-08 20:11:37,036 INFO 
Current epoch: 200
2023-06-08 20:11:55,980 INFO Epoch 200, Itrs 12350/30000, Loss=0.102787
2023-06-08 20:13:09,083 INFO Epoch 200, Itrs 12400/30000, Loss=0.101460
2023-06-08 20:13:09,083 INFO validation...
2023-06-08 20:13:32,926 INFO 
Overall Acc: 0.9199
Mean Acc: 0.6197
FreqW Acc: 0.8583
Mean IoU: 0.5445

2023-06-08 20:13:32,997 INFO 
Current epoch: 201
2023-06-08 20:14:45,608 INFO Epoch 201, Itrs 12450/30000, Loss=0.101609
2023-06-08 20:15:02,478 INFO 
Current epoch: 202
2023-06-08 20:15:56,804 INFO Epoch 202, Itrs 12500/30000, Loss=0.102524
2023-06-08 20:15:56,805 INFO validation...
2023-06-08 20:16:21,127 INFO 
Overall Acc: 0.9198
Mean Acc: 0.6284
FreqW Acc: 0.8594
Mean IoU: 0.5471

2023-06-08 20:16:50,656 INFO 
Current epoch: 203
2023-06-08 20:17:28,610 INFO Epoch 203, Itrs 12550/30000, Loss=0.102690
2023-06-08 20:18:18,853 INFO 
Current epoch: 204
2023-06-08 20:18:41,975 INFO Epoch 204, Itrs 12600/30000, Loss=0.101393
2023-06-08 20:18:41,976 INFO validation...
2023-06-08 20:19:06,896 INFO 
Overall Acc: 0.9191
Mean Acc: 0.6193
FreqW Acc: 0.8580
Mean IoU: 0.5407

2023-06-08 20:20:11,145 INFO 
Current epoch: 205
2023-06-08 20:20:14,869 INFO Epoch 205, Itrs 12650/30000, Loss=0.101431
2023-06-08 20:21:27,469 INFO Epoch 205, Itrs 12700/30000, Loss=0.102299
2023-06-08 20:21:27,470 INFO validation...
2023-06-08 20:21:51,364 INFO 
Overall Acc: 0.9197
Mean Acc: 0.6177
FreqW Acc: 0.8587
Mean IoU: 0.5407

2023-06-08 20:22:01,352 INFO 
Current epoch: 206
2023-06-08 20:22:59,779 INFO Epoch 206, Itrs 12750/30000, Loss=0.102244
2023-06-08 20:23:32,603 INFO 
Current epoch: 207
2023-06-08 20:24:13,256 INFO Epoch 207, Itrs 12800/30000, Loss=0.102512
2023-06-08 20:24:13,257 INFO validation...
2023-06-08 20:24:37,445 INFO 
Overall Acc: 0.9186
Mean Acc: 0.6225
FreqW Acc: 0.8570
Mean IoU: 0.5415

2023-06-08 20:25:20,927 INFO 
Current epoch: 208
2023-06-08 20:25:45,196 INFO Epoch 208, Itrs 12850/30000, Loss=0.101384
2023-06-08 20:26:51,473 INFO 
Current epoch: 209
2023-06-08 20:26:58,112 INFO Epoch 209, Itrs 12900/30000, Loss=0.101181
2023-06-08 20:26:58,112 INFO validation...
2023-06-08 20:27:21,721 INFO 
Overall Acc: 0.9203
Mean Acc: 0.6378
FreqW Acc: 0.8592
Mean IoU: 0.5546

2023-06-08 20:27:21,804 INFO Model saved as logs/2023_0608_1435_25_cs_base_run_seed_2_using_subset_2k/checkpoints/best_deeplabv3plus_mobilenet_cityscapes_os16_iter12900_epoch209_miou0.5546.pth
2023-06-08 20:28:29,138 INFO Epoch 209, Itrs 12950/30000, Loss=0.101152
2023-06-08 20:28:40,444 INFO 
Current epoch: 210
2023-06-08 20:29:40,859 INFO Epoch 210, Itrs 13000/30000, Loss=0.101332
2023-06-08 20:29:40,860 INFO validation...
2023-06-08 20:30:06,079 INFO 
Overall Acc: 0.9193
Mean Acc: 0.6143
FreqW Acc: 0.8568
Mean IoU: 0.5406

2023-06-08 20:30:30,531 INFO 
Current epoch: 211
2023-06-08 20:31:13,976 INFO Epoch 211, Itrs 13050/30000, Loss=0.100408
2023-06-08 20:31:59,976 INFO 
Current epoch: 212
2023-06-08 20:32:27,392 INFO Epoch 212, Itrs 13100/30000, Loss=0.103409
2023-06-08 20:32:27,393 INFO validation...
2023-06-08 20:32:50,552 INFO 
Overall Acc: 0.9201
Mean Acc: 0.6291
FreqW Acc: 0.8596
Mean IoU: 0.5475

2023-06-08 20:33:48,264 INFO 
Current epoch: 213
2023-06-08 20:33:58,394 INFO Epoch 213, Itrs 13150/30000, Loss=0.100336
2023-06-08 20:35:09,138 INFO Epoch 213, Itrs 13200/30000, Loss=0.102010
2023-06-08 20:35:09,139 INFO validation...
2023-06-08 20:35:32,438 INFO 
Overall Acc: 0.9205
Mean Acc: 0.6328
FreqW Acc: 0.8597
Mean IoU: 0.5511

2023-06-08 20:35:36,143 INFO 
Current epoch: 214
2023-06-08 20:36:39,266 INFO Epoch 214, Itrs 13250/30000, Loss=0.101064
2023-06-08 20:37:04,458 INFO 
Current epoch: 215
2023-06-08 20:37:51,753 INFO Epoch 215, Itrs 13300/30000, Loss=0.100488
2023-06-08 20:37:51,754 INFO validation...
2023-06-08 20:38:16,132 INFO 
Overall Acc: 0.9194
Mean Acc: 0.6235
FreqW Acc: 0.8583
Mean IoU: 0.5444

2023-06-08 20:38:55,004 INFO 
Current epoch: 216
2023-06-08 20:39:24,217 INFO Epoch 216, Itrs 13350/30000, Loss=0.099813
2023-06-08 20:40:25,409 INFO 
Current epoch: 217
2023-06-08 20:40:37,579 INFO Epoch 217, Itrs 13400/30000, Loss=0.101941
2023-06-08 20:40:37,579 INFO validation...
2023-06-08 20:41:00,816 INFO 
Overall Acc: 0.9205
Mean Acc: 0.6326
FreqW Acc: 0.8601
Mean IoU: 0.5510

2023-06-08 20:42:07,296 INFO Epoch 217, Itrs 13450/30000, Loss=0.099729
2023-06-08 20:42:12,951 INFO 
Current epoch: 218
2023-06-08 20:43:18,897 INFO Epoch 218, Itrs 13500/30000, Loss=0.099729
2023-06-08 20:43:18,898 INFO validation...
2023-06-08 20:43:43,629 INFO 
Overall Acc: 0.9200
Mean Acc: 0.6239
FreqW Acc: 0.8591
Mean IoU: 0.5415

2023-06-08 20:44:01,535 INFO 
Current epoch: 219
2023-06-08 20:44:51,921 INFO Epoch 219, Itrs 13550/30000, Loss=0.098966
2023-06-08 20:45:32,387 INFO 
Current epoch: 220
2023-06-08 20:46:05,709 INFO Epoch 220, Itrs 13600/30000, Loss=0.100665
2023-06-08 20:46:05,710 INFO validation...
2023-06-08 20:46:30,378 INFO 
Overall Acc: 0.9192
Mean Acc: 0.6162
FreqW Acc: 0.8573
Mean IoU: 0.5394

2023-06-08 20:47:23,995 INFO 
Current epoch: 221
2023-06-08 20:47:39,227 INFO Epoch 221, Itrs 13650/30000, Loss=0.100310
2023-06-08 20:48:52,292 INFO Epoch 221, Itrs 13700/30000, Loss=0.102005
2023-06-08 20:48:52,293 INFO validation...
2023-06-08 20:49:16,547 INFO 
Overall Acc: 0.9187
Mean Acc: 0.6251
FreqW Acc: 0.8574
Mean IoU: 0.5380

2023-06-08 20:49:16,911 INFO 
Current epoch: 222
2023-06-08 20:50:28,260 INFO Epoch 222, Itrs 13750/30000, Loss=0.099454
2023-06-08 20:50:47,865 INFO 
Current epoch: 223
2023-06-08 20:51:40,331 INFO Epoch 223, Itrs 13800/30000, Loss=0.101207
2023-06-08 20:51:40,332 INFO validation...
2023-06-08 20:52:03,782 INFO 
Overall Acc: 0.9189
Mean Acc: 0.6246
FreqW Acc: 0.8579
Mean IoU: 0.5422

2023-06-08 20:52:36,410 INFO 
Current epoch: 224
2023-06-08 20:53:11,348 INFO Epoch 224, Itrs 13850/30000, Loss=0.097914
2023-06-08 20:54:04,563 INFO 
Current epoch: 225
2023-06-08 20:54:23,209 INFO Epoch 225, Itrs 13900/30000, Loss=0.099627
2023-06-08 20:54:23,210 INFO validation...
2023-06-08 20:54:46,279 INFO 
Overall Acc: 0.9197
Mean Acc: 0.6212
FreqW Acc: 0.8591
Mean IoU: 0.5421

2023-06-08 20:55:53,175 INFO Epoch 225, Itrs 13950/30000, Loss=0.097996
2023-06-08 20:55:53,258 INFO 
Current epoch: 226
2023-06-08 20:57:05,102 INFO Epoch 226, Itrs 14000/30000, Loss=0.098837
2023-06-08 20:57:05,103 INFO validation...
2023-06-08 20:57:29,073 INFO 
Overall Acc: 0.9206
Mean Acc: 0.6223
FreqW Acc: 0.8598
Mean IoU: 0.5435

2023-06-08 20:57:43,027 INFO 
Current epoch: 227
2023-06-08 20:58:37,623 INFO Epoch 227, Itrs 14050/30000, Loss=0.100020
2023-06-08 20:59:11,292 INFO 
Current epoch: 228
2023-06-08 20:59:48,950 INFO Epoch 228, Itrs 14100/30000, Loss=0.097378
2023-06-08 20:59:48,951 INFO validation...
2023-06-08 21:00:13,928 INFO 
Overall Acc: 0.9190
Mean Acc: 0.6113
FreqW Acc: 0.8572
Mean IoU: 0.5342

2023-06-08 21:01:00,546 INFO 
Current epoch: 229
2023-06-08 21:01:21,472 INFO Epoch 229, Itrs 14150/30000, Loss=0.098879
2023-06-08 21:02:30,056 INFO 
Current epoch: 230
2023-06-08 21:02:33,849 INFO Epoch 230, Itrs 14200/30000, Loss=0.098751
2023-06-08 21:02:33,849 INFO validation...
2023-06-08 21:02:57,675 INFO 
Overall Acc: 0.9198
Mean Acc: 0.6205
FreqW Acc: 0.8589
Mean IoU: 0.5408

2023-06-08 21:04:03,149 INFO Epoch 230, Itrs 14250/30000, Loss=0.098294
2023-06-08 21:04:17,671 INFO 
Current epoch: 231
2023-06-08 21:05:15,459 INFO Epoch 231, Itrs 14300/30000, Loss=0.098762
2023-06-08 21:05:15,460 INFO validation...
2023-06-08 21:05:38,982 INFO 
Overall Acc: 0.9189
Mean Acc: 0.6264
FreqW Acc: 0.8580
Mean IoU: 0.5412

2023-06-08 21:06:05,793 INFO 
Current epoch: 232
2023-06-08 21:06:46,745 INFO Epoch 232, Itrs 14350/30000, Loss=0.099276
2023-06-08 21:07:34,237 INFO 
Current epoch: 233
2023-06-08 21:07:58,033 INFO Epoch 233, Itrs 14400/30000, Loss=0.097614
2023-06-08 21:07:58,033 INFO validation...
2023-06-08 21:08:21,901 INFO 
Overall Acc: 0.9194
Mean Acc: 0.6094
FreqW Acc: 0.8578
Mean IoU: 0.5339

2023-06-08 21:09:22,029 INFO 
Current epoch: 234
2023-06-08 21:09:28,603 INFO Epoch 234, Itrs 14450/30000, Loss=0.098552
2023-06-08 21:10:40,252 INFO Epoch 234, Itrs 14500/30000, Loss=0.098243
2023-06-08 21:10:40,253 INFO validation...
2023-06-08 21:11:04,633 INFO 
Overall Acc: 0.9204
Mean Acc: 0.6220
FreqW Acc: 0.8597
Mean IoU: 0.5431

2023-06-08 21:11:11,013 INFO 
Current epoch: 235
2023-06-08 21:12:11,597 INFO Epoch 235, Itrs 14550/30000, Loss=0.099175
2023-06-08 21:12:39,826 INFO 
Current epoch: 236
2023-06-08 21:13:22,914 INFO Epoch 236, Itrs 14600/30000, Loss=0.098119
2023-06-08 21:13:22,914 INFO validation...
2023-06-08 21:13:47,158 INFO 
Overall Acc: 0.9194
Mean Acc: 0.6199
FreqW Acc: 0.8580
Mean IoU: 0.5409

2023-06-08 21:14:27,138 INFO 
Current epoch: 237
2023-06-08 21:14:54,197 INFO Epoch 237, Itrs 14650/30000, Loss=0.098983
2023-06-08 21:15:57,349 INFO 
Current epoch: 238
2023-06-08 21:16:06,975 INFO Epoch 238, Itrs 14700/30000, Loss=0.096681
2023-06-08 21:16:06,976 INFO validation...
2023-06-08 21:16:30,167 INFO 
Overall Acc: 0.9200
Mean Acc: 0.6154
FreqW Acc: 0.8586
Mean IoU: 0.5396

2023-06-08 21:17:37,004 INFO Epoch 238, Itrs 14750/30000, Loss=0.096084
2023-06-08 21:17:45,504 INFO 
Current epoch: 239
2023-06-08 21:18:49,207 INFO Epoch 239, Itrs 14800/30000, Loss=0.097308
2023-06-08 21:18:49,208 INFO validation...
2023-06-08 21:19:12,632 INFO 
Overall Acc: 0.9197
Mean Acc: 0.6196
FreqW Acc: 0.8584
Mean IoU: 0.5438

2023-06-08 21:19:33,098 INFO 
Current epoch: 240
2023-06-08 21:20:19,743 INFO Epoch 240, Itrs 14850/30000, Loss=0.097726
2023-06-08 21:21:02,210 INFO 
Current epoch: 241
2023-06-08 21:21:33,486 INFO Epoch 241, Itrs 14900/30000, Loss=0.097553
2023-06-08 21:21:33,487 INFO validation...
2023-06-08 21:21:57,732 INFO 
Overall Acc: 0.9196
Mean Acc: 0.6231
FreqW Acc: 0.8584
Mean IoU: 0.5442

2023-06-08 21:22:53,244 INFO 
Current epoch: 242
2023-06-08 21:23:05,755 INFO Epoch 242, Itrs 14950/30000, Loss=0.096753
2023-06-08 21:24:17,732 INFO Epoch 242, Itrs 15000/30000, Loss=0.096701
2023-06-08 21:24:17,733 INFO validation...
2023-06-08 21:24:41,635 INFO 
Overall Acc: 0.9193
Mean Acc: 0.6118
FreqW Acc: 0.8575
Mean IoU: 0.5344

2023-06-08 21:24:43,116 INFO 
Current epoch: 243
2023-06-08 21:25:48,833 INFO Epoch 243, Itrs 15050/30000, Loss=0.096801
2023-06-08 21:26:11,666 INFO 
Current epoch: 244
2023-06-08 21:27:02,852 INFO Epoch 244, Itrs 15100/30000, Loss=0.097353
2023-06-08 21:27:02,853 INFO validation...
2023-06-08 21:27:28,702 INFO 
Overall Acc: 0.9190
Mean Acc: 0.6248
FreqW Acc: 0.8576
Mean IoU: 0.5416

2023-06-08 21:28:04,381 INFO 
Current epoch: 245
2023-06-08 21:28:37,981 INFO Epoch 245, Itrs 15150/30000, Loss=0.097110
2023-06-08 21:29:34,954 INFO 
Current epoch: 246
2023-06-08 21:29:50,857 INFO Epoch 246, Itrs 15200/30000, Loss=0.097440
2023-06-08 21:29:50,857 INFO validation...
2023-06-08 21:30:15,805 INFO 
Overall Acc: 0.9196
Mean Acc: 0.6212
FreqW Acc: 0.8589
Mean IoU: 0.5403

2023-06-08 21:31:23,496 INFO Epoch 246, Itrs 15250/30000, Loss=0.098179
2023-06-08 21:31:26,437 INFO 
Current epoch: 247
2023-06-08 21:32:37,624 INFO Epoch 247, Itrs 15300/30000, Loss=0.096068
2023-06-08 21:32:37,625 INFO validation...
2023-06-08 21:33:03,199 INFO 
Overall Acc: 0.9191
Mean Acc: 0.6203
FreqW Acc: 0.8578
Mean IoU: 0.5395

2023-06-08 21:33:19,028 INFO 
Current epoch: 248
2023-06-08 21:34:12,456 INFO Epoch 248, Itrs 15350/30000, Loss=0.097989
2023-06-08 21:34:49,605 INFO 
Current epoch: 249
2023-06-08 21:35:25,616 INFO Epoch 249, Itrs 15400/30000, Loss=0.095790
2023-06-08 21:35:25,617 INFO validation...
2023-06-08 21:35:50,358 INFO 
Overall Acc: 0.9198
Mean Acc: 0.6183
FreqW Acc: 0.8585
Mean IoU: 0.5411

2023-06-08 21:36:41,050 INFO 
Current epoch: 250
2023-06-08 21:36:59,457 INFO Epoch 250, Itrs 15450/30000, Loss=0.097707
2023-06-08 21:38:10,551 INFO Epoch 250, Itrs 15500/30000, Loss=0.097214
2023-06-08 21:38:10,551 INFO validation...
2023-06-08 21:38:34,064 INFO 
Overall Acc: 0.9206
Mean Acc: 0.6194
FreqW Acc: 0.8600
Mean IoU: 0.5429

2023-06-08 21:38:34,173 INFO 
Current epoch: 251
2023-06-08 21:39:46,488 INFO Epoch 251, Itrs 15550/30000, Loss=0.097642
2023-06-08 21:40:03,768 INFO 
Current epoch: 252
2023-06-08 21:40:58,090 INFO Epoch 252, Itrs 15600/30000, Loss=0.094415
2023-06-08 21:40:58,090 INFO validation...
2023-06-08 21:41:21,237 INFO 
Overall Acc: 0.9180
Mean Acc: 0.6087
FreqW Acc: 0.8557
Mean IoU: 0.5333

2023-06-08 21:41:50,620 INFO 
Current epoch: 253
2023-06-08 21:42:28,758 INFO Epoch 253, Itrs 15650/30000, Loss=0.095794
2023-06-08 21:43:20,089 INFO 
Current epoch: 254
2023-06-08 21:43:40,774 INFO Epoch 254, Itrs 15700/30000, Loss=0.096196
2023-06-08 21:43:40,775 INFO validation...
2023-06-08 21:44:04,011 INFO 
Overall Acc: 0.9191
Mean Acc: 0.6184
FreqW Acc: 0.8575
Mean IoU: 0.5402

2023-06-08 21:45:08,634 INFO 
Current epoch: 255
2023-06-08 21:45:12,489 INFO Epoch 255, Itrs 15750/30000, Loss=0.096162
2023-06-08 21:46:23,924 INFO Epoch 255, Itrs 15800/30000, Loss=0.095604
2023-06-08 21:46:23,925 INFO validation...
2023-06-08 21:46:47,877 INFO 
Overall Acc: 0.9192
Mean Acc: 0.6234
FreqW Acc: 0.8584
Mean IoU: 0.5414

2023-06-08 21:46:57,492 INFO 
Current epoch: 256
2023-06-08 21:47:55,895 INFO Epoch 256, Itrs 15850/30000, Loss=0.094616
2023-06-08 21:48:27,648 INFO 
Current epoch: 257
2023-06-08 21:49:09,501 INFO Epoch 257, Itrs 15900/30000, Loss=0.095611
2023-06-08 21:49:09,502 INFO validation...
2023-06-08 21:49:34,274 INFO 
Overall Acc: 0.9189
Mean Acc: 0.6024
FreqW Acc: 0.8567
Mean IoU: 0.5319

2023-06-08 21:50:18,699 INFO 
Current epoch: 258
2023-06-08 21:50:42,799 INFO Epoch 258, Itrs 15950/30000, Loss=0.097862
2023-06-08 21:51:47,797 INFO 
Current epoch: 259
2023-06-08 21:51:53,985 INFO Epoch 259, Itrs 16000/30000, Loss=0.096247
2023-06-08 21:51:53,986 INFO validation...
2023-06-08 21:52:18,403 INFO 
Overall Acc: 0.9189
Mean Acc: 0.6205
FreqW Acc: 0.8567
Mean IoU: 0.5427

2023-06-08 21:53:27,385 INFO Epoch 259, Itrs 16050/30000, Loss=0.096026
2023-06-08 21:53:39,438 INFO 
Current epoch: 260
2023-06-08 21:54:44,763 INFO Epoch 260, Itrs 16100/30000, Loss=0.093815
2023-06-08 21:54:44,763 INFO validation...
2023-06-08 21:55:09,435 INFO 
Overall Acc: 0.9193
Mean Acc: 0.6174
FreqW Acc: 0.8576
Mean IoU: 0.5403

2023-06-08 21:55:34,787 INFO 
Current epoch: 261
2023-06-08 21:56:20,972 INFO Epoch 261, Itrs 16150/30000, Loss=0.096067
2023-06-08 21:57:07,773 INFO 
Current epoch: 262
2023-06-08 21:57:35,809 INFO Epoch 262, Itrs 16200/30000, Loss=0.096793
2023-06-08 21:57:35,810 INFO validation...
2023-06-08 21:58:00,277 INFO 
Overall Acc: 0.9201
Mean Acc: 0.6225
FreqW Acc: 0.8590
Mean IoU: 0.5450

2023-06-08 21:58:59,137 INFO 
Current epoch: 263
2023-06-08 21:59:08,811 INFO Epoch 263, Itrs 16250/30000, Loss=0.095069
2023-06-08 22:00:21,615 INFO Epoch 263, Itrs 16300/30000, Loss=0.096024
2023-06-08 22:00:21,615 INFO validation...
2023-06-08 22:00:46,936 INFO 
Overall Acc: 0.9181
Mean Acc: 0.6230
FreqW Acc: 0.8560
Mean IoU: 0.5401

2023-06-08 22:00:50,720 INFO 
Current epoch: 264
2023-06-08 22:01:55,989 INFO Epoch 264, Itrs 16350/30000, Loss=0.095263
2023-06-08 22:02:23,211 INFO 
Current epoch: 265
2023-06-08 22:03:11,269 INFO Epoch 265, Itrs 16400/30000, Loss=0.095315
2023-06-08 22:03:11,269 INFO validation...
2023-06-08 22:03:35,360 INFO 
Overall Acc: 0.9185
Mean Acc: 0.6156
FreqW Acc: 0.8564
Mean IoU: 0.5366

2023-06-08 22:04:13,357 INFO 
Current epoch: 266
2023-06-08 22:04:43,171 INFO Epoch 266, Itrs 16450/30000, Loss=0.097136
2023-06-08 22:05:45,114 INFO 
Current epoch: 267
2023-06-08 22:05:57,759 INFO Epoch 267, Itrs 16500/30000, Loss=0.093981
2023-06-08 22:05:57,760 INFO validation...
2023-06-08 22:06:22,518 INFO 
Overall Acc: 0.9190
Mean Acc: 0.6243
FreqW Acc: 0.8570
Mean IoU: 0.5442

2023-06-08 22:07:31,992 INFO Epoch 267, Itrs 16550/30000, Loss=0.094474
2023-06-08 22:07:37,899 INFO 
Current epoch: 268
2023-06-08 22:08:47,178 INFO Epoch 268, Itrs 16600/30000, Loss=0.093228
2023-06-08 22:08:47,179 INFO validation...
2023-06-08 22:09:13,066 INFO 
Overall Acc: 0.9194
Mean Acc: 0.6145
FreqW Acc: 0.8573
Mean IoU: 0.5416

2023-06-08 22:09:31,292 INFO 
Current epoch: 269
2023-06-08 22:10:23,219 INFO Epoch 269, Itrs 16650/30000, Loss=0.095537
2023-06-08 22:11:04,819 INFO 
Current epoch: 270
2023-06-08 22:11:37,897 INFO Epoch 270, Itrs 16700/30000, Loss=0.093350
2023-06-08 22:11:37,898 INFO validation...
2023-06-08 22:12:02,379 INFO 
Overall Acc: 0.9189
Mean Acc: 0.6081
FreqW Acc: 0.8566
Mean IoU: 0.5326

2023-06-08 22:12:56,519 INFO 
Current epoch: 271
2023-06-08 22:13:13,331 INFO Epoch 271, Itrs 16750/30000, Loss=0.096006
2023-06-08 22:14:24,809 INFO Epoch 271, Itrs 16800/30000, Loss=0.094702
2023-06-08 22:14:24,809 INFO validation...
2023-06-08 22:14:49,141 INFO 
Overall Acc: 0.9180
Mean Acc: 0.6287
FreqW Acc: 0.8563
Mean IoU: 0.5419

2023-06-08 22:14:49,468 INFO 
Current epoch: 272
2023-06-08 22:16:00,379 INFO Epoch 272, Itrs 16850/30000, Loss=0.094676
2023-06-08 22:16:20,473 INFO 
Current epoch: 273
2023-06-08 22:17:13,511 INFO Epoch 273, Itrs 16900/30000, Loss=0.094365
2023-06-08 22:17:13,512 INFO validation...
2023-06-08 22:17:39,045 INFO 
Overall Acc: 0.9196
Mean Acc: 0.6244
FreqW Acc: 0.8580
Mean IoU: 0.5455

2023-06-08 22:18:12,034 INFO 
Current epoch: 274
2023-06-08 22:18:48,837 INFO Epoch 274, Itrs 16950/30000, Loss=0.095106
2023-06-08 22:19:43,717 INFO 
Current epoch: 275
2023-06-08 22:20:01,487 INFO Epoch 275, Itrs 17000/30000, Loss=0.093921
2023-06-08 22:20:01,488 INFO validation...
2023-06-08 22:20:24,944 INFO 
Overall Acc: 0.9187
Mean Acc: 0.6018
FreqW Acc: 0.8564
Mean IoU: 0.5282

