2023-06-08 14:36:37,813 INFO Device: cuda
2023-06-08 14:36:37,815 INFO Random Seed: 1 

2023-06-08 14:36:37,815 INFO Options: {'aug_json': '/mnt/raid/home/eyal_michaeli/datasets/cityscapes/aug_json_files/cityscapes/ip2p/cs_ip2p_2x_constant_instructions_image_w_1.5_filtered_lpips_0.1_0.48.json',
 'aug_sample_ratio': 0.1,
 'batch_size': 32,
 'ckpt': None,
 'continue_training': False,
 'crop_size': 256,
 'crop_val': False,
 'data_root': '/mnt/raid/home/eyal_michaeli/datasets/cityscapes',
 'dataset': 'cityscapes',
 'download': False,
 'gpu_id': '3',
 'logdir': 'logs/2023_0608_1436_37_cs_subset_2k_aug_ratio_0.1_cs_ip2p_2x_constant_instructions_image_w_1.5_lpips_filter_0.1_0.48',
 'loss_type': 'cross_entropy',
 'lr': 0.2,
 'lr_policy': 'poly',
 'model': 'deeplabv3plus_mobilenet',
 'num_classes': 19,
 'output_stride': 16,
 'print_interval': 50,
 'random_seed': 1,
 'save_val_results': True,
 'separable_conv': False,
 'step_size': 10000,
 'test_only': False,
 'total_itrs': 30000.0,
 'train_sample_ratio': 0.67,
 'val_batch_size': 4,
 'val_interval': 100,
 'weight_decay': 0.0001,
 'year': '2012'}
2023-06-08 14:36:37,828 INFO Found 2975 train images
2023-06-08 14:36:37,829 INFO Found 2975 train targets
2023-06-08 14:36:37,829 INFO With ratio 0.67, using only 1993 images for training, out of 1993
2023-06-08 14:36:37,833 INFO Using augmented images with ratio 0.1
2023-06-08 14:36:37,833 INFO Number of augmented images: 2975
2023-06-08 14:36:37,833 INFO json file: /mnt/raid/home/eyal_michaeli/datasets/cityscapes/aug_json_files/cityscapes/ip2p/cs_ip2p_2x_constant_instructions_image_w_1.5_filtered_lpips_0.1_0.48.json
2023-06-08 14:36:37,835 INFO Found 500 val images
2023-06-08 14:36:37,835 INFO Found 500 val targets
2023-06-08 14:36:37,835 INFO Not using augmented images
2023-06-08 14:36:37,836 INFO Dataset: cityscapes, Train set: 1993, Val set: 500
2023-06-08 14:36:37,973 INFO [!] Training from scratch, no checkpoint file used
2023-06-08 14:36:39,328 INFO 
Current epoch: 1
2023-06-08 14:36:44,773 INFO validation...
2023-06-08 14:37:09,271 INFO 
Overall Acc: 0.2127
Mean Acc: 0.0567
FreqW Acc: 0.0669
Mean IoU: 0.0180

2023-06-08 14:37:09,354 INFO Model saved as logs/2023_0608_1436_37_cs_subset_2k_aug_ratio_0.1_cs_ip2p_2x_constant_instructions_image_w_1.5_lpips_filter_0.1_0.48/checkpoints/best_deeplabv3plus_mobilenet_cityscapes_os16_iter1_epoch1_miou0.0180.pth
2023-06-08 14:38:17,870 INFO Epoch 1, Itrs 50/30000, Loss=0.743176
2023-06-08 14:38:35,609 INFO 
Current epoch: 2
2023-06-08 14:39:30,600 INFO Epoch 2, Itrs 100/30000, Loss=0.434105
2023-06-08 14:39:30,601 INFO validation...
2023-06-08 14:39:53,569 INFO 
Overall Acc: 0.8358
Mean Acc: 0.3493
FreqW Acc: 0.7232
Mean IoU: 0.2770

2023-06-08 14:39:53,650 INFO Model saved as logs/2023_0608_1436_37_cs_subset_2k_aug_ratio_0.1_cs_ip2p_2x_constant_instructions_image_w_1.5_lpips_filter_0.1_0.48/checkpoints/best_deeplabv3plus_mobilenet_cityscapes_os16_iter100_epoch2_miou0.2770.pth
2023-06-08 14:40:24,735 INFO 
Current epoch: 3
2023-06-08 14:41:02,259 INFO Epoch 3, Itrs 150/30000, Loss=0.359069
2023-06-08 14:41:54,837 INFO 
Current epoch: 4
2023-06-08 14:42:15,873 INFO Epoch 4, Itrs 200/30000, Loss=0.330660
2023-06-08 14:42:15,873 INFO validation...
2023-06-08 14:42:39,040 INFO 
Overall Acc: 0.8622
Mean Acc: 0.3802
FreqW Acc: 0.7599
Mean IoU: 0.3294

2023-06-08 14:42:39,111 INFO Model saved as logs/2023_0608_1436_37_cs_subset_2k_aug_ratio_0.1_cs_ip2p_2x_constant_instructions_image_w_1.5_lpips_filter_0.1_0.48/checkpoints/best_deeplabv3plus_mobilenet_cityscapes_os16_iter200_epoch4_miou0.3294.pth
2023-06-08 14:43:43,391 INFO 
Current epoch: 5
2023-06-08 14:43:46,913 INFO Epoch 5, Itrs 250/30000, Loss=0.316421
2023-06-08 14:44:58,760 INFO Epoch 5, Itrs 300/30000, Loss=0.293837
2023-06-08 14:44:58,761 INFO validation...
2023-06-08 14:45:22,272 INFO 
Overall Acc: 0.8840
Mean Acc: 0.4520
FreqW Acc: 0.8001
Mean IoU: 0.3909

2023-06-08 14:45:22,354 INFO Model saved as logs/2023_0608_1436_37_cs_subset_2k_aug_ratio_0.1_cs_ip2p_2x_constant_instructions_image_w_1.5_lpips_filter_0.1_0.48/checkpoints/best_deeplabv3plus_mobilenet_cityscapes_os16_iter300_epoch5_miou0.3909.pth
2023-06-08 14:45:32,450 INFO 
Current epoch: 6
2023-06-08 14:46:29,812 INFO Epoch 6, Itrs 350/30000, Loss=0.280192
2023-06-08 14:47:00,776 INFO 
Current epoch: 7
2023-06-08 14:47:40,557 INFO Epoch 7, Itrs 400/30000, Loss=0.270063
2023-06-08 14:47:40,558 INFO validation...
2023-06-08 14:48:03,867 INFO 
Overall Acc: 0.8820
Mean Acc: 0.4808
FreqW Acc: 0.7998
Mean IoU: 0.4035

2023-06-08 14:48:03,954 INFO Model saved as logs/2023_0608_1436_37_cs_subset_2k_aug_ratio_0.1_cs_ip2p_2x_constant_instructions_image_w_1.5_lpips_filter_0.1_0.48/checkpoints/best_deeplabv3plus_mobilenet_cityscapes_os16_iter400_epoch7_miou0.4035.pth
2023-06-08 14:48:47,759 INFO 
Current epoch: 8
2023-06-08 14:49:10,784 INFO Epoch 8, Itrs 450/30000, Loss=0.262279
2023-06-08 14:50:16,595 INFO 
Current epoch: 9
2023-06-08 14:50:22,548 INFO Epoch 9, Itrs 500/30000, Loss=0.252402
2023-06-08 14:50:22,549 INFO validation...
2023-06-08 14:50:45,809 INFO 
Overall Acc: 0.8950
Mean Acc: 0.5264
FreqW Acc: 0.8192
Mean IoU: 0.4437

2023-06-08 14:50:45,897 INFO Model saved as logs/2023_0608_1436_37_cs_subset_2k_aug_ratio_0.1_cs_ip2p_2x_constant_instructions_image_w_1.5_lpips_filter_0.1_0.48/checkpoints/best_deeplabv3plus_mobilenet_cityscapes_os16_iter500_epoch9_miou0.4437.pth
2023-06-08 14:51:52,953 INFO Epoch 9, Itrs 550/30000, Loss=0.251497
2023-06-08 14:52:04,799 INFO 
Current epoch: 10
2023-06-08 14:53:05,232 INFO Epoch 10, Itrs 600/30000, Loss=0.253025
2023-06-08 14:53:05,232 INFO validation...
2023-06-08 14:53:29,621 INFO 
Overall Acc: 0.8915
Mean Acc: 0.5253
FreqW Acc: 0.8135
Mean IoU: 0.4456

2023-06-08 14:53:29,702 INFO Model saved as logs/2023_0608_1436_37_cs_subset_2k_aug_ratio_0.1_cs_ip2p_2x_constant_instructions_image_w_1.5_lpips_filter_0.1_0.48/checkpoints/best_deeplabv3plus_mobilenet_cityscapes_os16_iter600_epoch10_miou0.4456.pth
2023-06-08 14:53:54,420 INFO 
Current epoch: 11
2023-06-08 14:54:38,333 INFO Epoch 11, Itrs 650/30000, Loss=0.245649
2023-06-08 14:55:23,490 INFO 
Current epoch: 12
2023-06-08 14:55:49,644 INFO Epoch 12, Itrs 700/30000, Loss=0.242586
2023-06-08 14:55:49,644 INFO validation...
2023-06-08 14:56:14,715 INFO 
Overall Acc: 0.8999
Mean Acc: 0.5413
FreqW Acc: 0.8269
Mean IoU: 0.4590

2023-06-08 14:56:14,797 INFO Model saved as logs/2023_0608_1436_37_cs_subset_2k_aug_ratio_0.1_cs_ip2p_2x_constant_instructions_image_w_1.5_lpips_filter_0.1_0.48/checkpoints/best_deeplabv3plus_mobilenet_cityscapes_os16_iter700_epoch12_miou0.4590.pth
2023-06-08 14:57:13,347 INFO 
Current epoch: 13
2023-06-08 14:57:22,379 INFO Epoch 13, Itrs 750/30000, Loss=0.235355
2023-06-08 14:58:32,566 INFO Epoch 13, Itrs 800/30000, Loss=0.231388
2023-06-08 14:58:32,567 INFO validation...
2023-06-08 14:58:56,078 INFO 
Overall Acc: 0.9011
Mean Acc: 0.5214
FreqW Acc: 0.8284
Mean IoU: 0.4519

2023-06-08 14:59:00,725 INFO 
Current epoch: 14
2023-06-08 15:00:03,896 INFO Epoch 14, Itrs 850/30000, Loss=0.223788
2023-06-08 15:00:29,189 INFO 
Current epoch: 15
2023-06-08 15:01:15,618 INFO Epoch 15, Itrs 900/30000, Loss=0.224443
2023-06-08 15:01:15,618 INFO validation...
2023-06-08 15:01:39,036 INFO 
Overall Acc: 0.9021
Mean Acc: 0.5614
FreqW Acc: 0.8323
Mean IoU: 0.4742

2023-06-08 15:01:39,124 INFO Model saved as logs/2023_0608_1436_37_cs_subset_2k_aug_ratio_0.1_cs_ip2p_2x_constant_instructions_image_w_1.5_lpips_filter_0.1_0.48/checkpoints/best_deeplabv3plus_mobilenet_cityscapes_os16_iter900_epoch15_miou0.4742.pth
2023-06-08 15:02:16,849 INFO 
Current epoch: 16
2023-06-08 15:02:46,424 INFO Epoch 16, Itrs 950/30000, Loss=0.216402
2023-06-08 15:03:45,399 INFO 
Current epoch: 17
2023-06-08 15:03:57,324 INFO Epoch 17, Itrs 1000/30000, Loss=0.217097
2023-06-08 15:03:57,325 INFO validation...
2023-06-08 15:04:20,962 INFO 
Overall Acc: 0.9022
Mean Acc: 0.5803
FreqW Acc: 0.8330
Mean IoU: 0.4868

2023-06-08 15:04:21,032 INFO Model saved as logs/2023_0608_1436_37_cs_subset_2k_aug_ratio_0.1_cs_ip2p_2x_constant_instructions_image_w_1.5_lpips_filter_0.1_0.48/checkpoints/best_deeplabv3plus_mobilenet_cityscapes_os16_iter1000_epoch17_miou0.4868.pth
2023-06-08 15:05:27,772 INFO Epoch 17, Itrs 1050/30000, Loss=0.213242
2023-06-08 15:05:33,388 INFO 
Current epoch: 18
2023-06-08 15:06:38,397 INFO Epoch 18, Itrs 1100/30000, Loss=0.211690
2023-06-08 15:06:38,398 INFO validation...
2023-06-08 15:07:01,370 INFO 
Overall Acc: 0.9028
Mean Acc: 0.5486
FreqW Acc: 0.8325
Mean IoU: 0.4704

2023-06-08 15:07:19,225 INFO 
Current epoch: 19
2023-06-08 15:08:07,877 INFO Epoch 19, Itrs 1150/30000, Loss=0.208751
2023-06-08 15:08:48,281 INFO 
Current epoch: 20
2023-06-08 15:09:19,460 INFO Epoch 20, Itrs 1200/30000, Loss=0.200588
2023-06-08 15:09:19,461 INFO validation...
2023-06-08 15:09:43,367 INFO 
Overall Acc: 0.9072
Mean Acc: 0.5823
FreqW Acc: 0.8388
Mean IoU: 0.5000

2023-06-08 15:09:43,451 INFO Model saved as logs/2023_0608_1436_37_cs_subset_2k_aug_ratio_0.1_cs_ip2p_2x_constant_instructions_image_w_1.5_lpips_filter_0.1_0.48/checkpoints/best_deeplabv3plus_mobilenet_cityscapes_os16_iter1200_epoch20_miou0.5000.pth
2023-06-08 15:10:35,305 INFO 
Current epoch: 21
2023-06-08 15:10:49,660 INFO Epoch 21, Itrs 1250/30000, Loss=0.203416
2023-06-08 15:12:01,311 INFO Epoch 21, Itrs 1300/30000, Loss=0.200265
2023-06-08 15:12:01,312 INFO validation...
2023-06-08 15:12:24,629 INFO 
Overall Acc: 0.9096
Mean Acc: 0.5718
FreqW Acc: 0.8421
Mean IoU: 0.4938

2023-06-08 15:12:24,958 INFO 
Current epoch: 22
2023-06-08 15:13:33,189 INFO Epoch 22, Itrs 1350/30000, Loss=0.196676
2023-06-08 15:13:53,263 INFO 
Current epoch: 23
2023-06-08 15:14:44,287 INFO Epoch 23, Itrs 1400/30000, Loss=0.194601
2023-06-08 15:14:44,287 INFO validation...
2023-06-08 15:15:07,934 INFO 
Overall Acc: 0.9085
Mean Acc: 0.5764
FreqW Acc: 0.8394
Mean IoU: 0.4973

2023-06-08 15:15:39,263 INFO 
Current epoch: 24
2023-06-08 15:16:13,912 INFO Epoch 24, Itrs 1450/30000, Loss=0.193164
2023-06-08 15:17:06,985 INFO 
Current epoch: 25
2023-06-08 15:17:25,405 INFO Epoch 25, Itrs 1500/30000, Loss=0.192392
2023-06-08 15:17:25,406 INFO validation...
2023-06-08 15:17:49,168 INFO 
Overall Acc: 0.9043
Mean Acc: 0.5737
FreqW Acc: 0.8354
Mean IoU: 0.4847

2023-06-08 15:18:55,890 INFO Epoch 25, Itrs 1550/30000, Loss=0.192961
2023-06-08 15:18:55,982 INFO 
Current epoch: 26
2023-06-08 15:20:06,422 INFO Epoch 26, Itrs 1600/30000, Loss=0.185125
2023-06-08 15:20:06,423 INFO validation...
2023-06-08 15:20:30,308 INFO 
Overall Acc: 0.9104
Mean Acc: 0.5833
FreqW Acc: 0.8438
Mean IoU: 0.5047

2023-06-08 15:20:30,395 INFO Model saved as logs/2023_0608_1436_37_cs_subset_2k_aug_ratio_0.1_cs_ip2p_2x_constant_instructions_image_w_1.5_lpips_filter_0.1_0.48/checkpoints/best_deeplabv3plus_mobilenet_cityscapes_os16_iter1600_epoch26_miou0.5047.pth
2023-06-08 15:20:42,331 INFO 
Current epoch: 27
2023-06-08 15:21:37,087 INFO Epoch 27, Itrs 1650/30000, Loss=0.187859
2023-06-08 15:22:10,495 INFO 
Current epoch: 28
2023-06-08 15:22:48,720 INFO Epoch 28, Itrs 1700/30000, Loss=0.186523
2023-06-08 15:22:48,721 INFO validation...
2023-06-08 15:23:12,690 INFO 
Overall Acc: 0.9118
Mean Acc: 0.5940
FreqW Acc: 0.8461
Mean IoU: 0.5084

2023-06-08 15:23:12,782 INFO Model saved as logs/2023_0608_1436_37_cs_subset_2k_aug_ratio_0.1_cs_ip2p_2x_constant_instructions_image_w_1.5_lpips_filter_0.1_0.48/checkpoints/best_deeplabv3plus_mobilenet_cityscapes_os16_iter1700_epoch28_miou0.5084.pth
2023-06-08 15:23:58,055 INFO 
Current epoch: 29
2023-06-08 15:24:18,628 INFO Epoch 29, Itrs 1750/30000, Loss=0.184414
2023-06-08 15:25:25,554 INFO 
Current epoch: 30
2023-06-08 15:25:29,111 INFO Epoch 30, Itrs 1800/30000, Loss=0.183693
2023-06-08 15:25:29,112 INFO validation...
2023-06-08 15:25:51,808 INFO 
Overall Acc: 0.9115
Mean Acc: 0.5815
FreqW Acc: 0.8456
Mean IoU: 0.5009

2023-06-08 15:26:58,303 INFO Epoch 30, Itrs 1850/30000, Loss=0.177916
2023-06-08 15:27:12,405 INFO 
Current epoch: 31
2023-06-08 15:28:10,261 INFO Epoch 31, Itrs 1900/30000, Loss=0.178569
2023-06-08 15:28:10,262 INFO validation...
2023-06-08 15:28:33,671 INFO 
Overall Acc: 0.9112
Mean Acc: 0.5940
FreqW Acc: 0.8434
Mean IoU: 0.5139

2023-06-08 15:28:33,755 INFO Model saved as logs/2023_0608_1436_37_cs_subset_2k_aug_ratio_0.1_cs_ip2p_2x_constant_instructions_image_w_1.5_lpips_filter_0.1_0.48/checkpoints/best_deeplabv3plus_mobilenet_cityscapes_os16_iter1900_epoch31_miou0.5139.pth
2023-06-08 15:28:59,722 INFO 
Current epoch: 32
2023-06-08 15:29:40,843 INFO Epoch 32, Itrs 1950/30000, Loss=0.181896
2023-06-08 15:30:28,483 INFO 
Current epoch: 33
2023-06-08 15:30:51,579 INFO Epoch 33, Itrs 2000/30000, Loss=0.177534
2023-06-08 15:30:51,580 INFO validation...
2023-06-08 15:31:15,534 INFO 
Overall Acc: 0.9108
Mean Acc: 0.5819
FreqW Acc: 0.8438
Mean IoU: 0.5043

2023-06-08 15:32:15,624 INFO 
Current epoch: 34
2023-06-08 15:32:22,183 INFO Epoch 34, Itrs 2050/30000, Loss=0.176034
2023-06-08 15:33:32,303 INFO Epoch 34, Itrs 2100/30000, Loss=0.177159
2023-06-08 15:33:32,304 INFO validation...
2023-06-08 15:33:55,214 INFO 
Overall Acc: 0.9093
Mean Acc: 0.5762
FreqW Acc: 0.8427
Mean IoU: 0.4966

2023-06-08 15:34:03,319 INFO 
Current epoch: 35
2023-06-08 15:35:04,734 INFO Epoch 35, Itrs 2150/30000, Loss=0.172062
2023-06-08 15:35:33,796 INFO 
Current epoch: 36
2023-06-08 15:36:17,312 INFO Epoch 36, Itrs 2200/30000, Loss=0.171452
2023-06-08 15:36:17,313 INFO validation...
2023-06-08 15:36:41,527 INFO 
Overall Acc: 0.9132
Mean Acc: 0.6062
FreqW Acc: 0.8489
Mean IoU: 0.5198

2023-06-08 15:36:41,614 INFO Model saved as logs/2023_0608_1436_37_cs_subset_2k_aug_ratio_0.1_cs_ip2p_2x_constant_instructions_image_w_1.5_lpips_filter_0.1_0.48/checkpoints/best_deeplabv3plus_mobilenet_cityscapes_os16_iter2200_epoch36_miou0.5198.pth
2023-06-08 15:37:22,624 INFO 
Current epoch: 37
2023-06-08 15:37:48,950 INFO Epoch 37, Itrs 2250/30000, Loss=0.171120
2023-06-08 15:38:54,716 INFO 
Current epoch: 38
2023-06-08 15:39:04,753 INFO Epoch 38, Itrs 2300/30000, Loss=0.167672
2023-06-08 15:39:04,754 INFO validation...
2023-06-08 15:39:28,129 INFO 
Overall Acc: 0.9145
Mean Acc: 0.5984
FreqW Acc: 0.8501
Mean IoU: 0.5189

2023-06-08 15:40:35,839 INFO Epoch 38, Itrs 2350/30000, Loss=0.166322
2023-06-08 15:40:44,495 INFO 
Current epoch: 39
2023-06-08 15:41:50,469 INFO Epoch 39, Itrs 2400/30000, Loss=0.165297
2023-06-08 15:41:50,469 INFO validation...
2023-06-08 15:42:15,023 INFO 
Overall Acc: 0.9125
Mean Acc: 0.5874
FreqW Acc: 0.8464
Mean IoU: 0.5095

2023-06-08 15:42:36,837 INFO 
Current epoch: 40
2023-06-08 15:43:23,917 INFO Epoch 40, Itrs 2450/30000, Loss=0.165469
2023-06-08 15:44:07,266 INFO 
Current epoch: 41
2023-06-08 15:44:36,168 INFO Epoch 41, Itrs 2500/30000, Loss=0.161951
2023-06-08 15:44:36,169 INFO validation...
2023-06-08 15:45:00,896 INFO 
Overall Acc: 0.9141
Mean Acc: 0.6145
FreqW Acc: 0.8495
Mean IoU: 0.5259

2023-06-08 15:45:00,984 INFO Model saved as logs/2023_0608_1436_37_cs_subset_2k_aug_ratio_0.1_cs_ip2p_2x_constant_instructions_image_w_1.5_lpips_filter_0.1_0.48/checkpoints/best_deeplabv3plus_mobilenet_cityscapes_os16_iter2500_epoch41_miou0.5259.pth
2023-06-08 15:45:55,809 INFO 
Current epoch: 42
2023-06-08 15:46:08,159 INFO Epoch 42, Itrs 2550/30000, Loss=0.168591
2023-06-08 15:47:18,966 INFO Epoch 42, Itrs 2600/30000, Loss=0.165130
2023-06-08 15:47:18,966 INFO validation...
2023-06-08 15:47:42,331 INFO 
Overall Acc: 0.9131
Mean Acc: 0.5871
FreqW Acc: 0.8469
Mean IoU: 0.5137

2023-06-08 15:47:42,909 INFO 
Current epoch: 43
2023-06-08 15:48:49,775 INFO Epoch 43, Itrs 2650/30000, Loss=0.161079
2023-06-08 15:49:13,777 INFO 
Current epoch: 44
2023-06-08 15:50:03,704 INFO Epoch 44, Itrs 2700/30000, Loss=0.163434
2023-06-08 15:50:03,704 INFO validation...
2023-06-08 15:50:28,172 INFO 
Overall Acc: 0.9130
Mean Acc: 0.6010
FreqW Acc: 0.8480
Mean IoU: 0.5165

2023-06-08 15:51:04,629 INFO 
Current epoch: 45
2023-06-08 15:51:38,192 INFO Epoch 45, Itrs 2750/30000, Loss=0.160744
2023-06-08 15:52:34,910 INFO 
Current epoch: 46
2023-06-08 15:52:50,169 INFO Epoch 46, Itrs 2800/30000, Loss=0.159376
2023-06-08 15:52:50,170 INFO validation...
2023-06-08 15:53:14,125 INFO 
Overall Acc: 0.9159
Mean Acc: 0.6185
FreqW Acc: 0.8533
Mean IoU: 0.5320

2023-06-08 15:53:14,210 INFO Model saved as logs/2023_0608_1436_37_cs_subset_2k_aug_ratio_0.1_cs_ip2p_2x_constant_instructions_image_w_1.5_lpips_filter_0.1_0.48/checkpoints/best_deeplabv3plus_mobilenet_cityscapes_os16_iter2800_epoch46_miou0.5320.pth
2023-06-08 15:54:19,780 INFO Epoch 46, Itrs 2850/30000, Loss=0.162596
2023-06-08 15:54:22,672 INFO 
Current epoch: 47
2023-06-08 15:55:32,022 INFO Epoch 47, Itrs 2900/30000, Loss=0.158840
2023-06-08 15:55:32,023 INFO validation...
2023-06-08 15:55:55,855 INFO 
Overall Acc: 0.9142
Mean Acc: 0.6087
FreqW Acc: 0.8492
Mean IoU: 0.5271

2023-06-08 15:56:10,481 INFO 
Current epoch: 48
2023-06-08 15:57:03,711 INFO Epoch 48, Itrs 2950/30000, Loss=0.158402
2023-06-08 15:57:40,507 INFO 
Current epoch: 49
2023-06-08 15:58:15,935 INFO Epoch 49, Itrs 3000/30000, Loss=0.155862
2023-06-08 15:58:15,936 INFO validation...
2023-06-08 15:58:40,298 INFO 
Overall Acc: 0.9160
Mean Acc: 0.6116
FreqW Acc: 0.8524
Mean IoU: 0.5315

2023-06-08 15:59:30,008 INFO 
Current epoch: 50
2023-06-08 15:59:48,591 INFO Epoch 50, Itrs 3050/30000, Loss=0.156227
2023-06-08 16:00:59,063 INFO Epoch 50, Itrs 3100/30000, Loss=0.156421
2023-06-08 16:00:59,063 INFO validation...
2023-06-08 16:01:22,822 INFO 
Overall Acc: 0.9164
Mean Acc: 0.6171
FreqW Acc: 0.8530
Mean IoU: 0.5348

2023-06-08 16:01:22,896 INFO Model saved as logs/2023_0608_1436_37_cs_subset_2k_aug_ratio_0.1_cs_ip2p_2x_constant_instructions_image_w_1.5_lpips_filter_0.1_0.48/checkpoints/best_deeplabv3plus_mobilenet_cityscapes_os16_iter3100_epoch50_miou0.5348.pth
2023-06-08 16:01:23,006 INFO 
Current epoch: 51
2023-06-08 16:02:34,939 INFO Epoch 51, Itrs 3150/30000, Loss=0.155033
2023-06-08 16:02:51,856 INFO 
Current epoch: 52
2023-06-08 16:03:46,742 INFO Epoch 52, Itrs 3200/30000, Loss=0.152295
2023-06-08 16:03:46,742 INFO validation...
2023-06-08 16:04:10,713 INFO 
Overall Acc: 0.9148
Mean Acc: 0.6231
FreqW Acc: 0.8510
Mean IoU: 0.5337

2023-06-08 16:04:39,368 INFO 
Current epoch: 53
2023-06-08 16:05:16,426 INFO Epoch 53, Itrs 3250/30000, Loss=0.156005
2023-06-08 16:06:07,185 INFO 
Current epoch: 54
2023-06-08 16:06:27,581 INFO Epoch 54, Itrs 3300/30000, Loss=0.150691
2023-06-08 16:06:27,581 INFO validation...
2023-06-08 16:06:51,306 INFO 
Overall Acc: 0.9157
Mean Acc: 0.5925
FreqW Acc: 0.8511
Mean IoU: 0.5217

2023-06-08 16:07:57,208 INFO 
Current epoch: 55
2023-06-08 16:08:00,776 INFO Epoch 55, Itrs 3350/30000, Loss=0.151848
2023-06-08 16:09:11,170 INFO Epoch 55, Itrs 3400/30000, Loss=0.152046
2023-06-08 16:09:11,171 INFO validation...
2023-06-08 16:09:35,014 INFO 
Overall Acc: 0.9149
Mean Acc: 0.5955
FreqW Acc: 0.8509
Mean IoU: 0.5210

2023-06-08 16:09:44,366 INFO 
Current epoch: 56
2023-06-08 16:10:42,342 INFO Epoch 56, Itrs 3450/30000, Loss=0.151027
2023-06-08 16:11:13,399 INFO 
Current epoch: 57
2023-06-08 16:11:54,989 INFO Epoch 57, Itrs 3500/30000, Loss=0.152595
2023-06-08 16:11:54,989 INFO validation...
2023-06-08 16:12:19,644 INFO 
Overall Acc: 0.9145
Mean Acc: 0.6052
FreqW Acc: 0.8500
Mean IoU: 0.5263

2023-06-08 16:13:03,131 INFO 
Current epoch: 58
2023-06-08 16:13:26,964 INFO Epoch 58, Itrs 3550/30000, Loss=0.149903
2023-06-08 16:14:32,790 INFO 
Current epoch: 59
2023-06-08 16:14:39,774 INFO Epoch 59, Itrs 3600/30000, Loss=0.150657
2023-06-08 16:14:39,775 INFO validation...
2023-06-08 16:15:03,484 INFO 
Overall Acc: 0.9153
Mean Acc: 0.6256
FreqW Acc: 0.8529
Mean IoU: 0.5376

2023-06-08 16:15:03,580 INFO Model saved as logs/2023_0608_1436_37_cs_subset_2k_aug_ratio_0.1_cs_ip2p_2x_constant_instructions_image_w_1.5_lpips_filter_0.1_0.48/checkpoints/best_deeplabv3plus_mobilenet_cityscapes_os16_iter3600_epoch59_miou0.5376.pth
2023-06-08 16:16:11,829 INFO Epoch 59, Itrs 3650/30000, Loss=0.151558
2023-06-08 16:16:23,393 INFO 
Current epoch: 60
2023-06-08 16:17:23,602 INFO Epoch 60, Itrs 3700/30000, Loss=0.148719
2023-06-08 16:17:23,602 INFO validation...
2023-06-08 16:17:46,723 INFO 
Overall Acc: 0.9172
Mean Acc: 0.6179
FreqW Acc: 0.8548
Mean IoU: 0.5377

2023-06-08 16:17:46,813 INFO Model saved as logs/2023_0608_1436_37_cs_subset_2k_aug_ratio_0.1_cs_ip2p_2x_constant_instructions_image_w_1.5_lpips_filter_0.1_0.48/checkpoints/best_deeplabv3plus_mobilenet_cityscapes_os16_iter3700_epoch60_miou0.5377.pth
2023-06-08 16:18:11,092 INFO 
Current epoch: 61
2023-06-08 16:18:55,995 INFO Epoch 61, Itrs 3750/30000, Loss=0.147375
2023-06-08 16:19:43,017 INFO 
Current epoch: 62
2023-06-08 16:20:10,139 INFO Epoch 62, Itrs 3800/30000, Loss=0.144041
2023-06-08 16:20:10,139 INFO validation...
2023-06-08 16:20:35,359 INFO 
Overall Acc: 0.9174
Mean Acc: 0.6234
FreqW Acc: 0.8557
Mean IoU: 0.5373

2023-06-08 16:21:33,948 INFO 
Current epoch: 63
2023-06-08 16:21:42,825 INFO Epoch 63, Itrs 3850/30000, Loss=0.148132
2023-06-08 16:22:56,370 INFO Epoch 63, Itrs 3900/30000, Loss=0.143799
2023-06-08 16:22:56,371 INFO validation...
2023-06-08 16:23:20,352 INFO 
Overall Acc: 0.9165
Mean Acc: 0.6094
FreqW Acc: 0.8527
Mean IoU: 0.5298

2023-06-08 16:23:24,947 INFO 
Current epoch: 64
2023-06-08 16:24:29,761 INFO Epoch 64, Itrs 3950/30000, Loss=0.143955
2023-06-08 16:24:56,000 INFO 
Current epoch: 65
2023-06-08 16:25:44,291 INFO Epoch 65, Itrs 4000/30000, Loss=0.143643
2023-06-08 16:25:44,292 INFO validation...
2023-06-08 16:26:07,442 INFO 
Overall Acc: 0.9164
Mean Acc: 0.6118
FreqW Acc: 0.8537
Mean IoU: 0.5326

2023-06-08 16:26:45,342 INFO 
Current epoch: 66
2023-06-08 16:27:15,960 INFO Epoch 66, Itrs 4050/30000, Loss=0.144313
2023-06-08 16:28:18,519 INFO 
Current epoch: 67
2023-06-08 16:28:30,975 INFO Epoch 67, Itrs 4100/30000, Loss=0.142662
2023-06-08 16:28:30,976 INFO validation...
2023-06-08 16:28:55,898 INFO 
Overall Acc: 0.9177
Mean Acc: 0.6182
FreqW Acc: 0.8554
Mean IoU: 0.5390

2023-06-08 16:28:55,989 INFO Model saved as logs/2023_0608_1436_37_cs_subset_2k_aug_ratio_0.1_cs_ip2p_2x_constant_instructions_image_w_1.5_lpips_filter_0.1_0.48/checkpoints/best_deeplabv3plus_mobilenet_cityscapes_os16_iter4100_epoch67_miou0.5390.pth
2023-06-08 16:30:04,266 INFO Epoch 67, Itrs 4150/30000, Loss=0.142512
2023-06-08 16:30:10,101 INFO 
Current epoch: 68
2023-06-08 16:31:17,064 INFO Epoch 68, Itrs 4200/30000, Loss=0.141138
2023-06-08 16:31:17,065 INFO validation...
2023-06-08 16:31:41,112 INFO 
Overall Acc: 0.9156
Mean Acc: 0.6130
FreqW Acc: 0.8523
Mean IoU: 0.5286

2023-06-08 16:32:00,226 INFO 
Current epoch: 69
2023-06-08 16:32:51,202 INFO Epoch 69, Itrs 4250/30000, Loss=0.138827
2023-06-08 16:33:31,021 INFO 
Current epoch: 70
2023-06-08 16:34:03,815 INFO Epoch 70, Itrs 4300/30000, Loss=0.139410
2023-06-08 16:34:03,816 INFO validation...
2023-06-08 16:34:28,221 INFO 
Overall Acc: 0.9161
Mean Acc: 0.6117
FreqW Acc: 0.8529
Mean IoU: 0.5331

2023-06-08 16:35:19,694 INFO 
Current epoch: 71
2023-06-08 16:35:35,197 INFO Epoch 71, Itrs 4350/30000, Loss=0.141922
2023-06-08 16:36:47,028 INFO Epoch 71, Itrs 4400/30000, Loss=0.141730
2023-06-08 16:36:47,029 INFO validation...
2023-06-08 16:37:10,350 INFO 
Overall Acc: 0.9167
Mean Acc: 0.6071
FreqW Acc: 0.8533
Mean IoU: 0.5301

2023-06-08 16:37:10,675 INFO 
Current epoch: 72
2023-06-08 16:38:21,270 INFO Epoch 72, Itrs 4450/30000, Loss=0.140242
2023-06-08 16:38:41,318 INFO 
Current epoch: 73
2023-06-08 16:39:35,033 INFO Epoch 73, Itrs 4500/30000, Loss=0.138989
2023-06-08 16:39:35,033 INFO validation...
2023-06-08 16:39:59,272 INFO 
Overall Acc: 0.9177
Mean Acc: 0.6239
FreqW Acc: 0.8557
Mean IoU: 0.5396

2023-06-08 16:39:59,360 INFO Model saved as logs/2023_0608_1436_37_cs_subset_2k_aug_ratio_0.1_cs_ip2p_2x_constant_instructions_image_w_1.5_lpips_filter_0.1_0.48/checkpoints/best_deeplabv3plus_mobilenet_cityscapes_os16_iter4500_epoch73_miou0.5396.pth
2023-06-08 16:40:33,833 INFO 
Current epoch: 74
2023-06-08 16:41:09,872 INFO Epoch 74, Itrs 4550/30000, Loss=0.140441
2023-06-08 16:42:05,909 INFO 
Current epoch: 75
2023-06-08 16:42:23,841 INFO Epoch 75, Itrs 4600/30000, Loss=0.137937
2023-06-08 16:42:23,841 INFO validation...
2023-06-08 16:42:47,213 INFO 
Overall Acc: 0.9172
Mean Acc: 0.6243
FreqW Acc: 0.8547
Mean IoU: 0.5394

2023-06-08 16:43:55,668 INFO Epoch 75, Itrs 4650/30000, Loss=0.136898
2023-06-08 16:43:55,774 INFO 
Current epoch: 76
2023-06-08 16:45:08,982 INFO Epoch 76, Itrs 4700/30000, Loss=0.136400
2023-06-08 16:45:08,983 INFO validation...
2023-06-08 16:45:33,719 INFO 
Overall Acc: 0.9179
Mean Acc: 0.6216
FreqW Acc: 0.8553
Mean IoU: 0.5382

2023-06-08 16:45:46,271 INFO 
Current epoch: 77
2023-06-08 16:46:41,111 INFO Epoch 77, Itrs 4750/30000, Loss=0.132368
2023-06-08 16:47:15,436 INFO 
Current epoch: 78
2023-06-08 16:47:53,675 INFO Epoch 78, Itrs 4800/30000, Loss=0.138366
2023-06-08 16:47:53,676 INFO validation...
2023-06-08 16:48:17,298 INFO 
Overall Acc: 0.9167
Mean Acc: 0.6085
FreqW Acc: 0.8536
Mean IoU: 0.5273

2023-06-08 16:49:04,248 INFO 
Current epoch: 79
2023-06-08 16:49:25,233 INFO Epoch 79, Itrs 4850/30000, Loss=0.136774
2023-06-08 16:50:33,888 INFO 
Current epoch: 80
2023-06-08 16:50:37,342 INFO Epoch 80, Itrs 4900/30000, Loss=0.134304
2023-06-08 16:50:37,343 INFO validation...
2023-06-08 16:51:01,696 INFO 
Overall Acc: 0.9160
Mean Acc: 0.6002
FreqW Acc: 0.8525
Mean IoU: 0.5227

2023-06-08 16:52:07,806 INFO Epoch 80, Itrs 4950/30000, Loss=0.134586
2023-06-08 16:52:21,873 INFO 
Current epoch: 81
2023-06-08 16:53:20,841 INFO Epoch 81, Itrs 5000/30000, Loss=0.132907
2023-06-08 16:53:20,842 INFO validation...
2023-06-08 16:53:44,101 INFO 
Overall Acc: 0.9173
Mean Acc: 0.6173
FreqW Acc: 0.8545
Mean IoU: 0.5359

2023-06-08 16:54:11,898 INFO 
Current epoch: 82
2023-06-08 16:54:53,521 INFO Epoch 82, Itrs 5050/30000, Loss=0.133055
2023-06-08 16:55:42,451 INFO 
Current epoch: 83
2023-06-08 16:56:06,451 INFO Epoch 83, Itrs 5100/30000, Loss=0.134118
2023-06-08 16:56:06,452 INFO validation...
2023-06-08 16:56:31,643 INFO 
Overall Acc: 0.9184
Mean Acc: 0.6293
FreqW Acc: 0.8570
Mean IoU: 0.5402

2023-06-08 16:56:31,712 INFO Model saved as logs/2023_0608_1436_37_cs_subset_2k_aug_ratio_0.1_cs_ip2p_2x_constant_instructions_image_w_1.5_lpips_filter_0.1_0.48/checkpoints/best_deeplabv3plus_mobilenet_cityscapes_os16_iter5100_epoch83_miou0.5402.pth
2023-06-08 16:57:33,088 INFO 
Current epoch: 84
2023-06-08 16:57:39,681 INFO Epoch 84, Itrs 5150/30000, Loss=0.132281
2023-06-08 16:58:54,435 INFO Epoch 84, Itrs 5200/30000, Loss=0.132217
2023-06-08 16:58:54,436 INFO validation...
2023-06-08 16:59:19,019 INFO 
Overall Acc: 0.9176
Mean Acc: 0.6086
FreqW Acc: 0.8547
Mean IoU: 0.5295

2023-06-08 16:59:25,961 INFO 
Current epoch: 85
2023-06-08 17:00:28,492 INFO Epoch 85, Itrs 5250/30000, Loss=0.133903
2023-06-08 17:00:56,776 INFO 
Current epoch: 86
2023-06-08 17:01:40,544 INFO Epoch 86, Itrs 5300/30000, Loss=0.129892
2023-06-08 17:01:40,545 INFO validation...
2023-06-08 17:02:04,095 INFO 
Overall Acc: 0.9150
Mean Acc: 0.6346
FreqW Acc: 0.8519
Mean IoU: 0.5375

2023-06-08 17:02:44,436 INFO 
Current epoch: 87
2023-06-08 17:03:10,974 INFO Epoch 87, Itrs 5350/30000, Loss=0.132202
2023-06-08 17:04:13,936 INFO 
Current epoch: 88
2023-06-08 17:04:23,127 INFO Epoch 88, Itrs 5400/30000, Loss=0.131267
2023-06-08 17:04:23,128 INFO validation...
2023-06-08 17:04:47,092 INFO 
Overall Acc: 0.9176
Mean Acc: 0.6261
FreqW Acc: 0.8556
Mean IoU: 0.5371

2023-06-08 17:05:54,312 INFO Epoch 88, Itrs 5450/30000, Loss=0.131137
2023-06-08 17:06:02,846 INFO 
Current epoch: 89
2023-06-08 17:07:08,552 INFO Epoch 89, Itrs 5500/30000, Loss=0.132290
2023-06-08 17:07:08,553 INFO validation...
2023-06-08 17:07:32,708 INFO 
Overall Acc: 0.9172
Mean Acc: 0.6131
FreqW Acc: 0.8550
Mean IoU: 0.5287

2023-06-08 17:07:54,828 INFO 
Current epoch: 90
2023-06-08 17:08:42,196 INFO Epoch 90, Itrs 5550/30000, Loss=0.134404
2023-06-08 17:09:25,831 INFO 
Current epoch: 91
2023-06-08 17:09:55,041 INFO Epoch 91, Itrs 5600/30000, Loss=0.128326
2023-06-08 17:09:55,042 INFO validation...
2023-06-08 17:10:19,078 INFO 
Overall Acc: 0.9165
Mean Acc: 0.5942
FreqW Acc: 0.8526
Mean IoU: 0.5205

2023-06-08 17:11:15,473 INFO 
Current epoch: 92
2023-06-08 17:11:27,758 INFO Epoch 92, Itrs 5650/30000, Loss=0.130519
2023-06-08 17:12:40,272 INFO Epoch 92, Itrs 5700/30000, Loss=0.131544
2023-06-08 17:12:40,272 INFO validation...
2023-06-08 17:13:04,659 INFO 
Overall Acc: 0.9171
Mean Acc: 0.6082
FreqW Acc: 0.8544
Mean IoU: 0.5276

2023-06-08 17:13:05,236 INFO 
Current epoch: 93
2023-06-08 17:14:12,671 INFO Epoch 93, Itrs 5750/30000, Loss=0.127852
2023-06-08 17:14:35,463 INFO 
Current epoch: 94
2023-06-08 17:15:25,382 INFO Epoch 94, Itrs 5800/30000, Loss=0.127329
2023-06-08 17:15:25,383 INFO validation...
2023-06-08 17:15:49,638 INFO 
Overall Acc: 0.9177
Mean Acc: 0.6109
FreqW Acc: 0.8551
Mean IoU: 0.5307

2023-06-08 17:16:24,154 INFO 
Current epoch: 95
2023-06-08 17:16:56,210 INFO Epoch 95, Itrs 5850/30000, Loss=0.127776
2023-06-08 17:17:52,662 INFO 
Current epoch: 96
2023-06-08 17:18:07,763 INFO Epoch 96, Itrs 5900/30000, Loss=0.129414
2023-06-08 17:18:07,764 INFO validation...
2023-06-08 17:18:31,452 INFO 
Overall Acc: 0.9162
Mean Acc: 0.6099
FreqW Acc: 0.8534
Mean IoU: 0.5261

2023-06-08 17:19:38,871 INFO Epoch 96, Itrs 5950/30000, Loss=0.127665
2023-06-08 17:19:41,800 INFO 
Current epoch: 97
2023-06-08 17:20:52,031 INFO Epoch 97, Itrs 6000/30000, Loss=0.126653
2023-06-08 17:20:52,032 INFO validation...
2023-06-08 17:21:16,266 INFO 
Overall Acc: 0.9185
Mean Acc: 0.6093
FreqW Acc: 0.8561
Mean IoU: 0.5334

2023-06-08 17:21:32,457 INFO 
Current epoch: 98
2023-06-08 17:22:26,691 INFO Epoch 98, Itrs 6050/30000, Loss=0.126335
2023-06-08 17:23:04,652 INFO 
Current epoch: 99
2023-06-08 17:23:40,797 INFO Epoch 99, Itrs 6100/30000, Loss=0.127380
2023-06-08 17:23:40,797 INFO validation...
2023-06-08 17:24:05,516 INFO 
Overall Acc: 0.9176
Mean Acc: 0.6146
FreqW Acc: 0.8553
Mean IoU: 0.5328

2023-06-08 17:24:55,370 INFO 
Current epoch: 100
2023-06-08 17:25:13,205 INFO Epoch 100, Itrs 6150/30000, Loss=0.125354
2023-06-08 17:26:23,708 INFO Epoch 100, Itrs 6200/30000, Loss=0.125710
2023-06-08 17:26:23,709 INFO validation...
2023-06-08 17:26:46,447 INFO 
Overall Acc: 0.9183
Mean Acc: 0.6221
FreqW Acc: 0.8562
Mean IoU: 0.5364

2023-06-08 17:26:46,561 INFO 
Current epoch: 101
2023-06-08 17:27:58,969 INFO Epoch 101, Itrs 6250/30000, Loss=0.125956
2023-06-08 17:28:16,337 INFO 
Current epoch: 102
2023-06-08 17:29:10,520 INFO Epoch 102, Itrs 6300/30000, Loss=0.126092
2023-06-08 17:29:10,520 INFO validation...
2023-06-08 17:29:34,294 INFO 
Overall Acc: 0.9178
Mean Acc: 0.6237
FreqW Acc: 0.8553
Mean IoU: 0.5417

2023-06-08 17:29:34,378 INFO Model saved as logs/2023_0608_1436_37_cs_subset_2k_aug_ratio_0.1_cs_ip2p_2x_constant_instructions_image_w_1.5_lpips_filter_0.1_0.48/checkpoints/best_deeplabv3plus_mobilenet_cityscapes_os16_iter6300_epoch102_miou0.5417.pth
2023-06-08 17:30:04,330 INFO 
Current epoch: 103
2023-06-08 17:30:42,811 INFO Epoch 103, Itrs 6350/30000, Loss=0.124329
2023-06-08 17:31:33,664 INFO 
Current epoch: 104
2023-06-08 17:31:54,508 INFO Epoch 104, Itrs 6400/30000, Loss=0.123924
2023-06-08 17:31:54,509 INFO validation...
2023-06-08 17:32:18,678 INFO 
Overall Acc: 0.9169
Mean Acc: 0.5989
FreqW Acc: 0.8535
Mean IoU: 0.5249

2023-06-08 17:33:23,911 INFO 
Current epoch: 105
2023-06-08 17:33:27,192 INFO Epoch 105, Itrs 6450/30000, Loss=0.124474
2023-06-08 17:34:38,740 INFO Epoch 105, Itrs 6500/30000, Loss=0.122109
2023-06-08 17:34:38,741 INFO validation...
2023-06-08 17:35:04,022 INFO 
Overall Acc: 0.9168
Mean Acc: 0.6178
FreqW Acc: 0.8540
Mean IoU: 0.5330

2023-06-08 17:35:13,407 INFO 
Current epoch: 106
2023-06-08 17:36:11,906 INFO Epoch 106, Itrs 6550/30000, Loss=0.122780
2023-06-08 17:36:44,044 INFO 
Current epoch: 107
2023-06-08 17:37:25,089 INFO Epoch 107, Itrs 6600/30000, Loss=0.123980
2023-06-08 17:37:25,090 INFO validation...
2023-06-08 17:37:48,451 INFO 
Overall Acc: 0.9156
Mean Acc: 0.6128
FreqW Acc: 0.8519
Mean IoU: 0.5307

2023-06-08 17:38:32,419 INFO 
Current epoch: 108
2023-06-08 17:38:56,641 INFO Epoch 108, Itrs 6650/30000, Loss=0.125424
2023-06-08 17:40:02,484 INFO 
Current epoch: 109
2023-06-08 17:40:09,368 INFO Epoch 109, Itrs 6700/30000, Loss=0.123608
2023-06-08 17:40:09,369 INFO validation...
2023-06-08 17:40:32,945 INFO 
Overall Acc: 0.9137
Mean Acc: 0.6114
FreqW Acc: 0.8502
Mean IoU: 0.5250

2023-06-08 17:41:40,220 INFO Epoch 109, Itrs 6750/30000, Loss=0.123666
2023-06-08 17:41:51,480 INFO 
Current epoch: 110
2023-06-08 17:42:52,424 INFO Epoch 110, Itrs 6800/30000, Loss=0.122506
2023-06-08 17:42:52,425 INFO validation...
2023-06-08 17:43:16,738 INFO 
Overall Acc: 0.9183
Mean Acc: 0.6253
FreqW Acc: 0.8572
Mean IoU: 0.5394

2023-06-08 17:43:40,595 INFO 
Current epoch: 111
2023-06-08 17:44:24,510 INFO Epoch 111, Itrs 6850/30000, Loss=0.123408
2023-06-08 17:45:10,123 INFO 
Current epoch: 112
2023-06-08 17:45:36,660 INFO Epoch 112, Itrs 6900/30000, Loss=0.121433
2023-06-08 17:45:36,661 INFO validation...
2023-06-08 17:45:59,768 INFO 
Overall Acc: 0.9184
Mean Acc: 0.6327
FreqW Acc: 0.8577
Mean IoU: 0.5437

2023-06-08 17:45:59,855 INFO Model saved as logs/2023_0608_1436_37_cs_subset_2k_aug_ratio_0.1_cs_ip2p_2x_constant_instructions_image_w_1.5_lpips_filter_0.1_0.48/checkpoints/best_deeplabv3plus_mobilenet_cityscapes_os16_iter6900_epoch112_miou0.5437.pth
2023-06-08 17:46:57,689 INFO 
Current epoch: 113
2023-06-08 17:47:06,904 INFO Epoch 113, Itrs 6950/30000, Loss=0.122023
2023-06-08 17:48:16,938 INFO Epoch 113, Itrs 7000/30000, Loss=0.122743
2023-06-08 17:48:16,939 INFO validation...
2023-06-08 17:48:40,903 INFO 
Overall Acc: 0.9169
Mean Acc: 0.6292
FreqW Acc: 0.8553
Mean IoU: 0.5356

2023-06-08 17:48:45,516 INFO 
Current epoch: 114
2023-06-08 17:49:49,442 INFO Epoch 114, Itrs 7050/30000, Loss=0.121350
2023-06-08 17:50:14,681 INFO 
Current epoch: 115
2023-06-08 17:51:01,051 INFO Epoch 115, Itrs 7100/30000, Loss=0.122519
2023-06-08 17:51:01,052 INFO validation...
2023-06-08 17:51:24,701 INFO 
Overall Acc: 0.9192
Mean Acc: 0.6278
FreqW Acc: 0.8583
Mean IoU: 0.5429

2023-06-08 17:52:03,048 INFO 
Current epoch: 116
2023-06-08 17:52:32,168 INFO Epoch 116, Itrs 7150/30000, Loss=0.119499
2023-06-08 17:53:31,974 INFO 
Current epoch: 117
2023-06-08 17:53:44,611 INFO Epoch 117, Itrs 7200/30000, Loss=0.120316
2023-06-08 17:53:44,611 INFO validation...
2023-06-08 17:54:08,184 INFO 
Overall Acc: 0.9186
Mean Acc: 0.6223
FreqW Acc: 0.8563
Mean IoU: 0.5416

2023-06-08 17:55:14,727 INFO Epoch 117, Itrs 7250/30000, Loss=0.119785
2023-06-08 17:55:20,443 INFO 
Current epoch: 118
2023-06-08 17:56:27,056 INFO Epoch 118, Itrs 7300/30000, Loss=0.119080
2023-06-08 17:56:27,057 INFO validation...
2023-06-08 17:56:50,559 INFO 
Overall Acc: 0.9167
Mean Acc: 0.6113
FreqW Acc: 0.8533
Mean IoU: 0.5300

2023-06-08 17:57:08,551 INFO 
Current epoch: 119
2023-06-08 17:57:57,803 INFO Epoch 119, Itrs 7350/30000, Loss=0.118972
2023-06-08 17:58:38,179 INFO 
Current epoch: 120
2023-06-08 17:59:09,964 INFO Epoch 120, Itrs 7400/30000, Loss=0.119560
2023-06-08 17:59:09,965 INFO validation...
2023-06-08 17:59:34,438 INFO 
Overall Acc: 0.9173
Mean Acc: 0.6120
FreqW Acc: 0.8555
Mean IoU: 0.5279

2023-06-08 18:00:27,179 INFO 
Current epoch: 121
2023-06-08 18:00:42,892 INFO Epoch 121, Itrs 7450/30000, Loss=0.120463
2023-06-08 18:01:54,239 INFO Epoch 121, Itrs 7500/30000, Loss=0.119308
2023-06-08 18:01:54,240 INFO validation...
2023-06-08 18:02:18,579 INFO 
Overall Acc: 0.9191
Mean Acc: 0.6271
FreqW Acc: 0.8579
Mean IoU: 0.5433

2023-06-08 18:02:18,936 INFO 
Current epoch: 122
2023-06-08 18:03:28,105 INFO Epoch 122, Itrs 7550/30000, Loss=0.119643
2023-06-08 18:03:48,363 INFO 
Current epoch: 123
2023-06-08 18:04:39,915 INFO Epoch 123, Itrs 7600/30000, Loss=0.119192
2023-06-08 18:04:39,916 INFO validation...
2023-06-08 18:05:04,726 INFO 
Overall Acc: 0.9177
Mean Acc: 0.6082
FreqW Acc: 0.8554
Mean IoU: 0.5288

2023-06-08 18:05:37,154 INFO 
Current epoch: 124
2023-06-08 18:06:11,874 INFO Epoch 124, Itrs 7650/30000, Loss=0.118089
2023-06-08 18:07:05,690 INFO 
Current epoch: 125
2023-06-08 18:07:24,036 INFO Epoch 125, Itrs 7700/30000, Loss=0.118941
2023-06-08 18:07:24,037 INFO validation...
2023-06-08 18:07:48,022 INFO 
Overall Acc: 0.9169
Mean Acc: 0.5958
FreqW Acc: 0.8532
Mean IoU: 0.5228

2023-06-08 18:08:54,853 INFO Epoch 125, Itrs 7750/30000, Loss=0.118125
2023-06-08 18:08:54,920 INFO 
Current epoch: 126
2023-06-08 18:10:06,829 INFO Epoch 126, Itrs 7800/30000, Loss=0.117190
2023-06-08 18:10:06,830 INFO validation...
2023-06-08 18:10:31,946 INFO 
Overall Acc: 0.9190
Mean Acc: 0.6168
FreqW Acc: 0.8576
Mean IoU: 0.5385

2023-06-08 18:10:44,508 INFO 
Current epoch: 127
2023-06-08 18:11:39,744 INFO Epoch 127, Itrs 7850/30000, Loss=0.117380
2023-06-08 18:12:13,580 INFO 
Current epoch: 128
2023-06-08 18:12:50,994 INFO Epoch 128, Itrs 7900/30000, Loss=0.118744
2023-06-08 18:12:50,995 INFO validation...
2023-06-08 18:13:14,632 INFO 
Overall Acc: 0.9183
Mean Acc: 0.6145
FreqW Acc: 0.8566
Mean IoU: 0.5313

2023-06-08 18:14:01,406 INFO 
Current epoch: 129
2023-06-08 18:14:22,013 INFO Epoch 129, Itrs 7950/30000, Loss=0.117521
2023-06-08 18:15:30,375 INFO 
Current epoch: 130
2023-06-08 18:15:34,147 INFO Epoch 130, Itrs 8000/30000, Loss=0.116804
2023-06-08 18:15:34,147 INFO validation...
2023-06-08 18:15:58,517 INFO 
Overall Acc: 0.9184
Mean Acc: 0.6117
FreqW Acc: 0.8552
Mean IoU: 0.5350

2023-06-08 18:17:05,457 INFO Epoch 130, Itrs 8050/30000, Loss=0.114954
2023-06-08 18:17:19,594 INFO 
Current epoch: 131
2023-06-08 18:18:16,748 INFO Epoch 131, Itrs 8100/30000, Loss=0.117081
2023-06-08 18:18:16,749 INFO validation...
2023-06-08 18:18:40,856 INFO 
Overall Acc: 0.9180
Mean Acc: 0.6175
FreqW Acc: 0.8559
Mean IoU: 0.5398

2023-06-08 18:19:06,880 INFO 
Current epoch: 132
2023-06-08 18:19:47,908 INFO Epoch 132, Itrs 8150/30000, Loss=0.117563
2023-06-08 18:20:36,537 INFO 
Current epoch: 133
2023-06-08 18:21:00,666 INFO Epoch 133, Itrs 8200/30000, Loss=0.115212
2023-06-08 18:21:00,666 INFO validation...
2023-06-08 18:21:24,999 INFO 
Overall Acc: 0.9185
Mean Acc: 0.6302
FreqW Acc: 0.8580
Mean IoU: 0.5383

2023-06-08 18:22:26,216 INFO 
Current epoch: 134
2023-06-08 18:22:32,606 INFO Epoch 134, Itrs 8250/30000, Loss=0.115566
2023-06-08 18:23:44,243 INFO Epoch 134, Itrs 8300/30000, Loss=0.115387
2023-06-08 18:23:44,244 INFO validation...
2023-06-08 18:24:08,926 INFO 
Overall Acc: 0.9176
Mean Acc: 0.6061
FreqW Acc: 0.8553
Mean IoU: 0.5307

2023-06-08 18:24:15,372 INFO 
Current epoch: 135
2023-06-08 18:25:15,564 INFO Epoch 135, Itrs 8350/30000, Loss=0.114980
2023-06-08 18:25:43,694 INFO 
Current epoch: 136
2023-06-08 18:26:26,621 INFO Epoch 136, Itrs 8400/30000, Loss=0.116980
2023-06-08 18:26:26,621 INFO validation...
2023-06-08 18:26:50,846 INFO 
Overall Acc: 0.9183
Mean Acc: 0.6104
FreqW Acc: 0.8563
Mean IoU: 0.5345

2023-06-08 18:27:32,624 INFO 
Current epoch: 137
2023-06-08 18:27:58,115 INFO Epoch 137, Itrs 8450/30000, Loss=0.114636
2023-06-08 18:29:00,625 INFO 
Current epoch: 138
2023-06-08 18:29:09,953 INFO Epoch 138, Itrs 8500/30000, Loss=0.115365
2023-06-08 18:29:09,954 INFO validation...
2023-06-08 18:29:33,374 INFO 
Overall Acc: 0.9194
Mean Acc: 0.6274
FreqW Acc: 0.8579
Mean IoU: 0.5459

2023-06-08 18:29:33,463 INFO Model saved as logs/2023_0608_1436_37_cs_subset_2k_aug_ratio_0.1_cs_ip2p_2x_constant_instructions_image_w_1.5_lpips_filter_0.1_0.48/checkpoints/best_deeplabv3plus_mobilenet_cityscapes_os16_iter8500_epoch138_miou0.5459.pth
2023-06-08 18:30:40,394 INFO Epoch 138, Itrs 8550/30000, Loss=0.115342
2023-06-08 18:30:48,910 INFO 
Current epoch: 139
2023-06-08 18:31:52,288 INFO Epoch 139, Itrs 8600/30000, Loss=0.112238
2023-06-08 18:31:52,289 INFO validation...
2023-06-08 18:32:15,625 INFO 
Overall Acc: 0.9180
Mean Acc: 0.6214
FreqW Acc: 0.8559
Mean IoU: 0.5402

2023-06-08 18:32:37,251 INFO 
Current epoch: 140
2023-06-08 18:33:23,808 INFO Epoch 140, Itrs 8650/30000, Loss=0.112793
2023-06-08 18:34:06,495 INFO 
Current epoch: 141
2023-06-08 18:34:35,807 INFO Epoch 141, Itrs 8700/30000, Loss=0.114099
2023-06-08 18:34:35,808 INFO validation...
2023-06-08 18:34:59,785 INFO 
Overall Acc: 0.9178
Mean Acc: 0.6131
FreqW Acc: 0.8551
Mean IoU: 0.5354

2023-06-08 18:35:55,018 INFO 
Current epoch: 142
2023-06-08 18:36:06,977 INFO Epoch 142, Itrs 8750/30000, Loss=0.113706
2023-06-08 18:37:18,384 INFO Epoch 142, Itrs 8800/30000, Loss=0.111847
2023-06-08 18:37:18,385 INFO validation...
2023-06-08 18:37:43,042 INFO 
Overall Acc: 0.9178
Mean Acc: 0.6432
FreqW Acc: 0.8577
Mean IoU: 0.5397

2023-06-08 18:37:43,586 INFO 
Current epoch: 143
2023-06-08 18:38:49,584 INFO Epoch 143, Itrs 8850/30000, Loss=0.112715
2023-06-08 18:39:12,960 INFO 
Current epoch: 144
2023-06-08 18:40:01,761 INFO Epoch 144, Itrs 8900/30000, Loss=0.112278
2023-06-08 18:40:01,762 INFO validation...
2023-06-08 18:40:24,818 INFO 
Overall Acc: 0.9187
Mean Acc: 0.6107
FreqW Acc: 0.8564
Mean IoU: 0.5371

2023-06-08 18:40:59,984 INFO 
Current epoch: 145
2023-06-08 18:41:32,607 INFO Epoch 145, Itrs 8950/30000, Loss=0.115071
2023-06-08 18:42:29,119 INFO 
Current epoch: 146
2023-06-08 18:42:44,851 INFO Epoch 146, Itrs 9000/30000, Loss=0.113323
2023-06-08 18:42:44,852 INFO validation...
2023-06-08 18:43:09,921 INFO 
Overall Acc: 0.9188
Mean Acc: 0.6313
FreqW Acc: 0.8579
Mean IoU: 0.5420

2023-06-08 18:44:16,602 INFO Epoch 146, Itrs 9050/30000, Loss=0.113073
2023-06-08 18:44:19,498 INFO 
Current epoch: 147
2023-06-08 18:45:29,085 INFO Epoch 147, Itrs 9100/30000, Loss=0.112146
2023-06-08 18:45:29,085 INFO validation...
2023-06-08 18:45:52,301 INFO 
Overall Acc: 0.9183
Mean Acc: 0.6120
FreqW Acc: 0.8553
Mean IoU: 0.5350

2023-06-08 18:46:07,229 INFO 
Current epoch: 148
2023-06-08 18:46:59,977 INFO Epoch 148, Itrs 9150/30000, Loss=0.112423
2023-06-08 18:47:37,783 INFO 
Current epoch: 149
2023-06-08 18:48:13,715 INFO Epoch 149, Itrs 9200/30000, Loss=0.112359
2023-06-08 18:48:13,716 INFO validation...
2023-06-08 18:48:37,796 INFO 
Overall Acc: 0.9183
Mean Acc: 0.6125
FreqW Acc: 0.8561
Mean IoU: 0.5341

2023-06-08 18:49:26,568 INFO 
Current epoch: 150
2023-06-08 18:49:44,118 INFO Epoch 150, Itrs 9250/30000, Loss=0.111655
2023-06-08 18:50:55,473 INFO Epoch 150, Itrs 9300/30000, Loss=0.111255
2023-06-08 18:50:55,474 INFO validation...
2023-06-08 18:51:19,231 INFO 
Overall Acc: 0.9190
Mean Acc: 0.6055
FreqW Acc: 0.8567
Mean IoU: 0.5330

2023-06-08 18:51:19,311 INFO 
Current epoch: 151
2023-06-08 18:52:30,980 INFO Epoch 151, Itrs 9350/30000, Loss=0.111461
2023-06-08 18:52:47,856 INFO 
Current epoch: 152
2023-06-08 18:53:43,708 INFO Epoch 152, Itrs 9400/30000, Loss=0.110865
2023-06-08 18:53:43,709 INFO validation...
2023-06-08 18:54:07,841 INFO 
Overall Acc: 0.9195
Mean Acc: 0.6285
FreqW Acc: 0.8575
Mean IoU: 0.5486

2023-06-08 18:54:07,920 INFO Model saved as logs/2023_0608_1436_37_cs_subset_2k_aug_ratio_0.1_cs_ip2p_2x_constant_instructions_image_w_1.5_lpips_filter_0.1_0.48/checkpoints/best_deeplabv3plus_mobilenet_cityscapes_os16_iter9400_epoch152_miou0.5486.pth
2023-06-08 18:54:36,959 INFO 
Current epoch: 153
2023-06-08 18:55:14,570 INFO Epoch 153, Itrs 9450/30000, Loss=0.111895
2023-06-08 18:56:05,294 INFO 
Current epoch: 154
2023-06-08 18:56:26,561 INFO Epoch 154, Itrs 9500/30000, Loss=0.111132
2023-06-08 18:56:26,562 INFO validation...
2023-06-08 18:56:50,915 INFO 
Overall Acc: 0.9183
Mean Acc: 0.6194
FreqW Acc: 0.8566
Mean IoU: 0.5398

2023-06-08 18:57:54,782 INFO 
Current epoch: 155
2023-06-08 18:57:58,537 INFO Epoch 155, Itrs 9550/30000, Loss=0.110599
2023-06-08 18:59:08,894 INFO Epoch 155, Itrs 9600/30000, Loss=0.110729
2023-06-08 18:59:08,895 INFO validation...
2023-06-08 18:59:32,585 INFO 
Overall Acc: 0.9192
Mean Acc: 0.6235
FreqW Acc: 0.8591
Mean IoU: 0.5399

2023-06-08 18:59:42,730 INFO 
Current epoch: 156
2023-06-08 19:00:40,521 INFO Epoch 156, Itrs 9650/30000, Loss=0.110771
2023-06-08 19:01:11,438 INFO 
Current epoch: 157
2023-06-08 19:01:52,701 INFO Epoch 157, Itrs 9700/30000, Loss=0.110704
2023-06-08 19:01:52,702 INFO validation...
2023-06-08 19:02:16,441 INFO 
Overall Acc: 0.9191
Mean Acc: 0.6346
FreqW Acc: 0.8594
Mean IoU: 0.5418

2023-06-08 19:03:00,216 INFO 
Current epoch: 158
2023-06-08 19:03:24,004 INFO Epoch 158, Itrs 9750/30000, Loss=0.107593
2023-06-08 19:04:29,302 INFO 
Current epoch: 159
2023-06-08 19:04:35,804 INFO Epoch 159, Itrs 9800/30000, Loss=0.111246
2023-06-08 19:04:35,804 INFO validation...
2023-06-08 19:05:00,958 INFO 
Overall Acc: 0.9196
Mean Acc: 0.6163
FreqW Acc: 0.8582
Mean IoU: 0.5386

2023-06-08 19:06:07,813 INFO Epoch 159, Itrs 9850/30000, Loss=0.110584
2023-06-08 19:06:19,097 INFO 
Current epoch: 160
2023-06-08 19:07:19,724 INFO Epoch 160, Itrs 9900/30000, Loss=0.110281
2023-06-08 19:07:19,725 INFO validation...
2023-06-08 19:07:43,730 INFO 
Overall Acc: 0.9202
Mean Acc: 0.6329
FreqW Acc: 0.8592
Mean IoU: 0.5489

2023-06-08 19:07:43,813 INFO Model saved as logs/2023_0608_1436_37_cs_subset_2k_aug_ratio_0.1_cs_ip2p_2x_constant_instructions_image_w_1.5_lpips_filter_0.1_0.48/checkpoints/best_deeplabv3plus_mobilenet_cityscapes_os16_iter9900_epoch160_miou0.5489.pth
2023-06-08 19:08:07,411 INFO 
Current epoch: 161
2023-06-08 19:08:50,782 INFO Epoch 161, Itrs 9950/30000, Loss=0.111030
2023-06-08 19:09:36,506 INFO 
Current epoch: 162
2023-06-08 19:10:03,158 INFO Epoch 162, Itrs 10000/30000, Loss=0.108628
2023-06-08 19:10:03,158 INFO validation...
2023-06-08 19:10:27,262 INFO 
Overall Acc: 0.9178
Mean Acc: 0.6089
FreqW Acc: 0.8562
Mean IoU: 0.5328

2023-06-08 19:11:26,639 INFO 
Current epoch: 163
2023-06-08 19:11:35,943 INFO Epoch 163, Itrs 10050/30000, Loss=0.108625
2023-06-08 19:12:47,701 INFO Epoch 163, Itrs 10100/30000, Loss=0.108026
2023-06-08 19:12:47,701 INFO validation...
2023-06-08 19:13:11,602 INFO 
Overall Acc: 0.9196
Mean Acc: 0.6172
FreqW Acc: 0.8578
Mean IoU: 0.5407

2023-06-08 19:13:15,639 INFO 
Current epoch: 164
2023-06-08 19:14:18,977 INFO Epoch 164, Itrs 10150/30000, Loss=0.108695
2023-06-08 19:14:45,237 INFO 
Current epoch: 165
2023-06-08 19:15:31,454 INFO Epoch 165, Itrs 10200/30000, Loss=0.109152
2023-06-08 19:15:31,455 INFO validation...
2023-06-08 19:15:55,512 INFO 
Overall Acc: 0.9198
Mean Acc: 0.6178
FreqW Acc: 0.8578
Mean IoU: 0.5427

2023-06-08 19:16:33,718 INFO 
Current epoch: 166
2023-06-08 19:17:02,729 INFO Epoch 166, Itrs 10250/30000, Loss=0.109020
2023-06-08 19:18:02,412 INFO 
Current epoch: 167
2023-06-08 19:18:14,598 INFO Epoch 167, Itrs 10300/30000, Loss=0.109365
2023-06-08 19:18:14,599 INFO validation...
2023-06-08 19:18:38,148 INFO 
Overall Acc: 0.9186
Mean Acc: 0.6125
FreqW Acc: 0.8565
Mean IoU: 0.5360

2023-06-08 19:19:44,700 INFO Epoch 167, Itrs 10350/30000, Loss=0.108210
2023-06-08 19:19:50,448 INFO 
Current epoch: 168
2023-06-08 19:20:57,429 INFO Epoch 168, Itrs 10400/30000, Loss=0.109123
2023-06-08 19:20:57,430 INFO validation...
2023-06-08 19:21:20,688 INFO 
Overall Acc: 0.9181
Mean Acc: 0.6254
FreqW Acc: 0.8568
Mean IoU: 0.5373

2023-06-08 19:21:39,213 INFO 
Current epoch: 169
2023-06-08 19:22:27,836 INFO Epoch 169, Itrs 10450/30000, Loss=0.108477
2023-06-08 19:23:08,381 INFO 
Current epoch: 170
2023-06-08 19:23:40,919 INFO Epoch 170, Itrs 10500/30000, Loss=0.107595
2023-06-08 19:23:40,920 INFO validation...
2023-06-08 19:24:05,226 INFO 
Overall Acc: 0.9186
Mean Acc: 0.6094
FreqW Acc: 0.8564
Mean IoU: 0.5345

2023-06-08 19:24:57,778 INFO 
Current epoch: 171
2023-06-08 19:25:12,944 INFO Epoch 171, Itrs 10550/30000, Loss=0.107897
2023-06-08 19:26:23,928 INFO Epoch 171, Itrs 10600/30000, Loss=0.107024
2023-06-08 19:26:23,929 INFO validation...
2023-06-08 19:26:48,308 INFO 
Overall Acc: 0.9192
Mean Acc: 0.6248
FreqW Acc: 0.8573
Mean IoU: 0.5437

2023-06-08 19:26:48,638 INFO 
Current epoch: 172
2023-06-08 19:27:58,397 INFO Epoch 172, Itrs 10650/30000, Loss=0.107512
2023-06-08 19:28:18,033 INFO 
Current epoch: 173
2023-06-08 19:29:09,982 INFO Epoch 173, Itrs 10700/30000, Loss=0.106593
2023-06-08 19:29:09,983 INFO validation...
2023-06-08 19:29:33,707 INFO 
Overall Acc: 0.9169
Mean Acc: 0.6134
FreqW Acc: 0.8555
Mean IoU: 0.5275

2023-06-08 19:30:06,451 INFO 
Current epoch: 174
2023-06-08 19:30:40,357 INFO Epoch 174, Itrs 10750/30000, Loss=0.107979
2023-06-08 19:31:33,829 INFO 
Current epoch: 175
2023-06-08 19:31:52,014 INFO Epoch 175, Itrs 10800/30000, Loss=0.106174
2023-06-08 19:31:52,015 INFO validation...
2023-06-08 19:32:15,477 INFO 
Overall Acc: 0.9188
Mean Acc: 0.6123
FreqW Acc: 0.8571
Mean IoU: 0.5358

2023-06-08 19:33:21,151 INFO Epoch 175, Itrs 10850/30000, Loss=0.107322
2023-06-08 19:33:21,255 INFO 
Current epoch: 176
2023-06-08 19:34:33,668 INFO Epoch 176, Itrs 10900/30000, Loss=0.106455
2023-06-08 19:34:33,668 INFO validation...
2023-06-08 19:34:57,156 INFO 
Overall Acc: 0.9191
Mean Acc: 0.6218
FreqW Acc: 0.8578
Mean IoU: 0.5394

2023-06-08 19:35:09,525 INFO 
Current epoch: 177
2023-06-08 19:36:03,720 INFO Epoch 177, Itrs 10950/30000, Loss=0.106387
2023-06-08 19:36:37,646 INFO 
Current epoch: 178
2023-06-08 19:37:15,338 INFO Epoch 178, Itrs 11000/30000, Loss=0.105582
2023-06-08 19:37:15,338 INFO validation...
2023-06-08 19:37:39,116 INFO 
Overall Acc: 0.9189
Mean Acc: 0.6132
FreqW Acc: 0.8574
Mean IoU: 0.5356

2023-06-08 19:38:27,027 INFO 
Current epoch: 179
2023-06-08 19:38:47,511 INFO Epoch 179, Itrs 11050/30000, Loss=0.106724
2023-06-08 19:39:55,333 INFO 
Current epoch: 180
2023-06-08 19:39:59,151 INFO Epoch 180, Itrs 11100/30000, Loss=0.104570
2023-06-08 19:39:59,152 INFO validation...
2023-06-08 19:40:23,179 INFO 
Overall Acc: 0.9202
Mean Acc: 0.6276
FreqW Acc: 0.8595
Mean IoU: 0.5453

2023-06-08 19:41:29,484 INFO Epoch 180, Itrs 11150/30000, Loss=0.106139
2023-06-08 19:41:43,876 INFO 
Current epoch: 181
2023-06-08 19:42:42,023 INFO Epoch 181, Itrs 11200/30000, Loss=0.106079
2023-06-08 19:42:42,023 INFO validation...
2023-06-08 19:43:06,308 INFO 
Overall Acc: 0.9189
Mean Acc: 0.6196
FreqW Acc: 0.8574
Mean IoU: 0.5394

2023-06-08 19:43:32,714 INFO 
Current epoch: 182
2023-06-08 19:44:13,601 INFO Epoch 182, Itrs 11250/30000, Loss=0.105407
2023-06-08 19:45:01,239 INFO 
Current epoch: 183
2023-06-08 19:45:25,157 INFO Epoch 183, Itrs 11300/30000, Loss=0.105127
2023-06-08 19:45:25,158 INFO validation...
2023-06-08 19:45:48,615 INFO 
Overall Acc: 0.9197
Mean Acc: 0.6260
FreqW Acc: 0.8585
Mean IoU: 0.5461

2023-06-08 19:46:49,601 INFO 
Current epoch: 184
2023-06-08 19:46:55,960 INFO Epoch 184, Itrs 11350/30000, Loss=0.105669
2023-06-08 19:48:06,676 INFO Epoch 184, Itrs 11400/30000, Loss=0.105817
2023-06-08 19:48:06,677 INFO validation...
2023-06-08 19:48:30,623 INFO 
Overall Acc: 0.9185
Mean Acc: 0.6162
FreqW Acc: 0.8564
Mean IoU: 0.5346

2023-06-08 19:48:37,129 INFO 
Current epoch: 185
2023-06-08 19:49:38,513 INFO Epoch 185, Itrs 11450/30000, Loss=0.105099
2023-06-08 19:50:07,181 INFO 
Current epoch: 186
2023-06-08 19:50:50,443 INFO Epoch 186, Itrs 11500/30000, Loss=0.104586
2023-06-08 19:50:50,444 INFO validation...
2023-06-08 19:51:14,537 INFO 
Overall Acc: 0.9192
Mean Acc: 0.6305
FreqW Acc: 0.8593
Mean IoU: 0.5472

2023-06-08 19:51:54,855 INFO 
Current epoch: 187
2023-06-08 19:52:21,296 INFO Epoch 187, Itrs 11550/30000, Loss=0.106690
2023-06-08 19:53:24,751 INFO 
Current epoch: 188
2023-06-08 19:53:34,908 INFO Epoch 188, Itrs 11600/30000, Loss=0.104149
2023-06-08 19:53:34,909 INFO validation...
2023-06-08 19:53:58,869 INFO 
Overall Acc: 0.9199
Mean Acc: 0.6272
FreqW Acc: 0.8593
Mean IoU: 0.5431

2023-06-08 19:55:07,475 INFO Epoch 188, Itrs 11650/30000, Loss=0.104900
2023-06-08 19:55:16,761 INFO 
Current epoch: 189
2023-06-08 19:56:22,157 INFO Epoch 189, Itrs 11700/30000, Loss=0.104374
2023-06-08 19:56:22,158 INFO validation...
2023-06-08 19:56:45,263 INFO 
Overall Acc: 0.9188
Mean Acc: 0.6052
FreqW Acc: 0.8562
Mean IoU: 0.5310

2023-06-08 19:57:06,542 INFO 
Current epoch: 190
2023-06-08 19:57:52,380 INFO Epoch 190, Itrs 11750/30000, Loss=0.104441
2023-06-08 19:58:34,663 INFO 
Current epoch: 191
2023-06-08 19:59:04,140 INFO Epoch 191, Itrs 11800/30000, Loss=0.103460
2023-06-08 19:59:04,141 INFO validation...
2023-06-08 19:59:28,270 INFO 
Overall Acc: 0.9191
Mean Acc: 0.6169
FreqW Acc: 0.8577
Mean IoU: 0.5375

2023-06-08 20:00:23,578 INFO 
Current epoch: 192
2023-06-08 20:00:35,160 INFO Epoch 192, Itrs 11850/30000, Loss=0.103444
2023-06-08 20:01:48,506 INFO Epoch 192, Itrs 11900/30000, Loss=0.104315
2023-06-08 20:01:48,506 INFO validation...
2023-06-08 20:02:12,775 INFO 
Overall Acc: 0.9179
Mean Acc: 0.6151
FreqW Acc: 0.8554
Mean IoU: 0.5377

2023-06-08 20:02:13,365 INFO 
Current epoch: 193
2023-06-08 20:03:19,975 INFO Epoch 193, Itrs 11950/30000, Loss=0.102453
2023-06-08 20:03:42,541 INFO 
Current epoch: 194
2023-06-08 20:04:32,116 INFO Epoch 194, Itrs 12000/30000, Loss=0.104127
2023-06-08 20:04:32,117 INFO validation...
2023-06-08 20:04:55,975 INFO 
Overall Acc: 0.9195
Mean Acc: 0.6167
FreqW Acc: 0.8580
Mean IoU: 0.5398

2023-06-08 20:05:32,519 INFO 
Current epoch: 195
2023-06-08 20:06:04,202 INFO Epoch 195, Itrs 12050/30000, Loss=0.103810
2023-06-08 20:07:01,249 INFO 
Current epoch: 196
2023-06-08 20:07:16,809 INFO Epoch 196, Itrs 12100/30000, Loss=0.105326
2023-06-08 20:07:16,810 INFO validation...
2023-06-08 20:07:41,475 INFO 
Overall Acc: 0.9189
Mean Acc: 0.6225
FreqW Acc: 0.8576
Mean IoU: 0.5410

2023-06-08 20:08:49,445 INFO Epoch 196, Itrs 12150/30000, Loss=0.103211
2023-06-08 20:08:52,361 INFO 
Current epoch: 197
2023-06-08 20:10:01,788 INFO Epoch 197, Itrs 12200/30000, Loss=0.102851
2023-06-08 20:10:01,789 INFO validation...
2023-06-08 20:10:25,917 INFO 
Overall Acc: 0.9199
Mean Acc: 0.6263
FreqW Acc: 0.8598
Mean IoU: 0.5431

2023-06-08 20:10:42,273 INFO 
Current epoch: 198
2023-06-08 20:11:35,352 INFO Epoch 198, Itrs 12250/30000, Loss=0.103375
2023-06-08 20:12:12,539 INFO 
Current epoch: 199
2023-06-08 20:12:48,523 INFO Epoch 199, Itrs 12300/30000, Loss=0.102629
2023-06-08 20:12:48,523 INFO validation...
2023-06-08 20:13:11,949 INFO 
Overall Acc: 0.9199
Mean Acc: 0.6252
FreqW Acc: 0.8586
Mean IoU: 0.5442

2023-06-08 20:14:01,111 INFO 
Current epoch: 200
2023-06-08 20:14:20,002 INFO Epoch 200, Itrs 12350/30000, Loss=0.103538
2023-06-08 20:15:30,717 INFO Epoch 200, Itrs 12400/30000, Loss=0.103094
2023-06-08 20:15:30,718 INFO validation...
2023-06-08 20:15:54,283 INFO 
Overall Acc: 0.9196
Mean Acc: 0.6178
FreqW Acc: 0.8577
Mean IoU: 0.5388

2023-06-08 20:15:54,353 INFO 
Current epoch: 201
2023-06-08 20:17:08,132 INFO Epoch 201, Itrs 12450/30000, Loss=0.104068
2023-06-08 20:17:25,114 INFO 
Current epoch: 202
2023-06-08 20:18:20,020 INFO Epoch 202, Itrs 12500/30000, Loss=0.103832
2023-06-08 20:18:20,020 INFO validation...
2023-06-08 20:18:43,594 INFO 
Overall Acc: 0.9190
Mean Acc: 0.6193
FreqW Acc: 0.8573
Mean IoU: 0.5409

2023-06-08 20:19:14,852 INFO 
Current epoch: 203
2023-06-08 20:19:53,547 INFO Epoch 203, Itrs 12550/30000, Loss=0.103366
2023-06-08 20:20:44,697 INFO 
Current epoch: 204
2023-06-08 20:21:06,459 INFO Epoch 204, Itrs 12600/30000, Loss=0.103451
2023-06-08 20:21:06,460 INFO validation...
2023-06-08 20:21:30,863 INFO 
Overall Acc: 0.9193
Mean Acc: 0.6329
FreqW Acc: 0.8592
Mean IoU: 0.5448

2023-06-08 20:22:35,228 INFO 
Current epoch: 205
2023-06-08 20:22:39,239 INFO Epoch 205, Itrs 12650/30000, Loss=0.103072
2023-06-08 20:23:51,623 INFO Epoch 205, Itrs 12700/30000, Loss=0.100737
2023-06-08 20:23:51,624 INFO validation...
2023-06-08 20:24:16,401 INFO 
Overall Acc: 0.9181
Mean Acc: 0.6167
FreqW Acc: 0.8560
Mean IoU: 0.5363

2023-06-08 20:24:26,124 INFO 
Current epoch: 206
2023-06-08 20:25:24,051 INFO Epoch 206, Itrs 12750/30000, Loss=0.101600
2023-06-08 20:25:55,861 INFO 
Current epoch: 207
2023-06-08 20:26:36,548 INFO Epoch 207, Itrs 12800/30000, Loss=0.103218
2023-06-08 20:26:36,549 INFO validation...
2023-06-08 20:27:01,875 INFO 
Overall Acc: 0.9179
Mean Acc: 0.6232
FreqW Acc: 0.8568
Mean IoU: 0.5382

2023-06-08 20:27:46,237 INFO 
Current epoch: 208
2023-06-08 20:28:10,379 INFO Epoch 208, Itrs 12850/30000, Loss=0.101474
2023-06-08 20:29:15,667 INFO 
Current epoch: 209
2023-06-08 20:29:21,660 INFO Epoch 209, Itrs 12900/30000, Loss=0.101142
2023-06-08 20:29:21,660 INFO validation...
2023-06-08 20:29:47,113 INFO 
Overall Acc: 0.9183
Mean Acc: 0.6151
FreqW Acc: 0.8566
Mean IoU: 0.5363

2023-06-08 20:30:53,736 INFO Epoch 209, Itrs 12950/30000, Loss=0.101010
2023-06-08 20:31:05,105 INFO 
Current epoch: 210
2023-06-08 20:32:06,672 INFO Epoch 210, Itrs 13000/30000, Loss=0.101383
2023-06-08 20:32:06,672 INFO validation...
2023-06-08 20:32:32,088 INFO 
Overall Acc: 0.9194
Mean Acc: 0.6213
FreqW Acc: 0.8588
Mean IoU: 0.5387

2023-06-08 20:32:57,060 INFO 
Current epoch: 211
2023-06-08 20:33:40,152 INFO Epoch 211, Itrs 13050/30000, Loss=0.101778
2023-06-08 20:34:25,806 INFO 
Current epoch: 212
2023-06-08 20:34:52,575 INFO Epoch 212, Itrs 13100/30000, Loss=0.102324
2023-06-08 20:34:52,576 INFO validation...
2023-06-08 20:35:17,112 INFO 
Overall Acc: 0.9192
Mean Acc: 0.6249
FreqW Acc: 0.8584
Mean IoU: 0.5403

2023-06-08 20:36:15,349 INFO 
Current epoch: 213
2023-06-08 20:36:24,711 INFO Epoch 213, Itrs 13150/30000, Loss=0.101367
2023-06-08 20:37:36,148 INFO Epoch 213, Itrs 13200/30000, Loss=0.099874
2023-06-08 20:37:36,149 INFO validation...
2023-06-08 20:38:01,775 INFO 
Overall Acc: 0.9190
Mean Acc: 0.6185
FreqW Acc: 0.8578
Mean IoU: 0.5387

2023-06-08 20:38:05,416 INFO 
Current epoch: 214
2023-06-08 20:39:10,484 INFO Epoch 214, Itrs 13250/30000, Loss=0.102712
2023-06-08 20:39:36,093 INFO 
Current epoch: 215
2023-06-08 20:40:23,450 INFO Epoch 215, Itrs 13300/30000, Loss=0.100724
2023-06-08 20:40:23,451 INFO validation...
2023-06-08 20:40:48,499 INFO 
Overall Acc: 0.9195
Mean Acc: 0.6253
FreqW Acc: 0.8583
Mean IoU: 0.5423

2023-06-08 20:41:26,191 INFO 
Current epoch: 216
2023-06-08 20:41:55,386 INFO Epoch 216, Itrs 13350/30000, Loss=0.101795
2023-06-08 20:42:54,757 INFO 
Current epoch: 217
2023-06-08 20:43:07,541 INFO Epoch 217, Itrs 13400/30000, Loss=0.100767
2023-06-08 20:43:07,542 INFO validation...
2023-06-08 20:43:31,803 INFO 
Overall Acc: 0.9198
Mean Acc: 0.6200
FreqW Acc: 0.8591
Mean IoU: 0.5381

2023-06-08 20:44:39,425 INFO Epoch 217, Itrs 13450/30000, Loss=0.099992
2023-06-08 20:44:45,214 INFO 
Current epoch: 218
2023-06-08 20:45:51,938 INFO Epoch 218, Itrs 13500/30000, Loss=0.100410
2023-06-08 20:45:51,939 INFO validation...
2023-06-08 20:46:15,574 INFO 
Overall Acc: 0.9186
Mean Acc: 0.6275
FreqW Acc: 0.8575
Mean IoU: 0.5422

2023-06-08 20:46:33,689 INFO 
Current epoch: 219
2023-06-08 20:47:24,639 INFO Epoch 219, Itrs 13550/30000, Loss=0.100360
2023-06-08 20:48:05,162 INFO 
Current epoch: 220
2023-06-08 20:48:38,627 INFO Epoch 220, Itrs 13600/30000, Loss=0.099855
2023-06-08 20:48:38,628 INFO validation...
2023-06-08 20:49:02,674 INFO 
Overall Acc: 0.9188
Mean Acc: 0.6245
FreqW Acc: 0.8577
Mean IoU: 0.5414

2023-06-08 20:49:55,548 INFO 
Current epoch: 221
2023-06-08 20:50:10,994 INFO Epoch 221, Itrs 13650/30000, Loss=0.100789
2023-06-08 20:51:21,058 INFO Epoch 221, Itrs 13700/30000, Loss=0.100534
2023-06-08 20:51:21,058 INFO validation...
2023-06-08 20:51:45,852 INFO 
Overall Acc: 0.9178
Mean Acc: 0.6256
FreqW Acc: 0.8566
Mean IoU: 0.5355

2023-06-08 20:51:46,196 INFO 
Current epoch: 222
2023-06-08 20:52:54,616 INFO Epoch 222, Itrs 13750/30000, Loss=0.100038
2023-06-08 20:53:14,155 INFO 
Current epoch: 223
2023-06-08 20:54:05,416 INFO Epoch 223, Itrs 13800/30000, Loss=0.098717
2023-06-08 20:54:05,417 INFO validation...
2023-06-08 20:54:29,794 INFO 
Overall Acc: 0.9193
Mean Acc: 0.6056
FreqW Acc: 0.8573
Mean IoU: 0.5327

2023-06-08 20:55:02,545 INFO 
Current epoch: 224
2023-06-08 20:55:37,841 INFO Epoch 224, Itrs 13850/30000, Loss=0.099218
2023-06-08 20:56:32,116 INFO 
Current epoch: 225
2023-06-08 20:56:49,757 INFO Epoch 225, Itrs 13900/30000, Loss=0.099989
2023-06-08 20:56:49,758 INFO validation...
2023-06-08 20:57:14,420 INFO 
Overall Acc: 0.9196
Mean Acc: 0.6242
FreqW Acc: 0.8591
Mean IoU: 0.5402

2023-06-08 20:58:21,268 INFO Epoch 225, Itrs 13950/30000, Loss=0.100335
2023-06-08 20:58:21,357 INFO 
Current epoch: 226
2023-06-08 20:59:32,592 INFO Epoch 226, Itrs 14000/30000, Loss=0.098244
2023-06-08 20:59:32,593 INFO validation...
2023-06-08 20:59:57,110 INFO 
Overall Acc: 0.9197
Mean Acc: 0.6200
FreqW Acc: 0.8587
Mean IoU: 0.5399

2023-06-08 21:00:10,000 INFO 
Current epoch: 227
2023-06-08 21:01:04,993 INFO Epoch 227, Itrs 14050/30000, Loss=0.100098
2023-06-08 21:01:38,774 INFO 
Current epoch: 228
2023-06-08 21:02:18,006 INFO Epoch 228, Itrs 14100/30000, Loss=0.098956
2023-06-08 21:02:18,007 INFO validation...
2023-06-08 21:02:41,675 INFO 
Overall Acc: 0.9189
Mean Acc: 0.6231
FreqW Acc: 0.8575
Mean IoU: 0.5402

2023-06-08 21:03:28,061 INFO 
Current epoch: 229
2023-06-08 21:03:49,016 INFO Epoch 229, Itrs 14150/30000, Loss=0.097952
2023-06-08 21:04:57,783 INFO 
Current epoch: 230
2023-06-08 21:05:00,956 INFO Epoch 230, Itrs 14200/30000, Loss=0.099163
2023-06-08 21:05:00,957 INFO validation...
2023-06-08 21:05:24,407 INFO 
Overall Acc: 0.9198
Mean Acc: 0.6199
FreqW Acc: 0.8584
Mean IoU: 0.5372

2023-06-08 21:06:30,848 INFO Epoch 230, Itrs 14250/30000, Loss=0.098157
2023-06-08 21:06:45,564 INFO 
Current epoch: 231
2023-06-08 21:07:43,438 INFO Epoch 231, Itrs 14300/30000, Loss=0.098052
2023-06-08 21:07:43,438 INFO validation...
2023-06-08 21:08:07,186 INFO 
Overall Acc: 0.9191
Mean Acc: 0.6165
FreqW Acc: 0.8587
Mean IoU: 0.5318

2023-06-08 21:08:33,908 INFO 
Current epoch: 232
2023-06-08 21:09:13,826 INFO Epoch 232, Itrs 14350/30000, Loss=0.098547
2023-06-08 21:10:03,246 INFO 
Current epoch: 233
2023-06-08 21:10:27,097 INFO Epoch 233, Itrs 14400/30000, Loss=0.099767
2023-06-08 21:10:27,098 INFO validation...
2023-06-08 21:10:51,339 INFO 
Overall Acc: 0.9196
Mean Acc: 0.6225
FreqW Acc: 0.8586
Mean IoU: 0.5387

2023-06-08 21:11:51,098 INFO 
Current epoch: 234
2023-06-08 21:11:57,463 INFO Epoch 234, Itrs 14450/30000, Loss=0.099256
2023-06-08 21:13:09,128 INFO Epoch 234, Itrs 14500/30000, Loss=0.099068
2023-06-08 21:13:09,128 INFO validation...
2023-06-08 21:13:33,467 INFO 
Overall Acc: 0.9178
Mean Acc: 0.6158
FreqW Acc: 0.8562
Mean IoU: 0.5323

2023-06-08 21:13:40,431 INFO 
Current epoch: 235
2023-06-08 21:14:41,011 INFO Epoch 235, Itrs 14550/30000, Loss=0.099848
2023-06-08 21:15:09,120 INFO 
Current epoch: 236
2023-06-08 21:15:53,067 INFO Epoch 236, Itrs 14600/30000, Loss=0.098590
2023-06-08 21:15:53,068 INFO validation...
2023-06-08 21:16:17,169 INFO 
Overall Acc: 0.9171
Mean Acc: 0.6229
FreqW Acc: 0.8548
Mean IoU: 0.5354

2023-06-08 21:16:58,216 INFO 
Current epoch: 237
2023-06-08 21:17:24,457 INFO Epoch 237, Itrs 14650/30000, Loss=0.099462
2023-06-08 21:18:27,550 INFO 
Current epoch: 238
2023-06-08 21:18:36,819 INFO Epoch 238, Itrs 14700/30000, Loss=0.099141
2023-06-08 21:18:36,820 INFO validation...
2023-06-08 21:19:01,689 INFO 
Overall Acc: 0.9174
Mean Acc: 0.6036
FreqW Acc: 0.8550
Mean IoU: 0.5261

2023-06-08 21:20:08,475 INFO Epoch 238, Itrs 14750/30000, Loss=0.098429
2023-06-08 21:20:16,991 INFO 
Current epoch: 239
2023-06-08 21:21:19,861 INFO Epoch 239, Itrs 14800/30000, Loss=0.098652
2023-06-08 21:21:19,861 INFO validation...
2023-06-08 21:21:44,619 INFO 
Overall Acc: 0.9192
Mean Acc: 0.6196
FreqW Acc: 0.8582
Mean IoU: 0.5396

2023-06-08 21:22:05,622 INFO 
Current epoch: 240
2023-06-08 21:22:53,131 INFO Epoch 240, Itrs 14850/30000, Loss=0.096040
2023-06-08 21:23:36,979 INFO 
Current epoch: 241
2023-06-08 21:24:06,619 INFO Epoch 241, Itrs 14900/30000, Loss=0.097982
2023-06-08 21:24:06,620 INFO validation...
2023-06-08 21:24:31,304 INFO 
Overall Acc: 0.9193
Mean Acc: 0.6113
FreqW Acc: 0.8580
Mean IoU: 0.5338

2023-06-08 21:25:26,396 INFO 
Current epoch: 242
2023-06-08 21:25:38,561 INFO Epoch 242, Itrs 14950/30000, Loss=0.097999
2023-06-08 21:26:51,108 INFO Epoch 242, Itrs 15000/30000, Loss=0.097343
2023-06-08 21:26:51,108 INFO validation...
2023-06-08 21:27:15,414 INFO 
Overall Acc: 0.9187
Mean Acc: 0.6218
FreqW Acc: 0.8567
Mean IoU: 0.5396

2023-06-08 21:27:16,835 INFO 
Current epoch: 243
2023-06-08 21:28:25,512 INFO Epoch 243, Itrs 15050/30000, Loss=0.096453
2023-06-08 21:28:48,246 INFO 
Current epoch: 244
2023-06-08 21:29:37,816 INFO Epoch 244, Itrs 15100/30000, Loss=0.098640
2023-06-08 21:29:37,816 INFO validation...
2023-06-08 21:30:02,691 INFO 
Overall Acc: 0.9180
Mean Acc: 0.5975
FreqW Acc: 0.8555
Mean IoU: 0.5255

2023-06-08 21:30:38,033 INFO 
Current epoch: 245
2023-06-08 21:31:11,891 INFO Epoch 245, Itrs 15150/30000, Loss=0.096254
2023-06-08 21:32:09,910 INFO 
Current epoch: 246
2023-06-08 21:32:25,754 INFO Epoch 246, Itrs 15200/30000, Loss=0.097542
2023-06-08 21:32:25,755 INFO validation...
2023-06-08 21:32:50,315 INFO 
Overall Acc: 0.9191
Mean Acc: 0.6265
FreqW Acc: 0.8585
Mean IoU: 0.5407

2023-06-08 21:33:57,304 INFO Epoch 246, Itrs 15250/30000, Loss=0.098837
2023-06-08 21:34:00,194 INFO 
Current epoch: 247
2023-06-08 21:35:09,935 INFO Epoch 247, Itrs 15300/30000, Loss=0.096011
2023-06-08 21:35:09,936 INFO validation...
2023-06-08 21:35:34,322 INFO 
Overall Acc: 0.9204
Mean Acc: 0.6195
FreqW Acc: 0.8599
Mean IoU: 0.5397

2023-06-08 21:35:49,782 INFO 
Current epoch: 248
2023-06-08 21:36:43,201 INFO Epoch 248, Itrs 15350/30000, Loss=0.097421
2023-06-08 21:37:20,087 INFO 
Current epoch: 249
2023-06-08 21:37:55,030 INFO Epoch 249, Itrs 15400/30000, Loss=0.097759
2023-06-08 21:37:55,031 INFO validation...
2023-06-08 21:38:18,734 INFO 
Overall Acc: 0.9201
Mean Acc: 0.6332
FreqW Acc: 0.8600
Mean IoU: 0.5468

2023-06-08 21:39:09,411 INFO 
Current epoch: 250
2023-06-08 21:39:27,484 INFO Epoch 250, Itrs 15450/30000, Loss=0.096688
2023-06-08 21:40:37,560 INFO Epoch 250, Itrs 15500/30000, Loss=0.097184
2023-06-08 21:40:37,561 INFO validation...
2023-06-08 21:41:01,739 INFO 
Overall Acc: 0.9199
Mean Acc: 0.6268
FreqW Acc: 0.8596
Mean IoU: 0.5429

2023-06-08 21:41:01,847 INFO 
Current epoch: 251
2023-06-08 21:42:13,571 INFO Epoch 251, Itrs 15550/30000, Loss=0.096820
2023-06-08 21:42:31,355 INFO 
Current epoch: 252
2023-06-08 21:43:26,621 INFO Epoch 252, Itrs 15600/30000, Loss=0.097154
2023-06-08 21:43:26,622 INFO validation...
2023-06-08 21:43:51,585 INFO 
Overall Acc: 0.9201
Mean Acc: 0.6328
FreqW Acc: 0.8603
Mean IoU: 0.5461

2023-06-08 21:44:21,849 INFO 
Current epoch: 253
2023-06-08 21:45:01,055 INFO Epoch 253, Itrs 15650/30000, Loss=0.096831
2023-06-08 21:45:53,472 INFO 
Current epoch: 254
2023-06-08 21:46:16,107 INFO Epoch 254, Itrs 15700/30000, Loss=0.098609
2023-06-08 21:46:16,107 INFO validation...
2023-06-08 21:46:41,154 INFO 
Overall Acc: 0.9200
Mean Acc: 0.6233
FreqW Acc: 0.8593
Mean IoU: 0.5431

2023-06-08 21:47:44,935 INFO 
Current epoch: 255
2023-06-08 21:47:48,153 INFO Epoch 255, Itrs 15750/30000, Loss=0.096337
2023-06-08 21:49:01,519 INFO Epoch 255, Itrs 15800/30000, Loss=0.095625
2023-06-08 21:49:01,520 INFO validation...
2023-06-08 21:49:27,567 INFO 
Overall Acc: 0.9198
Mean Acc: 0.6253
FreqW Acc: 0.8594
Mean IoU: 0.5401

2023-06-08 21:49:37,364 INFO 
Current epoch: 256
2023-06-08 21:50:35,968 INFO Epoch 256, Itrs 15850/30000, Loss=0.095995
2023-06-08 21:51:07,888 INFO 
Current epoch: 257
2023-06-08 21:51:49,054 INFO Epoch 257, Itrs 15900/30000, Loss=0.096903
2023-06-08 21:51:49,054 INFO validation...
2023-06-08 21:52:12,733 INFO 
Overall Acc: 0.9186
Mean Acc: 0.6098
FreqW Acc: 0.8562
Mean IoU: 0.5323

2023-06-08 21:52:58,249 INFO 
Current epoch: 258
2023-06-08 21:53:22,637 INFO Epoch 258, Itrs 15950/30000, Loss=0.096192
2023-06-08 21:54:29,820 INFO 
Current epoch: 259
2023-06-08 21:54:36,528 INFO Epoch 259, Itrs 16000/30000, Loss=0.095812
2023-06-08 21:54:36,529 INFO validation...
2023-06-08 21:55:02,331 INFO 
Overall Acc: 0.9196
Mean Acc: 0.6311
FreqW Acc: 0.8598
Mean IoU: 0.5432

2023-06-08 21:56:13,626 INFO Epoch 259, Itrs 16050/30000, Loss=0.095264
2023-06-08 21:56:25,469 INFO 
Current epoch: 260
2023-06-08 21:57:27,769 INFO Epoch 260, Itrs 16100/30000, Loss=0.095779
2023-06-08 21:57:27,770 INFO validation...
2023-06-08 21:57:54,123 INFO 
Overall Acc: 0.9195
Mean Acc: 0.6232
FreqW Acc: 0.8589
Mean IoU: 0.5395

2023-06-08 21:58:19,781 INFO 
Current epoch: 261
2023-06-08 21:59:04,154 INFO Epoch 261, Itrs 16150/30000, Loss=0.096176
2023-06-08 21:59:52,925 INFO 
Current epoch: 262
2023-06-08 22:00:20,556 INFO Epoch 262, Itrs 16200/30000, Loss=0.094914
2023-06-08 22:00:20,557 INFO validation...
2023-06-08 22:00:46,037 INFO 
Overall Acc: 0.9195
Mean Acc: 0.6206
FreqW Acc: 0.8591
Mean IoU: 0.5392

2023-06-08 22:01:47,885 INFO 
Current epoch: 263
2023-06-08 22:01:58,597 INFO Epoch 263, Itrs 16250/30000, Loss=0.095120
2023-06-08 22:03:12,699 INFO Epoch 263, Itrs 16300/30000, Loss=0.094193
2023-06-08 22:03:12,699 INFO validation...
2023-06-08 22:03:36,978 INFO 
Overall Acc: 0.9202
Mean Acc: 0.6279
FreqW Acc: 0.8599
Mean IoU: 0.5453

2023-06-08 22:03:40,978 INFO 
Current epoch: 264
2023-06-08 22:04:46,750 INFO Epoch 264, Itrs 16350/30000, Loss=0.095709
2023-06-08 22:05:12,930 INFO 
Current epoch: 265
2023-06-08 22:06:00,335 INFO Epoch 265, Itrs 16400/30000, Loss=0.094846
2023-06-08 22:06:00,336 INFO validation...
2023-06-08 22:06:25,465 INFO 
Overall Acc: 0.9199
Mean Acc: 0.6194
FreqW Acc: 0.8583
Mean IoU: 0.5412

2023-06-08 22:07:04,805 INFO 
Current epoch: 266
2023-06-08 22:07:35,362 INFO Epoch 266, Itrs 16450/30000, Loss=0.093930
2023-06-08 22:08:38,205 INFO 
Current epoch: 267
2023-06-08 22:08:51,532 INFO Epoch 267, Itrs 16500/30000, Loss=0.094413
2023-06-08 22:08:51,533 INFO validation...
2023-06-08 22:09:15,309 INFO 
Overall Acc: 0.9191
Mean Acc: 0.6184
FreqW Acc: 0.8580
Mean IoU: 0.5381

2023-06-08 22:10:24,546 INFO Epoch 267, Itrs 16550/30000, Loss=0.095236
2023-06-08 22:10:30,408 INFO 
Current epoch: 268
2023-06-08 22:11:38,966 INFO Epoch 268, Itrs 16600/30000, Loss=0.095548
2023-06-08 22:11:38,967 INFO validation...
2023-06-08 22:12:04,325 INFO 
Overall Acc: 0.9200
Mean Acc: 0.6176
FreqW Acc: 0.8591
Mean IoU: 0.5392

2023-06-08 22:12:23,185 INFO 
Current epoch: 269
2023-06-08 22:13:14,268 INFO Epoch 269, Itrs 16650/30000, Loss=0.093447
2023-06-08 22:13:55,525 INFO 
Current epoch: 270
2023-06-08 22:14:28,125 INFO Epoch 270, Itrs 16700/30000, Loss=0.095435
2023-06-08 22:14:28,125 INFO validation...
2023-06-08 22:14:54,421 INFO 
Overall Acc: 0.9196
Mean Acc: 0.6243
FreqW Acc: 0.8587
Mean IoU: 0.5423

2023-06-08 22:15:47,903 INFO 
Current epoch: 271
2023-06-08 22:16:03,219 INFO Epoch 271, Itrs 16750/30000, Loss=0.095082
2023-06-08 22:17:16,166 INFO Epoch 271, Itrs 16800/30000, Loss=0.095067
2023-06-08 22:17:16,166 INFO validation...
2023-06-08 22:17:41,403 INFO 
Overall Acc: 0.9198
Mean Acc: 0.6306
FreqW Acc: 0.8597
Mean IoU: 0.5437

2023-06-08 22:17:41,722 INFO 
Current epoch: 272
2023-06-08 22:18:53,395 INFO Epoch 272, Itrs 16850/30000, Loss=0.094236
2023-06-08 22:19:13,255 INFO 
Current epoch: 273
