2023-05-20 23:31:56,780 INFO Device: cuda
2023-05-20 23:31:56,799 INFO Dataset: cityscapes, Train set: 2975, Val set: 500
2023-05-20 23:31:56,943 INFO [!] Training from scratch, no checkpoint file used
2023-05-20 23:33:12,752 INFO Epoch 1, Itrs 50/30000, Loss=0.730377
2023-05-20 23:34:26,099 INFO Epoch 2, Itrs 100/30000, Loss=0.440973
2023-05-20 23:35:39,246 INFO Epoch 2, Itrs 150/30000, Loss=0.374571
2023-05-20 23:36:51,897 INFO Epoch 3, Itrs 200/30000, Loss=0.342609
2023-05-20 23:36:51,985 INFO Model saved as logs/2023_0520_2331_56_cs_base_run/checkpoints/latest_deeplabv3plus_mobilenet_cityscapes_os16.pth
2023-05-20 23:36:51,986 INFO validation...
2023-05-20 23:37:15,539 INFO 
Overall Acc: 0.872085
Mean Acc: 0.389050
FreqW Acc: 0.777159
Mean IoU: 0.332837

2023-05-20 23:37:15,617 INFO Model saved as logs/2023_0520_2331_56_cs_base_run/checkpoints/best_deeplabv3plus_mobilenet_cityscapes_os16.pth
2023-05-20 23:38:23,663 INFO Epoch 3, Itrs 250/30000, Loss=0.314818
2023-05-20 23:39:37,334 INFO Epoch 4, Itrs 300/30000, Loss=0.307927
2023-05-20 23:40:49,403 INFO Epoch 4, Itrs 350/30000, Loss=0.292280
2023-05-20 23:42:02,010 INFO Epoch 5, Itrs 400/30000, Loss=0.289300
2023-05-20 23:42:02,153 INFO Model saved as logs/2023_0520_2331_56_cs_base_run/checkpoints/latest_deeplabv3plus_mobilenet_cityscapes_os16.pth
2023-05-20 23:42:02,153 INFO validation...
2023-05-20 23:42:26,582 INFO 
Overall Acc: 0.891267
Mean Acc: 0.485533
FreqW Acc: 0.814742
Mean IoU: 0.410341

2023-05-20 23:42:26,729 INFO Model saved as logs/2023_0520_2331_56_cs_base_run/checkpoints/best_deeplabv3plus_mobilenet_cityscapes_os16.pth
2023-05-20 23:43:35,364 INFO Epoch 5, Itrs 450/30000, Loss=0.272071
2023-05-20 23:44:49,130 INFO Epoch 6, Itrs 500/30000, Loss=0.261089
2023-05-20 23:46:00,906 INFO Epoch 6, Itrs 550/30000, Loss=0.266369
2023-05-20 23:47:14,702 INFO Epoch 7, Itrs 600/30000, Loss=0.256266
2023-05-20 23:47:14,833 INFO Model saved as logs/2023_0520_2331_56_cs_base_run/checkpoints/latest_deeplabv3plus_mobilenet_cityscapes_os16.pth
2023-05-20 23:47:14,833 INFO validation...
2023-05-20 23:47:38,584 INFO 
Overall Acc: 0.894005
Mean Acc: 0.526090
FreqW Acc: 0.820521
Mean IoU: 0.430247

2023-05-20 23:47:38,719 INFO Model saved as logs/2023_0520_2331_56_cs_base_run/checkpoints/best_deeplabv3plus_mobilenet_cityscapes_os16.pth
2023-05-20 23:48:47,337 INFO Epoch 8, Itrs 650/30000, Loss=0.251869
2023-05-20 23:50:00,555 INFO Epoch 8, Itrs 700/30000, Loss=0.248132
2023-05-20 23:51:13,559 INFO Epoch 9, Itrs 750/30000, Loss=0.246276
2023-05-20 23:52:26,932 INFO Epoch 9, Itrs 800/30000, Loss=0.241350
2023-05-20 23:52:27,062 INFO Model saved as logs/2023_0520_2331_56_cs_base_run/checkpoints/latest_deeplabv3plus_mobilenet_cityscapes_os16.pth
2023-05-20 23:52:27,062 INFO validation...
2023-05-20 23:52:50,711 INFO 
Overall Acc: 0.905109
Mean Acc: 0.572930
FreqW Acc: 0.835802
Mean IoU: 0.484553

2023-05-20 23:52:50,846 INFO Model saved as logs/2023_0520_2331_56_cs_base_run/checkpoints/best_deeplabv3plus_mobilenet_cityscapes_os16.pth
2023-05-20 23:53:59,984 INFO Epoch 10, Itrs 850/30000, Loss=0.241042
2023-05-20 23:55:11,159 INFO Epoch 10, Itrs 900/30000, Loss=0.239840
2023-05-20 23:56:24,033 INFO Epoch 11, Itrs 950/30000, Loss=0.232557
2023-05-20 23:57:35,825 INFO Epoch 11, Itrs 1000/30000, Loss=0.223479
2023-05-20 23:57:35,972 INFO Model saved as logs/2023_0520_2331_56_cs_base_run/checkpoints/latest_deeplabv3plus_mobilenet_cityscapes_os16.pth
2023-05-20 23:57:35,973 INFO validation...
2023-05-20 23:58:00,030 INFO 
Overall Acc: 0.903205
Mean Acc: 0.545902
FreqW Acc: 0.831316
Mean IoU: 0.474048

2023-05-20 23:59:08,652 INFO Epoch 12, Itrs 1050/30000, Loss=0.223074
2023-05-21 00:00:21,068 INFO Epoch 12, Itrs 1100/30000, Loss=0.225799
2023-05-21 00:01:34,268 INFO Epoch 13, Itrs 1150/30000, Loss=0.219650
2023-05-21 00:02:46,820 INFO Epoch 14, Itrs 1200/30000, Loss=0.220563
2023-05-21 00:02:47,079 INFO Model saved as logs/2023_0520_2331_56_cs_base_run/checkpoints/latest_deeplabv3plus_mobilenet_cityscapes_os16.pth
2023-05-21 00:02:47,079 INFO validation...
2023-05-21 00:03:11,463 INFO 
Overall Acc: 0.907524
Mean Acc: 0.570702
FreqW Acc: 0.837811
Mean IoU: 0.490679

2023-05-21 00:03:11,645 INFO Model saved as logs/2023_0520_2331_56_cs_base_run/checkpoints/best_deeplabv3plus_mobilenet_cityscapes_os16.pth
2023-05-21 00:04:18,352 INFO Epoch 14, Itrs 1250/30000, Loss=0.212316
2023-05-21 00:05:31,647 INFO Epoch 15, Itrs 1300/30000, Loss=0.210697
2023-05-21 00:06:44,077 INFO Epoch 15, Itrs 1350/30000, Loss=0.207374
2023-05-21 00:07:56,627 INFO Epoch 16, Itrs 1400/30000, Loss=0.209159
2023-05-21 00:07:56,769 INFO Model saved as logs/2023_0520_2331_56_cs_base_run/checkpoints/latest_deeplabv3plus_mobilenet_cityscapes_os16.pth
2023-05-21 00:07:56,769 INFO validation...
2023-05-21 00:08:22,068 INFO 
Overall Acc: 0.909961
Mean Acc: 0.582995
FreqW Acc: 0.842873
Mean IoU: 0.505433

2023-05-21 00:08:22,217 INFO Model saved as logs/2023_0520_2331_56_cs_base_run/checkpoints/best_deeplabv3plus_mobilenet_cityscapes_os16.pth
2023-05-21 00:09:29,909 INFO Epoch 16, Itrs 1450/30000, Loss=0.210688
2023-05-21 00:10:43,015 INFO Epoch 17, Itrs 1500/30000, Loss=0.205163
2023-05-21 00:11:53,837 INFO Epoch 17, Itrs 1550/30000, Loss=0.204123
2023-05-21 00:13:06,135 INFO Epoch 18, Itrs 1600/30000, Loss=0.202815
2023-05-21 00:13:06,290 INFO Model saved as logs/2023_0520_2331_56_cs_base_run/checkpoints/latest_deeplabv3plus_mobilenet_cityscapes_os16.pth
2023-05-21 00:13:06,290 INFO validation...
2023-05-21 00:13:30,879 INFO 
Overall Acc: 0.910172
Mean Acc: 0.596463
FreqW Acc: 0.845059
Mean IoU: 0.513650

2023-05-21 00:13:31,028 INFO Model saved as logs/2023_0520_2331_56_cs_base_run/checkpoints/best_deeplabv3plus_mobilenet_cityscapes_os16.pth
2023-05-21 00:14:38,445 INFO Epoch 18, Itrs 1650/30000, Loss=0.201752
2023-05-21 00:15:50,664 INFO Epoch 19, Itrs 1700/30000, Loss=0.200830
2023-05-21 00:17:04,699 INFO Epoch 20, Itrs 1750/30000, Loss=0.197216
2023-05-21 00:18:16,240 INFO Epoch 20, Itrs 1800/30000, Loss=0.195988
2023-05-21 00:18:16,391 INFO Model saved as logs/2023_0520_2331_56_cs_base_run/checkpoints/latest_deeplabv3plus_mobilenet_cityscapes_os16.pth
2023-05-21 00:18:16,391 INFO validation...
2023-05-21 00:18:41,313 INFO 
Overall Acc: 0.914436
Mean Acc: 0.616515
FreqW Acc: 0.849493
Mean IoU: 0.532133

2023-05-21 00:18:41,465 INFO Model saved as logs/2023_0520_2331_56_cs_base_run/checkpoints/best_deeplabv3plus_mobilenet_cityscapes_os16.pth
2023-05-21 00:19:48,600 INFO Epoch 21, Itrs 1850/30000, Loss=0.199039
2023-05-21 00:21:00,571 INFO Epoch 21, Itrs 1900/30000, Loss=0.195694
2023-05-21 00:22:13,642 INFO Epoch 22, Itrs 1950/30000, Loss=0.195389
2023-05-21 00:23:25,784 INFO Epoch 22, Itrs 2000/30000, Loss=0.196215
2023-05-21 00:23:25,919 INFO Model saved as logs/2023_0520_2331_56_cs_base_run/checkpoints/latest_deeplabv3plus_mobilenet_cityscapes_os16.pth
2023-05-21 00:23:25,919 INFO validation...
2023-05-21 00:23:50,332 INFO 
Overall Acc: 0.914822
Mean Acc: 0.609138
FreqW Acc: 0.850727
Mean IoU: 0.524069

2023-05-21 00:24:58,242 INFO Epoch 23, Itrs 2050/30000, Loss=0.189868
2023-05-21 00:26:10,816 INFO Epoch 23, Itrs 2100/30000, Loss=0.187388
2023-05-21 00:27:23,727 INFO Epoch 24, Itrs 2150/30000, Loss=0.191478
2023-05-21 00:28:36,290 INFO Epoch 24, Itrs 2200/30000, Loss=0.187707
2023-05-21 00:28:36,423 INFO Model saved as logs/2023_0520_2331_56_cs_base_run/checkpoints/latest_deeplabv3plus_mobilenet_cityscapes_os16.pth
2023-05-21 00:28:36,423 INFO validation...
2023-05-21 00:29:00,285 INFO 
Overall Acc: 0.915946
Mean Acc: 0.616762
FreqW Acc: 0.852615
Mean IoU: 0.529835

2023-05-21 00:30:08,707 INFO Epoch 25, Itrs 2250/30000, Loss=0.186538
2023-05-21 00:31:21,100 INFO Epoch 25, Itrs 2300/30000, Loss=0.187017
2023-05-21 00:32:33,135 INFO Epoch 26, Itrs 2350/30000, Loss=0.184050
2023-05-21 00:33:45,441 INFO Epoch 27, Itrs 2400/30000, Loss=0.184084
2023-05-21 00:33:45,677 INFO Model saved as logs/2023_0520_2331_56_cs_base_run/checkpoints/latest_deeplabv3plus_mobilenet_cityscapes_os16.pth
2023-05-21 00:33:45,678 INFO validation...
2023-05-21 00:34:10,153 INFO 
Overall Acc: 0.915801
Mean Acc: 0.613238
FreqW Acc: 0.851792
Mean IoU: 0.524874

2023-05-21 00:35:16,471 INFO Epoch 27, Itrs 2450/30000, Loss=0.184093
2023-05-21 00:36:30,205 INFO Epoch 28, Itrs 2500/30000, Loss=0.182309
2023-05-21 00:37:42,193 INFO Epoch 28, Itrs 2550/30000, Loss=0.178161
2023-05-21 00:38:56,049 INFO Epoch 29, Itrs 2600/30000, Loss=0.177441
2023-05-21 00:38:56,202 INFO Model saved as logs/2023_0520_2331_56_cs_base_run/checkpoints/latest_deeplabv3plus_mobilenet_cityscapes_os16.pth
2023-05-21 00:38:56,202 INFO validation...
2023-05-21 00:39:20,897 INFO 
Overall Acc: 0.913353
Mean Acc: 0.609840
FreqW Acc: 0.848734
Mean IoU: 0.531062

2023-05-21 00:40:29,396 INFO Epoch 29, Itrs 2650/30000, Loss=0.177720
2023-05-21 00:41:40,999 INFO Epoch 30, Itrs 2700/30000, Loss=0.175689
2023-05-21 00:42:52,190 INFO Epoch 30, Itrs 2750/30000, Loss=0.177057
2023-05-21 00:44:05,626 INFO Epoch 31, Itrs 2800/30000, Loss=0.176626
2023-05-21 00:44:05,760 INFO Model saved as logs/2023_0520_2331_56_cs_base_run/checkpoints/latest_deeplabv3plus_mobilenet_cityscapes_os16.pth
2023-05-21 00:44:05,760 INFO validation...
2023-05-21 00:44:29,494 INFO 
Overall Acc: 0.917286
Mean Acc: 0.590936
FreqW Acc: 0.853574
Mean IoU: 0.519485

2023-05-21 00:45:36,629 INFO Epoch 31, Itrs 2850/30000, Loss=0.175544
2023-05-21 00:46:50,403 INFO Epoch 32, Itrs 2900/30000, Loss=0.171703
2023-05-21 00:48:02,578 INFO Epoch 33, Itrs 2950/30000, Loss=0.172971
2023-05-21 00:49:14,667 INFO Epoch 33, Itrs 3000/30000, Loss=0.169977
2023-05-21 00:49:14,820 INFO Model saved as logs/2023_0520_2331_56_cs_base_run/checkpoints/latest_deeplabv3plus_mobilenet_cityscapes_os16.pth
2023-05-21 00:49:14,821 INFO validation...
2023-05-21 00:49:38,236 INFO 
Overall Acc: 0.917234
Mean Acc: 0.622995
FreqW Acc: 0.855509
Mean IoU: 0.540556

2023-05-21 00:49:38,398 INFO Model saved as logs/2023_0520_2331_56_cs_base_run/checkpoints/best_deeplabv3plus_mobilenet_cityscapes_os16.pth
2023-05-21 00:50:47,450 INFO Epoch 34, Itrs 3050/30000, Loss=0.171923
2023-05-21 00:51:58,668 INFO Epoch 34, Itrs 3100/30000, Loss=0.173899
2023-05-21 00:53:11,279 INFO Epoch 35, Itrs 3150/30000, Loss=0.168175
2023-05-21 00:54:23,551 INFO Epoch 35, Itrs 3200/30000, Loss=0.166648
2023-05-21 00:54:23,701 INFO Model saved as logs/2023_0520_2331_56_cs_base_run/checkpoints/latest_deeplabv3plus_mobilenet_cityscapes_os16.pth
2023-05-21 00:54:23,701 INFO validation...
2023-05-21 00:54:48,001 INFO 
Overall Acc: 0.917118
Mean Acc: 0.618902
FreqW Acc: 0.854638
Mean IoU: 0.536944

2023-05-21 00:55:59,018 INFO Epoch 36, Itrs 3250/30000, Loss=0.168201
2023-05-21 00:57:11,992 INFO Epoch 36, Itrs 3300/30000, Loss=0.170039
2023-05-21 00:58:24,106 INFO Epoch 37, Itrs 3350/30000, Loss=0.166529
2023-05-21 00:59:36,058 INFO Epoch 37, Itrs 3400/30000, Loss=0.165543
2023-05-21 00:59:36,213 INFO Model saved as logs/2023_0520_2331_56_cs_base_run/checkpoints/latest_deeplabv3plus_mobilenet_cityscapes_os16.pth
2023-05-21 00:59:36,213 INFO validation...
2023-05-21 00:59:59,980 INFO 
Overall Acc: 0.918978
Mean Acc: 0.615989
FreqW Acc: 0.856916
Mean IoU: 0.538424

2023-05-21 01:01:07,874 INFO Epoch 38, Itrs 3450/30000, Loss=0.165154
2023-05-21 01:02:21,324 INFO Epoch 39, Itrs 3500/30000, Loss=0.167389
2023-05-21 01:03:32,872 INFO Epoch 39, Itrs 3550/30000, Loss=0.163144
2023-05-21 01:04:45,450 INFO Epoch 40, Itrs 3600/30000, Loss=0.165088
2023-05-21 01:04:46,376 INFO Model saved as logs/2023_0520_2331_56_cs_base_run/checkpoints/latest_deeplabv3plus_mobilenet_cityscapes_os16.pth
2023-05-21 01:04:46,376 INFO validation...
2023-05-21 01:05:09,852 INFO 
Overall Acc: 0.917831
Mean Acc: 0.624406
FreqW Acc: 0.855819
Mean IoU: 0.540512

2023-05-21 01:06:16,260 INFO Epoch 40, Itrs 3650/30000, Loss=0.167696
2023-05-21 01:07:28,167 INFO Epoch 41, Itrs 3700/30000, Loss=0.161697
2023-05-21 01:08:38,802 INFO Epoch 41, Itrs 3750/30000, Loss=0.163449
2023-05-21 01:09:51,215 INFO Epoch 42, Itrs 3800/30000, Loss=0.163060
2023-05-21 01:09:51,351 INFO Model saved as logs/2023_0520_2331_56_cs_base_run/checkpoints/latest_deeplabv3plus_mobilenet_cityscapes_os16.pth
2023-05-21 01:09:51,351 INFO validation...
2023-05-21 01:10:15,737 INFO 
Overall Acc: 0.920387
Mean Acc: 0.636184
FreqW Acc: 0.859406
Mean IoU: 0.553850

2023-05-21 01:10:15,891 INFO Model saved as logs/2023_0520_2331_56_cs_base_run/checkpoints/best_deeplabv3plus_mobilenet_cityscapes_os16.pth
2023-05-21 01:11:22,949 INFO Epoch 42, Itrs 3850/30000, Loss=0.161887
2023-05-21 01:12:35,735 INFO Epoch 43, Itrs 3900/30000, Loss=0.163432
2023-05-21 01:13:47,184 INFO Epoch 43, Itrs 3950/30000, Loss=0.159569
2023-05-21 01:14:59,363 INFO Epoch 44, Itrs 4000/30000, Loss=0.157042
2023-05-21 01:14:59,500 INFO Model saved as logs/2023_0520_2331_56_cs_base_run/checkpoints/latest_deeplabv3plus_mobilenet_cityscapes_os16.pth
2023-05-21 01:14:59,500 INFO validation...
2023-05-21 01:15:24,389 INFO 
Overall Acc: 0.920158
Mean Acc: 0.630601
FreqW Acc: 0.859863
Mean IoU: 0.543292

2023-05-21 01:16:32,197 INFO Epoch 45, Itrs 4050/30000, Loss=0.163797
2023-05-21 01:17:43,578 INFO Epoch 45, Itrs 4100/30000, Loss=0.159851
2023-05-21 01:18:54,660 INFO Epoch 46, Itrs 4150/30000, Loss=0.156357
2023-05-21 01:20:06,609 INFO Epoch 46, Itrs 4200/30000, Loss=0.158928
2023-05-21 01:20:06,744 INFO Model saved as logs/2023_0520_2331_56_cs_base_run/checkpoints/latest_deeplabv3plus_mobilenet_cityscapes_os16.pth
2023-05-21 01:20:06,744 INFO validation...
2023-05-21 01:20:30,526 INFO 
Overall Acc: 0.919669
Mean Acc: 0.621487
FreqW Acc: 0.858797
Mean IoU: 0.534429

2023-05-21 01:21:39,427 INFO Epoch 47, Itrs 4250/30000, Loss=0.155887
2023-05-21 01:22:51,495 INFO Epoch 47, Itrs 4300/30000, Loss=0.155073
2023-05-21 01:24:03,971 INFO Epoch 48, Itrs 4350/30000, Loss=0.154090
2023-05-21 01:25:15,728 INFO Epoch 48, Itrs 4400/30000, Loss=0.156117
2023-05-21 01:25:15,881 INFO Model saved as logs/2023_0520_2331_56_cs_base_run/checkpoints/latest_deeplabv3plus_mobilenet_cityscapes_os16.pth
2023-05-21 01:25:15,882 INFO validation...
2023-05-21 01:25:39,884 INFO 
Overall Acc: 0.921194
Mean Acc: 0.643362
FreqW Acc: 0.861564
Mean IoU: 0.553042

2023-05-21 01:26:48,672 INFO Epoch 49, Itrs 4450/30000, Loss=0.155973
2023-05-21 01:28:00,313 INFO Epoch 49, Itrs 4500/30000, Loss=0.157793
2023-05-21 01:29:13,428 INFO Epoch 50, Itrs 4550/30000, Loss=0.154585
2023-05-21 01:30:25,602 INFO Epoch 50, Itrs 4600/30000, Loss=0.154681
2023-05-21 01:30:25,751 INFO Model saved as logs/2023_0520_2331_56_cs_base_run/checkpoints/latest_deeplabv3plus_mobilenet_cityscapes_os16.pth
2023-05-21 01:30:25,752 INFO validation...
2023-05-21 01:30:51,301 INFO 
Overall Acc: 0.920237
Mean Acc: 0.614547
FreqW Acc: 0.858876
Mean IoU: 0.538096

2023-05-21 01:32:05,921 INFO Epoch 51, Itrs 4650/30000, Loss=0.152758
2023-05-21 01:33:17,290 INFO Epoch 52, Itrs 4700/30000, Loss=0.150950
2023-05-21 01:34:28,556 INFO Epoch 52, Itrs 4750/30000, Loss=0.148770
2023-05-21 01:35:42,391 INFO Epoch 53, Itrs 4800/30000, Loss=0.151724
2023-05-21 01:35:42,527 INFO Model saved as logs/2023_0520_2331_56_cs_base_run/checkpoints/latest_deeplabv3plus_mobilenet_cityscapes_os16.pth
2023-05-21 01:35:42,528 INFO validation...
2023-05-21 01:36:06,520 INFO 
Overall Acc: 0.919587
Mean Acc: 0.620223
FreqW Acc: 0.857971
Mean IoU: 0.541581

2023-05-21 01:37:13,971 INFO Epoch 53, Itrs 4850/30000, Loss=0.151673
2023-05-21 01:38:27,001 INFO Epoch 54, Itrs 4900/30000, Loss=0.149681
2023-05-21 01:39:38,570 INFO Epoch 54, Itrs 4950/30000, Loss=0.147527
2023-05-21 01:40:51,022 INFO Epoch 55, Itrs 5000/30000, Loss=0.150898
2023-05-21 01:40:51,178 INFO Model saved as logs/2023_0520_2331_56_cs_base_run/checkpoints/latest_deeplabv3plus_mobilenet_cityscapes_os16.pth
2023-05-21 01:40:51,179 INFO validation...
2023-05-21 01:41:15,136 INFO 
Overall Acc: 0.921600
Mean Acc: 0.637420
FreqW Acc: 0.861758
Mean IoU: 0.558022

2023-05-21 01:41:15,287 INFO Model saved as logs/2023_0520_2331_56_cs_base_run/checkpoints/best_deeplabv3plus_mobilenet_cityscapes_os16.pth
2023-05-21 01:42:24,171 INFO Epoch 55, Itrs 5050/30000, Loss=0.150204
2023-05-21 01:43:36,662 INFO Epoch 56, Itrs 5100/30000, Loss=0.148770
2023-05-21 01:44:48,315 INFO Epoch 56, Itrs 5150/30000, Loss=0.147279
2023-05-21 01:46:01,034 INFO Epoch 57, Itrs 5200/30000, Loss=0.148733
2023-05-21 01:46:01,177 INFO Model saved as logs/2023_0520_2331_56_cs_base_run/checkpoints/latest_deeplabv3plus_mobilenet_cityscapes_os16.pth
2023-05-21 01:46:01,177 INFO validation...
2023-05-21 01:46:24,824 INFO 
Overall Acc: 0.922394
Mean Acc: 0.626192
FreqW Acc: 0.862717
Mean IoU: 0.550169

2023-05-21 01:47:35,289 INFO Epoch 58, Itrs 5250/30000, Loss=0.148385
2023-05-21 01:48:46,534 INFO Epoch 58, Itrs 5300/30000, Loss=0.151215
2023-05-21 01:50:00,344 INFO Epoch 59, Itrs 5350/30000, Loss=0.148069
2023-05-21 01:51:12,714 INFO Epoch 59, Itrs 5400/30000, Loss=0.145582
2023-05-21 01:51:12,864 INFO Model saved as logs/2023_0520_2331_56_cs_base_run/checkpoints/latest_deeplabv3plus_mobilenet_cityscapes_os16.pth
2023-05-21 01:51:12,864 INFO validation...
2023-05-21 01:51:36,000 INFO 
Overall Acc: 0.921682
Mean Acc: 0.638041
FreqW Acc: 0.862154
Mean IoU: 0.554956

2023-05-21 01:52:44,911 INFO Epoch 60, Itrs 5450/30000, Loss=0.146667
2023-05-21 01:53:56,122 INFO Epoch 60, Itrs 5500/30000, Loss=0.146208
2023-05-21 01:55:07,988 INFO Epoch 61, Itrs 5550/30000, Loss=0.146270
2023-05-21 01:56:20,978 INFO Epoch 61, Itrs 5600/30000, Loss=0.145898
2023-05-21 01:56:21,131 INFO Model saved as logs/2023_0520_2331_56_cs_base_run/checkpoints/latest_deeplabv3plus_mobilenet_cityscapes_os16.pth
2023-05-21 01:56:21,131 INFO validation...
2023-05-21 01:56:44,993 INFO 
Overall Acc: 0.920742
Mean Acc: 0.641829
FreqW Acc: 0.860711
Mean IoU: 0.556641

2023-05-21 01:57:53,296 INFO Epoch 62, Itrs 5650/30000, Loss=0.147689
2023-05-21 01:59:05,538 INFO Epoch 62, Itrs 5700/30000, Loss=0.144979
2023-05-21 02:00:17,767 INFO Epoch 63, Itrs 5750/30000, Loss=0.145252
2023-05-21 02:01:29,256 INFO Epoch 64, Itrs 5800/30000, Loss=0.144834
2023-05-21 02:01:29,406 INFO Model saved as logs/2023_0520_2331_56_cs_base_run/checkpoints/latest_deeplabv3plus_mobilenet_cityscapes_os16.pth
2023-05-21 02:01:29,407 INFO validation...
2023-05-21 02:01:53,201 INFO 
Overall Acc: 0.919940
Mean Acc: 0.624369
FreqW Acc: 0.858748
Mean IoU: 0.544828

2023-05-21 02:03:00,027 INFO Epoch 64, Itrs 5850/30000, Loss=0.142752
2023-05-21 02:04:11,942 INFO Epoch 65, Itrs 5900/30000, Loss=0.141543
2023-05-21 02:05:23,149 INFO Epoch 65, Itrs 5950/30000, Loss=0.144088
2023-05-21 02:06:34,168 INFO Epoch 66, Itrs 6000/30000, Loss=0.143275
2023-05-21 02:06:34,319 INFO Model saved as logs/2023_0520_2331_56_cs_base_run/checkpoints/latest_deeplabv3plus_mobilenet_cityscapes_os16.pth
2023-05-21 02:06:34,319 INFO validation...
2023-05-21 02:06:57,461 INFO 
Overall Acc: 0.921338
Mean Acc: 0.638601
FreqW Acc: 0.862105
Mean IoU: 0.548324

2023-05-21 02:08:03,873 INFO Epoch 66, Itrs 6050/30000, Loss=0.144791
2023-05-21 02:09:16,226 INFO Epoch 67, Itrs 6100/30000, Loss=0.142226
2023-05-21 02:10:27,290 INFO Epoch 67, Itrs 6150/30000, Loss=0.143852
2023-05-21 02:11:38,684 INFO Epoch 68, Itrs 6200/30000, Loss=0.144866
2023-05-21 02:11:38,840 INFO Model saved as logs/2023_0520_2331_56_cs_base_run/checkpoints/latest_deeplabv3plus_mobilenet_cityscapes_os16.pth
2023-05-21 02:11:38,841 INFO validation...
2023-05-21 02:12:02,495 INFO 
Overall Acc: 0.922686
Mean Acc: 0.643163
FreqW Acc: 0.863045
Mean IoU: 0.563134

2023-05-21 02:12:02,675 INFO Model saved as logs/2023_0520_2331_56_cs_base_run/checkpoints/best_deeplabv3plus_mobilenet_cityscapes_os16.pth
2023-05-21 02:13:08,312 INFO Epoch 68, Itrs 6250/30000, Loss=0.138113
2023-05-21 02:14:20,297 INFO Epoch 69, Itrs 6300/30000, Loss=0.142491
2023-05-21 02:15:31,616 INFO Epoch 70, Itrs 6350/30000, Loss=0.140922
2023-05-21 02:16:42,400 INFO Epoch 70, Itrs 6400/30000, Loss=0.140502
2023-05-21 02:16:42,550 INFO Model saved as logs/2023_0520_2331_56_cs_base_run/checkpoints/latest_deeplabv3plus_mobilenet_cityscapes_os16.pth
2023-05-21 02:16:42,550 INFO validation...
2023-05-21 02:17:06,072 INFO 
Overall Acc: 0.922382
Mean Acc: 0.637553
FreqW Acc: 0.863707
Mean IoU: 0.552649

2023-05-21 02:18:14,102 INFO Epoch 71, Itrs 6450/30000, Loss=0.140988
2023-05-21 02:19:25,193 INFO Epoch 71, Itrs 6500/30000, Loss=0.138939
2023-05-21 02:20:36,260 INFO Epoch 72, Itrs 6550/30000, Loss=0.138761
2023-05-21 02:21:46,457 INFO Epoch 72, Itrs 6600/30000, Loss=0.137789
2023-05-21 02:21:46,606 INFO Model saved as logs/2023_0520_2331_56_cs_base_run/checkpoints/latest_deeplabv3plus_mobilenet_cityscapes_os16.pth
2023-05-21 02:21:46,606 INFO validation...
2023-05-21 02:22:09,939 INFO 
Overall Acc: 0.921181
Mean Acc: 0.632593
FreqW Acc: 0.861593
Mean IoU: 0.544897

2023-05-21 02:23:18,014 INFO Epoch 73, Itrs 6650/30000, Loss=0.138514
2023-05-21 02:24:29,111 INFO Epoch 73, Itrs 6700/30000, Loss=0.136345
2023-05-21 02:25:40,948 INFO Epoch 74, Itrs 6750/30000, Loss=0.138458
2023-05-21 02:26:51,492 INFO Epoch 74, Itrs 6800/30000, Loss=0.137609
2023-05-21 02:26:51,626 INFO Model saved as logs/2023_0520_2331_56_cs_base_run/checkpoints/latest_deeplabv3plus_mobilenet_cityscapes_os16.pth
2023-05-21 02:26:51,627 INFO validation...
2023-05-21 02:27:15,078 INFO 
Overall Acc: 0.922365
Mean Acc: 0.636278
FreqW Acc: 0.862429
Mean IoU: 0.555588

2023-05-21 02:28:22,359 INFO Epoch 75, Itrs 6850/30000, Loss=0.137653
2023-05-21 02:29:33,988 INFO Epoch 75, Itrs 6900/30000, Loss=0.136861
2023-05-21 02:30:46,940 INFO Epoch 76, Itrs 6950/30000, Loss=0.136297
2023-05-21 02:31:59,394 INFO Epoch 77, Itrs 7000/30000, Loss=0.137404
2023-05-21 02:31:59,539 INFO Model saved as logs/2023_0520_2331_56_cs_base_run/checkpoints/latest_deeplabv3plus_mobilenet_cityscapes_os16.pth
2023-05-21 02:31:59,539 INFO validation...
2023-05-21 02:32:23,154 INFO 
Overall Acc: 0.921088
Mean Acc: 0.626915
FreqW Acc: 0.861193
Mean IoU: 0.549414

2023-05-21 02:33:31,281 INFO Epoch 77, Itrs 7050/30000, Loss=0.136270
2023-05-21 02:34:43,392 INFO Epoch 78, Itrs 7100/30000, Loss=0.135471
2023-05-21 02:35:55,548 INFO Epoch 78, Itrs 7150/30000, Loss=0.135195
2023-05-21 02:37:07,837 INFO Epoch 79, Itrs 7200/30000, Loss=0.136166
2023-05-21 02:37:07,989 INFO Model saved as logs/2023_0520_2331_56_cs_base_run/checkpoints/latest_deeplabv3plus_mobilenet_cityscapes_os16.pth
2023-05-21 02:37:07,989 INFO validation...
2023-05-21 02:37:31,885 INFO 
Overall Acc: 0.923444
Mean Acc: 0.648309
FreqW Acc: 0.865587
Mean IoU: 0.560771

2023-05-21 02:38:39,064 INFO Epoch 79, Itrs 7250/30000, Loss=0.138573
2023-05-21 02:39:52,756 INFO Epoch 80, Itrs 7300/30000, Loss=0.135577
2023-05-21 02:41:04,001 INFO Epoch 80, Itrs 7350/30000, Loss=0.137992
2023-05-21 02:42:16,708 INFO Epoch 81, Itrs 7400/30000, Loss=0.136574
2023-05-21 02:42:16,855 INFO Model saved as logs/2023_0520_2331_56_cs_base_run/checkpoints/latest_deeplabv3plus_mobilenet_cityscapes_os16.pth
2023-05-21 02:42:16,856 INFO validation...
2023-05-21 02:42:40,665 INFO 
Overall Acc: 0.922218
Mean Acc: 0.628366
FreqW Acc: 0.862576
Mean IoU: 0.554718

2023-05-21 02:43:49,534 INFO Epoch 81, Itrs 7450/30000, Loss=0.132783
2023-05-21 02:45:02,190 INFO Epoch 82, Itrs 7500/30000, Loss=0.133898
2023-05-21 02:46:16,681 INFO Epoch 83, Itrs 7550/30000, Loss=0.134484
2023-05-21 02:47:29,289 INFO Epoch 83, Itrs 7600/30000, Loss=0.134815
2023-05-21 02:47:29,433 INFO Model saved as logs/2023_0520_2331_56_cs_base_run/checkpoints/latest_deeplabv3plus_mobilenet_cityscapes_os16.pth
2023-05-21 02:47:29,434 INFO validation...
2023-05-21 02:47:53,075 INFO 
Overall Acc: 0.922961
Mean Acc: 0.642200
FreqW Acc: 0.864850
Mean IoU: 0.551498

2023-05-21 02:49:01,152 INFO Epoch 84, Itrs 7650/30000, Loss=0.137621
2023-05-21 02:50:13,767 INFO Epoch 84, Itrs 7700/30000, Loss=0.135220
2023-05-21 02:51:26,269 INFO Epoch 85, Itrs 7750/30000, Loss=0.134233
2023-05-21 02:52:38,175 INFO Epoch 85, Itrs 7800/30000, Loss=0.134304
2023-05-21 02:52:38,315 INFO Model saved as logs/2023_0520_2331_56_cs_base_run/checkpoints/latest_deeplabv3plus_mobilenet_cityscapes_os16.pth
2023-05-21 02:52:38,315 INFO validation...
2023-05-21 02:53:01,906 INFO 
Overall Acc: 0.921472
Mean Acc: 0.628697
FreqW Acc: 0.860227
Mean IoU: 0.548787

2023-05-21 02:54:10,584 INFO Epoch 86, Itrs 7850/30000, Loss=0.133962
2023-05-21 02:55:21,405 INFO Epoch 86, Itrs 7900/30000, Loss=0.131331
2023-05-21 02:56:33,915 INFO Epoch 87, Itrs 7950/30000, Loss=0.131417
2023-05-21 02:57:45,887 INFO Epoch 87, Itrs 8000/30000, Loss=0.134005
2023-05-21 02:57:46,036 INFO Model saved as logs/2023_0520_2331_56_cs_base_run/checkpoints/latest_deeplabv3plus_mobilenet_cityscapes_os16.pth
2023-05-21 02:57:46,036 INFO validation...
2023-05-21 02:58:10,270 INFO 
Overall Acc: 0.922694
Mean Acc: 0.626709
FreqW Acc: 0.863188
Mean IoU: 0.545164

2023-05-21 02:59:18,521 INFO Epoch 88, Itrs 8050/30000, Loss=0.132010
2023-05-21 03:00:31,695 INFO Epoch 89, Itrs 8100/30000, Loss=0.131059
2023-05-21 03:01:43,503 INFO Epoch 89, Itrs 8150/30000, Loss=0.130158
2023-05-21 03:02:55,424 INFO Epoch 90, Itrs 8200/30000, Loss=0.132072
2023-05-21 03:02:55,568 INFO Model saved as logs/2023_0520_2331_56_cs_base_run/checkpoints/latest_deeplabv3plus_mobilenet_cityscapes_os16.pth
2023-05-21 03:02:55,569 INFO validation...
2023-05-21 03:03:20,423 INFO 
Overall Acc: 0.922606
Mean Acc: 0.652855
FreqW Acc: 0.863638
Mean IoU: 0.559659

2023-05-21 03:04:27,699 INFO Epoch 90, Itrs 8250/30000, Loss=0.131178
2023-05-21 03:05:39,597 INFO Epoch 91, Itrs 8300/30000, Loss=0.130849
2023-05-21 03:06:51,533 INFO Epoch 91, Itrs 8350/30000, Loss=0.131578
2023-05-21 03:08:05,262 INFO Epoch 92, Itrs 8400/30000, Loss=0.130885
2023-05-21 03:08:05,395 INFO Model saved as logs/2023_0520_2331_56_cs_base_run/checkpoints/latest_deeplabv3plus_mobilenet_cityscapes_os16.pth
2023-05-21 03:08:05,395 INFO validation...
2023-05-21 03:08:29,004 INFO 
Overall Acc: 0.922883
Mean Acc: 0.633957
FreqW Acc: 0.864033
Mean IoU: 0.552339

2023-05-21 03:09:36,022 INFO Epoch 92, Itrs 8450/30000, Loss=0.129721
2023-05-21 03:10:49,474 INFO Epoch 93, Itrs 8500/30000, Loss=0.128713
2023-05-21 03:12:01,505 INFO Epoch 93, Itrs 8550/30000, Loss=0.127480
2023-05-21 03:13:14,749 INFO Epoch 94, Itrs 8600/30000, Loss=0.129823
2023-05-21 03:13:14,900 INFO Model saved as logs/2023_0520_2331_56_cs_base_run/checkpoints/latest_deeplabv3plus_mobilenet_cityscapes_os16.pth
2023-05-21 03:13:14,900 INFO validation...
2023-05-21 03:13:39,183 INFO 
Overall Acc: 0.923783
Mean Acc: 0.653135
FreqW Acc: 0.865706
Mean IoU: 0.570236

2023-05-21 03:13:39,316 INFO Model saved as logs/2023_0520_2331_56_cs_base_run/checkpoints/best_deeplabv3plus_mobilenet_cityscapes_os16.pth
2023-05-21 03:14:47,932 INFO Epoch 95, Itrs 8650/30000, Loss=0.128307
2023-05-21 03:16:00,545 INFO Epoch 95, Itrs 8700/30000, Loss=0.127963
2023-05-21 03:17:13,127 INFO Epoch 96, Itrs 8750/30000, Loss=0.128083
2023-05-21 03:18:25,146 INFO Epoch 96, Itrs 8800/30000, Loss=0.127156
2023-05-21 03:18:25,228 INFO Model saved as logs/2023_0520_2331_56_cs_base_run/checkpoints/latest_deeplabv3plus_mobilenet_cityscapes_os16.pth
2023-05-21 03:18:25,228 INFO validation...
2023-05-21 03:18:48,819 INFO 
Overall Acc: 0.923994
Mean Acc: 0.648235
FreqW Acc: 0.865470
Mean IoU: 0.567638

2023-05-21 03:19:58,034 INFO Epoch 97, Itrs 8850/30000, Loss=0.127341
2023-05-21 03:21:09,486 INFO Epoch 97, Itrs 8900/30000, Loss=0.125472
2023-05-21 03:22:22,987 INFO Epoch 98, Itrs 8950/30000, Loss=0.127807
2023-05-21 03:23:34,459 INFO Epoch 98, Itrs 9000/30000, Loss=0.126116
2023-05-21 03:23:34,605 INFO Model saved as logs/2023_0520_2331_56_cs_base_run/checkpoints/latest_deeplabv3plus_mobilenet_cityscapes_os16.pth
2023-05-21 03:23:34,605 INFO validation...
2023-05-21 03:23:57,924 INFO 
Overall Acc: 0.923087
Mean Acc: 0.646463
FreqW Acc: 0.864389
Mean IoU: 0.564420

2023-05-21 03:25:06,259 INFO Epoch 99, Itrs 9050/30000, Loss=0.124395
2023-05-21 03:26:17,748 INFO Epoch 99, Itrs 9100/30000, Loss=0.127882
2023-05-21 03:27:31,089 INFO Epoch 100, Itrs 9150/30000, Loss=0.125196
2023-05-21 03:28:42,676 INFO Epoch 100, Itrs 9200/30000, Loss=0.127600
2023-05-21 03:28:42,847 INFO Model saved as logs/2023_0520_2331_56_cs_base_run/checkpoints/latest_deeplabv3plus_mobilenet_cityscapes_os16.pth
2023-05-21 03:28:42,847 INFO validation...
2023-05-21 03:29:06,715 INFO 
Overall Acc: 0.922485
Mean Acc: 0.634178
FreqW Acc: 0.863681
Mean IoU: 0.552169

2023-05-21 03:30:21,128 INFO Epoch 101, Itrs 9250/30000, Loss=0.125603
2023-05-21 03:31:34,061 INFO Epoch 102, Itrs 9300/30000, Loss=0.126852
2023-05-21 03:32:45,286 INFO Epoch 102, Itrs 9350/30000, Loss=0.125022
2023-05-21 03:33:58,271 INFO Epoch 103, Itrs 9400/30000, Loss=0.129295
2023-05-21 03:33:58,415 INFO Model saved as logs/2023_0520_2331_56_cs_base_run/checkpoints/latest_deeplabv3plus_mobilenet_cityscapes_os16.pth
2023-05-21 03:33:58,415 INFO validation...
2023-05-21 03:34:21,268 INFO 
Overall Acc: 0.923146
Mean Acc: 0.639455
FreqW Acc: 0.863820
Mean IoU: 0.559158

2023-05-21 03:35:28,658 INFO Epoch 103, Itrs 9450/30000, Loss=0.126664
2023-05-21 03:36:41,077 INFO Epoch 104, Itrs 9500/30000, Loss=0.129182
2023-05-21 03:37:53,319 INFO Epoch 104, Itrs 9550/30000, Loss=0.127415
2023-05-21 03:39:06,097 INFO Epoch 105, Itrs 9600/30000, Loss=0.127176
2023-05-21 03:39:06,246 INFO Model saved as logs/2023_0520_2331_56_cs_base_run/checkpoints/latest_deeplabv3plus_mobilenet_cityscapes_os16.pth
2023-05-21 03:39:06,247 INFO validation...
2023-05-21 03:39:31,160 INFO 
Overall Acc: 0.923718
Mean Acc: 0.650919
FreqW Acc: 0.865180
Mean IoU: 0.565325

2023-05-21 03:40:39,954 INFO Epoch 105, Itrs 9650/30000, Loss=0.125563
2023-05-21 03:41:52,283 INFO Epoch 106, Itrs 9700/30000, Loss=0.128467
2023-05-21 03:43:04,826 INFO Epoch 106, Itrs 9750/30000, Loss=0.126619
2023-05-21 03:44:17,468 INFO Epoch 107, Itrs 9800/30000, Loss=0.124496
2023-05-21 03:44:17,614 INFO Model saved as logs/2023_0520_2331_56_cs_base_run/checkpoints/latest_deeplabv3plus_mobilenet_cityscapes_os16.pth
2023-05-21 03:44:17,614 INFO validation...
2023-05-21 03:44:41,315 INFO 
Overall Acc: 0.923155
Mean Acc: 0.647573
FreqW Acc: 0.863729
Mean IoU: 0.563165

2023-05-21 03:45:50,171 INFO Epoch 108, Itrs 9850/30000, Loss=0.126116
2023-05-21 03:47:01,705 INFO Epoch 108, Itrs 9900/30000, Loss=0.122846
2023-05-21 03:48:15,104 INFO Epoch 109, Itrs 9950/30000, Loss=0.123633
2023-05-21 03:49:26,322 INFO Epoch 109, Itrs 10000/30000, Loss=0.123464
2023-05-21 03:49:26,457 INFO Model saved as logs/2023_0520_2331_56_cs_base_run/checkpoints/latest_deeplabv3plus_mobilenet_cityscapes_os16.pth
2023-05-21 03:49:26,457 INFO validation...
2023-05-21 03:49:49,723 INFO 
Overall Acc: 0.923662
Mean Acc: 0.642906
FreqW Acc: 0.864946
Mean IoU: 0.560880

2023-05-21 03:50:58,789 INFO Epoch 110, Itrs 10050/30000, Loss=0.124910
2023-05-21 03:52:10,674 INFO Epoch 110, Itrs 10100/30000, Loss=0.124768
2023-05-21 03:53:23,781 INFO Epoch 111, Itrs 10150/30000, Loss=0.121490
2023-05-21 03:54:37,020 INFO Epoch 111, Itrs 10200/30000, Loss=0.121420
2023-05-21 03:54:37,159 INFO Model saved as logs/2023_0520_2331_56_cs_base_run/checkpoints/latest_deeplabv3plus_mobilenet_cityscapes_os16.pth
2023-05-21 03:54:37,160 INFO validation...
2023-05-21 03:55:01,613 INFO 
Overall Acc: 0.923487
Mean Acc: 0.654649
FreqW Acc: 0.865730
Mean IoU: 0.567051

2023-05-21 03:56:08,815 INFO Epoch 112, Itrs 10250/30000, Loss=0.123658
2023-05-21 03:57:19,530 INFO Epoch 112, Itrs 10300/30000, Loss=0.123759
2023-05-21 03:58:30,775 INFO Epoch 113, Itrs 10350/30000, Loss=0.121831
2023-05-21 03:59:41,795 INFO Epoch 114, Itrs 10400/30000, Loss=0.120246
2023-05-21 03:59:41,891 INFO Model saved as logs/2023_0520_2331_56_cs_base_run/checkpoints/latest_deeplabv3plus_mobilenet_cityscapes_os16.pth
2023-05-21 03:59:41,891 INFO validation...
2023-05-21 04:00:05,526 INFO 
Overall Acc: 0.924431
Mean Acc: 0.651047
FreqW Acc: 0.866127
Mean IoU: 0.568194

2023-05-21 04:01:13,118 INFO Epoch 114, Itrs 10450/30000, Loss=0.120367
2023-05-21 04:02:24,764 INFO Epoch 115, Itrs 10500/30000, Loss=0.123064
2023-05-21 04:03:34,979 INFO Epoch 115, Itrs 10550/30000, Loss=0.121723
2023-05-21 04:04:46,458 INFO Epoch 116, Itrs 10600/30000, Loss=0.119831
2023-05-21 04:04:46,555 INFO Model saved as logs/2023_0520_2331_56_cs_base_run/checkpoints/latest_deeplabv3plus_mobilenet_cityscapes_os16.pth
2023-05-21 04:04:46,555 INFO validation...
2023-05-21 04:05:10,014 INFO 
Overall Acc: 0.923686
Mean Acc: 0.638803
FreqW Acc: 0.864537
Mean IoU: 0.562138

2023-05-21 04:06:16,799 INFO Epoch 116, Itrs 10650/30000, Loss=0.120875
2023-05-21 04:07:28,373 INFO Epoch 117, Itrs 10700/30000, Loss=0.121545
2023-05-21 04:08:38,879 INFO Epoch 117, Itrs 10750/30000, Loss=0.120584
2023-05-21 04:09:51,092 INFO Epoch 118, Itrs 10800/30000, Loss=0.122352
2023-05-21 04:09:51,202 INFO Model saved as logs/2023_0520_2331_56_cs_base_run/checkpoints/latest_deeplabv3plus_mobilenet_cityscapes_os16.pth
2023-05-21 04:09:51,202 INFO validation...
2023-05-21 04:10:16,031 INFO 
Overall Acc: 0.923401
Mean Acc: 0.650580
FreqW Acc: 0.865243
Mean IoU: 0.567617

2023-05-21 04:11:22,537 INFO Epoch 118, Itrs 10850/30000, Loss=0.117945
2023-05-21 04:12:35,174 INFO Epoch 119, Itrs 10900/30000, Loss=0.120459
2023-05-21 04:13:46,282 INFO Epoch 120, Itrs 10950/30000, Loss=0.121125
2023-05-21 04:14:57,576 INFO Epoch 120, Itrs 11000/30000, Loss=0.119458
2023-05-21 04:14:57,726 INFO Model saved as logs/2023_0520_2331_56_cs_base_run/checkpoints/latest_deeplabv3plus_mobilenet_cityscapes_os16.pth
2023-05-21 04:14:57,726 INFO validation...
2023-05-21 04:15:21,471 INFO 
Overall Acc: 0.922709
Mean Acc: 0.656141
FreqW Acc: 0.864209
Mean IoU: 0.570659

2023-05-21 04:15:21,604 INFO Model saved as logs/2023_0520_2331_56_cs_base_run/checkpoints/best_deeplabv3plus_mobilenet_cityscapes_os16.pth
2023-05-21 04:16:31,180 INFO Epoch 121, Itrs 11050/30000, Loss=0.118367
2023-05-21 04:17:42,848 INFO Epoch 121, Itrs 11100/30000, Loss=0.119255
2023-05-21 04:18:55,307 INFO Epoch 122, Itrs 11150/30000, Loss=0.118971
2023-05-21 04:20:07,595 INFO Epoch 122, Itrs 11200/30000, Loss=0.120865
2023-05-21 04:20:07,728 INFO Model saved as logs/2023_0520_2331_56_cs_base_run/checkpoints/latest_deeplabv3plus_mobilenet_cityscapes_os16.pth
2023-05-21 04:20:07,729 INFO validation...
2023-05-21 04:20:31,113 INFO 
Overall Acc: 0.923416
Mean Acc: 0.650300
FreqW Acc: 0.865451
Mean IoU: 0.566312

2023-05-21 04:21:38,790 INFO Epoch 123, Itrs 11250/30000, Loss=0.119386
2023-05-21 04:22:50,457 INFO Epoch 123, Itrs 11300/30000, Loss=0.119149
2023-05-21 04:24:01,789 INFO Epoch 124, Itrs 11350/30000, Loss=0.118159
2023-05-21 04:25:14,115 INFO Epoch 124, Itrs 11400/30000, Loss=0.119076
2023-05-21 04:25:14,274 INFO Model saved as logs/2023_0520_2331_56_cs_base_run/checkpoints/latest_deeplabv3plus_mobilenet_cityscapes_os16.pth
2023-05-21 04:25:14,275 INFO validation...
2023-05-21 04:25:37,987 INFO 
Overall Acc: 0.923177
Mean Acc: 0.625235
FreqW Acc: 0.863792
Mean IoU: 0.545782

2023-05-21 04:26:46,792 INFO Epoch 125, Itrs 11450/30000, Loss=0.116398
2023-05-21 04:27:59,107 INFO Epoch 125, Itrs 11500/30000, Loss=0.120236
2023-05-21 04:29:12,475 INFO Epoch 126, Itrs 11550/30000, Loss=0.119967
2023-05-21 04:30:25,447 INFO Epoch 127, Itrs 11600/30000, Loss=0.119070
2023-05-21 04:30:25,596 INFO Model saved as logs/2023_0520_2331_56_cs_base_run/checkpoints/latest_deeplabv3plus_mobilenet_cityscapes_os16.pth
2023-05-21 04:30:25,596 INFO validation...
2023-05-21 04:30:50,228 INFO 
Overall Acc: 0.924069
Mean Acc: 0.652422
FreqW Acc: 0.865500
Mean IoU: 0.572194

2023-05-21 04:30:50,378 INFO Model saved as logs/2023_0520_2331_56_cs_base_run/checkpoints/best_deeplabv3plus_mobilenet_cityscapes_os16.pth
2023-05-21 04:31:57,464 INFO Epoch 127, Itrs 11650/30000, Loss=0.117503
2023-05-21 04:33:11,711 INFO Epoch 128, Itrs 11700/30000, Loss=0.116403
2023-05-21 04:34:22,580 INFO Epoch 128, Itrs 11750/30000, Loss=0.116989
2023-05-21 04:35:35,332 INFO Epoch 129, Itrs 11800/30000, Loss=0.116798
2023-05-21 04:35:35,482 INFO Model saved as logs/2023_0520_2331_56_cs_base_run/checkpoints/latest_deeplabv3plus_mobilenet_cityscapes_os16.pth
2023-05-21 04:35:35,483 INFO validation...
2023-05-21 04:36:00,284 INFO 
Overall Acc: 0.924871
Mean Acc: 0.659858
FreqW Acc: 0.867662
Mean IoU: 0.573405

2023-05-21 04:36:00,437 INFO Model saved as logs/2023_0520_2331_56_cs_base_run/checkpoints/best_deeplabv3plus_mobilenet_cityscapes_os16.pth
2023-05-21 04:37:08,422 INFO Epoch 129, Itrs 11850/30000, Loss=0.116576
2023-05-21 04:38:21,372 INFO Epoch 130, Itrs 11900/30000, Loss=0.117092
2023-05-21 04:39:33,664 INFO Epoch 130, Itrs 11950/30000, Loss=0.117531
2023-05-21 04:40:46,891 INFO Epoch 131, Itrs 12000/30000, Loss=0.117970
2023-05-21 04:40:47,028 INFO Model saved as logs/2023_0520_2331_56_cs_base_run/checkpoints/latest_deeplabv3plus_mobilenet_cityscapes_os16.pth
2023-05-21 04:40:47,028 INFO validation...
2023-05-21 04:41:11,709 INFO 
Overall Acc: 0.923224
Mean Acc: 0.640346
FreqW Acc: 0.864699
Mean IoU: 0.561789

2023-05-21 04:42:19,609 INFO Epoch 131, Itrs 12050/30000, Loss=0.116325
2023-05-21 04:43:31,159 INFO Epoch 132, Itrs 12100/30000, Loss=0.115963
2023-05-21 04:44:45,597 INFO Epoch 133, Itrs 12150/30000, Loss=0.124179
2023-05-21 04:45:58,648 INFO Epoch 133, Itrs 12200/30000, Loss=0.122548
2023-05-21 04:45:58,800 INFO Model saved as logs/2023_0520_2331_56_cs_base_run/checkpoints/latest_deeplabv3plus_mobilenet_cityscapes_os16.pth
2023-05-21 04:45:58,800 INFO validation...
2023-05-21 04:46:22,838 INFO 
Overall Acc: 0.922143
Mean Acc: 0.644605
FreqW Acc: 0.863322
Mean IoU: 0.558550

2023-05-21 04:47:30,866 INFO Epoch 134, Itrs 12250/30000, Loss=0.117462
2023-05-21 04:48:42,541 INFO Epoch 134, Itrs 12300/30000, Loss=0.118846
2023-05-21 04:49:55,420 INFO Epoch 135, Itrs 12350/30000, Loss=0.116577
2023-05-21 04:51:07,404 INFO Epoch 135, Itrs 12400/30000, Loss=0.117339
2023-05-21 04:51:07,557 INFO Model saved as logs/2023_0520_2331_56_cs_base_run/checkpoints/latest_deeplabv3plus_mobilenet_cityscapes_os16.pth
2023-05-21 04:51:07,557 INFO validation...
2023-05-21 04:51:32,201 INFO 
Overall Acc: 0.923016
Mean Acc: 0.657843
FreqW Acc: 0.865550
Mean IoU: 0.568582

2023-05-21 04:52:39,580 INFO Epoch 136, Itrs 12450/30000, Loss=0.118727
2023-05-21 04:53:50,910 INFO Epoch 136, Itrs 12500/30000, Loss=0.115998
2023-05-21 04:55:02,870 INFO Epoch 137, Itrs 12550/30000, Loss=0.120159
2023-05-21 04:56:14,770 INFO Epoch 137, Itrs 12600/30000, Loss=0.116313
2023-05-21 04:56:14,919 INFO Model saved as logs/2023_0520_2331_56_cs_base_run/checkpoints/latest_deeplabv3plus_mobilenet_cityscapes_os16.pth
2023-05-21 04:56:14,919 INFO validation...
2023-05-21 04:56:38,671 INFO 
Overall Acc: 0.923060
Mean Acc: 0.634699
FreqW Acc: 0.863885
Mean IoU: 0.557672

2023-05-21 04:57:47,751 INFO Epoch 138, Itrs 12650/30000, Loss=0.116574
2023-05-21 04:59:00,632 INFO Epoch 139, Itrs 12700/30000, Loss=0.117119
2023-05-21 05:00:11,705 INFO Epoch 139, Itrs 12750/30000, Loss=0.116306
2023-05-21 05:01:24,886 INFO Epoch 140, Itrs 12800/30000, Loss=0.115716
2023-05-21 05:01:25,043 INFO Model saved as logs/2023_0520_2331_56_cs_base_run/checkpoints/latest_deeplabv3plus_mobilenet_cityscapes_os16.pth
2023-05-21 05:01:25,044 INFO validation...
2023-05-21 05:01:48,871 INFO 
Overall Acc: 0.925015
Mean Acc: 0.658390
FreqW Acc: 0.867875
Mean IoU: 0.575560

2023-05-21 05:01:49,023 INFO Model saved as logs/2023_0520_2331_56_cs_base_run/checkpoints/best_deeplabv3plus_mobilenet_cityscapes_os16.pth
2023-05-21 05:02:57,168 INFO Epoch 140, Itrs 12850/30000, Loss=0.115278
2023-05-21 05:04:08,637 INFO Epoch 141, Itrs 12900/30000, Loss=0.113061
2023-05-21 05:05:18,612 INFO Epoch 141, Itrs 12950/30000, Loss=0.114506
2023-05-21 05:06:31,057 INFO Epoch 142, Itrs 13000/30000, Loss=0.115033
2023-05-21 05:06:31,205 INFO Model saved as logs/2023_0520_2331_56_cs_base_run/checkpoints/latest_deeplabv3plus_mobilenet_cityscapes_os16.pth
2023-05-21 05:06:31,206 INFO validation...
2023-05-21 05:06:54,745 INFO 
Overall Acc: 0.924716
Mean Acc: 0.660888
FreqW Acc: 0.867335
Mean IoU: 0.575725

2023-05-21 05:06:54,858 INFO Model saved as logs/2023_0520_2331_56_cs_base_run/checkpoints/best_deeplabv3plus_mobilenet_cityscapes_os16.pth
2023-05-21 05:08:01,541 INFO Epoch 142, Itrs 13050/30000, Loss=0.114967
2023-05-21 05:09:13,379 INFO Epoch 143, Itrs 13100/30000, Loss=0.113599
2023-05-21 05:10:23,834 INFO Epoch 143, Itrs 13150/30000, Loss=0.113641
2023-05-21 05:11:35,758 INFO Epoch 144, Itrs 13200/30000, Loss=0.113675
2023-05-21 05:11:35,891 INFO Model saved as logs/2023_0520_2331_56_cs_base_run/checkpoints/latest_deeplabv3plus_mobilenet_cityscapes_os16.pth
2023-05-21 05:11:35,891 INFO validation...
2023-05-21 05:11:59,973 INFO 
Overall Acc: 0.923733
Mean Acc: 0.648946
FreqW Acc: 0.864982
Mean IoU: 0.567967

2023-05-21 05:13:07,097 INFO Epoch 145, Itrs 13250/30000, Loss=0.113392
2023-05-21 05:14:17,098 INFO Epoch 145, Itrs 13300/30000, Loss=0.112410
2023-05-21 05:15:28,780 INFO Epoch 146, Itrs 13350/30000, Loss=0.113980
2023-05-21 05:16:39,999 INFO Epoch 146, Itrs 13400/30000, Loss=0.113088
2023-05-21 05:16:40,138 INFO Model saved as logs/2023_0520_2331_56_cs_base_run/checkpoints/latest_deeplabv3plus_mobilenet_cityscapes_os16.pth
2023-05-21 05:16:40,138 INFO validation...
2023-05-21 05:17:03,711 INFO 
Overall Acc: 0.923912
Mean Acc: 0.640883
FreqW Acc: 0.865209
Mean IoU: 0.562959

2023-05-21 05:18:11,321 INFO Epoch 147, Itrs 13450/30000, Loss=0.113028
2023-05-21 05:19:21,680 INFO Epoch 147, Itrs 13500/30000, Loss=0.111535
2023-05-21 05:20:33,130 INFO Epoch 148, Itrs 13550/30000, Loss=0.112482
2023-05-21 05:21:43,982 INFO Epoch 148, Itrs 13600/30000, Loss=0.113651
2023-05-21 05:21:44,139 INFO Model saved as logs/2023_0520_2331_56_cs_base_run/checkpoints/latest_deeplabv3plus_mobilenet_cityscapes_os16.pth
2023-05-21 05:21:44,140 INFO validation...
2023-05-21 05:22:07,388 INFO 
Overall Acc: 0.923891
Mean Acc: 0.653975
FreqW Acc: 0.865384
Mean IoU: 0.570553

2023-05-21 05:23:14,700 INFO Epoch 149, Itrs 13650/30000, Loss=0.112916
2023-05-21 05:24:25,290 INFO Epoch 149, Itrs 13700/30000, Loss=0.113323
2023-05-21 05:25:38,091 INFO Epoch 150, Itrs 13750/30000, Loss=0.111659
2023-05-21 05:26:47,788 INFO Epoch 150, Itrs 13800/30000, Loss=0.112469
2023-05-21 05:26:47,939 INFO Model saved as logs/2023_0520_2331_56_cs_base_run/checkpoints/latest_deeplabv3plus_mobilenet_cityscapes_os16.pth
2023-05-21 05:26:47,939 INFO validation...
2023-05-21 05:27:11,545 INFO 
Overall Acc: 0.924320
Mean Acc: 0.656116
FreqW Acc: 0.866638
Mean IoU: 0.571710

2023-05-21 05:28:24,185 INFO Epoch 151, Itrs 13850/30000, Loss=0.113819
2023-05-21 05:29:35,025 INFO Epoch 152, Itrs 13900/30000, Loss=0.112247
2023-05-21 05:30:45,415 INFO Epoch 152, Itrs 13950/30000, Loss=0.113082
2023-05-21 05:31:57,144 INFO Epoch 153, Itrs 14000/30000, Loss=0.111244
2023-05-21 05:31:57,294 INFO Model saved as logs/2023_0520_2331_56_cs_base_run/checkpoints/latest_deeplabv3plus_mobilenet_cityscapes_os16.pth
2023-05-21 05:31:57,294 INFO validation...
2023-05-21 05:32:21,323 INFO 
Overall Acc: 0.925010
Mean Acc: 0.653437
FreqW Acc: 0.867239
Mean IoU: 0.571729

2023-05-21 05:33:30,372 INFO Epoch 153, Itrs 14050/30000, Loss=0.112136
2023-05-21 05:34:43,930 INFO Epoch 154, Itrs 14100/30000, Loss=0.113097
2023-05-21 05:35:55,699 INFO Epoch 154, Itrs 14150/30000, Loss=0.111318
2023-05-21 05:37:08,503 INFO Epoch 155, Itrs 14200/30000, Loss=0.110057
2023-05-21 05:37:08,656 INFO Model saved as logs/2023_0520_2331_56_cs_base_run/checkpoints/latest_deeplabv3plus_mobilenet_cityscapes_os16.pth
2023-05-21 05:37:08,656 INFO validation...
2023-05-21 05:37:33,583 INFO 
Overall Acc: 0.923909
Mean Acc: 0.656205
FreqW Acc: 0.866778
Mean IoU: 0.567908

2023-05-21 05:38:42,191 INFO Epoch 155, Itrs 14250/30000, Loss=0.111864
2023-05-21 05:39:55,182 INFO Epoch 156, Itrs 14300/30000, Loss=0.111492
2023-05-21 05:41:07,772 INFO Epoch 156, Itrs 14350/30000, Loss=0.111682
2023-05-21 05:42:20,599 INFO Epoch 157, Itrs 14400/30000, Loss=0.111197
2023-05-21 05:42:20,750 INFO Model saved as logs/2023_0520_2331_56_cs_base_run/checkpoints/latest_deeplabv3plus_mobilenet_cityscapes_os16.pth
2023-05-21 05:42:20,750 INFO validation...
2023-05-21 05:42:45,120 INFO 
Overall Acc: 0.925259
Mean Acc: 0.651339
FreqW Acc: 0.867804
Mean IoU: 0.571972

2023-05-21 05:43:54,743 INFO Epoch 158, Itrs 14450/30000, Loss=0.109486
2023-05-21 05:45:06,870 INFO Epoch 158, Itrs 14500/30000, Loss=0.109008
2023-05-21 05:46:19,526 INFO Epoch 159, Itrs 14550/30000, Loss=0.112677
2023-05-21 05:47:31,118 INFO Epoch 159, Itrs 14600/30000, Loss=0.112490
2023-05-21 05:47:31,266 INFO Model saved as logs/2023_0520_2331_56_cs_base_run/checkpoints/latest_deeplabv3plus_mobilenet_cityscapes_os16.pth
2023-05-21 05:47:31,266 INFO validation...
2023-05-21 05:47:54,579 INFO 
Overall Acc: 0.924337
Mean Acc: 0.661052
FreqW Acc: 0.866487
Mean IoU: 0.576416

2023-05-21 05:47:54,726 INFO Model saved as logs/2023_0520_2331_56_cs_base_run/checkpoints/best_deeplabv3plus_mobilenet_cityscapes_os16.pth
2023-05-21 05:49:03,916 INFO Epoch 160, Itrs 14650/30000, Loss=0.107803
2023-05-21 05:50:17,160 INFO Epoch 160, Itrs 14700/30000, Loss=0.112140
2023-05-21 05:51:29,625 INFO Epoch 161, Itrs 14750/30000, Loss=0.111945
2023-05-21 05:52:43,415 INFO Epoch 161, Itrs 14800/30000, Loss=0.110694
2023-05-21 05:52:43,571 INFO Model saved as logs/2023_0520_2331_56_cs_base_run/checkpoints/latest_deeplabv3plus_mobilenet_cityscapes_os16.pth
2023-05-21 05:52:43,571 INFO validation...
2023-05-21 05:53:07,340 INFO 
Overall Acc: 0.923626
Mean Acc: 0.640953
FreqW Acc: 0.864733
Mean IoU: 0.559605

2023-05-21 05:54:16,279 INFO Epoch 162, Itrs 14850/30000, Loss=0.109302
2023-05-21 05:55:27,647 INFO Epoch 162, Itrs 14900/30000, Loss=0.110340
2023-05-21 05:56:40,755 INFO Epoch 163, Itrs 14950/30000, Loss=0.109857
2023-05-21 05:57:53,189 INFO Epoch 164, Itrs 15000/30000, Loss=0.110336
2023-05-21 05:57:53,331 INFO Model saved as logs/2023_0520_2331_56_cs_base_run/checkpoints/latest_deeplabv3plus_mobilenet_cityscapes_os16.pth
2023-05-21 05:57:53,331 INFO validation...
2023-05-21 05:58:16,670 INFO 
Overall Acc: 0.924000
Mean Acc: 0.654615
FreqW Acc: 0.865764
Mean IoU: 0.569466

2023-05-21 05:59:23,320 INFO Epoch 164, Itrs 15050/30000, Loss=0.109854
2023-05-21 06:00:36,123 INFO Epoch 165, Itrs 15100/30000, Loss=0.108680
2023-05-21 06:01:48,377 INFO Epoch 165, Itrs 15150/30000, Loss=0.108810
2023-05-21 06:03:01,208 INFO Epoch 166, Itrs 15200/30000, Loss=0.109058
2023-05-21 06:03:01,340 INFO Model saved as logs/2023_0520_2331_56_cs_base_run/checkpoints/latest_deeplabv3plus_mobilenet_cityscapes_os16.pth
2023-05-21 06:03:01,340 INFO validation...
2023-05-21 06:03:26,734 INFO 
Overall Acc: 0.923513
Mean Acc: 0.654693
FreqW Acc: 0.865620
Mean IoU: 0.567089

2023-05-21 06:04:34,030 INFO Epoch 166, Itrs 15250/30000, Loss=0.107521
2023-05-21 06:05:46,614 INFO Epoch 167, Itrs 15300/30000, Loss=0.111220
2023-05-21 06:06:58,870 INFO Epoch 167, Itrs 15350/30000, Loss=0.106474
2023-05-21 06:08:13,213 INFO Epoch 168, Itrs 15400/30000, Loss=0.106609
2023-05-21 06:08:13,388 INFO Model saved as logs/2023_0520_2331_56_cs_base_run/checkpoints/latest_deeplabv3plus_mobilenet_cityscapes_os16.pth
2023-05-21 06:08:13,389 INFO validation...
2023-05-21 06:08:37,026 INFO 
Overall Acc: 0.924576
Mean Acc: 0.653558
FreqW Acc: 0.866734
Mean IoU: 0.572647

2023-05-21 06:09:44,552 INFO Epoch 168, Itrs 15450/30000, Loss=0.111039
2023-05-21 06:10:57,201 INFO Epoch 169, Itrs 15500/30000, Loss=0.108219
2023-05-21 06:12:08,892 INFO Epoch 170, Itrs 15550/30000, Loss=0.108894
2023-05-21 06:13:20,309 INFO Epoch 170, Itrs 15600/30000, Loss=0.107954
2023-05-21 06:13:20,458 INFO Model saved as logs/2023_0520_2331_56_cs_base_run/checkpoints/latest_deeplabv3plus_mobilenet_cityscapes_os16.pth
2023-05-21 06:13:20,458 INFO validation...
2023-05-21 06:13:44,927 INFO 
Overall Acc: 0.924459
Mean Acc: 0.640205
FreqW Acc: 0.866347
Mean IoU: 0.561146

2023-05-21 06:14:53,322 INFO Epoch 171, Itrs 15650/30000, Loss=0.108897
2023-05-21 06:16:04,707 INFO Epoch 171, Itrs 15700/30000, Loss=0.107748
2023-05-21 06:17:16,853 INFO Epoch 172, Itrs 15750/30000, Loss=0.107202
2023-05-21 06:18:27,711 INFO Epoch 172, Itrs 15800/30000, Loss=0.107637
2023-05-21 06:18:27,863 INFO Model saved as logs/2023_0520_2331_56_cs_base_run/checkpoints/latest_deeplabv3plus_mobilenet_cityscapes_os16.pth
2023-05-21 06:18:27,864 INFO validation...
2023-05-21 06:18:52,368 INFO 
Overall Acc: 0.924603
Mean Acc: 0.650176
FreqW Acc: 0.866471
Mean IoU: 0.568612

2023-05-21 06:20:01,511 INFO Epoch 173, Itrs 15850/30000, Loss=0.108486
2023-05-21 06:21:11,396 INFO Epoch 173, Itrs 15900/30000, Loss=0.106688
2023-05-21 06:22:24,071 INFO Epoch 174, Itrs 15950/30000, Loss=0.106889
2023-05-21 06:23:33,721 INFO Epoch 174, Itrs 16000/30000, Loss=0.107409
2023-05-21 06:23:33,886 INFO Model saved as logs/2023_0520_2331_56_cs_base_run/checkpoints/latest_deeplabv3plus_mobilenet_cityscapes_os16.pth
2023-05-21 06:23:33,887 INFO validation...
2023-05-21 06:23:57,535 INFO 
Overall Acc: 0.923347
Mean Acc: 0.641193
FreqW Acc: 0.864753
Mean IoU: 0.559643

2023-05-21 06:25:06,106 INFO Epoch 175, Itrs 16050/30000, Loss=0.108258
2023-05-21 06:26:16,241 INFO Epoch 175, Itrs 16100/30000, Loss=0.107410
2023-05-21 06:27:27,414 INFO Epoch 176, Itrs 16150/30000, Loss=0.108379
2023-05-21 06:28:38,772 INFO Epoch 177, Itrs 16200/30000, Loss=0.107374
2023-05-21 06:28:38,930 INFO Model saved as logs/2023_0520_2331_56_cs_base_run/checkpoints/latest_deeplabv3plus_mobilenet_cityscapes_os16.pth
2023-05-21 06:28:38,931 INFO validation...
2023-05-21 06:29:02,982 INFO 
Overall Acc: 0.924510
Mean Acc: 0.649282
FreqW Acc: 0.866104
Mean IoU: 0.567559

2023-05-21 06:30:09,043 INFO Epoch 177, Itrs 16250/30000, Loss=0.107320
2023-05-21 06:31:19,547 INFO Epoch 178, Itrs 16300/30000, Loss=0.107251
2023-05-21 06:32:30,526 INFO Epoch 178, Itrs 16350/30000, Loss=0.107155
2023-05-21 06:33:41,752 INFO Epoch 179, Itrs 16400/30000, Loss=0.106620
2023-05-21 06:33:41,889 INFO Model saved as logs/2023_0520_2331_56_cs_base_run/checkpoints/latest_deeplabv3plus_mobilenet_cityscapes_os16.pth
2023-05-21 06:33:41,890 INFO validation...
2023-05-21 06:34:06,363 INFO 
Overall Acc: 0.923895
Mean Acc: 0.656210
FreqW Acc: 0.866186
Mean IoU: 0.567194

2023-05-21 06:35:12,633 INFO Epoch 179, Itrs 16450/30000, Loss=0.106195
2023-05-21 06:36:24,701 INFO Epoch 180, Itrs 16500/30000, Loss=0.105941
2023-05-21 06:37:35,781 INFO Epoch 180, Itrs 16550/30000, Loss=0.107171
2023-05-21 06:38:48,313 INFO Epoch 181, Itrs 16600/30000, Loss=0.104496
2023-05-21 06:38:48,483 INFO Model saved as logs/2023_0520_2331_56_cs_base_run/checkpoints/latest_deeplabv3plus_mobilenet_cityscapes_os16.pth
2023-05-21 06:38:48,484 INFO validation...
2023-05-21 06:39:12,041 INFO 
Overall Acc: 0.923359
Mean Acc: 0.649318
FreqW Acc: 0.865087
Mean IoU: 0.564692

2023-05-21 06:40:18,876 INFO Epoch 181, Itrs 16650/30000, Loss=0.106029
2023-05-21 06:41:29,489 INFO Epoch 182, Itrs 16700/30000, Loss=0.105088
2023-05-21 06:42:41,302 INFO Epoch 183, Itrs 16750/30000, Loss=0.107294
2023-05-21 06:43:51,631 INFO Epoch 183, Itrs 16800/30000, Loss=0.107025
2023-05-21 06:43:51,802 INFO Model saved as logs/2023_0520_2331_56_cs_base_run/checkpoints/latest_deeplabv3plus_mobilenet_cityscapes_os16.pth
2023-05-21 06:43:51,803 INFO validation...
2023-05-21 06:44:15,079 INFO 
Overall Acc: 0.923962
Mean Acc: 0.647824
FreqW Acc: 0.865665
Mean IoU: 0.564554

2023-05-21 06:45:23,219 INFO Epoch 184, Itrs 16850/30000, Loss=0.105672
2023-05-21 06:46:33,370 INFO Epoch 184, Itrs 16900/30000, Loss=0.107181
2023-05-21 06:47:44,466 INFO Epoch 185, Itrs 16950/30000, Loss=0.106418
2023-05-21 06:48:54,342 INFO Epoch 185, Itrs 17000/30000, Loss=0.105236
2023-05-21 06:48:54,494 INFO Model saved as logs/2023_0520_2331_56_cs_base_run/checkpoints/latest_deeplabv3plus_mobilenet_cityscapes_os16.pth
2023-05-21 06:48:54,494 INFO validation...
2023-05-21 06:49:17,844 INFO 
Overall Acc: 0.923924
Mean Acc: 0.654556
FreqW Acc: 0.865967
Mean IoU: 0.574527

2023-05-21 06:50:24,705 INFO Epoch 186, Itrs 17050/30000, Loss=0.104834
2023-05-21 06:51:34,953 INFO Epoch 186, Itrs 17100/30000, Loss=0.105056
2023-05-21 06:52:46,024 INFO Epoch 187, Itrs 17150/30000, Loss=0.104635
2023-05-21 06:53:56,823 INFO Epoch 187, Itrs 17200/30000, Loss=0.105449
2023-05-21 06:53:56,965 INFO Model saved as logs/2023_0520_2331_56_cs_base_run/checkpoints/latest_deeplabv3plus_mobilenet_cityscapes_os16.pth
2023-05-21 06:53:56,965 INFO validation...
2023-05-21 06:54:20,571 INFO 
Overall Acc: 0.923658
Mean Acc: 0.653519
FreqW Acc: 0.865198
Mean IoU: 0.571772

2023-05-21 06:55:28,851 INFO Epoch 188, Itrs 17250/30000, Loss=0.106129
2023-05-21 06:56:41,851 INFO Epoch 189, Itrs 17300/30000, Loss=0.105699
2023-05-21 06:57:51,688 INFO Epoch 189, Itrs 17350/30000, Loss=0.103981
2023-05-21 06:59:03,673 INFO Epoch 190, Itrs 17400/30000, Loss=0.105765
2023-05-21 06:59:03,826 INFO Model saved as logs/2023_0520_2331_56_cs_base_run/checkpoints/latest_deeplabv3plus_mobilenet_cityscapes_os16.pth
2023-05-21 06:59:03,826 INFO validation...
2023-05-21 06:59:28,140 INFO 
Overall Acc: 0.925239
Mean Acc: 0.656074
FreqW Acc: 0.868213
Mean IoU: 0.570803

2023-05-21 07:00:34,689 INFO Epoch 190, Itrs 17450/30000, Loss=0.104230
2023-05-21 07:01:47,161 INFO Epoch 191, Itrs 17500/30000, Loss=0.105339
2023-05-21 07:02:59,028 INFO Epoch 191, Itrs 17550/30000, Loss=0.104504
2023-05-21 07:04:12,275 INFO Epoch 192, Itrs 17600/30000, Loss=0.106601
2023-05-21 07:04:12,456 INFO Model saved as logs/2023_0520_2331_56_cs_base_run/checkpoints/latest_deeplabv3plus_mobilenet_cityscapes_os16.pth
2023-05-21 07:04:12,456 INFO validation...
2023-05-21 07:04:37,709 INFO 
Overall Acc: 0.924635
Mean Acc: 0.654659
FreqW Acc: 0.867217
Mean IoU: 0.569557

2023-05-21 07:05:44,065 INFO Epoch 192, Itrs 17650/30000, Loss=0.104977
2023-05-21 07:06:57,557 INFO Epoch 193, Itrs 17700/30000, Loss=0.104653
2023-05-21 07:08:08,889 INFO Epoch 193, Itrs 17750/30000, Loss=0.105311
2023-05-21 07:09:22,085 INFO Epoch 194, Itrs 17800/30000, Loss=0.104156
2023-05-21 07:09:22,234 INFO Model saved as logs/2023_0520_2331_56_cs_base_run/checkpoints/latest_deeplabv3plus_mobilenet_cityscapes_os16.pth
2023-05-21 07:09:22,235 INFO validation...
2023-05-21 07:09:45,922 INFO 
Overall Acc: 0.923968
Mean Acc: 0.649472
FreqW Acc: 0.866082
Mean IoU: 0.568723

2023-05-21 07:10:53,387 INFO Epoch 195, Itrs 17850/30000, Loss=0.105015
2023-05-21 07:12:05,297 INFO Epoch 195, Itrs 17900/30000, Loss=0.105433
2023-05-21 07:13:18,758 INFO Epoch 196, Itrs 17950/30000, Loss=0.103858
2023-05-21 07:14:30,425 INFO Epoch 196, Itrs 18000/30000, Loss=0.103750
2023-05-21 07:14:30,566 INFO Model saved as logs/2023_0520_2331_56_cs_base_run/checkpoints/latest_deeplabv3plus_mobilenet_cityscapes_os16.pth
2023-05-21 07:14:30,567 INFO validation...
2023-05-21 07:14:54,144 INFO 
Overall Acc: 0.923149
Mean Acc: 0.650332
FreqW Acc: 0.863954
Mean IoU: 0.568336

2023-05-21 07:16:04,159 INFO Epoch 197, Itrs 18050/30000, Loss=0.105037
2023-05-21 07:17:15,848 INFO Epoch 197, Itrs 18100/30000, Loss=0.104670
2023-05-21 07:18:28,087 INFO Epoch 198, Itrs 18150/30000, Loss=0.104935
2023-05-21 07:19:39,657 INFO Epoch 198, Itrs 18200/30000, Loss=0.105494
2023-05-21 07:19:39,954 INFO Model saved as logs/2023_0520_2331_56_cs_base_run/checkpoints/latest_deeplabv3plus_mobilenet_cityscapes_os16.pth
2023-05-21 07:19:39,954 INFO validation...
2023-05-21 07:20:03,953 INFO 
Overall Acc: 0.923380
Mean Acc: 0.647270
FreqW Acc: 0.864304
Mean IoU: 0.565080

2023-05-21 07:21:12,402 INFO Epoch 199, Itrs 18250/30000, Loss=0.103638
2023-05-21 07:22:25,047 INFO Epoch 199, Itrs 18300/30000, Loss=0.103265
2023-05-21 07:23:38,874 INFO Epoch 200, Itrs 18350/30000, Loss=0.103880
2023-05-21 07:24:49,593 INFO Epoch 200, Itrs 18400/30000, Loss=0.103656
2023-05-21 07:24:49,740 INFO Model saved as logs/2023_0520_2331_56_cs_base_run/checkpoints/latest_deeplabv3plus_mobilenet_cityscapes_os16.pth
2023-05-21 07:24:49,741 INFO validation...
2023-05-21 07:25:13,568 INFO 
Overall Acc: 0.923317
Mean Acc: 0.641534
FreqW Acc: 0.864832
Mean IoU: 0.557481

2023-05-21 07:26:26,909 INFO Epoch 201, Itrs 18450/30000, Loss=0.103706
2023-05-21 07:27:39,594 INFO Epoch 202, Itrs 18500/30000, Loss=0.104024
2023-05-21 07:28:51,007 INFO Epoch 202, Itrs 18550/30000, Loss=0.103544
2023-05-21 07:30:03,920 INFO Epoch 203, Itrs 18600/30000, Loss=0.103962
2023-05-21 07:30:04,036 INFO Model saved as logs/2023_0520_2331_56_cs_base_run/checkpoints/latest_deeplabv3plus_mobilenet_cityscapes_os16.pth
2023-05-21 07:30:04,036 INFO validation...
2023-05-21 07:30:27,836 INFO 
Overall Acc: 0.923799
Mean Acc: 0.658879
FreqW Acc: 0.865880
Mean IoU: 0.570192

2023-05-21 07:31:35,480 INFO Epoch 203, Itrs 18650/30000, Loss=0.103690
2023-05-21 07:32:48,524 INFO Epoch 204, Itrs 18700/30000, Loss=0.101796
2023-05-21 07:34:00,011 INFO Epoch 204, Itrs 18750/30000, Loss=0.103138
2023-05-21 07:35:13,787 INFO Epoch 205, Itrs 18800/30000, Loss=0.102946
2023-05-21 07:35:13,893 INFO Model saved as logs/2023_0520_2331_56_cs_base_run/checkpoints/latest_deeplabv3plus_mobilenet_cityscapes_os16.pth
2023-05-21 07:35:13,894 INFO validation...
2023-05-21 07:35:38,392 INFO 
Overall Acc: 0.923996
Mean Acc: 0.653425
FreqW Acc: 0.865893
Mean IoU: 0.567636

2023-05-21 07:36:46,953 INFO Epoch 205, Itrs 18850/30000, Loss=0.103435
2023-05-21 07:37:59,865 INFO Epoch 206, Itrs 18900/30000, Loss=0.103082
2023-05-21 07:39:11,185 INFO Epoch 206, Itrs 18950/30000, Loss=0.103488
2023-05-21 07:40:24,808 INFO Epoch 207, Itrs 19000/30000, Loss=0.101005
2023-05-21 07:40:24,979 INFO Model saved as logs/2023_0520_2331_56_cs_base_run/checkpoints/latest_deeplabv3plus_mobilenet_cityscapes_os16.pth
2023-05-21 07:40:24,979 INFO validation...
2023-05-21 07:40:49,669 INFO 
Overall Acc: 0.924253
Mean Acc: 0.653298
FreqW Acc: 0.866105
Mean IoU: 0.567711

2023-05-21 07:41:59,342 INFO Epoch 208, Itrs 19050/30000, Loss=0.102993
2023-05-21 07:43:11,986 INFO Epoch 208, Itrs 19100/30000, Loss=0.102423
2023-05-21 07:44:24,794 INFO Epoch 209, Itrs 19150/30000, Loss=0.101368
2023-05-21 07:45:36,944 INFO Epoch 209, Itrs 19200/30000, Loss=0.101333
2023-05-21 07:45:37,096 INFO Model saved as logs/2023_0520_2331_56_cs_base_run/checkpoints/latest_deeplabv3plus_mobilenet_cityscapes_os16.pth
2023-05-21 07:45:37,096 INFO validation...
2023-05-21 07:46:01,028 INFO 
Overall Acc: 0.923952
Mean Acc: 0.645862
FreqW Acc: 0.865701
Mean IoU: 0.564828

2023-05-21 07:47:10,603 INFO Epoch 210, Itrs 19250/30000, Loss=0.101820
2023-05-21 07:48:22,655 INFO Epoch 210, Itrs 19300/30000, Loss=0.101466
2023-05-21 07:49:36,567 INFO Epoch 211, Itrs 19350/30000, Loss=0.101235
2023-05-21 07:50:49,575 INFO Epoch 211, Itrs 19400/30000, Loss=0.101933
2023-05-21 07:50:49,728 INFO Model saved as logs/2023_0520_2331_56_cs_base_run/checkpoints/latest_deeplabv3plus_mobilenet_cityscapes_os16.pth
2023-05-21 07:50:49,728 INFO validation...
2023-05-21 07:51:14,024 INFO 
Overall Acc: 0.924155
Mean Acc: 0.658292
FreqW Acc: 0.866694
Mean IoU: 0.567768

2023-05-21 07:52:23,676 INFO Epoch 212, Itrs 19450/30000, Loss=0.101504
2023-05-21 07:53:36,765 INFO Epoch 212, Itrs 19500/30000, Loss=0.101145
2023-05-21 07:54:49,634 INFO Epoch 213, Itrs 19550/30000, Loss=0.101467
2023-05-21 07:56:02,565 INFO Epoch 214, Itrs 19600/30000, Loss=0.099354
2023-05-21 07:56:02,719 INFO Model saved as logs/2023_0520_2331_56_cs_base_run/checkpoints/latest_deeplabv3plus_mobilenet_cityscapes_os16.pth
2023-05-21 07:56:02,719 INFO validation...
2023-05-21 07:56:27,422 INFO 
Overall Acc: 0.924524
Mean Acc: 0.643346
FreqW Acc: 0.866323
Mean IoU: 0.562693

2023-05-21 07:57:36,511 INFO Epoch 214, Itrs 19650/30000, Loss=0.102342
2023-05-21 07:58:49,247 INFO Epoch 215, Itrs 19700/30000, Loss=0.100962
2023-05-21 08:00:01,966 INFO Epoch 215, Itrs 19750/30000, Loss=0.100369
2023-05-21 08:01:15,180 INFO Epoch 216, Itrs 19800/30000, Loss=0.102081
2023-05-21 08:01:15,330 INFO Model saved as logs/2023_0520_2331_56_cs_base_run/checkpoints/latest_deeplabv3plus_mobilenet_cityscapes_os16.pth
2023-05-21 08:01:15,330 INFO validation...
2023-05-21 08:01:39,074 INFO 
Overall Acc: 0.923661
Mean Acc: 0.645895
FreqW Acc: 0.865537
Mean IoU: 0.561013

2023-05-21 08:02:47,768 INFO Epoch 216, Itrs 19850/30000, Loss=0.100550
2023-05-21 08:04:02,473 INFO Epoch 217, Itrs 19900/30000, Loss=0.102077
2023-05-21 08:05:15,121 INFO Epoch 217, Itrs 19950/30000, Loss=0.099760
2023-05-21 08:06:27,629 INFO Epoch 218, Itrs 20000/30000, Loss=0.101421
2023-05-21 08:06:27,782 INFO Model saved as logs/2023_0520_2331_56_cs_base_run/checkpoints/latest_deeplabv3plus_mobilenet_cityscapes_os16.pth
2023-05-21 08:06:27,782 INFO validation...
2023-05-21 08:06:51,231 INFO 
Overall Acc: 0.923752
Mean Acc: 0.648011
FreqW Acc: 0.865231
Mean IoU: 0.563603

2023-05-21 08:07:59,910 INFO Epoch 218, Itrs 20050/30000, Loss=0.100083
2023-05-21 08:09:12,990 INFO Epoch 219, Itrs 20100/30000, Loss=0.100331
2023-05-21 08:10:25,738 INFO Epoch 220, Itrs 20150/30000, Loss=0.100649
2023-05-21 08:11:38,176 INFO Epoch 220, Itrs 20200/30000, Loss=0.100207
2023-05-21 08:11:38,326 INFO Model saved as logs/2023_0520_2331_56_cs_base_run/checkpoints/latest_deeplabv3plus_mobilenet_cityscapes_os16.pth
2023-05-21 08:11:38,326 INFO validation...
2023-05-21 08:12:02,816 INFO 
Overall Acc: 0.924434
Mean Acc: 0.651561
FreqW Acc: 0.867350
Mean IoU: 0.567578

2023-05-21 08:13:12,173 INFO Epoch 221, Itrs 20250/30000, Loss=0.101638
2023-05-21 08:14:24,117 INFO Epoch 221, Itrs 20300/30000, Loss=0.100010
2023-05-21 08:15:36,034 INFO Epoch 222, Itrs 20350/30000, Loss=0.100102
2023-05-21 08:16:47,507 INFO Epoch 222, Itrs 20400/30000, Loss=0.100554
2023-05-21 08:16:47,668 INFO Model saved as logs/2023_0520_2331_56_cs_base_run/checkpoints/latest_deeplabv3plus_mobilenet_cityscapes_os16.pth
2023-05-21 08:16:47,669 INFO validation...
2023-05-21 08:17:11,601 INFO 
Overall Acc: 0.924122
Mean Acc: 0.638553
FreqW Acc: 0.865478
Mean IoU: 0.561846

2023-05-21 08:18:20,965 INFO Epoch 223, Itrs 20450/30000, Loss=0.099410
2023-05-21 08:19:31,908 INFO Epoch 223, Itrs 20500/30000, Loss=0.100106
2023-05-21 08:20:45,253 INFO Epoch 224, Itrs 20550/30000, Loss=0.099328
2023-05-21 08:21:57,157 INFO Epoch 224, Itrs 20600/30000, Loss=0.099585
2023-05-21 08:21:57,328 INFO Model saved as logs/2023_0520_2331_56_cs_base_run/checkpoints/latest_deeplabv3plus_mobilenet_cityscapes_os16.pth
2023-05-21 08:21:57,328 INFO validation...
2023-05-21 08:22:21,574 INFO 
Overall Acc: 0.924418
Mean Acc: 0.656331
FreqW Acc: 0.866676
Mean IoU: 0.571401

2023-05-21 08:23:30,116 INFO Epoch 225, Itrs 20650/30000, Loss=0.100503
2023-05-21 08:24:43,708 INFO Epoch 225, Itrs 20700/30000, Loss=0.099306
2023-05-21 08:25:56,481 INFO Epoch 226, Itrs 20750/30000, Loss=0.098555
2023-05-21 08:27:08,446 INFO Epoch 227, Itrs 20800/30000, Loss=0.100956
2023-05-21 08:27:08,610 INFO Model saved as logs/2023_0520_2331_56_cs_base_run/checkpoints/latest_deeplabv3plus_mobilenet_cityscapes_os16.pth
2023-05-21 08:27:08,610 INFO validation...
2023-05-21 08:27:32,521 INFO 
Overall Acc: 0.924419
Mean Acc: 0.647746
FreqW Acc: 0.866772
Mean IoU: 0.568083

2023-05-21 08:28:40,361 INFO Epoch 227, Itrs 20850/30000, Loss=0.099707
2023-05-21 08:29:51,900 INFO Epoch 228, Itrs 20900/30000, Loss=0.098482
2023-05-21 08:31:02,849 INFO Epoch 228, Itrs 20950/30000, Loss=0.099889
2023-05-21 08:32:15,199 INFO Epoch 229, Itrs 21000/30000, Loss=0.098181
2023-05-21 08:32:15,385 INFO Model saved as logs/2023_0520_2331_56_cs_base_run/checkpoints/latest_deeplabv3plus_mobilenet_cityscapes_os16.pth
2023-05-21 08:32:15,386 INFO validation...
2023-05-21 08:32:39,323 INFO 
Overall Acc: 0.924262
Mean Acc: 0.648923
FreqW Acc: 0.866344
Mean IoU: 0.569087

2023-05-21 08:33:46,557 INFO Epoch 229, Itrs 21050/30000, Loss=0.098617
2023-05-21 08:34:58,498 INFO Epoch 230, Itrs 21100/30000, Loss=0.096333
2023-05-21 08:36:10,214 INFO Epoch 230, Itrs 21150/30000, Loss=0.100084
2023-05-21 08:37:22,519 INFO Epoch 231, Itrs 21200/30000, Loss=0.099460
2023-05-21 08:37:22,652 INFO Model saved as logs/2023_0520_2331_56_cs_base_run/checkpoints/latest_deeplabv3plus_mobilenet_cityscapes_os16.pth
2023-05-21 08:37:22,653 INFO validation...
2023-05-21 08:37:45,734 INFO 
Overall Acc: 0.924599
Mean Acc: 0.670263
FreqW Acc: 0.868074
Mean IoU: 0.578131

2023-05-21 08:37:45,860 INFO Model saved as logs/2023_0520_2331_56_cs_base_run/checkpoints/best_deeplabv3plus_mobilenet_cityscapes_os16.pth
2023-05-21 08:38:54,943 INFO Epoch 231, Itrs 21250/30000, Loss=0.099220
2023-05-21 08:40:07,334 INFO Epoch 232, Itrs 21300/30000, Loss=0.097707
2023-05-21 08:41:18,436 INFO Epoch 233, Itrs 21350/30000, Loss=0.099134
2023-05-21 08:42:28,843 INFO Epoch 233, Itrs 21400/30000, Loss=0.098170
2023-05-21 08:42:28,994 INFO Model saved as logs/2023_0520_2331_56_cs_base_run/checkpoints/latest_deeplabv3plus_mobilenet_cityscapes_os16.pth
2023-05-21 08:42:28,994 INFO validation...
2023-05-21 08:42:52,301 INFO 
Overall Acc: 0.924112
Mean Acc: 0.654577
FreqW Acc: 0.866237
Mean IoU: 0.569251

2023-05-21 08:43:59,754 INFO Epoch 234, Itrs 21450/30000, Loss=0.098331
2023-05-21 08:45:12,646 INFO Epoch 234, Itrs 21500/30000, Loss=0.096806
2023-05-21 08:46:24,419 INFO Epoch 235, Itrs 21550/30000, Loss=0.099678
2023-05-21 08:47:35,836 INFO Epoch 235, Itrs 21600/30000, Loss=0.098014
2023-05-21 08:47:35,988 INFO Model saved as logs/2023_0520_2331_56_cs_base_run/checkpoints/latest_deeplabv3plus_mobilenet_cityscapes_os16.pth
2023-05-21 08:47:35,988 INFO validation...
2023-05-21 08:47:59,919 INFO 
Overall Acc: 0.923925
Mean Acc: 0.649875
FreqW Acc: 0.865936
Mean IoU: 0.566674

2023-05-21 08:49:10,921 INFO Epoch 236, Itrs 21650/30000, Loss=0.098159
2023-05-21 08:50:23,269 INFO Epoch 236, Itrs 21700/30000, Loss=0.099085
2023-05-21 08:51:35,521 INFO Epoch 237, Itrs 21750/30000, Loss=0.096073
2023-05-21 08:52:47,753 INFO Epoch 237, Itrs 21800/30000, Loss=0.099034
2023-05-21 08:52:47,857 INFO Model saved as logs/2023_0520_2331_56_cs_base_run/checkpoints/latest_deeplabv3plus_mobilenet_cityscapes_os16.pth
2023-05-21 08:52:47,857 INFO validation...
2023-05-21 08:53:11,871 INFO 
Overall Acc: 0.923968
Mean Acc: 0.650781
FreqW Acc: 0.865811
Mean IoU: 0.569185

2023-05-21 08:54:21,082 INFO Epoch 238, Itrs 21850/30000, Loss=0.096577
2023-05-21 08:55:34,894 INFO Epoch 239, Itrs 21900/30000, Loss=0.098134
2023-05-21 08:56:47,505 INFO Epoch 239, Itrs 21950/30000, Loss=0.096556
2023-05-21 08:58:00,916 INFO Epoch 240, Itrs 22000/30000, Loss=0.097586
2023-05-21 08:58:01,056 INFO Model saved as logs/2023_0520_2331_56_cs_base_run/checkpoints/latest_deeplabv3plus_mobilenet_cityscapes_os16.pth
2023-05-21 08:58:01,056 INFO validation...
2023-05-21 08:58:24,385 INFO 
Overall Acc: 0.924229
Mean Acc: 0.657126
FreqW Acc: 0.866825
Mean IoU: 0.571341

2023-05-21 08:59:32,073 INFO Epoch 240, Itrs 22050/30000, Loss=0.096386
2023-05-21 09:00:45,415 INFO Epoch 241, Itrs 22100/30000, Loss=0.098213
2023-05-21 09:01:57,669 INFO Epoch 241, Itrs 22150/30000, Loss=0.097296
2023-05-21 09:03:11,549 INFO Epoch 242, Itrs 22200/30000, Loss=0.096785
2023-05-21 09:03:11,685 INFO Model saved as logs/2023_0520_2331_56_cs_base_run/checkpoints/latest_deeplabv3plus_mobilenet_cityscapes_os16.pth
2023-05-21 09:03:11,685 INFO validation...
2023-05-21 09:03:36,622 INFO 
Overall Acc: 0.924251
Mean Acc: 0.648563
FreqW Acc: 0.866046
Mean IoU: 0.568916

2023-05-21 09:04:45,145 INFO Epoch 242, Itrs 22250/30000, Loss=0.097854
2023-05-21 09:05:58,017 INFO Epoch 243, Itrs 22300/30000, Loss=0.095617
2023-05-21 09:07:09,778 INFO Epoch 243, Itrs 22350/30000, Loss=0.097537
2023-05-21 09:08:25,380 INFO Epoch 244, Itrs 22400/30000, Loss=0.096408
2023-05-21 09:08:25,528 INFO Model saved as logs/2023_0520_2331_56_cs_base_run/checkpoints/latest_deeplabv3plus_mobilenet_cityscapes_os16.pth
2023-05-21 09:08:25,528 INFO validation...
2023-05-21 09:08:49,760 INFO 
Overall Acc: 0.923876
Mean Acc: 0.654163
FreqW Acc: 0.865833
Mean IoU: 0.565797

2023-05-21 09:09:58,197 INFO Epoch 245, Itrs 22450/30000, Loss=0.097284
2023-05-21 09:11:10,297 INFO Epoch 245, Itrs 22500/30000, Loss=0.096927
2023-05-21 09:12:24,086 INFO Epoch 246, Itrs 22550/30000, Loss=0.097035
2023-05-21 09:13:36,862 INFO Epoch 246, Itrs 22600/30000, Loss=0.096503
2023-05-21 09:13:37,016 INFO Model saved as logs/2023_0520_2331_56_cs_base_run/checkpoints/latest_deeplabv3plus_mobilenet_cityscapes_os16.pth
2023-05-21 09:13:37,017 INFO validation...
2023-05-21 09:14:01,317 INFO 
Overall Acc: 0.923557
Mean Acc: 0.650522
FreqW Acc: 0.865287
Mean IoU: 0.566282

2023-05-21 09:15:10,742 INFO Epoch 247, Itrs 22650/30000, Loss=0.095807
2023-05-21 09:16:23,298 INFO Epoch 247, Itrs 22700/30000, Loss=0.096831
2023-05-21 09:17:37,108 INFO Epoch 248, Itrs 22750/30000, Loss=0.096300
2023-05-21 09:18:49,484 INFO Epoch 248, Itrs 22800/30000, Loss=0.095819
2023-05-21 09:18:49,633 INFO Model saved as logs/2023_0520_2331_56_cs_base_run/checkpoints/latest_deeplabv3plus_mobilenet_cityscapes_os16.pth
2023-05-21 09:18:49,633 INFO validation...
2023-05-21 09:19:13,686 INFO 
Overall Acc: 0.924254
Mean Acc: 0.649351
FreqW Acc: 0.866103
Mean IoU: 0.565765

2023-05-21 09:20:23,809 INFO Epoch 249, Itrs 22850/30000, Loss=0.097043
2023-05-21 09:21:35,597 INFO Epoch 249, Itrs 22900/30000, Loss=0.096637
2023-05-21 09:22:49,314 INFO Epoch 250, Itrs 22950/30000, Loss=0.093332
2023-05-21 09:24:01,276 INFO Epoch 250, Itrs 23000/30000, Loss=0.097528
2023-05-21 09:24:01,407 INFO Model saved as logs/2023_0520_2331_56_cs_base_run/checkpoints/latest_deeplabv3plus_mobilenet_cityscapes_os16.pth
2023-05-21 09:24:01,407 INFO validation...
2023-05-21 09:24:26,015 INFO 
Overall Acc: 0.924217
Mean Acc: 0.648940
FreqW Acc: 0.865814
Mean IoU: 0.566215

2023-05-21 09:25:39,930 INFO Epoch 251, Itrs 23050/30000, Loss=0.095456
2023-05-21 09:26:53,406 INFO Epoch 252, Itrs 23100/30000, Loss=0.095881
2023-05-21 09:28:06,234 INFO Epoch 252, Itrs 23150/30000, Loss=0.095007
2023-05-21 09:29:20,460 INFO Epoch 253, Itrs 23200/30000, Loss=0.095829
2023-05-21 09:29:20,610 INFO Model saved as logs/2023_0520_2331_56_cs_base_run/checkpoints/latest_deeplabv3plus_mobilenet_cityscapes_os16.pth
2023-05-21 09:29:20,611 INFO validation...
2023-05-21 09:29:45,562 INFO 
Overall Acc: 0.924477
Mean Acc: 0.644929
FreqW Acc: 0.866324
Mean IoU: 0.567062

2023-05-21 09:30:56,283 INFO Epoch 253, Itrs 23250/30000, Loss=0.095998
2023-05-21 09:32:09,344 INFO Epoch 254, Itrs 23300/30000, Loss=0.096561
2023-05-21 09:33:21,368 INFO Epoch 254, Itrs 23350/30000, Loss=0.095172
2023-05-21 09:34:34,984 INFO Epoch 255, Itrs 23400/30000, Loss=0.095364
2023-05-21 09:34:35,182 INFO Model saved as logs/2023_0520_2331_56_cs_base_run/checkpoints/latest_deeplabv3plus_mobilenet_cityscapes_os16.pth
2023-05-21 09:34:35,182 INFO validation...
2023-05-21 09:34:59,380 INFO 
Overall Acc: 0.924455
Mean Acc: 0.649213
FreqW Acc: 0.866719
Mean IoU: 0.565774

2023-05-21 09:36:06,956 INFO Epoch 255, Itrs 23450/30000, Loss=0.095768
2023-05-21 09:37:20,600 INFO Epoch 256, Itrs 23500/30000, Loss=0.095784
2023-05-21 09:38:32,702 INFO Epoch 256, Itrs 23550/30000, Loss=0.094940
2023-05-21 09:39:47,407 INFO Epoch 257, Itrs 23600/30000, Loss=0.094726
2023-05-21 09:39:47,559 INFO Model saved as logs/2023_0520_2331_56_cs_base_run/checkpoints/latest_deeplabv3plus_mobilenet_cityscapes_os16.pth
2023-05-21 09:39:47,560 INFO validation...
2023-05-21 09:40:11,450 INFO 
Overall Acc: 0.924629
Mean Acc: 0.654156
FreqW Acc: 0.866980
Mean IoU: 0.571135

2023-05-21 09:41:19,891 INFO Epoch 258, Itrs 23650/30000, Loss=0.094107
2023-05-21 09:42:32,748 INFO Epoch 258, Itrs 23700/30000, Loss=0.095046
2023-05-21 09:43:44,405 INFO Epoch 259, Itrs 23750/30000, Loss=0.095545
2023-05-21 09:44:56,701 INFO Epoch 259, Itrs 23800/30000, Loss=0.095274
2023-05-21 09:44:56,830 INFO Model saved as logs/2023_0520_2331_56_cs_base_run/checkpoints/latest_deeplabv3plus_mobilenet_cityscapes_os16.pth
2023-05-21 09:44:56,830 INFO validation...
2023-05-21 09:45:21,116 INFO 
Overall Acc: 0.924422
Mean Acc: 0.653588
FreqW Acc: 0.866625
Mean IoU: 0.570929

2023-05-21 09:46:29,788 INFO Epoch 260, Itrs 23850/30000, Loss=0.094764
2023-05-21 09:47:41,131 INFO Epoch 260, Itrs 23900/30000, Loss=0.094703
2023-05-21 09:48:55,070 INFO Epoch 261, Itrs 23950/30000, Loss=0.094702
2023-05-21 09:50:06,905 INFO Epoch 261, Itrs 24000/30000, Loss=0.094546
2023-05-21 09:50:07,057 INFO Model saved as logs/2023_0520_2331_56_cs_base_run/checkpoints/latest_deeplabv3plus_mobilenet_cityscapes_os16.pth
2023-05-21 09:50:07,057 INFO validation...
2023-05-21 09:50:31,144 INFO 
Overall Acc: 0.924563
Mean Acc: 0.651163
FreqW Acc: 0.866632
Mean IoU: 0.570336

2023-05-21 09:51:40,461 INFO Epoch 262, Itrs 24050/30000, Loss=0.095306
2023-05-21 09:52:52,754 INFO Epoch 262, Itrs 24100/30000, Loss=0.093665
2023-05-21 09:54:05,902 INFO Epoch 263, Itrs 24150/30000, Loss=0.094528
2023-05-21 09:55:18,296 INFO Epoch 264, Itrs 24200/30000, Loss=0.095044
2023-05-21 09:55:18,446 INFO Model saved as logs/2023_0520_2331_56_cs_base_run/checkpoints/latest_deeplabv3plus_mobilenet_cityscapes_os16.pth
2023-05-21 09:55:18,447 INFO validation...
2023-05-21 09:55:41,871 INFO 
Overall Acc: 0.923760
Mean Acc: 0.643834
FreqW Acc: 0.864818
Mean IoU: 0.566261

2023-05-21 09:56:49,625 INFO Epoch 264, Itrs 24250/30000, Loss=0.094360
2023-05-21 09:58:02,698 INFO Epoch 265, Itrs 24300/30000, Loss=0.094126
2023-05-21 09:59:14,926 INFO Epoch 265, Itrs 24350/30000, Loss=0.093827
2023-05-21 10:00:27,739 INFO Epoch 266, Itrs 24400/30000, Loss=0.094076
2023-05-21 10:00:27,901 INFO Model saved as logs/2023_0520_2331_56_cs_base_run/checkpoints/latest_deeplabv3plus_mobilenet_cityscapes_os16.pth
2023-05-21 10:00:27,901 INFO validation...
2023-05-21 10:00:52,422 INFO 
Overall Acc: 0.924039
Mean Acc: 0.652348
FreqW Acc: 0.866506
Mean IoU: 0.567958

2023-05-21 10:01:59,383 INFO Epoch 266, Itrs 24450/30000, Loss=0.093741
2023-05-21 10:03:11,720 INFO Epoch 267, Itrs 24500/30000, Loss=0.094060
2023-05-21 10:04:23,935 INFO Epoch 267, Itrs 24550/30000, Loss=0.094192
2023-05-21 10:05:37,162 INFO Epoch 268, Itrs 24600/30000, Loss=0.093157
2023-05-21 10:05:37,327 INFO Model saved as logs/2023_0520_2331_56_cs_base_run/checkpoints/latest_deeplabv3plus_mobilenet_cityscapes_os16.pth
2023-05-21 10:05:37,327 INFO validation...
2023-05-21 10:06:01,223 INFO 
Overall Acc: 0.924627
Mean Acc: 0.649206
FreqW Acc: 0.866661
Mean IoU: 0.569188

2023-05-21 10:07:08,292 INFO Epoch 268, Itrs 24650/30000, Loss=0.093863
2023-05-21 10:08:21,996 INFO Epoch 269, Itrs 24700/30000, Loss=0.092446
2023-05-21 10:09:34,874 INFO Epoch 270, Itrs 24750/30000, Loss=0.093760
2023-05-21 10:10:46,094 INFO Epoch 270, Itrs 24800/30000, Loss=0.092213
2023-05-21 10:10:46,247 INFO Model saved as logs/2023_0520_2331_56_cs_base_run/checkpoints/latest_deeplabv3plus_mobilenet_cityscapes_os16.pth
2023-05-21 10:10:46,247 INFO validation...
2023-05-21 10:11:10,345 INFO 
Overall Acc: 0.924702
Mean Acc: 0.656526
FreqW Acc: 0.867227
Mean IoU: 0.572863

2023-05-21 10:12:18,150 INFO Epoch 271, Itrs 24850/30000, Loss=0.093767
2023-05-21 10:13:30,947 INFO Epoch 271, Itrs 24900/30000, Loss=0.092871
2023-05-21 10:14:44,017 INFO Epoch 272, Itrs 24950/30000, Loss=0.093507
2023-05-21 10:15:56,413 INFO Epoch 272, Itrs 25000/30000, Loss=0.093269
2023-05-21 10:15:56,547 INFO Model saved as logs/2023_0520_2331_56_cs_base_run/checkpoints/latest_deeplabv3plus_mobilenet_cityscapes_os16.pth
2023-05-21 10:15:56,548 INFO validation...
2023-05-21 10:16:21,006 INFO 
Overall Acc: 0.924510
Mean Acc: 0.655469
FreqW Acc: 0.866798
Mean IoU: 0.571644

2023-05-21 10:17:29,589 INFO Epoch 273, Itrs 25050/30000, Loss=0.092673
2023-05-21 10:18:41,804 INFO Epoch 273, Itrs 25100/30000, Loss=0.091906
2023-05-21 10:19:55,304 INFO Epoch 274, Itrs 25150/30000, Loss=0.092277
2023-05-21 10:21:06,444 INFO Epoch 274, Itrs 25200/30000, Loss=0.092802
2023-05-21 10:21:06,594 INFO Model saved as logs/2023_0520_2331_56_cs_base_run/checkpoints/latest_deeplabv3plus_mobilenet_cityscapes_os16.pth
2023-05-21 10:21:06,594 INFO validation...
2023-05-21 10:21:30,386 INFO 
Overall Acc: 0.924558
Mean Acc: 0.654395
FreqW Acc: 0.867010
Mean IoU: 0.569191

2023-05-21 10:22:38,127 INFO Epoch 275, Itrs 25250/30000, Loss=0.091480
2023-05-21 10:23:50,743 INFO Epoch 275, Itrs 25300/30000, Loss=0.093204
2023-05-21 10:25:03,654 INFO Epoch 276, Itrs 25350/30000, Loss=0.093153
2023-05-21 10:26:15,765 INFO Epoch 277, Itrs 25400/30000, Loss=0.091325
2023-05-21 10:26:15,917 INFO Model saved as logs/2023_0520_2331_56_cs_base_run/checkpoints/latest_deeplabv3plus_mobilenet_cityscapes_os16.pth
2023-05-21 10:26:15,917 INFO validation...
2023-05-21 10:26:40,442 INFO 
Overall Acc: 0.924209
Mean Acc: 0.646023
FreqW Acc: 0.865898
Mean IoU: 0.567779

2023-05-21 10:27:47,307 INFO Epoch 277, Itrs 25450/30000, Loss=0.092180
2023-05-21 10:28:59,064 INFO Epoch 278, Itrs 25500/30000, Loss=0.093475
2023-05-21 10:30:08,884 INFO Epoch 278, Itrs 25550/30000, Loss=0.091165
2023-05-21 10:31:20,147 INFO Epoch 279, Itrs 25600/30000, Loss=0.090207
2023-05-21 10:31:20,298 INFO Model saved as logs/2023_0520_2331_56_cs_base_run/checkpoints/latest_deeplabv3plus_mobilenet_cityscapes_os16.pth
2023-05-21 10:31:20,298 INFO validation...
2023-05-21 10:31:43,226 INFO 
Overall Acc: 0.924318
Mean Acc: 0.646039
FreqW Acc: 0.865925
Mean IoU: 0.567372

2023-05-21 10:32:48,351 INFO Epoch 279, Itrs 25650/30000, Loss=0.091534
2023-05-21 10:33:59,425 INFO Epoch 280, Itrs 25700/30000, Loss=0.092718
2023-05-21 10:35:08,646 INFO Epoch 280, Itrs 25750/30000, Loss=0.091349
2023-05-21 10:36:19,241 INFO Epoch 281, Itrs 25800/30000, Loss=0.090998
2023-05-21 10:36:19,407 INFO Model saved as logs/2023_0520_2331_56_cs_base_run/checkpoints/latest_deeplabv3plus_mobilenet_cityscapes_os16.pth
2023-05-21 10:36:19,408 INFO validation...
2023-05-21 10:36:44,088 INFO 
Overall Acc: 0.924634
Mean Acc: 0.650318
FreqW Acc: 0.866909
Mean IoU: 0.570012

2023-05-21 10:37:50,870 INFO Epoch 281, Itrs 25850/30000, Loss=0.092289
2023-05-21 10:39:01,376 INFO Epoch 282, Itrs 25900/30000, Loss=0.091391
2023-05-21 10:40:12,293 INFO Epoch 283, Itrs 25950/30000, Loss=0.092374
2023-05-21 10:41:22,560 INFO Epoch 283, Itrs 26000/30000, Loss=0.090196
2023-05-21 10:41:22,697 INFO Model saved as logs/2023_0520_2331_56_cs_base_run/checkpoints/latest_deeplabv3plus_mobilenet_cityscapes_os16.pth
2023-05-21 10:41:22,697 INFO validation...
2023-05-21 10:41:47,008 INFO 
Overall Acc: 0.924530
Mean Acc: 0.648243
FreqW Acc: 0.866445
Mean IoU: 0.570003

2023-05-21 10:42:54,355 INFO Epoch 284, Itrs 26050/30000, Loss=0.091568
2023-05-21 10:44:03,797 INFO Epoch 284, Itrs 26100/30000, Loss=0.090520
2023-05-21 10:45:14,513 INFO Epoch 285, Itrs 26150/30000, Loss=0.091844
2023-05-21 10:46:23,474 INFO Epoch 285, Itrs 26200/30000, Loss=0.090556
2023-05-21 10:46:23,623 INFO Model saved as logs/2023_0520_2331_56_cs_base_run/checkpoints/latest_deeplabv3plus_mobilenet_cityscapes_os16.pth
2023-05-21 10:46:23,623 INFO validation...
2023-05-21 10:46:46,986 INFO 
Overall Acc: 0.924195
Mean Acc: 0.650766
FreqW Acc: 0.866331
Mean IoU: 0.569943

2023-05-21 10:47:54,435 INFO Epoch 286, Itrs 26250/30000, Loss=0.092111
2023-05-21 10:49:05,894 INFO Epoch 286, Itrs 26300/30000, Loss=0.090060
2023-05-21 10:50:15,373 INFO Epoch 287, Itrs 26350/30000, Loss=0.090796
2023-05-21 10:51:24,728 INFO Epoch 287, Itrs 26400/30000, Loss=0.091198
2023-05-21 10:51:24,883 INFO Model saved as logs/2023_0520_2331_56_cs_base_run/checkpoints/latest_deeplabv3plus_mobilenet_cityscapes_os16.pth
2023-05-21 10:51:24,884 INFO validation...
2023-05-21 10:51:47,608 INFO 
Overall Acc: 0.924234
Mean Acc: 0.652248
FreqW Acc: 0.866255
Mean IoU: 0.569643

2023-05-21 10:52:54,299 INFO Epoch 288, Itrs 26450/30000, Loss=0.089940
2023-05-21 10:54:05,308 INFO Epoch 289, Itrs 26500/30000, Loss=0.091656
2023-05-21 10:55:14,763 INFO Epoch 289, Itrs 26550/30000, Loss=0.090412
2023-05-21 10:56:25,255 INFO Epoch 290, Itrs 26600/30000, Loss=0.091320
2023-05-21 10:56:25,371 INFO Model saved as logs/2023_0520_2331_56_cs_base_run/checkpoints/latest_deeplabv3plus_mobilenet_cityscapes_os16.pth
2023-05-21 10:56:25,371 INFO validation...
2023-05-21 10:56:48,149 INFO 
Overall Acc: 0.924325
Mean Acc: 0.645355
FreqW Acc: 0.866033
Mean IoU: 0.566040

2023-05-21 10:57:54,664 INFO Epoch 290, Itrs 26650/30000, Loss=0.090842
2023-05-21 10:59:04,932 INFO Epoch 291, Itrs 26700/30000, Loss=0.090170
2023-05-21 11:00:15,871 INFO Epoch 291, Itrs 26750/30000, Loss=0.090479
2023-05-21 11:01:27,360 INFO Epoch 292, Itrs 26800/30000, Loss=0.088987
2023-05-21 11:01:27,512 INFO Model saved as logs/2023_0520_2331_56_cs_base_run/checkpoints/latest_deeplabv3plus_mobilenet_cityscapes_os16.pth
2023-05-21 11:01:27,512 INFO validation...
2023-05-21 11:01:50,898 INFO 
Overall Acc: 0.924420
Mean Acc: 0.645052
FreqW Acc: 0.866017
Mean IoU: 0.567498

2023-05-21 11:02:56,102 INFO Epoch 292, Itrs 26850/30000, Loss=0.091697
2023-05-21 11:04:07,919 INFO Epoch 293, Itrs 26900/30000, Loss=0.088723
2023-05-21 11:05:16,626 INFO Epoch 293, Itrs 26950/30000, Loss=0.090436
2023-05-21 11:06:27,328 INFO Epoch 294, Itrs 27000/30000, Loss=0.089001
2023-05-21 11:06:27,480 INFO Model saved as logs/2023_0520_2331_56_cs_base_run/checkpoints/latest_deeplabv3plus_mobilenet_cityscapes_os16.pth
2023-05-21 11:06:27,481 INFO validation...
2023-05-21 11:06:50,673 INFO 
Overall Acc: 0.924352
Mean Acc: 0.649037
FreqW Acc: 0.866308
Mean IoU: 0.570005

2023-05-21 11:07:56,371 INFO Epoch 295, Itrs 27050/30000, Loss=0.091078
2023-05-21 11:09:07,257 INFO Epoch 295, Itrs 27100/30000, Loss=0.089638
2023-05-21 11:10:18,093 INFO Epoch 296, Itrs 27150/30000, Loss=0.088949
2023-05-21 11:11:29,771 INFO Epoch 296, Itrs 27200/30000, Loss=0.089621
2023-05-21 11:11:29,927 INFO Model saved as logs/2023_0520_2331_56_cs_base_run/checkpoints/latest_deeplabv3plus_mobilenet_cityscapes_os16.pth
2023-05-21 11:11:29,928 INFO validation...
2023-05-21 11:11:54,419 INFO 
Overall Acc: 0.924209
Mean Acc: 0.658608
FreqW Acc: 0.866902
Mean IoU: 0.571833

2023-05-21 11:13:01,234 INFO Epoch 297, Itrs 27250/30000, Loss=0.090474
2023-05-21 11:14:12,362 INFO Epoch 297, Itrs 27300/30000, Loss=0.088902
2023-05-21 11:15:25,296 INFO Epoch 298, Itrs 27350/30000, Loss=0.089441
2023-05-21 11:16:35,115 INFO Epoch 298, Itrs 27400/30000, Loss=0.090211
2023-05-21 11:16:35,264 INFO Model saved as logs/2023_0520_2331_56_cs_base_run/checkpoints/latest_deeplabv3plus_mobilenet_cityscapes_os16.pth
2023-05-21 11:16:35,264 INFO validation...
2023-05-21 11:16:59,214 INFO 
Overall Acc: 0.924682
Mean Acc: 0.650355
FreqW Acc: 0.866587
Mean IoU: 0.570212

2023-05-21 11:18:06,174 INFO Epoch 299, Itrs 27450/30000, Loss=0.088366
2023-05-21 11:19:15,414 INFO Epoch 299, Itrs 27500/30000, Loss=0.089554
2023-05-21 11:20:25,522 INFO Epoch 300, Itrs 27550/30000, Loss=0.088004
2023-05-21 11:21:35,901 INFO Epoch 300, Itrs 27600/30000, Loss=0.090629
2023-05-21 11:21:36,036 INFO Model saved as logs/2023_0520_2331_56_cs_base_run/checkpoints/latest_deeplabv3plus_mobilenet_cityscapes_os16.pth
2023-05-21 11:21:36,037 INFO validation...
2023-05-21 11:22:00,036 INFO 
Overall Acc: 0.924536
Mean Acc: 0.650622
FreqW Acc: 0.866862
Mean IoU: 0.568391

2023-05-21 11:23:12,028 INFO Epoch 301, Itrs 27650/30000, Loss=0.088594
2023-05-21 11:24:22,329 INFO Epoch 302, Itrs 27700/30000, Loss=0.089033
2023-05-21 11:25:31,799 INFO Epoch 302, Itrs 27750/30000, Loss=0.088214
2023-05-21 11:26:42,851 INFO Epoch 303, Itrs 27800/30000, Loss=0.089934
2023-05-21 11:26:42,999 INFO Model saved as logs/2023_0520_2331_56_cs_base_run/checkpoints/latest_deeplabv3plus_mobilenet_cityscapes_os16.pth
2023-05-21 11:26:42,999 INFO validation...
2023-05-21 11:27:06,991 INFO 
Overall Acc: 0.924061
Mean Acc: 0.643953
FreqW Acc: 0.865398
Mean IoU: 0.566937

2023-05-21 11:28:12,833 INFO Epoch 303, Itrs 27850/30000, Loss=0.089158
2023-05-21 11:29:23,777 INFO Epoch 304, Itrs 27900/30000, Loss=0.089651
2023-05-21 11:30:33,891 INFO Epoch 304, Itrs 27950/30000, Loss=0.088961
2023-05-21 11:31:44,510 INFO Epoch 305, Itrs 28000/30000, Loss=0.088637
2023-05-21 11:31:44,645 INFO Model saved as logs/2023_0520_2331_56_cs_base_run/checkpoints/latest_deeplabv3plus_mobilenet_cityscapes_os16.pth
2023-05-21 11:31:44,645 INFO validation...
2023-05-21 11:32:07,639 INFO 
Overall Acc: 0.924152
Mean Acc: 0.647738
FreqW Acc: 0.866023
Mean IoU: 0.567753

2023-05-21 11:33:12,819 INFO Epoch 305, Itrs 28050/30000, Loss=0.088113
2023-05-21 11:34:23,369 INFO Epoch 306, Itrs 28100/30000, Loss=0.087042
2023-05-21 11:35:32,525 INFO Epoch 306, Itrs 28150/30000, Loss=0.089357
2023-05-21 11:36:43,455 INFO Epoch 307, Itrs 28200/30000, Loss=0.087748
2023-05-21 11:36:43,607 INFO Model saved as logs/2023_0520_2331_56_cs_base_run/checkpoints/latest_deeplabv3plus_mobilenet_cityscapes_os16.pth
2023-05-21 11:36:43,607 INFO validation...
2023-05-21 11:37:06,615 INFO 
Overall Acc: 0.924183
Mean Acc: 0.650534
FreqW Acc: 0.866189
Mean IoU: 0.568855

2023-05-21 11:38:14,120 INFO Epoch 308, Itrs 28250/30000, Loss=0.089429
2023-05-21 11:39:24,801 INFO Epoch 308, Itrs 28300/30000, Loss=0.089104
2023-05-21 11:40:35,730 INFO Epoch 309, Itrs 28350/30000, Loss=0.087703
2023-05-21 11:41:45,790 INFO Epoch 309, Itrs 28400/30000, Loss=0.088638
2023-05-21 11:41:45,939 INFO Model saved as logs/2023_0520_2331_56_cs_base_run/checkpoints/latest_deeplabv3plus_mobilenet_cityscapes_os16.pth
2023-05-21 11:41:45,939 INFO validation...
2023-05-21 11:42:10,334 INFO 
Overall Acc: 0.924054
Mean Acc: 0.653179
FreqW Acc: 0.866160
Mean IoU: 0.568855

2023-05-21 11:43:17,063 INFO Epoch 310, Itrs 28450/30000, Loss=0.088963
2023-05-21 11:44:27,508 INFO Epoch 310, Itrs 28500/30000, Loss=0.088782
2023-05-21 11:45:38,382 INFO Epoch 311, Itrs 28550/30000, Loss=0.088097
2023-05-21 11:46:50,500 INFO Epoch 311, Itrs 28600/30000, Loss=0.087802
2023-05-21 11:46:50,663 INFO Model saved as logs/2023_0520_2331_56_cs_base_run/checkpoints/latest_deeplabv3plus_mobilenet_cityscapes_os16.pth
2023-05-21 11:46:50,663 INFO validation...
2023-05-21 11:47:15,186 INFO 
Overall Acc: 0.924251
Mean Acc: 0.642512
FreqW Acc: 0.865910
Mean IoU: 0.563523

2023-05-21 11:48:23,473 INFO Epoch 312, Itrs 28650/30000, Loss=0.088207
2023-05-21 11:49:35,658 INFO Epoch 312, Itrs 28700/30000, Loss=0.087823
2023-05-21 11:50:53,010 INFO Epoch 313, Itrs 28750/30000, Loss=0.088634
2023-05-21 11:52:11,460 INFO Epoch 314, Itrs 28800/30000, Loss=0.087752
2023-05-21 11:52:11,612 INFO Model saved as logs/2023_0520_2331_56_cs_base_run/checkpoints/latest_deeplabv3plus_mobilenet_cityscapes_os16.pth
2023-05-21 11:52:11,613 INFO validation...
2023-05-21 11:52:37,411 INFO 
Overall Acc: 0.924266
Mean Acc: 0.649501
FreqW Acc: 0.866481
Mean IoU: 0.566523

2023-05-21 11:53:46,426 INFO Epoch 314, Itrs 28850/30000, Loss=0.088038
2023-05-21 11:54:58,512 INFO Epoch 315, Itrs 28900/30000, Loss=0.086819
2023-05-21 11:56:13,374 INFO Epoch 315, Itrs 28950/30000, Loss=0.087513
2023-05-21 11:57:26,309 INFO Epoch 316, Itrs 29000/30000, Loss=0.087275
2023-05-21 11:57:26,460 INFO Model saved as logs/2023_0520_2331_56_cs_base_run/checkpoints/latest_deeplabv3plus_mobilenet_cityscapes_os16.pth
2023-05-21 11:57:26,460 INFO validation...
2023-05-21 11:57:50,477 INFO 
Overall Acc: 0.924189
Mean Acc: 0.647129
FreqW Acc: 0.866044
Mean IoU: 0.565544

2023-05-21 11:59:00,745 INFO Epoch 316, Itrs 29050/30000, Loss=0.086997
2023-05-21 12:00:15,193 INFO Epoch 317, Itrs 29100/30000, Loss=0.088464
2023-05-21 12:01:28,725 INFO Epoch 317, Itrs 29150/30000, Loss=0.086741
2023-05-21 12:02:41,559 INFO Epoch 318, Itrs 29200/30000, Loss=0.087315
2023-05-21 12:02:41,708 INFO Model saved as logs/2023_0520_2331_56_cs_base_run/checkpoints/latest_deeplabv3plus_mobilenet_cityscapes_os16.pth
2023-05-21 12:02:41,708 INFO validation...
2023-05-21 12:03:06,603 INFO 
Overall Acc: 0.924255
Mean Acc: 0.646422
FreqW Acc: 0.866233
Mean IoU: 0.564986

2023-05-21 12:04:12,123 INFO Epoch 318, Itrs 29250/30000, Loss=0.087125
2023-05-21 12:05:26,382 INFO Epoch 319, Itrs 29300/30000, Loss=0.088008
2023-05-21 12:06:42,416 INFO Epoch 320, Itrs 29350/30000, Loss=0.086802
2023-05-21 12:07:56,561 INFO Epoch 320, Itrs 29400/30000, Loss=0.086635
2023-05-21 12:07:56,719 INFO Model saved as logs/2023_0520_2331_56_cs_base_run/checkpoints/latest_deeplabv3plus_mobilenet_cityscapes_os16.pth
2023-05-21 12:07:56,720 INFO validation...
2023-05-21 12:08:20,859 INFO 
Overall Acc: 0.924236
Mean Acc: 0.646557
FreqW Acc: 0.866150
Mean IoU: 0.565381

2023-05-21 12:09:29,501 INFO Epoch 321, Itrs 29450/30000, Loss=0.086440
2023-05-21 12:10:41,585 INFO Epoch 321, Itrs 29500/30000, Loss=0.088070
2023-05-21 12:11:53,947 INFO Epoch 322, Itrs 29550/30000, Loss=0.085056
2023-05-21 12:13:06,504 INFO Epoch 322, Itrs 29600/30000, Loss=0.086435
2023-05-21 12:13:06,693 INFO Model saved as logs/2023_0520_2331_56_cs_base_run/checkpoints/latest_deeplabv3plus_mobilenet_cityscapes_os16.pth
2023-05-21 12:13:06,693 INFO validation...
2023-05-21 12:13:31,013 INFO 
Overall Acc: 0.924181
Mean Acc: 0.643924
FreqW Acc: 0.865882
Mean IoU: 0.564359

2023-05-21 12:14:39,653 INFO Epoch 323, Itrs 29650/30000, Loss=0.087571
2023-05-21 12:15:51,534 INFO Epoch 323, Itrs 29700/30000, Loss=0.086623
2023-05-21 12:17:05,763 INFO Epoch 324, Itrs 29750/30000, Loss=0.087402
2023-05-21 12:18:18,786 INFO Epoch 324, Itrs 29800/30000, Loss=0.085595
2023-05-21 12:18:18,925 INFO Model saved as logs/2023_0520_2331_56_cs_base_run/checkpoints/latest_deeplabv3plus_mobilenet_cityscapes_os16.pth
2023-05-21 12:18:18,925 INFO validation...
2023-05-21 12:18:43,203 INFO 
Overall Acc: 0.924252
Mean Acc: 0.646188
FreqW Acc: 0.866123
Mean IoU: 0.566005

2023-05-21 12:19:52,243 INFO Epoch 325, Itrs 29850/30000, Loss=0.086387
2023-05-21 12:21:03,698 INFO Epoch 325, Itrs 29900/30000, Loss=0.086851
2023-05-21 12:22:16,732 INFO Epoch 326, Itrs 29950/30000, Loss=0.087152
2023-05-21 12:23:30,944 INFO Epoch 327, Itrs 30000/30000, Loss=0.086379
2023-05-21 12:23:31,096 INFO Model saved as logs/2023_0520_2331_56_cs_base_run/checkpoints/latest_deeplabv3plus_mobilenet_cityscapes_os16.pth
2023-05-21 12:23:31,097 INFO validation...
2023-05-21 12:23:55,026 INFO 
Overall Acc: 0.924188
Mean Acc: 0.646428
FreqW Acc: 0.866135
Mean IoU: 0.565369

